Fri Jul 24 15:27:49 CEST 2015
MaxEnt version 3.3.3k
Reading file absence
readGrid: max memory 477626368, total allocated 63963136, free 33879648, used 30083488, increment -3095528
Reading samples from presence
Read samples: max memory 477626368, total allocated 63963136, free 33398728, used 30564408, increment 480920
Adding samples to background in feature space
Command line used:  autorun -e devel/maxent_tuneFC/maxentRes2/fc-L_beta-1_uid-257/absence -o devel/maxent_tuneFC/maxentRes2/fc-L_beta-1_uid-257 -s devel/maxent_tuneFC/maxentRes2/fc-L_beta-1_uid-257/presence -z autofeature=false betamultiplier=1 linear=true
Command line to repeat: java density.MaxEnt nowarnings noprefixes outputdirectory=devel/maxent_tuneFC/maxentRes2/fc-L_beta-1_uid-257 samplesfile=devel/maxent_tuneFC/maxentRes2/fc-L_beta-1_uid-257/presence environmentallayers=devel/maxent_tuneFC/maxentRes2/fc-L_beta-1_uid-257/absence autorun novisible noautofeature
Species: species
Layers: x1 x2
Layertypes: Continuous Continuous
outputdirectory: devel/maxent_tuneFC/maxentRes2/fc-L_beta-1_uid-257
samplesfile: devel/maxent_tuneFC/maxentRes2/fc-L_beta-1_uid-257/presence
environmentallayers: devel/maxent_tuneFC/maxentRes2/fc-L_beta-1_uid-257/absence
autorun: true
visible: false
autofeature: false

getSamples: max memory 477626368, total allocated 63963136, free 33398728, used 30564408, increment 0
Making features
makeFeatures: max memory 477626368, total allocated 63963136, free 33398728, used 30564408, increment 0
species: 
Regularization values: linear/quadratic/product: 1.300, categorical: 0.393, threshold: 1.870, hinge: 0.500
13 samples
Density: max memory 477626368, total allocated 63963136, free 33398728, used 30564408, increment 0
linearPredictor: max memory 477626368, total allocated 63963136, free 33398728, used 30564408, increment 0
FeaturedSpace: max memory 477626368, total allocated 63963136, free 33398728, used 30564408, increment 0
Sequential: max memory 477626368, total allocated 63963136, free 33398728, used 30564408, increment 0
Initial loss: 4.3694478524670215
280: time = 0,016000 loss = 3,720141
Resulting gain: 0.6493071386775964
Projecting...
Writing file devel\maxent_tuneFC\maxentRes2\fc-L_beta-1_uid-257\species.csv
Ending
