Fri Jul 24 15:20:31 CEST 2015
MaxEnt version 3.3.3k
Reading file absence
readGrid: max memory 477626368, total allocated 66060288, free 10275632, used 55784656, increment 22671264
Reading samples from presence
Read samples: max memory 477626368, total allocated 65536000, free 33326400, used 32209600, increment -23575056
Adding samples to background in feature space
Command line used:  autorun -e devel/maxent_tuneFC/maxentRes/fc-HQbeta-10_uid-33/absence -o devel/maxent_tuneFC/maxentRes/fc-HQbeta-10_uid-33 -s devel/maxent_tuneFC/maxentRes/fc-HQbeta-10_uid-33/presence -z autofeature=false betamultiplier=10 hinge=true quadratic=true
Command line to repeat: java density.MaxEnt nowarnings noprefixes outputdirectory=devel/maxent_tuneFC/maxentRes/fc-HQbeta-10_uid-33 samplesfile=devel/maxent_tuneFC/maxentRes/fc-HQbeta-10_uid-33/presence environmentallayers=devel/maxent_tuneFC/maxentRes/fc-HQbeta-10_uid-33/absence betamultiplier=10.0 autorun novisible noautofeature
Species: species
Layers: x1 x2
Layertypes: Continuous Continuous
outputdirectory: devel/maxent_tuneFC/maxentRes/fc-HQbeta-10_uid-33
samplesfile: devel/maxent_tuneFC/maxentRes/fc-HQbeta-10_uid-33/presence
environmentallayers: devel/maxent_tuneFC/maxentRes/fc-HQbeta-10_uid-33/absence
betamultiplier: 10.0
autorun: true
visible: false
autofeature: false

getSamples: max memory 477626368, total allocated 65536000, free 32846888, used 32689112, increment 479512
Making features
makeFeatures: max memory 477626368, total allocated 65536000, free 32846888, used 32689112, increment 0
species: 
Regularization values: linear/quadratic/product: 0.873, categorical: 0.250, threshold: 1.820, hinge: 0.500
18 samples
Density: max memory 477626368, total allocated 65536000, free 32846888, used 32689112, increment 0
linearPredictor: max memory 477626368, total allocated 65536000, free 32846888, used 32689112, increment 0
FeaturedSpace: max memory 477626368, total allocated 65536000, free 32846888, used 32689112, increment 0
Sequential: max memory 477626368, total allocated 65536000, free 32846888, used 32689112, increment 0
Initial loss: 4.68213122712422
60: time = 0,000000 loss = 4,566476
Resulting gain: 0.11565542004655427
Projecting...
Writing file devel\maxent_tuneFC\maxentRes\fc-HQbeta-10_uid-33\species.csv
Ending
