Fri Jul 24 15:20:09 CEST 2015
MaxEnt version 3.3.3k
Reading file absence
readGrid: max memory 477626368, total allocated 76021760, free 44120984, used 31900776, increment -7031352
Reading samples from presence
Read samples: max memory 477626368, total allocated 76021760, free 44120984, used 31900776, increment 0
Adding samples to background in feature space
Command line used:  autorun -e devel/maxent_tuneFC/maxentRes/fc-Hbeta-1_uid-8/absence -o devel/maxent_tuneFC/maxentRes/fc-Hbeta-1_uid-8 -s devel/maxent_tuneFC/maxentRes/fc-Hbeta-1_uid-8/presence -z autofeature=false betamultiplier=1 hinge=true
Command line to repeat: java density.MaxEnt nowarnings noprefixes outputdirectory=devel/maxent_tuneFC/maxentRes/fc-Hbeta-1_uid-8 samplesfile=devel/maxent_tuneFC/maxentRes/fc-Hbeta-1_uid-8/presence environmentallayers=devel/maxent_tuneFC/maxentRes/fc-Hbeta-1_uid-8/absence autorun novisible noautofeature
Species: species
Layers: x1 x2
Layertypes: Continuous Continuous
outputdirectory: devel/maxent_tuneFC/maxentRes/fc-Hbeta-1_uid-8
samplesfile: devel/maxent_tuneFC/maxentRes/fc-Hbeta-1_uid-8/presence
environmentallayers: devel/maxent_tuneFC/maxentRes/fc-Hbeta-1_uid-8/absence
autorun: true
visible: false
autofeature: false

getSamples: max memory 477626368, total allocated 76021760, free 44120984, used 31900776, increment 0
Making features
makeFeatures: max memory 477626368, total allocated 76021760, free 44120984, used 31900776, increment 0
species: 
Regularization values: linear/quadratic/product: 0.873, categorical: 0.250, threshold: 1.820, hinge: 0.500
18 samples
Density: max memory 477626368, total allocated 76021760, free 44120984, used 31900776, increment 0
linearPredictor: max memory 477626368, total allocated 76021760, free 44120984, used 31900776, increment 0
FeaturedSpace: max memory 477626368, total allocated 76021760, free 43440512, used 32581248, increment 680472
Sequential: max memory 477626368, total allocated 76021760, free 43440512, used 32581248, increment 0
Initial loss: 4.68213122712422
240: time = 0,033000 loss = 3,936788
Resulting gain: 0.745343233319629
Projecting...
Writing file devel\maxent_tuneFC\maxentRes\fc-Hbeta-1_uid-8\species.csv
Ending
