Fri Jul 24 15:25:37 CEST 2015
MaxEnt version 3.3.3k
Reading file absence
readGrid: max memory 477626368, total allocated 67108864, free 29080016, used 38028848, increment -2701584
Reading samples from presence
Read samples: max memory 477626368, total allocated 67108864, free 29080016, used 38028848, increment 0
Adding samples to background in feature space
Command line used:  autorun -e devel/maxent_tuneFC/maxentRes2/fc-L_beta-1_uid-201/absence -o devel/maxent_tuneFC/maxentRes2/fc-L_beta-1_uid-201 -s devel/maxent_tuneFC/maxentRes2/fc-L_beta-1_uid-201/presence -z autofeature=false betamultiplier=1 linear=true
Command line to repeat: java density.MaxEnt nowarnings noprefixes outputdirectory=devel/maxent_tuneFC/maxentRes2/fc-L_beta-1_uid-201 samplesfile=devel/maxent_tuneFC/maxentRes2/fc-L_beta-1_uid-201/presence environmentallayers=devel/maxent_tuneFC/maxentRes2/fc-L_beta-1_uid-201/absence autorun novisible noautofeature
Species: species
Layers: x1 x2
Layertypes: Continuous Continuous
outputdirectory: devel/maxent_tuneFC/maxentRes2/fc-L_beta-1_uid-201
samplesfile: devel/maxent_tuneFC/maxentRes2/fc-L_beta-1_uid-201/presence
environmentallayers: devel/maxent_tuneFC/maxentRes2/fc-L_beta-1_uid-201/absence
autorun: true
visible: false
autofeature: false

getSamples: max memory 477626368, total allocated 67108864, free 28567288, used 38541576, increment 512728
Making features
makeFeatures: max memory 477626368, total allocated 67108864, free 28567288, used 38541576, increment 0
species: 
Regularization values: linear/quadratic/product: 0.873, categorical: 0.250, threshold: 1.820, hinge: 0.500
18 samples
Density: max memory 477626368, total allocated 67108864, free 28567288, used 38541576, increment 0
linearPredictor: max memory 477626368, total allocated 67108864, free 28567288, used 38541576, increment 0
FeaturedSpace: max memory 477626368, total allocated 67108864, free 28567288, used 38541576, increment 0
Sequential: max memory 477626368, total allocated 67108864, free 28567288, used 38541576, increment 0
Initial loss: 4.68213122712422
340: time = 0,047000 loss = 3,964191
Resulting gain: 0.7179404678725811
Projecting...
Writing file devel\maxent_tuneFC\maxentRes2\fc-L_beta-1_uid-201\species.csv
Ending
