Fri Jul 24 15:26:01 CEST 2015
MaxEnt version 3.3.3k
Reading file absence
readGrid: max memory 477626368, total allocated 74448896, free 33464888, used 40984008, increment -10062608
Reading samples from presence
Read samples: max memory 477626368, total allocated 74448896, free 33464888, used 40984008, increment 0
Adding samples to background in feature space
Command line used:  autorun -e devel/maxent_tuneFC/maxentRes2/fc-L_beta-10_uid-227/absence -o devel/maxent_tuneFC/maxentRes2/fc-L_beta-10_uid-227 -s devel/maxent_tuneFC/maxentRes2/fc-L_beta-10_uid-227/presence -z autofeature=false betamultiplier=10 linear=true
Command line to repeat: java density.MaxEnt nowarnings noprefixes outputdirectory=devel/maxent_tuneFC/maxentRes2/fc-L_beta-10_uid-227 samplesfile=devel/maxent_tuneFC/maxentRes2/fc-L_beta-10_uid-227/presence environmentallayers=devel/maxent_tuneFC/maxentRes2/fc-L_beta-10_uid-227/absence betamultiplier=10.0 autorun novisible noautofeature
Species: species
Layers: x1 x2
Layertypes: Continuous Continuous
outputdirectory: devel/maxent_tuneFC/maxentRes2/fc-L_beta-10_uid-227
samplesfile: devel/maxent_tuneFC/maxentRes2/fc-L_beta-10_uid-227/presence
environmentallayers: devel/maxent_tuneFC/maxentRes2/fc-L_beta-10_uid-227/absence
betamultiplier: 10.0
autorun: true
visible: false
autofeature: false

getSamples: max memory 477626368, total allocated 74448896, free 32807736, used 41641160, increment 657152
Making features
makeFeatures: max memory 477626368, total allocated 74448896, free 32807736, used 41641160, increment 0
species: 
Regularization values: linear/quadratic/product: 0.873, categorical: 0.250, threshold: 1.820, hinge: 0.500
18 samples
Density: max memory 477626368, total allocated 74448896, free 32807736, used 41641160, increment 0
linearPredictor: max memory 477626368, total allocated 74448896, free 32807736, used 41641160, increment 0
FeaturedSpace: max memory 477626368, total allocated 74448896, free 32807736, used 41641160, increment 0
Sequential: max memory 477626368, total allocated 74448896, free 32807736, used 41641160, increment 0
Initial loss: 4.68213122712422
60: time = 0,000000 loss = 4,652440
Resulting gain: 0.029691117110890453
Projecting...
Writing file devel\maxent_tuneFC\maxentRes2\fc-L_beta-10_uid-227\species.csv
Ending
