Fri Jul 24 15:25:48 CEST 2015
MaxEnt version 3.3.3k
Reading file absence
readGrid: max memory 477626368, total allocated 77594624, free 25534944, used 52059680, increment -4687560
Reading samples from presence
Read samples: max memory 477626368, total allocated 77594624, free 24828840, used 52765784, increment 706104
Adding samples to background in feature space
Command line used:  autorun -e devel/maxent_tuneFC/maxentRes2/fc-L_beta-1_uid-213/absence -o devel/maxent_tuneFC/maxentRes2/fc-L_beta-1_uid-213 -s devel/maxent_tuneFC/maxentRes2/fc-L_beta-1_uid-213/presence -z autofeature=false betamultiplier=1 linear=true
Command line to repeat: java density.MaxEnt nowarnings noprefixes outputdirectory=devel/maxent_tuneFC/maxentRes2/fc-L_beta-1_uid-213 samplesfile=devel/maxent_tuneFC/maxentRes2/fc-L_beta-1_uid-213/presence environmentallayers=devel/maxent_tuneFC/maxentRes2/fc-L_beta-1_uid-213/absence autorun novisible noautofeature
Species: species
Layers: x1 x2
Layertypes: Continuous Continuous
outputdirectory: devel/maxent_tuneFC/maxentRes2/fc-L_beta-1_uid-213
samplesfile: devel/maxent_tuneFC/maxentRes2/fc-L_beta-1_uid-213/presence
environmentallayers: devel/maxent_tuneFC/maxentRes2/fc-L_beta-1_uid-213/absence
autorun: true
visible: false
autofeature: false

getSamples: max memory 477626368, total allocated 77594624, free 24828840, used 52765784, increment 0
Making features
makeFeatures: max memory 477626368, total allocated 77594624, free 24828840, used 52765784, increment 0
species: 
Regularization values: linear/quadratic/product: 0.873, categorical: 0.250, threshold: 1.820, hinge: 0.500
18 samples
Density: max memory 477626368, total allocated 77594624, free 24828840, used 52765784, increment 0
linearPredictor: max memory 477626368, total allocated 77594624, free 24828840, used 52765784, increment 0
FeaturedSpace: max memory 477626368, total allocated 77594624, free 24828840, used 52765784, increment 0
Sequential: max memory 477626368, total allocated 77594624, free 24828840, used 52765784, increment 0
Initial loss: 4.68213122712422
240: time = 0,031000 loss = 3,919510
Resulting gain: 0.7626216510480508
Projecting...
Writing file devel\maxent_tuneFC\maxentRes2\fc-L_beta-1_uid-213\species.csv
Ending
