Fri Jul 24 15:25:56 CEST 2015
MaxEnt version 3.3.3k
Reading file absence
readGrid: max memory 477626368, total allocated 75497472, free 29061416, used 46436056, increment -12018176
Reading samples from presence
Read samples: max memory 477626368, total allocated 75497472, free 29061416, used 46436056, increment 0
Adding samples to background in feature space
Command line used:  autorun -e devel/maxent_tuneFC/maxentRes2/fc-L_beta-0.1_uid-223/absence -o devel/maxent_tuneFC/maxentRes2/fc-L_beta-0.1_uid-223 -s devel/maxent_tuneFC/maxentRes2/fc-L_beta-0.1_uid-223/presence -z autofeature=false betamultiplier=0.1 linear=true
Command line to repeat: java density.MaxEnt nowarnings noprefixes outputdirectory=devel/maxent_tuneFC/maxentRes2/fc-L_beta-0.1_uid-223 samplesfile=devel/maxent_tuneFC/maxentRes2/fc-L_beta-0.1_uid-223/presence environmentallayers=devel/maxent_tuneFC/maxentRes2/fc-L_beta-0.1_uid-223/absence betamultiplier=0.1 autorun novisible noautofeature
Species: species
Layers: x1 x2
Layertypes: Continuous Continuous
outputdirectory: devel/maxent_tuneFC/maxentRes2/fc-L_beta-0.1_uid-223
samplesfile: devel/maxent_tuneFC/maxentRes2/fc-L_beta-0.1_uid-223/presence
environmentallayers: devel/maxent_tuneFC/maxentRes2/fc-L_beta-0.1_uid-223/absence
betamultiplier: 0.1
autorun: true
visible: false
autofeature: false

getSamples: max memory 477626368, total allocated 75497472, free 28381048, used 47116424, increment 680368
Making features
makeFeatures: max memory 477626368, total allocated 75497472, free 28381048, used 47116424, increment 0
species: 
Regularization values: linear/quadratic/product: 0.873, categorical: 0.250, threshold: 1.820, hinge: 0.500
18 samples
Density: max memory 477626368, total allocated 75497472, free 28381048, used 47116424, increment 0
linearPredictor: max memory 477626368, total allocated 75497472, free 28381048, used 47116424, increment 0
FeaturedSpace: max memory 477626368, total allocated 75497472, free 28381048, used 47116424, increment 0
Sequential: max memory 477626368, total allocated 75497472, free 28381048, used 47116424, increment 0
Initial loss: 4.68213122712422
500: time = 0,079000 loss = 3,327715
Resulting gain: 1.35441619880552
Projecting...
Writing file devel\maxent_tuneFC\maxentRes2\fc-L_beta-0.1_uid-223\species.csv
Ending
