Fri Jul 24 16:09:57 CEST 2015
MaxEnt version 3.3.3k
Reading file absence
readGrid: max memory 477626368, total allocated 62914560, free 56659056, used 6255504, increment -5154352
Reading samples from presence
Read samples: max memory 477626368, total allocated 62914560, free 56187848, used 6726712, increment 471208
Adding samples to background in feature space
Command line used:  autorun -e devel/maxent_tuneFC/maxentResults01/fc-HQPT_beta-1_uid-553/absence -o devel/maxent_tuneFC/maxentResults01/fc-HQPT_beta-1_uid-553 -s devel/maxent_tuneFC/maxentResults01/fc-HQPT_beta-1_uid-553/presence -z autofeature=false betamultiplier=1 linear=false quadratic=true hinge=true product=true threshold=true
Command line to repeat: java density.MaxEnt nowarnings noprefixes outputdirectory=devel/maxent_tuneFC/maxentResults01/fc-HQPT_beta-1_uid-553 samplesfile=devel/maxent_tuneFC/maxentResults01/fc-HQPT_beta-1_uid-553/presence environmentallayers=devel/maxent_tuneFC/maxentResults01/fc-HQPT_beta-1_uid-553/absence nolinear autorun novisible noautofeature
Species: species
Layers: x1 x2
Layertypes: Continuous Continuous
outputdirectory: devel/maxent_tuneFC/maxentResults01/fc-HQPT_beta-1_uid-553
samplesfile: devel/maxent_tuneFC/maxentResults01/fc-HQPT_beta-1_uid-553/presence
environmentallayers: devel/maxent_tuneFC/maxentResults01/fc-HQPT_beta-1_uid-553/absence
linear: false
autorun: true
visible: false
autofeature: false

getSamples: max memory 477626368, total allocated 62914560, free 56187848, used 6726712, increment 0
Making features
makeFeatures: max memory 477626368, total allocated 62914560, free 56187848, used 6726712, increment 0
species: 
Regularization values: linear/quadratic/product: 1.800, categorical: 0.530, threshold: 1.920, hinge: 0.500
8 samples
Density: max memory 477626368, total allocated 62914560, free 55716688, used 7197872, increment 471160
linearPredictor: max memory 477626368, total allocated 62914560, free 55716688, used 7197872, increment 0
FeaturedSpace: max memory 477626368, total allocated 62914560, free 55716688, used 7197872, increment 0
Sequential: max memory 477626368, total allocated 62914560, free 55716688, used 7197872, increment 0
Initial loss: 4.584967478670572
200: time = 0,020000 loss = 3,862043
Resulting gain: 0.7229248812375904
Projecting...
Writing file devel\maxent_tuneFC\maxentResults01\fc-HQPT_beta-1_uid-553\species.csv
Ending
