Fri Jul 24 15:21:53 CEST 2015
MaxEnt version 3.3.3k
Reading file absence
readGrid: max memory 477626368, total allocated 65536000, free 38184800, used 27351200, increment -1480304
Reading samples from presence
Read samples: max memory 477626368, total allocated 65536000, free 37702824, used 27833176, increment 481976
Adding samples to background in feature space
Command line used:  autorun -e devel/maxent_tuneFC/maxentRes/fc-LQbeta-10_uid-139/absence -o devel/maxent_tuneFC/maxentRes/fc-LQbeta-10_uid-139 -s devel/maxent_tuneFC/maxentRes/fc-LQbeta-10_uid-139/presence -z autofeature=false betamultiplier=10 linear=true quadratic=true
Command line to repeat: java density.MaxEnt nowarnings noprefixes outputdirectory=devel/maxent_tuneFC/maxentRes/fc-LQbeta-10_uid-139 samplesfile=devel/maxent_tuneFC/maxentRes/fc-LQbeta-10_uid-139/presence environmentallayers=devel/maxent_tuneFC/maxentRes/fc-LQbeta-10_uid-139/absence betamultiplier=10.0 autorun novisible noautofeature
Species: species
Layers: x1 x2
Layertypes: Continuous Continuous
outputdirectory: devel/maxent_tuneFC/maxentRes/fc-LQbeta-10_uid-139
samplesfile: devel/maxent_tuneFC/maxentRes/fc-LQbeta-10_uid-139/presence
environmentallayers: devel/maxent_tuneFC/maxentRes/fc-LQbeta-10_uid-139/absence
betamultiplier: 10.0
autorun: true
visible: false
autofeature: false

getSamples: max memory 477626368, total allocated 65536000, free 37702824, used 27833176, increment 0
Making features
makeFeatures: max memory 477626368, total allocated 65536000, free 37702824, used 27833176, increment 0
species: 
Regularization values: linear/quadratic/product: 0.873, categorical: 0.250, threshold: 1.820, hinge: 0.500
18 samples
Density: max memory 477626368, total allocated 65536000, free 37702824, used 27833176, increment 0
linearPredictor: max memory 477626368, total allocated 65536000, free 37702824, used 27833176, increment 0
FeaturedSpace: max memory 477626368, total allocated 65536000, free 37702824, used 27833176, increment 0
Sequential: max memory 477626368, total allocated 65536000, free 37702824, used 27833176, increment 0
Initial loss: 4.68213122712422
60: time = 0,008000 loss = 4,640508
Resulting gain: 0.04162272932292854
Projecting...
Writing file devel\maxent_tuneFC\maxentRes\fc-LQbeta-10_uid-139\species.csv
Ending
