Fri Jul 24 16:10:10 CEST 2015
MaxEnt version 3.3.3k
Reading file absence
readGrid: max memory 477626368, total allocated 62914560, free 27361752, used 35552808, increment 17645720
Reading samples from presence
Read samples: max memory 477626368, total allocated 62914560, free 27345352, used 35569208, increment 16400
Adding samples to background in feature space
Command line used:  autorun -e devel/maxent_tuneFC/maxentResults01/fc-HQPT_beta-10_uid-573/absence -o devel/maxent_tuneFC/maxentResults01/fc-HQPT_beta-10_uid-573 -s devel/maxent_tuneFC/maxentResults01/fc-HQPT_beta-10_uid-573/presence -z autofeature=false betamultiplier=10 linear=false quadratic=true hinge=true product=true threshold=true
Command line to repeat: java density.MaxEnt nowarnings noprefixes outputdirectory=devel/maxent_tuneFC/maxentResults01/fc-HQPT_beta-10_uid-573 samplesfile=devel/maxent_tuneFC/maxentResults01/fc-HQPT_beta-10_uid-573/presence environmentallayers=devel/maxent_tuneFC/maxentResults01/fc-HQPT_beta-10_uid-573/absence betamultiplier=10.0 nolinear autorun novisible noautofeature
Species: species
Layers: x1 x2
Layertypes: Continuous Continuous
outputdirectory: devel/maxent_tuneFC/maxentResults01/fc-HQPT_beta-10_uid-573
samplesfile: devel/maxent_tuneFC/maxentResults01/fc-HQPT_beta-10_uid-573/presence
environmentallayers: devel/maxent_tuneFC/maxentResults01/fc-HQPT_beta-10_uid-573/absence
betamultiplier: 10.0
linear: false
autorun: true
visible: false
autofeature: false

getSamples: max memory 477626368, total allocated 62914560, free 26858600, used 36055960, increment 486752
Making features
makeFeatures: max memory 477626368, total allocated 62914560, free 26858600, used 36055960, increment 0
species: 
Regularization values: linear/quadratic/product: 1.700, categorical: 0.515, threshold: 1.910, hinge: 0.500
9 samples
Density: max memory 477626368, total allocated 62914560, free 26858600, used 36055960, increment 0
linearPredictor: max memory 477626368, total allocated 62914560, free 26858600, used 36055960, increment 0
FeaturedSpace: max memory 477626368, total allocated 62914560, free 26858600, used 36055960, increment 0
Sequential: max memory 477626368, total allocated 62914560, free 26858600, used 36055960, increment 0
Initial loss: 4.59511985013459
20: time = 0,000000 loss = 4,595120
Resulting gain: 0.0
Leaving out Fixed cumulative value 5 from threshold table, as uninitialized
Leaving out Fixed cumulative value 10 from threshold table, as uninitialized
Leaving out Equate entropy of thresholded and original distributions from threshold table, as uninitialized
Projecting...
Writing file devel\maxent_tuneFC\maxentResults01\fc-HQPT_beta-10_uid-573\species.csv
Ending
