Fri Jul 24 15:21:22 CEST 2015
MaxEnt version 3.3.3k
Reading file absence
readGrid: max memory 477626368, total allocated 71827456, free 18041832, used 53785624, increment -4870088
Reading samples from presence
Read samples: max memory 477626368, total allocated 71827456, free 17444608, used 54382848, increment 597224
Adding samples to background in feature space
Command line used:  autorun -e devel/maxent_tuneFC/maxentRes/fc-Hbeta-1_uid-98/absence -o devel/maxent_tuneFC/maxentRes/fc-Hbeta-1_uid-98 -s devel/maxent_tuneFC/maxentRes/fc-Hbeta-1_uid-98/presence -z autofeature=false betamultiplier=1 hinge=true
Command line to repeat: java density.MaxEnt nowarnings noprefixes outputdirectory=devel/maxent_tuneFC/maxentRes/fc-Hbeta-1_uid-98 samplesfile=devel/maxent_tuneFC/maxentRes/fc-Hbeta-1_uid-98/presence environmentallayers=devel/maxent_tuneFC/maxentRes/fc-Hbeta-1_uid-98/absence autorun novisible noautofeature
Species: species
Layers: x1 x2
Layertypes: Continuous Continuous
outputdirectory: devel/maxent_tuneFC/maxentRes/fc-Hbeta-1_uid-98
samplesfile: devel/maxent_tuneFC/maxentRes/fc-Hbeta-1_uid-98/presence
environmentallayers: devel/maxent_tuneFC/maxentRes/fc-Hbeta-1_uid-98/absence
autorun: true
visible: false
autofeature: false

getSamples: max memory 477626368, total allocated 71827456, free 17444608, used 54382848, increment 0
Making features
makeFeatures: max memory 477626368, total allocated 71827456, free 17444608, used 54382848, increment 0
species: 
Regularization values: linear/quadratic/product: 0.873, categorical: 0.250, threshold: 1.820, hinge: 0.500
18 samples
Density: max memory 477626368, total allocated 71827456, free 17444608, used 54382848, increment 0
linearPredictor: max memory 477626368, total allocated 71827456, free 17444608, used 54382848, increment 0
FeaturedSpace: max memory 477626368, total allocated 71827456, free 17444608, used 54382848, increment 0
Sequential: max memory 477626368, total allocated 71827456, free 17444608, used 54382848, increment 0
Initial loss: 4.68213122712422
240: time = 0,029000 loss = 3,897574
Resulting gain: 0.7845573046536405
Projecting...
Writing file devel\maxent_tuneFC\maxentRes\fc-Hbeta-1_uid-98\species.csv
Ending
