Fri Jul 24 15:46:30 CEST 2015
MaxEnt version 3.3.3k
Reading file absence
readGrid: max memory 477626368, total allocated 67108864, free 46384416, used 20724448, increment -7379000
Reading samples from presence
Read samples: max memory 477626368, total allocated 67108864, free 46384416, used 20724448, increment 0
Adding samples to background in feature space
Command line used:  autorun -e devel/maxent_tuneFC/maxentRes3/fc-L_beta-1_uid-431/absence -o devel/maxent_tuneFC/maxentRes3/fc-L_beta-1_uid-431 -s devel/maxent_tuneFC/maxentRes3/fc-L_beta-1_uid-431/presence -z autofeature=false betamultiplier=1 linear=true quadratic=false
Command line to repeat: java density.MaxEnt nowarnings noprefixes outputdirectory=devel/maxent_tuneFC/maxentRes3/fc-L_beta-1_uid-431 samplesfile=devel/maxent_tuneFC/maxentRes3/fc-L_beta-1_uid-431/presence environmentallayers=devel/maxent_tuneFC/maxentRes3/fc-L_beta-1_uid-431/absence noquadratic autorun novisible noautofeature
Species: species
Layers: x1 x2
Layertypes: Continuous Continuous
outputdirectory: devel/maxent_tuneFC/maxentRes3/fc-L_beta-1_uid-431
samplesfile: devel/maxent_tuneFC/maxentRes3/fc-L_beta-1_uid-431/presence
environmentallayers: devel/maxent_tuneFC/maxentRes3/fc-L_beta-1_uid-431/absence
quadratic: false
autorun: true
visible: false
autofeature: false

getSamples: max memory 477626368, total allocated 67108864, free 45831024, used 21277840, increment 553392
Making features
makeFeatures: max memory 477626368, total allocated 67108864, free 45831024, used 21277840, increment 0
species: 
Regularization values: linear/quadratic/product: 1.600, categorical: 0.500, threshold: 1.900, hinge: 0.500
10 samples
Density: max memory 477626368, total allocated 67108864, free 45831024, used 21277840, increment 0
linearPredictor: max memory 477626368, total allocated 67108864, free 45831024, used 21277840, increment 0
FeaturedSpace: max memory 477626368, total allocated 67108864, free 45831024, used 21277840, increment 0
Sequential: max memory 477626368, total allocated 67108864, free 45831024, used 21277840, increment 0
Initial loss: 4.0943445622221
240: time = 0,015000 loss = 3,625124
Resulting gain: 0.46922014569926684
Projecting...
Writing file devel\maxent_tuneFC\maxentRes3\fc-L_beta-1_uid-431\species.csv
Ending
