Fri Jul 24 15:56:44 CEST 2015
MaxEnt version 3.3.3k
Reading file absence
readGrid: max memory 477626368, total allocated 64487424, free 37908472, used 26578952, increment -5795968
Reading samples from presence
Read samples: max memory 477626368, total allocated 64487424, free 37908472, used 26578952, increment 0
Adding samples to background in feature space
Command line used:  autorun -e devel/maxent_tuneFC/maxentRes6/fc-HQPT_beta-1_uid-486/absence -o devel/maxent_tuneFC/maxentRes6/fc-HQPT_beta-1_uid-486 -s devel/maxent_tuneFC/maxentRes6/fc-HQPT_beta-1_uid-486/presence -z autofeature=false betamultiplier=1 linear=false quadratic=true hinge=true product=true threshold=true
Command line to repeat: java density.MaxEnt nowarnings noprefixes outputdirectory=devel/maxent_tuneFC/maxentRes6/fc-HQPT_beta-1_uid-486 samplesfile=devel/maxent_tuneFC/maxentRes6/fc-HQPT_beta-1_uid-486/presence environmentallayers=devel/maxent_tuneFC/maxentRes6/fc-HQPT_beta-1_uid-486/absence nolinear autorun novisible noautofeature
Species: species
Layers: x1 x2
Layertypes: Continuous Continuous
outputdirectory: devel/maxent_tuneFC/maxentRes6/fc-HQPT_beta-1_uid-486
samplesfile: devel/maxent_tuneFC/maxentRes6/fc-HQPT_beta-1_uid-486/presence
environmentallayers: devel/maxent_tuneFC/maxentRes6/fc-HQPT_beta-1_uid-486/absence
linear: false
autorun: true
visible: false
autofeature: false

getSamples: max memory 477626368, total allocated 64487424, free 37420928, used 27066496, increment 487544
Making features
makeFeatures: max memory 477626368, total allocated 64487424, free 37420928, used 27066496, increment 0
species: 
Regularization values: linear/quadratic/product: 2.100, categorical: 0.575, threshold: 1.950, hinge: 0.500
5 samples
Density: max memory 477626368, total allocated 64487424, free 37420928, used 27066496, increment 0
linearPredictor: max memory 477626368, total allocated 64487424, free 37420928, used 27066496, increment 0
FeaturedSpace: max memory 477626368, total allocated 64487424, free 37420928, used 27066496, increment 0
Sequential: max memory 477626368, total allocated 64487424, free 37420928, used 27066496, increment 0
Initial loss: 4.007333185232471
140: time = 0,009000 loss = 2,908205
Resulting gain: 1.0991280600866884
Projecting...
Writing file devel\maxent_tuneFC\maxentRes6\fc-HQPT_beta-1_uid-486\species.csv
Ending
