Fri Jul 24 15:22:02 CEST 2015
MaxEnt version 3.3.3k
Reading file absence
readGrid: max memory 477626368, total allocated 65536000, free 42686928, used 22849072, increment -443104
Reading samples from presence
Read samples: max memory 477626368, total allocated 65536000, free 42196984, used 23339016, increment 489944
Adding samples to background in feature space
Command line used:  autorun -e devel/maxent_tuneFC/maxentRes/fc-Lbeta-1_uid-150/absence -o devel/maxent_tuneFC/maxentRes/fc-Lbeta-1_uid-150 -s devel/maxent_tuneFC/maxentRes/fc-Lbeta-1_uid-150/presence -z autofeature=false betamultiplier=1 linear=true
Command line to repeat: java density.MaxEnt nowarnings noprefixes outputdirectory=devel/maxent_tuneFC/maxentRes/fc-Lbeta-1_uid-150 samplesfile=devel/maxent_tuneFC/maxentRes/fc-Lbeta-1_uid-150/presence environmentallayers=devel/maxent_tuneFC/maxentRes/fc-Lbeta-1_uid-150/absence autorun novisible noautofeature
Species: species
Layers: x1 x2
Layertypes: Continuous Continuous
outputdirectory: devel/maxent_tuneFC/maxentRes/fc-Lbeta-1_uid-150
samplesfile: devel/maxent_tuneFC/maxentRes/fc-Lbeta-1_uid-150/presence
environmentallayers: devel/maxent_tuneFC/maxentRes/fc-Lbeta-1_uid-150/absence
autorun: true
visible: false
autofeature: false

getSamples: max memory 477626368, total allocated 65536000, free 42196984, used 23339016, increment 0
Making features
makeFeatures: max memory 477626368, total allocated 65536000, free 42196984, used 23339016, increment 0
species: 
Regularization values: linear/quadratic/product: 0.873, categorical: 0.250, threshold: 1.820, hinge: 0.500
18 samples
Density: max memory 477626368, total allocated 65536000, free 42196984, used 23339016, increment 0
linearPredictor: max memory 477626368, total allocated 65536000, free 42196984, used 23339016, increment 0
FeaturedSpace: max memory 477626368, total allocated 65536000, free 42196984, used 23339016, increment 0
Sequential: max memory 477626368, total allocated 65536000, free 42196984, used 23339016, increment 0
Initial loss: 4.68213122712422
420: time = 0,053000 loss = 3,923286
Resulting gain: 0.758845050105859
Projecting...
Writing file devel\maxent_tuneFC\maxentRes\fc-Lbeta-1_uid-150\species.csv
Ending
