Fri Jul 24 15:20:30 CEST 2015
MaxEnt version 3.3.3k
Reading file absence
readGrid: max memory 477626368, total allocated 66060288, free 33428880, used 32631408, increment -1384216
Reading samples from presence
Read samples: max memory 477626368, total allocated 66060288, free 32946896, used 33113392, increment 481984
Adding samples to background in feature space
Command line used:  autorun -e devel/maxent_tuneFC/maxentRes/fc-Hbeta-10_uid-32/absence -o devel/maxent_tuneFC/maxentRes/fc-Hbeta-10_uid-32 -s devel/maxent_tuneFC/maxentRes/fc-Hbeta-10_uid-32/presence -z autofeature=false betamultiplier=10 hinge=true
Command line to repeat: java density.MaxEnt nowarnings noprefixes outputdirectory=devel/maxent_tuneFC/maxentRes/fc-Hbeta-10_uid-32 samplesfile=devel/maxent_tuneFC/maxentRes/fc-Hbeta-10_uid-32/presence environmentallayers=devel/maxent_tuneFC/maxentRes/fc-Hbeta-10_uid-32/absence betamultiplier=10.0 autorun novisible noautofeature
Species: species
Layers: x1 x2
Layertypes: Continuous Continuous
outputdirectory: devel/maxent_tuneFC/maxentRes/fc-Hbeta-10_uid-32
samplesfile: devel/maxent_tuneFC/maxentRes/fc-Hbeta-10_uid-32/presence
environmentallayers: devel/maxent_tuneFC/maxentRes/fc-Hbeta-10_uid-32/absence
betamultiplier: 10.0
autorun: true
visible: false
autofeature: false

getSamples: max memory 477626368, total allocated 66060288, free 32946896, used 33113392, increment 0
Making features
makeFeatures: max memory 477626368, total allocated 66060288, free 32946896, used 33113392, increment 0
species: 
Regularization values: linear/quadratic/product: 0.873, categorical: 0.250, threshold: 1.820, hinge: 0.500
18 samples
Density: max memory 477626368, total allocated 66060288, free 32946896, used 33113392, increment 0
linearPredictor: max memory 477626368, total allocated 66060288, free 32946896, used 33113392, increment 0
FeaturedSpace: max memory 477626368, total allocated 66060288, free 32946896, used 33113392, increment 0
Sequential: max memory 477626368, total allocated 66060288, free 32946896, used 33113392, increment 0
Initial loss: 4.68213122712422
60: time = 0,000000 loss = 4,566476
Resulting gain: 0.11565542004655427
Projecting...
Writing file devel\maxent_tuneFC\maxentRes\fc-Hbeta-10_uid-32\species.csv
Ending
