Fri Jul 24 15:53:16 CEST 2015
MaxEnt version 3.3.3k
Reading file absence
readGrid: max memory 477626368, total allocated 62914560, free 33025728, used 29888832, increment -6175672
Reading samples from presence
Read samples: max memory 477626368, total allocated 62914560, free 32555568, used 30358992, increment 470160
Adding samples to background in feature space
Command line used:  autorun -e devel/maxent_tuneFC/maxentRes5/fc-HQPT_beta-10_uid-454/absence -o devel/maxent_tuneFC/maxentRes5/fc-HQPT_beta-10_uid-454 -s devel/maxent_tuneFC/maxentRes5/fc-HQPT_beta-10_uid-454/presence -z autofeature=false betamultiplier=10 linear=false quadratic=true hinge=true product=true threshold=true
Command line to repeat: java density.MaxEnt nowarnings noprefixes outputdirectory=devel/maxent_tuneFC/maxentRes5/fc-HQPT_beta-10_uid-454 samplesfile=devel/maxent_tuneFC/maxentRes5/fc-HQPT_beta-10_uid-454/presence environmentallayers=devel/maxent_tuneFC/maxentRes5/fc-HQPT_beta-10_uid-454/absence betamultiplier=10.0 nolinear autorun novisible noautofeature
Species: species
Layers: x1 x2
Layertypes: Continuous Continuous
outputdirectory: devel/maxent_tuneFC/maxentRes5/fc-HQPT_beta-10_uid-454
samplesfile: devel/maxent_tuneFC/maxentRes5/fc-HQPT_beta-10_uid-454/presence
environmentallayers: devel/maxent_tuneFC/maxentRes5/fc-HQPT_beta-10_uid-454/absence
betamultiplier: 10.0
linear: false
autorun: true
visible: false
autofeature: false

getSamples: max memory 477626368, total allocated 62914560, free 32555568, used 30358992, increment 0
Making features
makeFeatures: max memory 477626368, total allocated 62914560, free 32555568, used 30358992, increment 0
species: 
Regularization values: linear/quadratic/product: 1.600, categorical: 0.500, threshold: 1.900, hinge: 0.500
10 samples
Density: max memory 477626368, total allocated 62914560, free 32555568, used 30358992, increment 0
linearPredictor: max memory 477626368, total allocated 62914560, free 32555568, used 30358992, increment 0
FeaturedSpace: max memory 477626368, total allocated 62914560, free 32555568, used 30358992, increment 0
Sequential: max memory 477626368, total allocated 62914560, free 32555568, used 30358992, increment 0
Initial loss: 4.0943445622221
20: time = 0,000000 loss = 4,094345
Resulting gain: 0.0
Leaving out Fixed cumulative value 5 from threshold table, as uninitialized
Leaving out Fixed cumulative value 10 from threshold table, as uninitialized
Projecting...
Writing file devel\maxent_tuneFC\maxentRes5\fc-HQPT_beta-10_uid-454\species.csv
Ending
