Fri Jul 24 15:25:58 CEST 2015
MaxEnt version 3.3.3k
Reading file absence
readGrid: max memory 477626368, total allocated 75497472, free 14983608, used 60513864, increment -10224912
Reading samples from presence
Read samples: max memory 477626368, total allocated 75497472, free 14983608, used 60513864, increment 0
Adding samples to background in feature space
Command line used:  autorun -e devel/maxent_tuneFC/maxentRes2/fc-L_beta-1_uid-225/absence -o devel/maxent_tuneFC/maxentRes2/fc-L_beta-1_uid-225 -s devel/maxent_tuneFC/maxentRes2/fc-L_beta-1_uid-225/presence -z autofeature=false betamultiplier=1 linear=true
Command line to repeat: java density.MaxEnt nowarnings noprefixes outputdirectory=devel/maxent_tuneFC/maxentRes2/fc-L_beta-1_uid-225 samplesfile=devel/maxent_tuneFC/maxentRes2/fc-L_beta-1_uid-225/presence environmentallayers=devel/maxent_tuneFC/maxentRes2/fc-L_beta-1_uid-225/absence autorun novisible noautofeature
Species: species
Layers: x1 x2
Layertypes: Continuous Continuous
outputdirectory: devel/maxent_tuneFC/maxentRes2/fc-L_beta-1_uid-225
samplesfile: devel/maxent_tuneFC/maxentRes2/fc-L_beta-1_uid-225/presence
environmentallayers: devel/maxent_tuneFC/maxentRes2/fc-L_beta-1_uid-225/absence
autorun: true
visible: false
autofeature: false

getSamples: max memory 477626368, total allocated 75497472, free 14315120, used 61182352, increment 668488
Making features
makeFeatures: max memory 477626368, total allocated 75497472, free 14315120, used 61182352, increment 0
species: 
Regularization values: linear/quadratic/product: 0.873, categorical: 0.250, threshold: 1.820, hinge: 0.500
18 samples
Density: max memory 477626368, total allocated 75497472, free 14315120, used 61182352, increment 0
linearPredictor: max memory 477626368, total allocated 75497472, free 14315120, used 61182352, increment 0
FeaturedSpace: max memory 477626368, total allocated 75497472, free 14315120, used 61182352, increment 0
Sequential: max memory 477626368, total allocated 75497472, free 14315120, used 61182352, increment 0
Initial loss: 4.68213122712422
320: time = 0,047000 loss = 3,973700
Resulting gain: 0.7084309574951053
Projecting...
Writing file devel\maxent_tuneFC\maxentRes2\fc-L_beta-1_uid-225\species.csv
Ending
