Fri Jul 24 15:31:50 CEST 2015
MaxEnt version 3.3.3k
Reading file absence
readGrid: max memory 477626368, total allocated 63438848, free 19931008, used 43507840, increment -6551280
Reading samples from presence
Read samples: max memory 477626368, total allocated 63438848, free 19450024, used 43988824, increment 480984
Adding samples to background in feature space
Command line used:  autorun -e devel/maxent_tuneFC/maxentRes2/fc-L_beta-0.1_uid-312/absence -o devel/maxent_tuneFC/maxentRes2/fc-L_beta-0.1_uid-312 -s devel/maxent_tuneFC/maxentRes2/fc-L_beta-0.1_uid-312/presence -z autofeature=false betamultiplier=0.1 linear=true quadratic=true hinge=true product=true threshold=true =false
Command line to repeat: java density.MaxEnt nowarnings noprefixes outputdirectory=devel/maxent_tuneFC/maxentRes2/fc-L_beta-0.1_uid-312 samplesfile=devel/maxent_tuneFC/maxentRes2/fc-L_beta-0.1_uid-312/presence environmentallayers=devel/maxent_tuneFC/maxentRes2/fc-L_beta-0.1_uid-312/absence betamultiplier=0.1 autorun novisible noautofeature
Species: species
Layers: x1 x2
Layertypes: Continuous Continuous
outputdirectory: devel/maxent_tuneFC/maxentRes2/fc-L_beta-0.1_uid-312
samplesfile: devel/maxent_tuneFC/maxentRes2/fc-L_beta-0.1_uid-312/presence
environmentallayers: devel/maxent_tuneFC/maxentRes2/fc-L_beta-0.1_uid-312/absence
betamultiplier: 0.1
autorun: true
visible: false
autofeature: false

getSamples: max memory 477626368, total allocated 63438848, free 19450024, used 43988824, increment 0
Making features
makeFeatures: max memory 477626368, total allocated 63438848, free 19450024, used 43988824, increment 0
species: 
Regularization values: linear/quadratic/product: 1.600, categorical: 0.500, threshold: 1.900, hinge: 0.500
10 samples
Density: max memory 477626368, total allocated 63438848, free 19450024, used 43988824, increment 0
linearPredictor: max memory 477626368, total allocated 63438848, free 19450024, used 43988824, increment 0
FeaturedSpace: max memory 477626368, total allocated 63438848, free 19450024, used 43988824, increment 0
Sequential: max memory 477626368, total allocated 63438848, free 19450024, used 43988824, increment 0
Initial loss: 4.0943445622221
500: time = 0,048000 loss = 2,651104
Resulting gain: 1.4432405423792183
Projecting...
Writing file devel\maxent_tuneFC\maxentRes2\fc-L_beta-0.1_uid-312\species.csv
Ending
