Fri Jul 24 15:25:45 CEST 2015
MaxEnt version 3.3.3k
Reading file absence
readGrid: max memory 477626368, total allocated 66060288, free 10161176, used 55899112, increment -1073184
Reading samples from presence
Read samples: max memory 477626368, total allocated 66060288, free 9666808, used 56393480, increment 494368
Adding samples to background in feature space
Command line used:  autorun -e devel/maxent_tuneFC/maxentRes2/fc-L_beta-10_uid-209/absence -o devel/maxent_tuneFC/maxentRes2/fc-L_beta-10_uid-209 -s devel/maxent_tuneFC/maxentRes2/fc-L_beta-10_uid-209/presence -z autofeature=false betamultiplier=10 linear=true
Command line to repeat: java density.MaxEnt nowarnings noprefixes outputdirectory=devel/maxent_tuneFC/maxentRes2/fc-L_beta-10_uid-209 samplesfile=devel/maxent_tuneFC/maxentRes2/fc-L_beta-10_uid-209/presence environmentallayers=devel/maxent_tuneFC/maxentRes2/fc-L_beta-10_uid-209/absence betamultiplier=10.0 autorun novisible noautofeature
Species: species
Layers: x1 x2
Layertypes: Continuous Continuous
outputdirectory: devel/maxent_tuneFC/maxentRes2/fc-L_beta-10_uid-209
samplesfile: devel/maxent_tuneFC/maxentRes2/fc-L_beta-10_uid-209/presence
environmentallayers: devel/maxent_tuneFC/maxentRes2/fc-L_beta-10_uid-209/absence
betamultiplier: 10.0
autorun: true
visible: false
autofeature: false

getSamples: max memory 477626368, total allocated 66060288, free 9188816, used 56871472, increment 477992
Making features
makeFeatures: max memory 477626368, total allocated 66060288, free 9188816, used 56871472, increment 0
species: 
Regularization values: linear/quadratic/product: 0.873, categorical: 0.250, threshold: 1.820, hinge: 0.500
18 samples
Density: max memory 477626368, total allocated 66060288, free 9188816, used 56871472, increment 0
linearPredictor: max memory 477626368, total allocated 66060288, free 9188816, used 56871472, increment 0
FeaturedSpace: max memory 477626368, total allocated 66060288, free 9188816, used 56871472, increment 0
Sequential: max memory 477626368, total allocated 66060288, free 9188816, used 56871472, increment 0
Initial loss: 4.68213122712422
60: time = 0,016000 loss = 4,576490
Resulting gain: 0.10564149998223726
Projecting...
Writing file devel\maxent_tuneFC\maxentRes2\fc-L_beta-10_uid-209\species.csv
Ending
