Fri Jul 24 15:26:05 CEST 2015
MaxEnt version 3.3.3k
Reading file absence
readGrid: max memory 477626368, total allocated 69206016, free 52135584, used 17070432, increment -7666016
Reading samples from presence
Read samples: max memory 477626368, total allocated 69206016, free 51530984, used 17675032, increment 604600
Adding samples to background in feature space
Command line used:  autorun -e devel/maxent_tuneFC/maxentRes2/fc-HQPT_beta-10_uid-234/absence -o devel/maxent_tuneFC/maxentRes2/fc-HQPT_beta-10_uid-234 -s devel/maxent_tuneFC/maxentRes2/fc-HQPT_beta-10_uid-234/presence -z autofeature=false betamultiplier=10 hinge=true quadratic=true product=true threshold=true
Command line to repeat: java density.MaxEnt nowarnings noprefixes outputdirectory=devel/maxent_tuneFC/maxentRes2/fc-HQPT_beta-10_uid-234 samplesfile=devel/maxent_tuneFC/maxentRes2/fc-HQPT_beta-10_uid-234/presence environmentallayers=devel/maxent_tuneFC/maxentRes2/fc-HQPT_beta-10_uid-234/absence betamultiplier=10.0 autorun novisible noautofeature
Species: species
Layers: x1 x2
Layertypes: Continuous Continuous
outputdirectory: devel/maxent_tuneFC/maxentRes2/fc-HQPT_beta-10_uid-234
samplesfile: devel/maxent_tuneFC/maxentRes2/fc-HQPT_beta-10_uid-234/presence
environmentallayers: devel/maxent_tuneFC/maxentRes2/fc-HQPT_beta-10_uid-234/absence
betamultiplier: 10.0
autorun: true
visible: false
autofeature: false

getSamples: max memory 477626368, total allocated 69206016, free 51530984, used 17675032, increment 0
Making features
makeFeatures: max memory 477626368, total allocated 69206016, free 51530984, used 17675032, increment 0
species: 
Regularization values: linear/quadratic/product: 0.873, categorical: 0.250, threshold: 1.820, hinge: 0.500
18 samples
Density: max memory 477626368, total allocated 69206016, free 50934144, used 18271872, increment 596840
linearPredictor: max memory 477626368, total allocated 69206016, free 50934144, used 18271872, increment 0
FeaturedSpace: max memory 477626368, total allocated 69206016, free 50934144, used 18271872, increment 0
Sequential: max memory 477626368, total allocated 69206016, free 50934144, used 18271872, increment 0
Initial loss: 4.68213122712422
40: time = 0,000000 loss = 4,636862
Resulting gain: 0.045269088682302616
Projecting...
Writing file devel\maxent_tuneFC\maxentRes2\fc-HQPT_beta-10_uid-234\species.csv
Ending
