Fri Jul 24 15:29:38 CEST 2015
MaxEnt version 3.3.3k
Reading file absence
readGrid: max memory 477626368, total allocated 63963136, free 20873944, used 43089192, increment -4595864
Reading samples from presence
Read samples: max memory 477626368, total allocated 63963136, free 20396144, used 43566992, increment 477800
Adding samples to background in feature space
Command line used:  autorun -e devel/maxent_tuneFC/maxentRes2/fc-L_beta-10_uid-292/absence -o devel/maxent_tuneFC/maxentRes2/fc-L_beta-10_uid-292 -s devel/maxent_tuneFC/maxentRes2/fc-L_beta-10_uid-292/presence -z autofeature=false betamultiplier=10 linear=true
Command line to repeat: java density.MaxEnt nowarnings noprefixes outputdirectory=devel/maxent_tuneFC/maxentRes2/fc-L_beta-10_uid-292 samplesfile=devel/maxent_tuneFC/maxentRes2/fc-L_beta-10_uid-292/presence environmentallayers=devel/maxent_tuneFC/maxentRes2/fc-L_beta-10_uid-292/absence betamultiplier=10.0 autorun novisible noautofeature
Species: species
Layers: x1 x2
Layertypes: Continuous Continuous
outputdirectory: devel/maxent_tuneFC/maxentRes2/fc-L_beta-10_uid-292
samplesfile: devel/maxent_tuneFC/maxentRes2/fc-L_beta-10_uid-292/presence
environmentallayers: devel/maxent_tuneFC/maxentRes2/fc-L_beta-10_uid-292/absence
betamultiplier: 10.0
autorun: true
visible: false
autofeature: false

getSamples: max memory 477626368, total allocated 63963136, free 20396144, used 43566992, increment 0
Making features
makeFeatures: max memory 477626368, total allocated 63963136, free 20396144, used 43566992, increment 0
species: 
Regularization values: linear/quadratic/product: 0.819, categorical: 0.250, threshold: 1.800, hinge: 0.500
20 samples
Density: max memory 477626368, total allocated 63963136, free 19918280, used 44044856, increment 477864
linearPredictor: max memory 477626368, total allocated 63963136, free 19918280, used 44044856, increment 0
FeaturedSpace: max memory 477626368, total allocated 63963136, free 19918280, used 44044856, increment 0
Sequential: max memory 477626368, total allocated 63963136, free 19918280, used 44044856, increment 0
Initial loss: 4.787491742782046
60: time = 0,016000 loss = 4,720106
Resulting gain: 0.06738622055777288
Projecting...
Writing file devel\maxent_tuneFC\maxentRes2\fc-L_beta-10_uid-292\species.csv
Ending
