Fri Jul 24 15:46:33 CEST 2015
MaxEnt version 3.3.3k
Reading file absence
readGrid: max memory 477626368, total allocated 66060288, free 41331464, used 24728824, increment -5882816
Reading samples from presence
Read samples: max memory 477626368, total allocated 66060288, free 41331464, used 24728824, increment 0
Adding samples to background in feature space
Command line used:  autorun -e devel/maxent_tuneFC/maxentRes3/fc-HQPT_beta-10_uid-434/absence -o devel/maxent_tuneFC/maxentRes3/fc-HQPT_beta-10_uid-434 -s devel/maxent_tuneFC/maxentRes3/fc-HQPT_beta-10_uid-434/presence -z autofeature=false betamultiplier=10 quadratic=true linear=false
Command line to repeat: java density.MaxEnt nowarnings noprefixes outputdirectory=devel/maxent_tuneFC/maxentRes3/fc-HQPT_beta-10_uid-434 samplesfile=devel/maxent_tuneFC/maxentRes3/fc-HQPT_beta-10_uid-434/presence environmentallayers=devel/maxent_tuneFC/maxentRes3/fc-HQPT_beta-10_uid-434/absence betamultiplier=10.0 nolinear autorun novisible noautofeature
Species: species
Layers: x1 x2
Layertypes: Continuous Continuous
outputdirectory: devel/maxent_tuneFC/maxentRes3/fc-HQPT_beta-10_uid-434
samplesfile: devel/maxent_tuneFC/maxentRes3/fc-HQPT_beta-10_uid-434/presence
environmentallayers: devel/maxent_tuneFC/maxentRes3/fc-HQPT_beta-10_uid-434/absence
betamultiplier: 10.0
linear: false
autorun: true
visible: false
autofeature: false

getSamples: max memory 477626368, total allocated 66060288, free 41331464, used 24728824, increment 0
Making features
makeFeatures: max memory 477626368, total allocated 66060288, free 41331464, used 24728824, increment 0
species: 
Regularization values: linear/quadratic/product: 1.600, categorical: 0.500, threshold: 1.900, hinge: 0.500
10 samples
Density: max memory 477626368, total allocated 66060288, free 41331464, used 24728824, increment 0
linearPredictor: max memory 477626368, total allocated 66060288, free 41331464, used 24728824, increment 0
FeaturedSpace: max memory 477626368, total allocated 66060288, free 41331464, used 24728824, increment 0
Sequential: max memory 477626368, total allocated 66060288, free 41331464, used 24728824, increment 0
Initial loss: 4.0943445622221
20: time = 0,000000 loss = 4,094345
Resulting gain: 0.0
Leaving out Fixed cumulative value 5 from threshold table, as uninitialized
Leaving out Fixed cumulative value 10 from threshold table, as uninitialized
Projecting...
Writing file devel\maxent_tuneFC\maxentRes3\fc-HQPT_beta-10_uid-434\species.csv
Ending
