Fri Jul 24 15:25:55 CEST 2015
MaxEnt version 3.3.3k
Reading file absence
readGrid: max memory 477626368, total allocated 76546048, free 18782160, used 57763888, increment -11199760
Reading samples from presence
Read samples: max memory 477626368, total allocated 76546048, free 18091816, used 58454232, increment 690344
Adding samples to background in feature space
Command line used:  autorun -e devel/maxent_tuneFC/maxentRes2/fc-HQPT_beta-10_uid-222/absence -o devel/maxent_tuneFC/maxentRes2/fc-HQPT_beta-10_uid-222 -s devel/maxent_tuneFC/maxentRes2/fc-HQPT_beta-10_uid-222/presence -z autofeature=false betamultiplier=10 hinge=true quadratic=true product=true threshold=true
Command line to repeat: java density.MaxEnt nowarnings noprefixes outputdirectory=devel/maxent_tuneFC/maxentRes2/fc-HQPT_beta-10_uid-222 samplesfile=devel/maxent_tuneFC/maxentRes2/fc-HQPT_beta-10_uid-222/presence environmentallayers=devel/maxent_tuneFC/maxentRes2/fc-HQPT_beta-10_uid-222/absence betamultiplier=10.0 autorun novisible noautofeature
Species: species
Layers: x1 x2
Layertypes: Continuous Continuous
outputdirectory: devel/maxent_tuneFC/maxentRes2/fc-HQPT_beta-10_uid-222
samplesfile: devel/maxent_tuneFC/maxentRes2/fc-HQPT_beta-10_uid-222/presence
environmentallayers: devel/maxent_tuneFC/maxentRes2/fc-HQPT_beta-10_uid-222/absence
betamultiplier: 10.0
autorun: true
visible: false
autofeature: false

getSamples: max memory 477626368, total allocated 76546048, free 18091816, used 58454232, increment 0
Making features
makeFeatures: max memory 477626368, total allocated 76546048, free 18091816, used 58454232, increment 0
species: 
Regularization values: linear/quadratic/product: 0.873, categorical: 0.250, threshold: 1.820, hinge: 0.500
18 samples
Density: max memory 477626368, total allocated 76546048, free 18091816, used 58454232, increment 0
linearPredictor: max memory 477626368, total allocated 76546048, free 18091816, used 58454232, increment 0
FeaturedSpace: max memory 477626368, total allocated 76546048, free 18091816, used 58454232, increment 0
Sequential: max memory 477626368, total allocated 76546048, free 18091816, used 58454232, increment 0
Initial loss: 4.68213122712422
60: time = 0,000000 loss = 4,631366
Resulting gain: 0.05076547436409129
Projecting...
Writing file devel\maxent_tuneFC\maxentRes2\fc-HQPT_beta-10_uid-222\species.csv
Ending
