Fri Jul 24 15:20:36 CEST 2015
MaxEnt version 3.3.3k
Reading file absence
readGrid: max memory 477626368, total allocated 70254592, free 24749032, used 45505560, increment -5419992
Reading samples from presence
Read samples: max memory 477626368, total allocated 70254592, free 24186176, used 46068416, increment 562856
Adding samples to background in feature space
Command line used:  autorun -e devel/maxent_tuneFC/maxentRes/fc-HQbeta-0.1_uid-39/absence -o devel/maxent_tuneFC/maxentRes/fc-HQbeta-0.1_uid-39 -s devel/maxent_tuneFC/maxentRes/fc-HQbeta-0.1_uid-39/presence -z autofeature=false betamultiplier=0.1 hinge=true quadratic=true
Command line to repeat: java density.MaxEnt nowarnings noprefixes outputdirectory=devel/maxent_tuneFC/maxentRes/fc-HQbeta-0.1_uid-39 samplesfile=devel/maxent_tuneFC/maxentRes/fc-HQbeta-0.1_uid-39/presence environmentallayers=devel/maxent_tuneFC/maxentRes/fc-HQbeta-0.1_uid-39/absence betamultiplier=0.1 autorun novisible noautofeature
Species: species
Layers: x1 x2
Layertypes: Continuous Continuous
outputdirectory: devel/maxent_tuneFC/maxentRes/fc-HQbeta-0.1_uid-39
samplesfile: devel/maxent_tuneFC/maxentRes/fc-HQbeta-0.1_uid-39/presence
environmentallayers: devel/maxent_tuneFC/maxentRes/fc-HQbeta-0.1_uid-39/absence
betamultiplier: 0.1
autorun: true
visible: false
autofeature: false

getSamples: max memory 477626368, total allocated 70254592, free 24186176, used 46068416, increment 0
Making features
makeFeatures: max memory 477626368, total allocated 70254592, free 24186176, used 46068416, increment 0
species: 
Regularization values: linear/quadratic/product: 0.873, categorical: 0.250, threshold: 1.820, hinge: 0.500
18 samples
Density: max memory 477626368, total allocated 70254592, free 24186176, used 46068416, increment 0
linearPredictor: max memory 477626368, total allocated 70254592, free 24186176, used 46068416, increment 0
FeaturedSpace: max memory 477626368, total allocated 70254592, free 24186176, used 46068416, increment 0
Sequential: max memory 477626368, total allocated 70254592, free 24186176, used 46068416, increment 0
Initial loss: 4.68213122712422
500: time = 0,079000 loss = 3,324074
Resulting gain: 1.3580571428314334
Projecting...
Writing file devel\maxent_tuneFC\maxentRes\fc-HQbeta-0.1_uid-39\species.csv
Ending
