Fri Jul 24 15:22:25 CEST 2015
MaxEnt version 3.3.3k
Reading file absence
readGrid: max memory 477626368, total allocated 77070336, free 26659872, used 50410464, increment -11360296
Reading samples from presence
Read samples: max memory 477626368, total allocated 77070336, free 25952448, used 51117888, increment 707424
Adding samples to background in feature space
Command line used:  autorun -e devel/maxent_tuneFC/maxentRes/fc-HQbeta-10_uid-177/absence -o devel/maxent_tuneFC/maxentRes/fc-HQbeta-10_uid-177 -s devel/maxent_tuneFC/maxentRes/fc-HQbeta-10_uid-177/presence -z autofeature=false betamultiplier=10 hinge=true quadratic=true
Command line to repeat: java density.MaxEnt nowarnings noprefixes outputdirectory=devel/maxent_tuneFC/maxentRes/fc-HQbeta-10_uid-177 samplesfile=devel/maxent_tuneFC/maxentRes/fc-HQbeta-10_uid-177/presence environmentallayers=devel/maxent_tuneFC/maxentRes/fc-HQbeta-10_uid-177/absence betamultiplier=10.0 autorun novisible noautofeature
Species: species
Layers: x1 x2
Layertypes: Continuous Continuous
outputdirectory: devel/maxent_tuneFC/maxentRes/fc-HQbeta-10_uid-177
samplesfile: devel/maxent_tuneFC/maxentRes/fc-HQbeta-10_uid-177/presence
environmentallayers: devel/maxent_tuneFC/maxentRes/fc-HQbeta-10_uid-177/absence
betamultiplier: 10.0
autorun: true
visible: false
autofeature: false

getSamples: max memory 477626368, total allocated 77070336, free 25952448, used 51117888, increment 0
Making features
makeFeatures: max memory 477626368, total allocated 77070336, free 25952448, used 51117888, increment 0
species: 
Regularization values: linear/quadratic/product: 0.873, categorical: 0.250, threshold: 1.820, hinge: 0.500
18 samples
Density: max memory 477626368, total allocated 77070336, free 25952448, used 51117888, increment 0
linearPredictor: max memory 477626368, total allocated 77070336, free 25952448, used 51117888, increment 0
FeaturedSpace: max memory 477626368, total allocated 77070336, free 25952448, used 51117888, increment 0
Sequential: max memory 477626368, total allocated 77070336, free 25952448, used 51117888, increment 0
Initial loss: 4.68213122712422
60: time = 0,000000 loss = 4,655086
Resulting gain: 0.027045632056932334
Projecting...
Writing file devel\maxent_tuneFC\maxentRes\fc-HQbeta-10_uid-177\species.csv
Ending
