Fri Jul 24 15:20:08 CEST 2015
MaxEnt version 3.3.3k
Reading file absence
readGrid: max memory 477626368, total allocated 76021760, free 61046576, used 14975184, increment -12117872
Reading samples from presence
Read samples: max memory 477626368, total allocated 76021760, free 61046576, used 14975184, increment 0
Adding samples to background in feature space
Command line used:  autorun -e devel/maxent_tuneFC/maxentRes/fc-Lbeta-1_uid-6/absence -o devel/maxent_tuneFC/maxentRes/fc-Lbeta-1_uid-6 -s devel/maxent_tuneFC/maxentRes/fc-Lbeta-1_uid-6/presence -z autofeature=false betamultiplier=1 linear=true
Command line to repeat: java density.MaxEnt nowarnings noprefixes outputdirectory=devel/maxent_tuneFC/maxentRes/fc-Lbeta-1_uid-6 samplesfile=devel/maxent_tuneFC/maxentRes/fc-Lbeta-1_uid-6/presence environmentallayers=devel/maxent_tuneFC/maxentRes/fc-Lbeta-1_uid-6/absence autorun novisible noautofeature
Species: species
Layers: x1 x2
Layertypes: Continuous Continuous
outputdirectory: devel/maxent_tuneFC/maxentRes/fc-Lbeta-1_uid-6
samplesfile: devel/maxent_tuneFC/maxentRes/fc-Lbeta-1_uid-6/presence
environmentallayers: devel/maxent_tuneFC/maxentRes/fc-Lbeta-1_uid-6/absence
autorun: true
visible: false
autofeature: false

getSamples: max memory 477626368, total allocated 76021760, free 61046576, used 14975184, increment 0
Making features
makeFeatures: max memory 477626368, total allocated 76021760, free 61046576, used 14975184, increment 0
species: 
Regularization values: linear/quadratic/product: 0.873, categorical: 0.250, threshold: 1.820, hinge: 0.500
18 samples
Density: max memory 477626368, total allocated 76021760, free 60355440, used 15666320, increment 691136
linearPredictor: max memory 477626368, total allocated 76021760, free 60355440, used 15666320, increment 0
FeaturedSpace: max memory 477626368, total allocated 76021760, free 60355440, used 15666320, increment 0
Sequential: max memory 477626368, total allocated 76021760, free 60355440, used 15666320, increment 0
Initial loss: 4.68213122712422
240: time = 0,047000 loss = 3,936788
Resulting gain: 0.745343233319629
Projecting...
Writing file devel\maxent_tuneFC\maxentRes\fc-Lbeta-1_uid-6\species.csv
Ending
