Fri Jul 24 15:53:19 CEST 2015
MaxEnt version 3.3.3k
Reading file absence
readGrid: max memory 477626368, total allocated 64487424, free 49208240, used 15279184, increment -31610840
Reading samples from presence
Read samples: max memory 477626368, total allocated 64487424, free 49208240, used 15279184, increment 0
Adding samples to background in feature space
Command line used:  autorun -e devel/maxent_tuneFC/maxentRes5/fc-L_beta-1_uid-457/absence -o devel/maxent_tuneFC/maxentRes5/fc-L_beta-1_uid-457 -s devel/maxent_tuneFC/maxentRes5/fc-L_beta-1_uid-457/presence -z autofeature=false betamultiplier=1 linear=true quadratic=false hinge=false product=false threshold=false
Command line to repeat: java density.MaxEnt nowarnings noprefixes outputdirectory=devel/maxent_tuneFC/maxentRes5/fc-L_beta-1_uid-457 samplesfile=devel/maxent_tuneFC/maxentRes5/fc-L_beta-1_uid-457/presence environmentallayers=devel/maxent_tuneFC/maxentRes5/fc-L_beta-1_uid-457/absence noquadratic noproduct nothreshold nohinge autorun novisible noautofeature
Species: species
Layers: x1 x2
Layertypes: Continuous Continuous
outputdirectory: devel/maxent_tuneFC/maxentRes5/fc-L_beta-1_uid-457
samplesfile: devel/maxent_tuneFC/maxentRes5/fc-L_beta-1_uid-457/presence
environmentallayers: devel/maxent_tuneFC/maxentRes5/fc-L_beta-1_uid-457/absence
quadratic: false
product: false
threshold: false
hinge: false
autorun: true
visible: false
autofeature: false

getSamples: max memory 477626368, total allocated 64487424, free 48737480, used 15749944, increment 470760
Making features
makeFeatures: max memory 477626368, total allocated 64487424, free 48737480, used 15749944, increment 0
species: 
Regularization values: linear/quadratic/product: 1.000, categorical: 0.500, threshold: 1.900, hinge: 0.500
10 samples
Density: max memory 477626368, total allocated 64487424, free 48737480, used 15749944, increment 0
linearPredictor: max memory 477626368, total allocated 64487424, free 48737480, used 15749944, increment 0
FeaturedSpace: max memory 477626368, total allocated 64487424, free 48737480, used 15749944, increment 0
Sequential: max memory 477626368, total allocated 64487424, free 48737480, used 15749944, increment 0
Initial loss: 4.0943445622221
60: time = 0,000000 loss = 3,453057
Resulting gain: 0.6412874684293328
Projecting...
Writing file devel\maxent_tuneFC\maxentRes5\fc-L_beta-1_uid-457\species.csv
Ending
