Fri Jul 24 15:26:26 CEST 2015
MaxEnt version 3.3.3k
Reading file absence
readGrid: max memory 477626368, total allocated 63963136, free 35026816, used 28936320, increment 17817488
Reading samples from presence
Read samples: max memory 477626368, total allocated 63963136, free 34534424, used 29428712, increment 492392
Adding samples to background in feature space
Command line used:  autorun -e devel/maxent_tuneFC/maxentRes2/fc-HQPT_beta-10_uid-247/absence -o devel/maxent_tuneFC/maxentRes2/fc-HQPT_beta-10_uid-247 -s devel/maxent_tuneFC/maxentRes2/fc-HQPT_beta-10_uid-247/presence -z autofeature=false betamultiplier=10 hinge=true quadratic=true product=true threshold=true
Command line to repeat: java density.MaxEnt nowarnings noprefixes outputdirectory=devel/maxent_tuneFC/maxentRes2/fc-HQPT_beta-10_uid-247 samplesfile=devel/maxent_tuneFC/maxentRes2/fc-HQPT_beta-10_uid-247/presence environmentallayers=devel/maxent_tuneFC/maxentRes2/fc-HQPT_beta-10_uid-247/absence betamultiplier=10.0 autorun novisible noautofeature
Species: species
Layers: x1 x2
Layertypes: Continuous Continuous
outputdirectory: devel/maxent_tuneFC/maxentRes2/fc-HQPT_beta-10_uid-247
samplesfile: devel/maxent_tuneFC/maxentRes2/fc-HQPT_beta-10_uid-247/presence
environmentallayers: devel/maxent_tuneFC/maxentRes2/fc-HQPT_beta-10_uid-247/absence
betamultiplier: 10.0
autorun: true
visible: false
autofeature: false

getSamples: max memory 477626368, total allocated 63963136, free 34518024, used 29445112, increment 16400
Making features
makeFeatures: max memory 477626368, total allocated 63963136, free 34025632, used 29937504, increment 492392
species: 
Regularization values: linear/quadratic/product: 0.819, categorical: 0.250, threshold: 1.800, hinge: 0.500
20 samples
Density: max memory 477626368, total allocated 63963136, free 34025632, used 29937504, increment 0
linearPredictor: max memory 477626368, total allocated 63963136, free 34025632, used 29937504, increment 0
FeaturedSpace: max memory 477626368, total allocated 63963136, free 34025632, used 29937504, increment 0
Sequential: max memory 477626368, total allocated 63963136, free 34025632, used 29937504, increment 0
Initial loss: 4.787491742782046
60: time = 0,016000 loss = 4,680864
Resulting gain: 0.10662765666580665
Projecting...
Writing file devel\maxent_tuneFC\maxentRes2\fc-HQPT_beta-10_uid-247\species.csv
Ending
