Fri Jul 24 15:53:15 CEST 2015
MaxEnt version 3.3.3k
Reading file absence
readGrid: max memory 477626368, total allocated 62914560, free 22448200, used 40466360, increment -4566960
Reading samples from presence
Read samples: max memory 477626368, total allocated 62914560, free 21955672, used 40958888, increment 492528
Adding samples to background in feature space
Command line used:  autorun -e devel/maxent_tuneFC/maxentRes5/fc-HQPT_beta-1_uid-452/absence -o devel/maxent_tuneFC/maxentRes5/fc-HQPT_beta-1_uid-452 -s devel/maxent_tuneFC/maxentRes5/fc-HQPT_beta-1_uid-452/presence -z autofeature=false betamultiplier=1 linear=false quadratic=true hinge=true product=true threshold=true
Command line to repeat: java density.MaxEnt nowarnings noprefixes outputdirectory=devel/maxent_tuneFC/maxentRes5/fc-HQPT_beta-1_uid-452 samplesfile=devel/maxent_tuneFC/maxentRes5/fc-HQPT_beta-1_uid-452/presence environmentallayers=devel/maxent_tuneFC/maxentRes5/fc-HQPT_beta-1_uid-452/absence nolinear autorun novisible noautofeature
Species: species
Layers: x1 x2
Layertypes: Continuous Continuous
outputdirectory: devel/maxent_tuneFC/maxentRes5/fc-HQPT_beta-1_uid-452
samplesfile: devel/maxent_tuneFC/maxentRes5/fc-HQPT_beta-1_uid-452/presence
environmentallayers: devel/maxent_tuneFC/maxentRes5/fc-HQPT_beta-1_uid-452/absence
linear: false
autorun: true
visible: false
autofeature: false

getSamples: max memory 477626368, total allocated 62914560, free 21955672, used 40958888, increment 0
Making features
makeFeatures: max memory 477626368, total allocated 62914560, free 21955672, used 40958888, increment 0
species: 
Regularization values: linear/quadratic/product: 1.600, categorical: 0.500, threshold: 1.900, hinge: 0.500
10 samples
Density: max memory 477626368, total allocated 62914560, free 21955672, used 40958888, increment 0
linearPredictor: max memory 477626368, total allocated 62914560, free 21955672, used 40958888, increment 0
FeaturedSpace: max memory 477626368, total allocated 62914560, free 21955672, used 40958888, increment 0
Sequential: max memory 477626368, total allocated 62914560, free 21955672, used 40958888, increment 0
Initial loss: 4.0943445622221
220: time = 0,017000 loss = 3,539894
Resulting gain: 0.5544505597479334
Projecting...
Writing file devel\maxent_tuneFC\maxentRes5\fc-HQPT_beta-1_uid-452\species.csv
Ending
