Fri Jul 24 15:27:57 CEST 2015
MaxEnt version 3.3.3k
Reading file absence
readGrid: max memory 477626368, total allocated 63963136, free 24796432, used 39166704, increment -2805320
Reading samples from presence
Read samples: max memory 477626368, total allocated 63963136, free 24796432, used 39166704, increment 0
Adding samples to background in feature space
Command line used:  autorun -e devel/maxent_tuneFC/maxentRes2/fc-L_beta-10_uid-265/absence -o devel/maxent_tuneFC/maxentRes2/fc-L_beta-10_uid-265 -s devel/maxent_tuneFC/maxentRes2/fc-L_beta-10_uid-265/presence -z autofeature=false betamultiplier=10 linear=true
Command line to repeat: java density.MaxEnt nowarnings noprefixes outputdirectory=devel/maxent_tuneFC/maxentRes2/fc-L_beta-10_uid-265 samplesfile=devel/maxent_tuneFC/maxentRes2/fc-L_beta-10_uid-265/presence environmentallayers=devel/maxent_tuneFC/maxentRes2/fc-L_beta-10_uid-265/absence betamultiplier=10.0 autorun novisible noautofeature
Species: species
Layers: x1 x2
Layertypes: Continuous Continuous
outputdirectory: devel/maxent_tuneFC/maxentRes2/fc-L_beta-10_uid-265
samplesfile: devel/maxent_tuneFC/maxentRes2/fc-L_beta-10_uid-265/presence
environmentallayers: devel/maxent_tuneFC/maxentRes2/fc-L_beta-10_uid-265/absence
betamultiplier: 10.0
autorun: true
visible: false
autofeature: false

getSamples: max memory 477626368, total allocated 63963136, free 24796432, used 39166704, increment 0
Making features
makeFeatures: max memory 477626368, total allocated 63963136, free 24796432, used 39166704, increment 0
species: 
Regularization values: linear/quadratic/product: 1.300, categorical: 0.393, threshold: 1.870, hinge: 0.500
13 samples
Density: max memory 477626368, total allocated 63963136, free 24314496, used 39648640, increment 481936
linearPredictor: max memory 477626368, total allocated 63963136, free 24314496, used 39648640, increment 0
FeaturedSpace: max memory 477626368, total allocated 63963136, free 24314496, used 39648640, increment 0
Sequential: max memory 477626368, total allocated 63963136, free 24314496, used 39648640, increment 0
Initial loss: 4.382026634673881
60: time = 0,000000 loss = 4,376363
Resulting gain: 0.0056638725143933755
Projecting...
Writing file devel\maxent_tuneFC\maxentRes2\fc-L_beta-10_uid-265\species.csv
Ending
