Fri Jul 24 15:21:16 CEST 2015
MaxEnt version 3.3.3k
Reading file absence
readGrid: max memory 477626368, total allocated 69206016, free 20639792, used 48566224, increment -5270120
Reading samples from presence
Read samples: max memory 477626368, total allocated 69206016, free 20639792, used 48566224, increment 0
Adding samples to background in feature space
Command line used:  autorun -e devel/maxent_tuneFC/maxentRes/fc-Lbeta-0.1_uid-90/absence -o devel/maxent_tuneFC/maxentRes/fc-Lbeta-0.1_uid-90 -s devel/maxent_tuneFC/maxentRes/fc-Lbeta-0.1_uid-90/presence -z autofeature=false betamultiplier=0.1 linear=true
Command line to repeat: java density.MaxEnt nowarnings noprefixes outputdirectory=devel/maxent_tuneFC/maxentRes/fc-Lbeta-0.1_uid-90 samplesfile=devel/maxent_tuneFC/maxentRes/fc-Lbeta-0.1_uid-90/presence environmentallayers=devel/maxent_tuneFC/maxentRes/fc-Lbeta-0.1_uid-90/absence betamultiplier=0.1 autorun novisible noautofeature
Species: species
Layers: x1 x2
Layertypes: Continuous Continuous
outputdirectory: devel/maxent_tuneFC/maxentRes/fc-Lbeta-0.1_uid-90
samplesfile: devel/maxent_tuneFC/maxentRes/fc-Lbeta-0.1_uid-90/presence
environmentallayers: devel/maxent_tuneFC/maxentRes/fc-Lbeta-0.1_uid-90/absence
betamultiplier: 0.1
autorun: true
visible: false
autofeature: false

getSamples: max memory 477626368, total allocated 69206016, free 20068752, used 49137264, increment 571040
Making features
makeFeatures: max memory 477626368, total allocated 69206016, free 20068752, used 49137264, increment 0
species: 
Regularization values: linear/quadratic/product: 0.873, categorical: 0.250, threshold: 1.820, hinge: 0.500
18 samples
Density: max memory 477626368, total allocated 69206016, free 20068752, used 49137264, increment 0
linearPredictor: max memory 477626368, total allocated 69206016, free 20068752, used 49137264, increment 0
FeaturedSpace: max memory 477626368, total allocated 69206016, free 20068752, used 49137264, increment 0
Sequential: max memory 477626368, total allocated 69206016, free 20068752, used 49137264, increment 0
Initial loss: 4.68213122712422
500: time = 0,066000 loss = 3,279618
Resulting gain: 1.4025130453515877
Projecting...
Writing file devel\maxent_tuneFC\maxentRes\fc-Lbeta-0.1_uid-90\species.csv
Ending
