Fri Jul 24 15:20:45 CEST 2015
MaxEnt version 3.3.3k
Reading file absence
readGrid: max memory 477626368, total allocated 65536000, free 42370096, used 23165904, increment -909368
Reading samples from presence
Read samples: max memory 477626368, total allocated 65536000, free 41892848, used 23643152, increment 477248
Adding samples to background in feature space
Command line used:  autorun -e devel/maxent_tuneFC/maxentRes/fc-HQbeta-10_uid-51/absence -o devel/maxent_tuneFC/maxentRes/fc-HQbeta-10_uid-51 -s devel/maxent_tuneFC/maxentRes/fc-HQbeta-10_uid-51/presence -z autofeature=false betamultiplier=10 hinge=true quadratic=true
Command line to repeat: java density.MaxEnt nowarnings noprefixes outputdirectory=devel/maxent_tuneFC/maxentRes/fc-HQbeta-10_uid-51 samplesfile=devel/maxent_tuneFC/maxentRes/fc-HQbeta-10_uid-51/presence environmentallayers=devel/maxent_tuneFC/maxentRes/fc-HQbeta-10_uid-51/absence betamultiplier=10.0 autorun novisible noautofeature
Species: species
Layers: x1 x2
Layertypes: Continuous Continuous
outputdirectory: devel/maxent_tuneFC/maxentRes/fc-HQbeta-10_uid-51
samplesfile: devel/maxent_tuneFC/maxentRes/fc-HQbeta-10_uid-51/presence
environmentallayers: devel/maxent_tuneFC/maxentRes/fc-HQbeta-10_uid-51/absence
betamultiplier: 10.0
autorun: true
visible: false
autofeature: false

getSamples: max memory 477626368, total allocated 65536000, free 41876448, used 23659552, increment 16400
Making features
makeFeatures: max memory 477626368, total allocated 65536000, free 41399128, used 24136872, increment 477320
species: 
Regularization values: linear/quadratic/product: 0.873, categorical: 0.250, threshold: 1.820, hinge: 0.500
18 samples
Density: max memory 477626368, total allocated 65536000, free 41399128, used 24136872, increment 0
linearPredictor: max memory 477626368, total allocated 65536000, free 41399128, used 24136872, increment 0
FeaturedSpace: max memory 477626368, total allocated 65536000, free 41399128, used 24136872, increment 0
Sequential: max memory 477626368, total allocated 65536000, free 41399128, used 24136872, increment 0
Initial loss: 4.68213122712422
60: time = 0,008000 loss = 4,657891
Resulting gain: 0.024240536740124163
Projecting...
Writing file devel\maxent_tuneFC\maxentRes\fc-HQbeta-10_uid-51\species.csv
Ending
