Fri Jul 24 15:25:27 CEST 2015
MaxEnt version 3.3.3k
Reading file absence
readGrid: max memory 477626368, total allocated 72351744, free 11938072, used 60413672, increment 22931568
Reading samples from presence
Read samples: max memory 477626368, total allocated 72351744, free 11320312, used 61031432, increment 617760
Adding samples to background in feature space
Command line used:  autorun -e devel/maxent_tuneFC/maxentRes2/fc-HQPT_beta-1_uid-190/absence -o devel/maxent_tuneFC/maxentRes2/fc-HQPT_beta-1_uid-190 -s devel/maxent_tuneFC/maxentRes2/fc-HQPT_beta-1_uid-190/presence -z autofeature=false betamultiplier=1 hinge=true quadratic=true product=true threshold=true
Command line to repeat: java density.MaxEnt nowarnings noprefixes outputdirectory=devel/maxent_tuneFC/maxentRes2/fc-HQPT_beta-1_uid-190 samplesfile=devel/maxent_tuneFC/maxentRes2/fc-HQPT_beta-1_uid-190/presence environmentallayers=devel/maxent_tuneFC/maxentRes2/fc-HQPT_beta-1_uid-190/absence autorun novisible noautofeature
Species: species
Layers: x1 x2
Layertypes: Continuous Continuous
outputdirectory: devel/maxent_tuneFC/maxentRes2/fc-HQPT_beta-1_uid-190
samplesfile: devel/maxent_tuneFC/maxentRes2/fc-HQPT_beta-1_uid-190/presence
environmentallayers: devel/maxent_tuneFC/maxentRes2/fc-HQPT_beta-1_uid-190/absence
autorun: true
visible: false
autofeature: false

getSamples: max memory 477626368, total allocated 72351744, free 11320312, used 61031432, increment 0
Making features
makeFeatures: max memory 477626368, total allocated 72351744, free 11320312, used 61031432, increment 0
species: 
Regularization values: linear/quadratic/product: 0.873, categorical: 0.250, threshold: 1.820, hinge: 0.500
18 samples
Density: max memory 477626368, total allocated 72351744, free 11320312, used 61031432, increment 0
linearPredictor: max memory 477626368, total allocated 72351744, free 11320312, used 61031432, increment 0
FeaturedSpace: max memory 477626368, total allocated 72351744, free 11320312, used 61031432, increment 0
Sequential: max memory 477626368, total allocated 72351744, free 11320312, used 61031432, increment 0
Initial loss: 4.68213122712422
220: time = 0,031000 loss = 3,916038
Resulting gain: 0.76609324548531
Projecting...
Writing file devel\maxent_tuneFC\maxentRes2\fc-HQPT_beta-1_uid-190\species.csv
Ending
