Fri Jul 24 15:47:15 CEST 2015
MaxEnt version 3.3.3k
Reading file absence
readGrid: max memory 477626368, total allocated 65536000, free 26530144, used 39005856, increment 23038992
Reading samples from presence
Read samples: max memory 477626368, total allocated 65536000, free 26530144, used 39005856, increment 0
Adding samples to background in feature space
Command line used:  autorun -e devel/maxent_tuneFC/maxentRes4/fc-L_beta-0.1_uid-436/absence -o devel/maxent_tuneFC/maxentRes4/fc-L_beta-0.1_uid-436 -s devel/maxent_tuneFC/maxentRes4/fc-L_beta-0.1_uid-436/presence -z autofeature=false betamultiplier=0.1 linear=true quadratic=false
Command line to repeat: java density.MaxEnt nowarnings noprefixes outputdirectory=devel/maxent_tuneFC/maxentRes4/fc-L_beta-0.1_uid-436 samplesfile=devel/maxent_tuneFC/maxentRes4/fc-L_beta-0.1_uid-436/presence environmentallayers=devel/maxent_tuneFC/maxentRes4/fc-L_beta-0.1_uid-436/absence betamultiplier=0.1 noquadratic autorun novisible noautofeature
Species: species
Layers: x1 x2
Layertypes: Continuous Continuous
outputdirectory: devel/maxent_tuneFC/maxentRes4/fc-L_beta-0.1_uid-436
samplesfile: devel/maxent_tuneFC/maxentRes4/fc-L_beta-0.1_uid-436/presence
environmentallayers: devel/maxent_tuneFC/maxentRes4/fc-L_beta-0.1_uid-436/absence
betamultiplier: 0.1
quadratic: false
autorun: true
visible: false
autofeature: false

getSamples: max memory 477626368, total allocated 65536000, free 26530144, used 39005856, increment 0
Making features
makeFeatures: max memory 477626368, total allocated 65536000, free 26530144, used 39005856, increment 0
species: 
Regularization values: linear/quadratic/product: 1.600, categorical: 0.500, threshold: 1.900, hinge: 0.500
10 samples
Density: max memory 477626368, total allocated 65536000, free 26530144, used 39005856, increment 0
linearPredictor: max memory 477626368, total allocated 65536000, free 26530144, used 39005856, increment 0
FeaturedSpace: max memory 477626368, total allocated 65536000, free 26530144, used 39005856, increment 0
Sequential: max memory 477626368, total allocated 65536000, free 26530144, used 39005856, increment 0
Initial loss: 4.0943445622221
500: time = 0,033000 loss = 2,634223
Resulting gain: 1.4601218353202725
Projecting...
Writing file devel\maxent_tuneFC\maxentRes4\fc-L_beta-0.1_uid-436\species.csv
Ending
