Fri Jul 24 15:25:24 CEST 2015
MaxEnt version 3.3.3k
Reading file absence
readGrid: max memory 477626368, total allocated 74448896, free 15308240, used 59140656, increment 22641368
Reading samples from presence
Read samples: max memory 477626368, total allocated 74448896, free 15308240, used 59140656, increment 0
Adding samples to background in feature space
Command line used:  autorun -e devel/maxent_tuneFC/maxentRes2/fc-HQPT_beta-10_uid-186/absence -o devel/maxent_tuneFC/maxentRes2/fc-HQPT_beta-10_uid-186 -s devel/maxent_tuneFC/maxentRes2/fc-HQPT_beta-10_uid-186/presence -z autofeature=false betamultiplier=10 hinge=true quadratic=true product=true threshold=true
Command line to repeat: java density.MaxEnt nowarnings noprefixes outputdirectory=devel/maxent_tuneFC/maxentRes2/fc-HQPT_beta-10_uid-186 samplesfile=devel/maxent_tuneFC/maxentRes2/fc-HQPT_beta-10_uid-186/presence environmentallayers=devel/maxent_tuneFC/maxentRes2/fc-HQPT_beta-10_uid-186/absence betamultiplier=10.0 autorun novisible noautofeature
Species: species
Layers: x1 x2
Layertypes: Continuous Continuous
outputdirectory: devel/maxent_tuneFC/maxentRes2/fc-HQPT_beta-10_uid-186
samplesfile: devel/maxent_tuneFC/maxentRes2/fc-HQPT_beta-10_uid-186/presence
environmentallayers: devel/maxent_tuneFC/maxentRes2/fc-HQPT_beta-10_uid-186/absence
betamultiplier: 10.0
autorun: true
visible: false
autofeature: false

getSamples: max memory 477626368, total allocated 74448896, free 14659904, used 59788992, increment 648336
Making features
makeFeatures: max memory 477626368, total allocated 74448896, free 14659904, used 59788992, increment 0
species: 
Regularization values: linear/quadratic/product: 0.873, categorical: 0.250, threshold: 1.820, hinge: 0.500
18 samples
Density: max memory 477626368, total allocated 74448896, free 14659904, used 59788992, increment 0
linearPredictor: max memory 477626368, total allocated 74448896, free 14659904, used 59788992, increment 0
FeaturedSpace: max memory 477626368, total allocated 74448896, free 14659904, used 59788992, increment 0
Sequential: max memory 477626368, total allocated 74448896, free 14659904, used 59788992, increment 0
Initial loss: 4.68213122712422
60: time = 0,016000 loss = 4,646656
Resulting gain: 0.03547487729469623
Projecting...
Writing file devel\maxent_tuneFC\maxentRes2\fc-HQPT_beta-10_uid-186\species.csv
Ending
