Fri Jul 24 15:55:30 CEST 2015
MaxEnt version 3.3.3k
Reading file absence
readGrid: max memory 477626368, total allocated 64487424, free 26667992, used 37819432, increment 18099232
Reading samples from presence
Read samples: max memory 477626368, total allocated 64487424, free 26667992, used 37819432, increment 0
Adding samples to background in feature space
Command line used:  autorun -e devel/maxent_tuneFC/maxentRes6/fc-D_beta-10_uid-474/absence -o devel/maxent_tuneFC/maxentRes6/fc-D_beta-10_uid-474 -s devel/maxent_tuneFC/maxentRes6/fc-D_beta-10_uid-474/presence -z autofeature=false betamultiplier=10 linear=true quadratic=true hinge=false product=false threshold=false
Command line to repeat: java density.MaxEnt nowarnings noprefixes outputdirectory=devel/maxent_tuneFC/maxentRes6/fc-D_beta-10_uid-474 samplesfile=devel/maxent_tuneFC/maxentRes6/fc-D_beta-10_uid-474/presence environmentallayers=devel/maxent_tuneFC/maxentRes6/fc-D_beta-10_uid-474/absence betamultiplier=10.0 noproduct nothreshold nohinge autorun novisible noautofeature
Species: species
Layers: x1 x2
Layertypes: Continuous Continuous
outputdirectory: devel/maxent_tuneFC/maxentRes6/fc-D_beta-10_uid-474
samplesfile: devel/maxent_tuneFC/maxentRes6/fc-D_beta-10_uid-474/presence
environmentallayers: devel/maxent_tuneFC/maxentRes6/fc-D_beta-10_uid-474/absence
betamultiplier: 10.0
product: false
threshold: false
hinge: false
autorun: true
visible: false
autofeature: false

getSamples: max memory 477626368, total allocated 64487424, free 26196912, used 38290512, increment 471080
Making features
makeFeatures: max memory 477626368, total allocated 64487424, free 26196912, used 38290512, increment 0
species: 
Regularization values: linear/quadratic/product: 1.100, categorical: 0.590, threshold: 1.960, hinge: 0.500
4 samples
Density: max memory 477626368, total allocated 64487424, free 26196912, used 38290512, increment 0
linearPredictor: max memory 477626368, total allocated 64487424, free 26196912, used 38290512, increment 0
FeaturedSpace: max memory 477626368, total allocated 64487424, free 26196912, used 38290512, increment 0
Sequential: max memory 477626368, total allocated 64487424, free 26196912, used 38290512, increment 0
Initial loss: 3.9889840465642745
60: time = 0,001000 loss = 3,609182
Resulting gain: 0.3798023788998517
Projecting...
Writing file devel\maxent_tuneFC\maxentRes6\fc-D_beta-10_uid-474\species.csv
Ending
