Fri Jul 24 15:20:26 CEST 2015
MaxEnt version 3.3.3k
Reading file absence
readGrid: max memory 477626368, total allocated 68681728, free 25167040, used 43514688, increment -3999336
Reading samples from presence
Read samples: max memory 477626368, total allocated 68681728, free 25167040, used 43514688, increment 0
Adding samples to background in feature space
Command line used:  autorun -e devel/maxent_tuneFC/maxentRes/fc-Hbeta-1_uid-26/absence -o devel/maxent_tuneFC/maxentRes/fc-Hbeta-1_uid-26 -s devel/maxent_tuneFC/maxentRes/fc-Hbeta-1_uid-26/presence -z autofeature=false betamultiplier=1 hinge=true
Command line to repeat: java density.MaxEnt nowarnings noprefixes outputdirectory=devel/maxent_tuneFC/maxentRes/fc-Hbeta-1_uid-26 samplesfile=devel/maxent_tuneFC/maxentRes/fc-Hbeta-1_uid-26/presence environmentallayers=devel/maxent_tuneFC/maxentRes/fc-Hbeta-1_uid-26/absence autorun novisible noautofeature
Species: species
Layers: x1 x2
Layertypes: Continuous Continuous
outputdirectory: devel/maxent_tuneFC/maxentRes/fc-Hbeta-1_uid-26
samplesfile: devel/maxent_tuneFC/maxentRes/fc-Hbeta-1_uid-26/presence
environmentallayers: devel/maxent_tuneFC/maxentRes/fc-Hbeta-1_uid-26/absence
autorun: true
visible: false
autofeature: false

getSamples: max memory 477626368, total allocated 68681728, free 24624656, used 44057072, increment 542384
Making features
makeFeatures: max memory 477626368, total allocated 68681728, free 24624656, used 44057072, increment 0
species: 
Regularization values: linear/quadratic/product: 0.873, categorical: 0.250, threshold: 1.820, hinge: 0.500
18 samples
Density: max memory 477626368, total allocated 68681728, free 24624656, used 44057072, increment 0
linearPredictor: max memory 477626368, total allocated 68681728, free 24624656, used 44057072, increment 0
FeaturedSpace: max memory 477626368, total allocated 68681728, free 24624656, used 44057072, increment 0
Sequential: max memory 477626368, total allocated 68681728, free 24624656, used 44057072, increment 0
Initial loss: 4.68213122712422
360: time = 0,047000 loss = 3,930624
Resulting gain: 0.7515067828093436
Projecting...
Writing file devel\maxent_tuneFC\maxentRes\fc-Hbeta-1_uid-26\species.csv
Ending
