Fri Jul 24 15:25:44 CEST 2015
MaxEnt version 3.3.3k
Reading file absence
readGrid: max memory 477626368, total allocated 65536000, free 9539200, used 55996800, increment -917896
Reading samples from presence
Read samples: max memory 477626368, total allocated 65536000, free 9059640, used 56476360, increment 479560
Adding samples to background in feature space
Command line used:  autorun -e devel/maxent_tuneFC/maxentRes2/fc-HQPT_beta-1_uid-208/absence -o devel/maxent_tuneFC/maxentRes2/fc-HQPT_beta-1_uid-208 -s devel/maxent_tuneFC/maxentRes2/fc-HQPT_beta-1_uid-208/presence -z autofeature=false betamultiplier=1 hinge=true quadratic=true product=true threshold=true
Command line to repeat: java density.MaxEnt nowarnings noprefixes outputdirectory=devel/maxent_tuneFC/maxentRes2/fc-HQPT_beta-1_uid-208 samplesfile=devel/maxent_tuneFC/maxentRes2/fc-HQPT_beta-1_uid-208/presence environmentallayers=devel/maxent_tuneFC/maxentRes2/fc-HQPT_beta-1_uid-208/absence autorun novisible noautofeature
Species: species
Layers: x1 x2
Layertypes: Continuous Continuous
outputdirectory: devel/maxent_tuneFC/maxentRes2/fc-HQPT_beta-1_uid-208
samplesfile: devel/maxent_tuneFC/maxentRes2/fc-HQPT_beta-1_uid-208/presence
environmentallayers: devel/maxent_tuneFC/maxentRes2/fc-HQPT_beta-1_uid-208/absence
autorun: true
visible: false
autofeature: false

getSamples: max memory 477626368, total allocated 65536000, free 9043240, used 56492760, increment 16400
Making features
makeFeatures: max memory 477626368, total allocated 65536000, free 8563704, used 56972296, increment 479536
species: 
Regularization values: linear/quadratic/product: 0.873, categorical: 0.250, threshold: 1.820, hinge: 0.500
18 samples
Density: max memory 477626368, total allocated 65536000, free 8563704, used 56972296, increment 0
linearPredictor: max memory 477626368, total allocated 65536000, free 8563704, used 56972296, increment 0
FeaturedSpace: max memory 477626368, total allocated 65536000, free 8563704, used 56972296, increment 0
Sequential: max memory 477626368, total allocated 65536000, free 8563704, used 56972296, increment 0
Initial loss: 4.68213122712422
320: time = 0,032000 loss = 3,925405
Resulting gain: 0.7567266573441951
Projecting...
Writing file devel\maxent_tuneFC\maxentRes2\fc-HQPT_beta-1_uid-208\species.csv
Ending
