Fri Jul 24 15:46:25 CEST 2015
MaxEnt version 3.3.3k
Reading file absence
readGrid: max memory 477626368, total allocated 62914560, free 35219376, used 27695184, increment 7109152
Reading samples from presence
Read samples: max memory 477626368, total allocated 62914560, free 34734080, used 28180480, increment 485296
Adding samples to background in feature space
Command line used:  autorun -e devel/maxent_tuneFC/maxentRes3/fc-L_beta-1_uid-425/absence -o devel/maxent_tuneFC/maxentRes3/fc-L_beta-1_uid-425 -s devel/maxent_tuneFC/maxentRes3/fc-L_beta-1_uid-425/presence -z autofeature=false betamultiplier=1 linear=true quadratic=false
Command line to repeat: java density.MaxEnt nowarnings noprefixes outputdirectory=devel/maxent_tuneFC/maxentRes3/fc-L_beta-1_uid-425 samplesfile=devel/maxent_tuneFC/maxentRes3/fc-L_beta-1_uid-425/presence environmentallayers=devel/maxent_tuneFC/maxentRes3/fc-L_beta-1_uid-425/absence noquadratic autorun novisible noautofeature
Species: species
Layers: x1 x2
Layertypes: Continuous Continuous
outputdirectory: devel/maxent_tuneFC/maxentRes3/fc-L_beta-1_uid-425
samplesfile: devel/maxent_tuneFC/maxentRes3/fc-L_beta-1_uid-425/presence
environmentallayers: devel/maxent_tuneFC/maxentRes3/fc-L_beta-1_uid-425/absence
quadratic: false
autorun: true
visible: false
autofeature: false

getSamples: max memory 477626368, total allocated 62914560, free 34734080, used 28180480, increment 0
Making features
makeFeatures: max memory 477626368, total allocated 62914560, free 34734080, used 28180480, increment 0
species: 
Regularization values: linear/quadratic/product: 1.600, categorical: 0.500, threshold: 1.900, hinge: 0.500
10 samples
Density: max memory 477626368, total allocated 62914560, free 34734080, used 28180480, increment 0
linearPredictor: max memory 477626368, total allocated 62914560, free 34734080, used 28180480, increment 0
FeaturedSpace: max memory 477626368, total allocated 62914560, free 34734080, used 28180480, increment 0
Sequential: max memory 477626368, total allocated 62914560, free 34734080, used 28180480, increment 0
Initial loss: 4.0943445622221
360: time = 0,032000 loss = 3,270514
Resulting gain: 0.8238303359069028
Projecting...
Writing file devel\maxent_tuneFC\maxentRes3\fc-L_beta-1_uid-425\species.csv
Ending
