Fri Jul 24 15:46:28 CEST 2015
MaxEnt version 3.3.3k
Reading file absence
readGrid: max memory 477626368, total allocated 67633152, free 58996496, used 8636656, increment -6309976
Reading samples from presence
Read samples: max memory 477626368, total allocated 67633152, free 58996496, used 8636656, increment 0
Adding samples to background in feature space
Command line used:  autorun -e devel/maxent_tuneFC/maxentRes3/fc-L_beta-0.1_uid-429/absence -o devel/maxent_tuneFC/maxentRes3/fc-L_beta-0.1_uid-429 -s devel/maxent_tuneFC/maxentRes3/fc-L_beta-0.1_uid-429/presence -z autofeature=false betamultiplier=0.1 linear=true quadratic=false
Command line to repeat: java density.MaxEnt nowarnings noprefixes outputdirectory=devel/maxent_tuneFC/maxentRes3/fc-L_beta-0.1_uid-429 samplesfile=devel/maxent_tuneFC/maxentRes3/fc-L_beta-0.1_uid-429/presence environmentallayers=devel/maxent_tuneFC/maxentRes3/fc-L_beta-0.1_uid-429/absence betamultiplier=0.1 noquadratic autorun novisible noautofeature
Species: species
Layers: x1 x2
Layertypes: Continuous Continuous
outputdirectory: devel/maxent_tuneFC/maxentRes3/fc-L_beta-0.1_uid-429
samplesfile: devel/maxent_tuneFC/maxentRes3/fc-L_beta-0.1_uid-429/presence
environmentallayers: devel/maxent_tuneFC/maxentRes3/fc-L_beta-0.1_uid-429/absence
betamultiplier: 0.1
quadratic: false
autorun: true
visible: false
autofeature: false

getSamples: max memory 477626368, total allocated 67633152, free 58425256, used 9207896, increment 571240
Making features
makeFeatures: max memory 477626368, total allocated 67633152, free 58425256, used 9207896, increment 0
species: 
Regularization values: linear/quadratic/product: 1.600, categorical: 0.500, threshold: 1.900, hinge: 0.500
10 samples
Density: max memory 477626368, total allocated 67633152, free 58425256, used 9207896, increment 0
linearPredictor: max memory 477626368, total allocated 67633152, free 58425256, used 9207896, increment 0
FeaturedSpace: max memory 477626368, total allocated 67633152, free 58425256, used 9207896, increment 0
Sequential: max memory 477626368, total allocated 67633152, free 58425256, used 9207896, increment 0
Initial loss: 4.0943445622221
500: time = 0,031000 loss = 2,693653
Resulting gain: 1.4006915984050954
Projecting...
Writing file devel\maxent_tuneFC\maxentRes3\fc-L_beta-0.1_uid-429\species.csv
Ending
