Fri Jul 24 16:10:24 CEST 2015
MaxEnt version 3.3.3k
Reading file absence
readGrid: max memory 477626368, total allocated 66060288, free 39933552, used 26126736, increment -8495024
Reading samples from presence
Read samples: max memory 477626368, total allocated 66060288, free 39409936, used 26650352, increment 523616
Adding samples to background in feature space
Command line used:  autorun -e devel/maxent_tuneFC/maxentResults01/fc-HQPT_beta-1_uid-583/absence -o devel/maxent_tuneFC/maxentResults01/fc-HQPT_beta-1_uid-583 -s devel/maxent_tuneFC/maxentResults01/fc-HQPT_beta-1_uid-583/presence -z autofeature=false betamultiplier=1 linear=false quadratic=true hinge=true product=true threshold=true
Command line to repeat: java density.MaxEnt nowarnings noprefixes outputdirectory=devel/maxent_tuneFC/maxentResults01/fc-HQPT_beta-1_uid-583 samplesfile=devel/maxent_tuneFC/maxentResults01/fc-HQPT_beta-1_uid-583/presence environmentallayers=devel/maxent_tuneFC/maxentResults01/fc-HQPT_beta-1_uid-583/absence nolinear autorun novisible noautofeature
Species: species
Layers: x1 x2
Layertypes: Continuous Continuous
outputdirectory: devel/maxent_tuneFC/maxentResults01/fc-HQPT_beta-1_uid-583
samplesfile: devel/maxent_tuneFC/maxentResults01/fc-HQPT_beta-1_uid-583/presence
environmentallayers: devel/maxent_tuneFC/maxentResults01/fc-HQPT_beta-1_uid-583/absence
linear: false
autorun: true
visible: false
autofeature: false

getSamples: max memory 477626368, total allocated 66060288, free 39409936, used 26650352, increment 0
Making features
makeFeatures: max memory 477626368, total allocated 66060288, free 39409936, used 26650352, increment 0
species: 
Regularization values: linear/quadratic/product: 1.800, categorical: 0.530, threshold: 1.920, hinge: 0.500
8 samples
Density: max memory 477626368, total allocated 66060288, free 39409936, used 26650352, increment 0
linearPredictor: max memory 477626368, total allocated 66060288, free 39409936, used 26650352, increment 0
FeaturedSpace: max memory 477626368, total allocated 66060288, free 39409936, used 26650352, increment 0
Sequential: max memory 477626368, total allocated 66060288, free 39409936, used 26650352, increment 0
Initial loss: 4.584967478670572
240: time = 0,021000 loss = 3,822641
Resulting gain: 0.7623263008371972
Projecting...
Writing file devel\maxent_tuneFC\maxentResults01\fc-HQPT_beta-1_uid-583\species.csv
Ending
