Fri Jul 24 15:21:39 CEST 2015
MaxEnt version 3.3.3k
Reading file absence
readGrid: max memory 477626368, total allocated 72351744, free 45808144, used 26543600, increment -9026408
Reading samples from presence
Read samples: max memory 477626368, total allocated 72351744, free 45189840, used 27161904, increment 618304
Adding samples to background in feature space
Command line used:  autorun -e devel/maxent_tuneFC/maxentRes/fc-LQbeta-10_uid-121/absence -o devel/maxent_tuneFC/maxentRes/fc-LQbeta-10_uid-121 -s devel/maxent_tuneFC/maxentRes/fc-LQbeta-10_uid-121/presence -z autofeature=false betamultiplier=10 linear=true quadratic=true
Command line to repeat: java density.MaxEnt nowarnings noprefixes outputdirectory=devel/maxent_tuneFC/maxentRes/fc-LQbeta-10_uid-121 samplesfile=devel/maxent_tuneFC/maxentRes/fc-LQbeta-10_uid-121/presence environmentallayers=devel/maxent_tuneFC/maxentRes/fc-LQbeta-10_uid-121/absence betamultiplier=10.0 autorun novisible noautofeature
Species: species
Layers: x1 x2
Layertypes: Continuous Continuous
outputdirectory: devel/maxent_tuneFC/maxentRes/fc-LQbeta-10_uid-121
samplesfile: devel/maxent_tuneFC/maxentRes/fc-LQbeta-10_uid-121/presence
environmentallayers: devel/maxent_tuneFC/maxentRes/fc-LQbeta-10_uid-121/absence
betamultiplier: 10.0
autorun: true
visible: false
autofeature: false

getSamples: max memory 477626368, total allocated 72351744, free 45189840, used 27161904, increment 0
Making features
makeFeatures: max memory 477626368, total allocated 72351744, free 45189840, used 27161904, increment 0
species: 
Regularization values: linear/quadratic/product: 0.873, categorical: 0.250, threshold: 1.820, hinge: 0.500
18 samples
Density: max memory 477626368, total allocated 72351744, free 44571568, used 27780176, increment 618272
linearPredictor: max memory 477626368, total allocated 72351744, free 44571568, used 27780176, increment 0
FeaturedSpace: max memory 477626368, total allocated 72351744, free 44571568, used 27780176, increment 0
Sequential: max memory 477626368, total allocated 72351744, free 44571568, used 27780176, increment 0
Initial loss: 4.68213122712422
60: time = 0,009000 loss = 4,635223
Resulting gain: 0.04690791890238444
Projecting...
Writing file devel\maxent_tuneFC\maxentRes\fc-LQbeta-10_uid-121\species.csv
Ending
