Fri Jul 24 15:20:25 CEST 2015
MaxEnt version 3.3.3k
Reading file absence
readGrid: max memory 477626368, total allocated 68681728, free 21712344, used 46969384, increment -1056368
Reading samples from presence
Read samples: max memory 477626368, total allocated 68681728, free 21167704, used 47514024, increment 544640
Adding samples to background in feature space
Command line used:  autorun -e devel/maxent_tuneFC/maxentRes/fc-LQbeta-1_uid-25/absence -o devel/maxent_tuneFC/maxentRes/fc-LQbeta-1_uid-25 -s devel/maxent_tuneFC/maxentRes/fc-LQbeta-1_uid-25/presence -z autofeature=false betamultiplier=1 linear=true quadratic=true
Command line to repeat: java density.MaxEnt nowarnings noprefixes outputdirectory=devel/maxent_tuneFC/maxentRes/fc-LQbeta-1_uid-25 samplesfile=devel/maxent_tuneFC/maxentRes/fc-LQbeta-1_uid-25/presence environmentallayers=devel/maxent_tuneFC/maxentRes/fc-LQbeta-1_uid-25/absence autorun novisible noautofeature
Species: species
Layers: x1 x2
Layertypes: Continuous Continuous
outputdirectory: devel/maxent_tuneFC/maxentRes/fc-LQbeta-1_uid-25
samplesfile: devel/maxent_tuneFC/maxentRes/fc-LQbeta-1_uid-25/presence
environmentallayers: devel/maxent_tuneFC/maxentRes/fc-LQbeta-1_uid-25/absence
autorun: true
visible: false
autofeature: false

getSamples: max memory 477626368, total allocated 68681728, free 21167704, used 47514024, increment 0
Making features
makeFeatures: max memory 477626368, total allocated 68681728, free 21167704, used 47514024, increment 0
species: 
Regularization values: linear/quadratic/product: 0.873, categorical: 0.250, threshold: 1.820, hinge: 0.500
18 samples
Density: max memory 477626368, total allocated 68681728, free 21167704, used 47514024, increment 0
linearPredictor: max memory 477626368, total allocated 68681728, free 21167704, used 47514024, increment 0
FeaturedSpace: max memory 477626368, total allocated 68681728, free 21167704, used 47514024, increment 0
Sequential: max memory 477626368, total allocated 68681728, free 21167704, used 47514024, increment 0
Initial loss: 4.68213122712422
360: time = 0,047000 loss = 3,930624
Resulting gain: 0.7515067828093436
Projecting...
Writing file devel\maxent_tuneFC\maxentRes\fc-LQbeta-1_uid-25\species.csv
Ending
