Fri Jul 24 15:54:48 CEST 2015
MaxEnt version 3.3.3k
Reading file absence
readGrid: max memory 477626368, total allocated 64487424, free 40772592, used 23714832, increment -2038408
Reading samples from presence
Read samples: max memory 477626368, total allocated 64487424, free 40301872, used 24185552, increment 470720
Adding samples to background in feature space
Command line used:  autorun -e devel/maxent_tuneFC/maxentRes6/fc-D_beta-1_uid-466/absence -o devel/maxent_tuneFC/maxentRes6/fc-D_beta-1_uid-466 -s devel/maxent_tuneFC/maxentRes6/fc-D_beta-1_uid-466/presence -z autofeature=false betamultiplier=1 linear=true quadratic=false hinge=false product=false threshold=false
Command line to repeat: java density.MaxEnt nowarnings noprefixes outputdirectory=devel/maxent_tuneFC/maxentRes6/fc-D_beta-1_uid-466 samplesfile=devel/maxent_tuneFC/maxentRes6/fc-D_beta-1_uid-466/presence environmentallayers=devel/maxent_tuneFC/maxentRes6/fc-D_beta-1_uid-466/absence noquadratic noproduct nothreshold nohinge autorun novisible noautofeature
Species: species
Layers: x1 x2
Layertypes: Continuous Continuous
outputdirectory: devel/maxent_tuneFC/maxentRes6/fc-D_beta-1_uid-466
samplesfile: devel/maxent_tuneFC/maxentRes6/fc-D_beta-1_uid-466/presence
environmentallayers: devel/maxent_tuneFC/maxentRes6/fc-D_beta-1_uid-466/absence
quadratic: false
product: false
threshold: false
hinge: false
autorun: true
visible: false
autofeature: false

getSamples: max memory 477626368, total allocated 64487424, free 40301872, used 24185552, increment 0
Making features
makeFeatures: max memory 477626368, total allocated 64487424, free 40301872, used 24185552, increment 0
species: 
Regularization values: linear/quadratic/product: 1.000, categorical: 0.575, threshold: 1.950, hinge: 0.500
5 samples
Density: max memory 477626368, total allocated 64487424, free 40301872, used 24185552, increment 0
linearPredictor: max memory 477626368, total allocated 64487424, free 40301872, used 24185552, increment 0
FeaturedSpace: max memory 477626368, total allocated 64487424, free 40301872, used 24185552, increment 0
Sequential: max memory 477626368, total allocated 64487424, free 40301872, used 24185552, increment 0
Initial loss: 4.007333185232471
60: time = 0,001000 loss = 3,790791
Resulting gain: 0.21654205041393837
Projecting...
Writing file devel\maxent_tuneFC\maxentRes6\fc-D_beta-1_uid-466\species.csv
Ending
