Fri Jul 24 15:46:26 CEST 2015
MaxEnt version 3.3.3k
Reading file absence
readGrid: max memory 477626368, total allocated 62914560, free 38509416, used 24405144, increment -3775336
Reading samples from presence
Read samples: max memory 477626368, total allocated 62914560, free 38509416, used 24405144, increment 0
Adding samples to background in feature space
Command line used:  autorun -e devel/maxent_tuneFC/maxentRes3/fc-HQPT_beta-1_uid-426/absence -o devel/maxent_tuneFC/maxentRes3/fc-HQPT_beta-1_uid-426 -s devel/maxent_tuneFC/maxentRes3/fc-HQPT_beta-1_uid-426/presence -z autofeature=false betamultiplier=1 quadratic=true linear=false
Command line to repeat: java density.MaxEnt nowarnings noprefixes outputdirectory=devel/maxent_tuneFC/maxentRes3/fc-HQPT_beta-1_uid-426 samplesfile=devel/maxent_tuneFC/maxentRes3/fc-HQPT_beta-1_uid-426/presence environmentallayers=devel/maxent_tuneFC/maxentRes3/fc-HQPT_beta-1_uid-426/absence nolinear autorun novisible noautofeature
Species: species
Layers: x1 x2
Layertypes: Continuous Continuous
outputdirectory: devel/maxent_tuneFC/maxentRes3/fc-HQPT_beta-1_uid-426
samplesfile: devel/maxent_tuneFC/maxentRes3/fc-HQPT_beta-1_uid-426/presence
environmentallayers: devel/maxent_tuneFC/maxentRes3/fc-HQPT_beta-1_uid-426/absence
linear: false
autorun: true
visible: false
autofeature: false

getSamples: max memory 477626368, total allocated 62914560, free 38509416, used 24405144, increment 0
Making features
makeFeatures: max memory 477626368, total allocated 62914560, free 38509416, used 24405144, increment 0
species: 
Regularization values: linear/quadratic/product: 1.600, categorical: 0.500, threshold: 1.900, hinge: 0.500
10 samples
Density: max memory 477626368, total allocated 62914560, free 38509416, used 24405144, increment 0
linearPredictor: max memory 477626368, total allocated 62914560, free 38509416, used 24405144, increment 0
FeaturedSpace: max memory 477626368, total allocated 62914560, free 38509416, used 24405144, increment 0
Sequential: max memory 477626368, total allocated 62914560, free 38042904, used 24871656, increment 466512
Initial loss: 4.0943445622221
360: time = 0,036000 loss = 3,270514
Resulting gain: 0.8238303359069028
Projecting...
Writing file devel\maxent_tuneFC\maxentRes3\fc-HQPT_beta-1_uid-426\species.csv
Ending
