Fri Jul 24 15:22:11 CEST 2015
MaxEnt version 3.3.3k
Reading file absence
readGrid: max memory 477626368, total allocated 67108864, free 33951768, used 33157096, increment -3316824
Reading samples from presence
Read samples: max memory 477626368, total allocated 67108864, free 33951768, used 33157096, increment 0
Adding samples to background in feature space
Command line used:  autorun -e devel/maxent_tuneFC/maxentRes/fc-Lbeta-0.1_uid-162/absence -o devel/maxent_tuneFC/maxentRes/fc-Lbeta-0.1_uid-162 -s devel/maxent_tuneFC/maxentRes/fc-Lbeta-0.1_uid-162/presence -z autofeature=false betamultiplier=0.1 linear=true
Command line to repeat: java density.MaxEnt nowarnings noprefixes outputdirectory=devel/maxent_tuneFC/maxentRes/fc-Lbeta-0.1_uid-162 samplesfile=devel/maxent_tuneFC/maxentRes/fc-Lbeta-0.1_uid-162/presence environmentallayers=devel/maxent_tuneFC/maxentRes/fc-Lbeta-0.1_uid-162/absence betamultiplier=0.1 autorun novisible noautofeature
Species: species
Layers: x1 x2
Layertypes: Continuous Continuous
outputdirectory: devel/maxent_tuneFC/maxentRes/fc-Lbeta-0.1_uid-162
samplesfile: devel/maxent_tuneFC/maxentRes/fc-Lbeta-0.1_uid-162/presence
environmentallayers: devel/maxent_tuneFC/maxentRes/fc-Lbeta-0.1_uid-162/absence
betamultiplier: 0.1
autorun: true
visible: false
autofeature: false

getSamples: max memory 477626368, total allocated 67108864, free 33422552, used 33686312, increment 529216
Making features
makeFeatures: max memory 477626368, total allocated 67108864, free 33422552, used 33686312, increment 0
species: 
Regularization values: linear/quadratic/product: 0.873, categorical: 0.250, threshold: 1.820, hinge: 0.500
18 samples
Density: max memory 477626368, total allocated 67108864, free 33422552, used 33686312, increment 0
linearPredictor: max memory 477626368, total allocated 67108864, free 33422552, used 33686312, increment 0
FeaturedSpace: max memory 477626368, total allocated 67108864, free 33422552, used 33686312, increment 0
Sequential: max memory 477626368, total allocated 67108864, free 33422552, used 33686312, increment 0
Initial loss: 4.68213122712422
500: time = 0,071000 loss = 3,318423
Resulting gain: 1.3637086808437582
Projecting...
Writing file devel\maxent_tuneFC\maxentRes\fc-Lbeta-0.1_uid-162\species.csv
Ending
