Fri Jul 24 15:27:47 CEST 2015
MaxEnt version 3.3.3k
Reading file absence
readGrid: max memory 477626368, total allocated 63963136, free 28965288, used 34997848, increment 10523448
Reading samples from presence
Read samples: max memory 477626368, total allocated 63963136, free 28965288, used 34997848, increment 0
Adding samples to background in feature space
Command line used:  autorun -e devel/maxent_tuneFC/maxentRes2/fc-L_beta-0.1_uid-255/absence -o devel/maxent_tuneFC/maxentRes2/fc-L_beta-0.1_uid-255 -s devel/maxent_tuneFC/maxentRes2/fc-L_beta-0.1_uid-255/presence -z autofeature=false betamultiplier=0.1 linear=true
Command line to repeat: java density.MaxEnt nowarnings noprefixes outputdirectory=devel/maxent_tuneFC/maxentRes2/fc-L_beta-0.1_uid-255 samplesfile=devel/maxent_tuneFC/maxentRes2/fc-L_beta-0.1_uid-255/presence environmentallayers=devel/maxent_tuneFC/maxentRes2/fc-L_beta-0.1_uid-255/absence betamultiplier=0.1 autorun novisible noautofeature
Species: species
Layers: x1 x2
Layertypes: Continuous Continuous
outputdirectory: devel/maxent_tuneFC/maxentRes2/fc-L_beta-0.1_uid-255
samplesfile: devel/maxent_tuneFC/maxentRes2/fc-L_beta-0.1_uid-255/presence
environmentallayers: devel/maxent_tuneFC/maxentRes2/fc-L_beta-0.1_uid-255/absence
betamultiplier: 0.1
autorun: true
visible: false
autofeature: false

getSamples: max memory 477626368, total allocated 63963136, free 28948888, used 35014248, increment 16400
Making features
makeFeatures: max memory 477626368, total allocated 63963136, free 28469240, used 35493896, increment 479648
species: 
Regularization values: linear/quadratic/product: 1.300, categorical: 0.393, threshold: 1.870, hinge: 0.500
13 samples
Density: max memory 477626368, total allocated 63963136, free 28469240, used 35493896, increment 0
linearPredictor: max memory 477626368, total allocated 63963136, free 28469240, used 35493896, increment 0
FeaturedSpace: max memory 477626368, total allocated 63963136, free 28469240, used 35493896, increment 0
Sequential: max memory 477626368, total allocated 63963136, free 28469240, used 35493896, increment 0
Initial loss: 4.3694478524670215
500: time = 0,047000 loss = 3,022539
Resulting gain: 1.346908948868887
Projecting...
Writing file devel\maxent_tuneFC\maxentRes2\fc-L_beta-0.1_uid-255\species.csv
Ending
