Fri Jul 24 15:27:59 CEST 2015
MaxEnt version 3.3.3k
Reading file absence
readGrid: max memory 477626368, total allocated 63963136, free 16876248, used 47086888, increment 18478136
Reading samples from presence
Read samples: max memory 477626368, total allocated 63963136, free 16876248, used 47086888, increment 0
Adding samples to background in feature space
Command line used:  autorun -e devel/maxent_tuneFC/maxentRes2/fc-HQPT_beta-0.1_uid-268/absence -o devel/maxent_tuneFC/maxentRes2/fc-HQPT_beta-0.1_uid-268 -s devel/maxent_tuneFC/maxentRes2/fc-HQPT_beta-0.1_uid-268/presence -z autofeature=false betamultiplier=0.1 hinge=true quadratic=true product=true threshold=true
Command line to repeat: java density.MaxEnt nowarnings noprefixes outputdirectory=devel/maxent_tuneFC/maxentRes2/fc-HQPT_beta-0.1_uid-268 samplesfile=devel/maxent_tuneFC/maxentRes2/fc-HQPT_beta-0.1_uid-268/presence environmentallayers=devel/maxent_tuneFC/maxentRes2/fc-HQPT_beta-0.1_uid-268/absence betamultiplier=0.1 autorun novisible noautofeature
Species: species
Layers: x1 x2
Layertypes: Continuous Continuous
outputdirectory: devel/maxent_tuneFC/maxentRes2/fc-HQPT_beta-0.1_uid-268
samplesfile: devel/maxent_tuneFC/maxentRes2/fc-HQPT_beta-0.1_uid-268/presence
environmentallayers: devel/maxent_tuneFC/maxentRes2/fc-HQPT_beta-0.1_uid-268/absence
betamultiplier: 0.1
autorun: true
visible: false
autofeature: false

getSamples: max memory 477626368, total allocated 63963136, free 16369768, used 47593368, increment 506480
Making features
makeFeatures: max memory 477626368, total allocated 63963136, free 16369768, used 47593368, increment 0
species: 
Regularization values: linear/quadratic/product: 1.200, categorical: 0.357, threshold: 1.860, hinge: 0.500
14 samples
Density: max memory 477626368, total allocated 63963136, free 16369768, used 47593368, increment 0
linearPredictor: max memory 477626368, total allocated 63963136, free 16369768, used 47593368, increment 0
FeaturedSpace: max memory 477626368, total allocated 63963136, free 16369768, used 47593368, increment 0
Sequential: max memory 477626368, total allocated 63963136, free 16369768, used 47593368, increment 0
Initial loss: 4.394449154672439
500: time = 0,047000 loss = 2,993974
Resulting gain: 1.4004747220593186
Projecting...
Writing file devel\maxent_tuneFC\maxentRes2\fc-HQPT_beta-0.1_uid-268\species.csv
Ending
