Fri Jul 24 15:20:03 CEST 2015
MaxEnt version 3.3.3k
Reading file absence
readGrid: max memory 477626368, total allocated 78118912, free 63010776, used 15108136, increment -13790192
Reading samples from presence
Read samples: max memory 477626368, total allocated 78118912, free 63010776, used 15108136, increment 0
Adding samples to background in feature space
Command line used:  autorun -e devel/maxent_tuneFC/maxentRes/fc-Lbeta-0.1_uid-1/absence -o devel/maxent_tuneFC/maxentRes/fc-Lbeta-0.1_uid-1 -s devel/maxent_tuneFC/maxentRes/fc-Lbeta-0.1_uid-1/presence -z autofeature=false betamultiplier=0.1 linear=true
Command line to repeat: java density.MaxEnt nowarnings noprefixes outputdirectory=devel/maxent_tuneFC/maxentRes/fc-Lbeta-0.1_uid-1 samplesfile=devel/maxent_tuneFC/maxentRes/fc-Lbeta-0.1_uid-1/presence environmentallayers=devel/maxent_tuneFC/maxentRes/fc-Lbeta-0.1_uid-1/absence betamultiplier=0.1 autorun novisible noautofeature
Species: species
Layers: x1 x2
Layertypes: Continuous Continuous
outputdirectory: devel/maxent_tuneFC/maxentRes/fc-Lbeta-0.1_uid-1
samplesfile: devel/maxent_tuneFC/maxentRes/fc-Lbeta-0.1_uid-1/presence
environmentallayers: devel/maxent_tuneFC/maxentRes/fc-Lbeta-0.1_uid-1/absence
betamultiplier: 0.1
autorun: true
visible: false
autofeature: false

getSamples: max memory 477626368, total allocated 78118912, free 62284184, used 15834728, increment 726592
Making features
makeFeatures: max memory 477626368, total allocated 78118912, free 62284184, used 15834728, increment 0
species: 
Regularization values: linear/quadratic/product: 0.873, categorical: 0.250, threshold: 1.820, hinge: 0.500
18 samples
Density: max memory 477626368, total allocated 78118912, free 62284184, used 15834728, increment 0
linearPredictor: max memory 477626368, total allocated 78118912, free 62284184, used 15834728, increment 0
FeaturedSpace: max memory 477626368, total allocated 78118912, free 62284184, used 15834728, increment 0
Sequential: max memory 477626368, total allocated 78118912, free 62284184, used 15834728, increment 0
Initial loss: 4.68213122712422
500: time = 0,062000 loss = 3,316213
Resulting gain: 1.365918126154578
Projecting...
Writing file devel\maxent_tuneFC\maxentRes\fc-Lbeta-0.1_uid-1\species.csv
Ending
