Fri Jul 24 15:31:52 CEST 2015
MaxEnt version 3.3.3k
Reading file absence
readGrid: max memory 477626368, total allocated 63438848, free 6492360, used 56946488, increment 18430624
Reading samples from presence
Read samples: max memory 477626368, total allocated 63438848, free 6011136, used 57427712, increment 481224
Adding samples to background in feature space
Command line used:  autorun -e devel/maxent_tuneFC/maxentRes2/fc-L_beta-1_uid-314/absence -o devel/maxent_tuneFC/maxentRes2/fc-L_beta-1_uid-314 -s devel/maxent_tuneFC/maxentRes2/fc-L_beta-1_uid-314/presence -z autofeature=false betamultiplier=1 linear=true quadratic=true hinge=true product=true threshold=true =false
Command line to repeat: java density.MaxEnt nowarnings noprefixes outputdirectory=devel/maxent_tuneFC/maxentRes2/fc-L_beta-1_uid-314 samplesfile=devel/maxent_tuneFC/maxentRes2/fc-L_beta-1_uid-314/presence environmentallayers=devel/maxent_tuneFC/maxentRes2/fc-L_beta-1_uid-314/absence autorun novisible noautofeature
Species: species
Layers: x1 x2
Layertypes: Continuous Continuous
outputdirectory: devel/maxent_tuneFC/maxentRes2/fc-L_beta-1_uid-314
samplesfile: devel/maxent_tuneFC/maxentRes2/fc-L_beta-1_uid-314/presence
environmentallayers: devel/maxent_tuneFC/maxentRes2/fc-L_beta-1_uid-314/absence
autorun: true
visible: false
autofeature: false

getSamples: max memory 477626368, total allocated 63438848, free 6011136, used 57427712, increment 0
Making features
makeFeatures: max memory 477626368, total allocated 63438848, free 6011136, used 57427712, increment 0
species: 
Regularization values: linear/quadratic/product: 1.600, categorical: 0.500, threshold: 1.900, hinge: 0.500
10 samples
Density: max memory 477626368, total allocated 63438848, free 6011136, used 57427712, increment 0
linearPredictor: max memory 477626368, total allocated 63438848, free 6011136, used 57427712, increment 0
FeaturedSpace: max memory 477626368, total allocated 63438848, free 6011136, used 57427712, increment 0
Sequential: max memory 477626368, total allocated 63438848, free 6011136, used 57427712, increment 0
Initial loss: 4.0943445622221
220: time = 0,016000 loss = 3,451551
Resulting gain: 0.642794047799145
Projecting...
Writing file devel\maxent_tuneFC\maxentRes2\fc-L_beta-1_uid-314\species.csv
Ending
