Fri Jul 24 15:20:36 CEST 2015
MaxEnt version 3.3.3k
Reading file absence
readGrid: max memory 477626368, total allocated 69206016, free 28514320, used 40691696, increment -5376720
Reading samples from presence
Read samples: max memory 477626368, total allocated 69206016, free 27944456, used 41261560, increment 569864
Adding samples to background in feature space
Command line used:  autorun -e devel/maxent_tuneFC/maxentRes/fc-Tbeta-0.1_uid-40/absence -o devel/maxent_tuneFC/maxentRes/fc-Tbeta-0.1_uid-40 -s devel/maxent_tuneFC/maxentRes/fc-Tbeta-0.1_uid-40/presence -z autofeature=false betamultiplier=0.1 threshold=true
Command line to repeat: java density.MaxEnt nowarnings noprefixes outputdirectory=devel/maxent_tuneFC/maxentRes/fc-Tbeta-0.1_uid-40 samplesfile=devel/maxent_tuneFC/maxentRes/fc-Tbeta-0.1_uid-40/presence environmentallayers=devel/maxent_tuneFC/maxentRes/fc-Tbeta-0.1_uid-40/absence betamultiplier=0.1 autorun novisible noautofeature
Species: species
Layers: x1 x2
Layertypes: Continuous Continuous
outputdirectory: devel/maxent_tuneFC/maxentRes/fc-Tbeta-0.1_uid-40
samplesfile: devel/maxent_tuneFC/maxentRes/fc-Tbeta-0.1_uid-40/presence
environmentallayers: devel/maxent_tuneFC/maxentRes/fc-Tbeta-0.1_uid-40/absence
betamultiplier: 0.1
autorun: true
visible: false
autofeature: false

getSamples: max memory 477626368, total allocated 69206016, free 27944456, used 41261560, increment 0
Making features
makeFeatures: max memory 477626368, total allocated 69206016, free 27944456, used 41261560, increment 0
species: 
Regularization values: linear/quadratic/product: 0.873, categorical: 0.250, threshold: 1.820, hinge: 0.500
18 samples
Density: max memory 477626368, total allocated 69206016, free 27391008, used 41815008, increment 553448
linearPredictor: max memory 477626368, total allocated 69206016, free 27391008, used 41815008, increment 0
FeaturedSpace: max memory 477626368, total allocated 69206016, free 27391008, used 41815008, increment 0
Sequential: max memory 477626368, total allocated 69206016, free 27391008, used 41815008, increment 0
Initial loss: 4.68213122712422
500: time = 0,063000 loss = 3,324074
Resulting gain: 1.3580571428314334
Projecting...
Writing file devel\maxent_tuneFC\maxentRes\fc-Tbeta-0.1_uid-40\species.csv
Ending
