Fri Jul 24 15:21:54 CEST 2015
MaxEnt version 3.3.3k
Reading file absence
readGrid: max memory 477626368, total allocated 65536000, free 40052240, used 25483760, increment -1923128
Reading samples from presence
Read samples: max memory 477626368, total allocated 65536000, free 39562032, used 25973968, increment 490208
Adding samples to background in feature space
Command line used:  autorun -e devel/maxent_tuneFC/maxentRes/fc-HQbeta-10_uid-141/absence -o devel/maxent_tuneFC/maxentRes/fc-HQbeta-10_uid-141 -s devel/maxent_tuneFC/maxentRes/fc-HQbeta-10_uid-141/presence -z autofeature=false betamultiplier=10 hinge=true quadratic=true
Command line to repeat: java density.MaxEnt nowarnings noprefixes outputdirectory=devel/maxent_tuneFC/maxentRes/fc-HQbeta-10_uid-141 samplesfile=devel/maxent_tuneFC/maxentRes/fc-HQbeta-10_uid-141/presence environmentallayers=devel/maxent_tuneFC/maxentRes/fc-HQbeta-10_uid-141/absence betamultiplier=10.0 autorun novisible noautofeature
Species: species
Layers: x1 x2
Layertypes: Continuous Continuous
outputdirectory: devel/maxent_tuneFC/maxentRes/fc-HQbeta-10_uid-141
samplesfile: devel/maxent_tuneFC/maxentRes/fc-HQbeta-10_uid-141/presence
environmentallayers: devel/maxent_tuneFC/maxentRes/fc-HQbeta-10_uid-141/absence
betamultiplier: 10.0
autorun: true
visible: false
autofeature: false

getSamples: max memory 477626368, total allocated 65536000, free 39079912, used 26456088, increment 482120
Making features
makeFeatures: max memory 477626368, total allocated 65536000, free 39079912, used 26456088, increment 0
species: 
Regularization values: linear/quadratic/product: 0.873, categorical: 0.250, threshold: 1.820, hinge: 0.500
18 samples
Density: max memory 477626368, total allocated 65536000, free 39079912, used 26456088, increment 0
linearPredictor: max memory 477626368, total allocated 65536000, free 39079912, used 26456088, increment 0
FeaturedSpace: max memory 477626368, total allocated 65536000, free 39079912, used 26456088, increment 0
Sequential: max memory 477626368, total allocated 65536000, free 39079912, used 26456088, increment 0
Initial loss: 4.68213122712422
60: time = 0,008000 loss = 4,640508
Resulting gain: 0.04162272932292854
Projecting...
Writing file devel\maxent_tuneFC\maxentRes\fc-HQbeta-10_uid-141\species.csv
Ending
