Fri Jul 24 15:55:26 CEST 2015
MaxEnt version 3.3.3k
Reading file absence
readGrid: max memory 477626368, total allocated 64487424, free 50436384, used 14051040, increment -1788712
Reading samples from presence
Read samples: max memory 477626368, total allocated 64487424, free 50436384, used 14051040, increment 0
Adding samples to background in feature space
Command line used:  autorun -e devel/maxent_tuneFC/maxentRes6/fc-D_beta-0.1_uid-469/absence -o devel/maxent_tuneFC/maxentRes6/fc-D_beta-0.1_uid-469 -s devel/maxent_tuneFC/maxentRes6/fc-D_beta-0.1_uid-469/presence -z autofeature=false betamultiplier=0.1 linear=true quadratic=true hinge=false product=false threshold=false
Command line to repeat: java density.MaxEnt nowarnings noprefixes outputdirectory=devel/maxent_tuneFC/maxentRes6/fc-D_beta-0.1_uid-469 samplesfile=devel/maxent_tuneFC/maxentRes6/fc-D_beta-0.1_uid-469/presence environmentallayers=devel/maxent_tuneFC/maxentRes6/fc-D_beta-0.1_uid-469/absence betamultiplier=0.1 noproduct nothreshold nohinge autorun novisible noautofeature
Species: species
Layers: x1 x2
Layertypes: Continuous Continuous
outputdirectory: devel/maxent_tuneFC/maxentRes6/fc-D_beta-0.1_uid-469
samplesfile: devel/maxent_tuneFC/maxentRes6/fc-D_beta-0.1_uid-469/presence
environmentallayers: devel/maxent_tuneFC/maxentRes6/fc-D_beta-0.1_uid-469/absence
betamultiplier: 0.1
product: false
threshold: false
hinge: false
autorun: true
visible: false
autofeature: false

getSamples: max memory 477626368, total allocated 64487424, free 49948920, used 14538504, increment 487464
Making features
makeFeatures: max memory 477626368, total allocated 64487424, free 49948920, used 14538504, increment 0
species: 
Regularization values: linear/quadratic/product: 1.050, categorical: 0.575, threshold: 1.950, hinge: 0.500
5 samples
Density: max memory 477626368, total allocated 64487424, free 49948920, used 14538504, increment 0
linearPredictor: max memory 477626368, total allocated 64487424, free 49948920, used 14538504, increment 0
FeaturedSpace: max memory 477626368, total allocated 64487424, free 49948920, used 14538504, increment 0
Sequential: max memory 477626368, total allocated 64487424, free 49948920, used 14538504, increment 0
Initial loss: 4.007333185232471
100: time = 0,001000 loss = 2,967247
Resulting gain: 1.040085853285449
Projecting...
Writing file devel\maxent_tuneFC\maxentRes6\fc-D_beta-0.1_uid-469\species.csv
Ending
