Fri Jul 24 15:46:28 CEST 2015
MaxEnt version 3.3.3k
Reading file absence
readGrid: max memory 477626368, total allocated 62914560, free 42547904, used 20366656, increment -4505000
Reading samples from presence
Read samples: max memory 477626368, total allocated 62914560, free 42547904, used 20366656, increment 0
Adding samples to background in feature space
Command line used:  autorun -e devel/maxent_tuneFC/maxentRes3/fc-L_beta-10_uid-427/absence -o devel/maxent_tuneFC/maxentRes3/fc-L_beta-10_uid-427 -s devel/maxent_tuneFC/maxentRes3/fc-L_beta-10_uid-427/presence -z autofeature=false betamultiplier=10 linear=true quadratic=false
Command line to repeat: java density.MaxEnt nowarnings noprefixes outputdirectory=devel/maxent_tuneFC/maxentRes3/fc-L_beta-10_uid-427 samplesfile=devel/maxent_tuneFC/maxentRes3/fc-L_beta-10_uid-427/presence environmentallayers=devel/maxent_tuneFC/maxentRes3/fc-L_beta-10_uid-427/absence betamultiplier=10.0 noquadratic autorun novisible noautofeature
Species: species
Layers: x1 x2
Layertypes: Continuous Continuous
outputdirectory: devel/maxent_tuneFC/maxentRes3/fc-L_beta-10_uid-427
samplesfile: devel/maxent_tuneFC/maxentRes3/fc-L_beta-10_uid-427/presence
environmentallayers: devel/maxent_tuneFC/maxentRes3/fc-L_beta-10_uid-427/absence
betamultiplier: 10.0
quadratic: false
autorun: true
visible: false
autofeature: false

getSamples: max memory 477626368, total allocated 62914560, free 42547904, used 20366656, increment 0
Making features
makeFeatures: max memory 477626368, total allocated 62914560, free 42547904, used 20366656, increment 0
species: 
Regularization values: linear/quadratic/product: 1.600, categorical: 0.500, threshold: 1.900, hinge: 0.500
10 samples
Density: max memory 477626368, total allocated 62914560, free 42081752, used 20832808, increment 466152
linearPredictor: max memory 477626368, total allocated 62914560, free 42081752, used 20832808, increment 0
FeaturedSpace: max memory 477626368, total allocated 62914560, free 42081752, used 20832808, increment 0
Sequential: max memory 477626368, total allocated 62914560, free 42081752, used 20832808, increment 0
Initial loss: 4.0943445622221
20: time = 0,016000 loss = 4,094345
Resulting gain: 0.0
Leaving out Fixed cumulative value 5 from threshold table, as uninitialized
Leaving out Fixed cumulative value 10 from threshold table, as uninitialized
Projecting...
Writing file devel\maxent_tuneFC\maxentRes3\fc-L_beta-10_uid-427\species.csv
Ending
