Fri Jul 24 15:53:12 CEST 2015
MaxEnt version 3.3.3k
Reading file absence
readGrid: max memory 477626368, total allocated 62914560, free 32218912, used 30695648, increment -912040
Reading samples from presence
Read samples: max memory 477626368, total allocated 62914560, free 32218912, used 30695648, increment 0
Adding samples to background in feature space
Command line used:  autorun -e devel/maxent_tuneFC/maxentRes5/fc-L_beta-0.1_uid-449/absence -o devel/maxent_tuneFC/maxentRes5/fc-L_beta-0.1_uid-449 -s devel/maxent_tuneFC/maxentRes5/fc-L_beta-0.1_uid-449/presence -z autofeature=false betamultiplier=0.1 linear=true quadratic=false hinge=false product=false threshold=false
Command line to repeat: java density.MaxEnt nowarnings noprefixes outputdirectory=devel/maxent_tuneFC/maxentRes5/fc-L_beta-0.1_uid-449 samplesfile=devel/maxent_tuneFC/maxentRes5/fc-L_beta-0.1_uid-449/presence environmentallayers=devel/maxent_tuneFC/maxentRes5/fc-L_beta-0.1_uid-449/absence betamultiplier=0.1 noquadratic noproduct nothreshold nohinge autorun novisible noautofeature
Species: species
Layers: x1 x2
Layertypes: Continuous Continuous
outputdirectory: devel/maxent_tuneFC/maxentRes5/fc-L_beta-0.1_uid-449
samplesfile: devel/maxent_tuneFC/maxentRes5/fc-L_beta-0.1_uid-449/presence
environmentallayers: devel/maxent_tuneFC/maxentRes5/fc-L_beta-0.1_uid-449/absence
betamultiplier: 0.1
quadratic: false
product: false
threshold: false
hinge: false
autorun: true
visible: false
autofeature: false

getSamples: max memory 477626368, total allocated 62914560, free 31739608, used 31174952, increment 479304
Making features
makeFeatures: max memory 477626368, total allocated 62914560, free 31739608, used 31174952, increment 0
species: 
Regularization values: linear/quadratic/product: 1.000, categorical: 0.500, threshold: 1.900, hinge: 0.500
10 samples
Density: max memory 477626368, total allocated 62914560, free 31739608, used 31174952, increment 0
linearPredictor: max memory 477626368, total allocated 62914560, free 31739608, used 31174952, increment 0
FeaturedSpace: max memory 477626368, total allocated 62914560, free 31739608, used 31174952, increment 0
Sequential: max memory 477626368, total allocated 62914560, free 31739608, used 31174952, increment 0
Initial loss: 4.0943445622221
60: time = 0,000000 loss = 3,638524
Resulting gain: 0.45582034541374705
Projecting...
Writing file devel\maxent_tuneFC\maxentRes5\fc-L_beta-0.1_uid-449\species.csv
Ending
