Fri Jul 24 15:31:50 CEST 2015
MaxEnt version 3.3.3k
Reading file absence
readGrid: max memory 477626368, total allocated 63438848, free 13379728, used 50059120, increment -5092360
Reading samples from presence
Read samples: max memory 477626368, total allocated 63438848, free 13379728, used 50059120, increment 0
Adding samples to background in feature space
Command line used:  autorun -e devel/maxent_tuneFC/maxentRes2/fc-HQPT_beta-10_uid-311/absence -o devel/maxent_tuneFC/maxentRes2/fc-HQPT_beta-10_uid-311 -s devel/maxent_tuneFC/maxentRes2/fc-HQPT_beta-10_uid-311/presence -z autofeature=false betamultiplier=10 linear=true quadratic=true hinge=true product=true threshold=true =false
Command line to repeat: java density.MaxEnt nowarnings noprefixes outputdirectory=devel/maxent_tuneFC/maxentRes2/fc-HQPT_beta-10_uid-311 samplesfile=devel/maxent_tuneFC/maxentRes2/fc-HQPT_beta-10_uid-311/presence environmentallayers=devel/maxent_tuneFC/maxentRes2/fc-HQPT_beta-10_uid-311/absence betamultiplier=10.0 autorun novisible noautofeature
Species: species
Layers: x1 x2
Layertypes: Continuous Continuous
outputdirectory: devel/maxent_tuneFC/maxentRes2/fc-HQPT_beta-10_uid-311
samplesfile: devel/maxent_tuneFC/maxentRes2/fc-HQPT_beta-10_uid-311/presence
environmentallayers: devel/maxent_tuneFC/maxentRes2/fc-HQPT_beta-10_uid-311/absence
betamultiplier: 10.0
autorun: true
visible: false
autofeature: false

getSamples: max memory 477626368, total allocated 63438848, free 13379728, used 50059120, increment 0
Making features
makeFeatures: max memory 477626368, total allocated 63438848, free 13379728, used 50059120, increment 0
species: 
Regularization values: linear/quadratic/product: 1.600, categorical: 0.500, threshold: 1.900, hinge: 0.500
10 samples
Density: max memory 477626368, total allocated 63438848, free 13379728, used 50059120, increment 0
linearPredictor: max memory 477626368, total allocated 63438848, free 13379728, used 50059120, increment 0
FeaturedSpace: max memory 477626368, total allocated 63438848, free 13379728, used 50059120, increment 0
Sequential: max memory 477626368, total allocated 63438848, free 13379728, used 50059120, increment 0
Initial loss: 4.0943445622221
20: time = 0,000000 loss = 4,094345
Resulting gain: 0.0
Leaving out Fixed cumulative value 5 from threshold table, as uninitialized
Leaving out Fixed cumulative value 10 from threshold table, as uninitialized
Projecting...
Writing file devel\maxent_tuneFC\maxentRes2\fc-HQPT_beta-10_uid-311\species.csv
Ending
