Fri Jul 24 15:22:17 CEST 2015
MaxEnt version 3.3.3k
Reading file absence
readGrid: max memory 477626368, total allocated 65536000, free 37505544, used 28030456, increment -958616
Reading samples from presence
Read samples: max memory 477626368, total allocated 65536000, free 37023520, used 28512480, increment 482024
Adding samples to background in feature space
Command line used:  autorun -e devel/maxent_tuneFC/maxentRes/fc-Lbeta-1_uid-168/absence -o devel/maxent_tuneFC/maxentRes/fc-Lbeta-1_uid-168 -s devel/maxent_tuneFC/maxentRes/fc-Lbeta-1_uid-168/presence -z autofeature=false betamultiplier=1 linear=true
Command line to repeat: java density.MaxEnt nowarnings noprefixes outputdirectory=devel/maxent_tuneFC/maxentRes/fc-Lbeta-1_uid-168 samplesfile=devel/maxent_tuneFC/maxentRes/fc-Lbeta-1_uid-168/presence environmentallayers=devel/maxent_tuneFC/maxentRes/fc-Lbeta-1_uid-168/absence autorun novisible noautofeature
Species: species
Layers: x1 x2
Layertypes: Continuous Continuous
outputdirectory: devel/maxent_tuneFC/maxentRes/fc-Lbeta-1_uid-168
samplesfile: devel/maxent_tuneFC/maxentRes/fc-Lbeta-1_uid-168/presence
environmentallayers: devel/maxent_tuneFC/maxentRes/fc-Lbeta-1_uid-168/absence
autorun: true
visible: false
autofeature: false

getSamples: max memory 477626368, total allocated 65536000, free 36541488, used 28994512, increment 482032
Making features
makeFeatures: max memory 477626368, total allocated 65536000, free 36541488, used 28994512, increment 0
species: 
Regularization values: linear/quadratic/product: 0.873, categorical: 0.250, threshold: 1.820, hinge: 0.500
18 samples
Density: max memory 477626368, total allocated 65536000, free 36541488, used 28994512, increment 0
linearPredictor: max memory 477626368, total allocated 65536000, free 36541488, used 28994512, increment 0
FeaturedSpace: max memory 477626368, total allocated 65536000, free 36541488, used 28994512, increment 0
Sequential: max memory 477626368, total allocated 65536000, free 36541488, used 28994512, increment 0
Initial loss: 4.68213122712422
260: time = 0,031000 loss = 3,999605
Resulting gain: 0.6825258459853947
Projecting...
Writing file devel\maxent_tuneFC\maxentRes\fc-Lbeta-1_uid-168\species.csv
Ending
