Fri Jul 24 15:21:56 CEST 2015
MaxEnt version 3.3.3k
Reading file absence
readGrid: max memory 477626368, total allocated 65536000, free 41415160, used 24120840, increment -1375504
Reading samples from presence
Read samples: max memory 477626368, total allocated 65536000, free 40933120, used 24602880, increment 482040
Adding samples to background in feature space
Command line used:  autorun -e devel/maxent_tuneFC/maxentRes/fc-HQPTbeta-10_uid-143/absence -o devel/maxent_tuneFC/maxentRes/fc-HQPTbeta-10_uid-143 -s devel/maxent_tuneFC/maxentRes/fc-HQPTbeta-10_uid-143/presence -z autofeature=false betamultiplier=10 hinge=true quadratic=true product=true threshold=true
Command line to repeat: java density.MaxEnt nowarnings noprefixes outputdirectory=devel/maxent_tuneFC/maxentRes/fc-HQPTbeta-10_uid-143 samplesfile=devel/maxent_tuneFC/maxentRes/fc-HQPTbeta-10_uid-143/presence environmentallayers=devel/maxent_tuneFC/maxentRes/fc-HQPTbeta-10_uid-143/absence betamultiplier=10.0 autorun novisible noautofeature
Species: species
Layers: x1 x2
Layertypes: Continuous Continuous
outputdirectory: devel/maxent_tuneFC/maxentRes/fc-HQPTbeta-10_uid-143
samplesfile: devel/maxent_tuneFC/maxentRes/fc-HQPTbeta-10_uid-143/presence
environmentallayers: devel/maxent_tuneFC/maxentRes/fc-HQPTbeta-10_uid-143/absence
betamultiplier: 10.0
autorun: true
visible: false
autofeature: false

getSamples: max memory 477626368, total allocated 65536000, free 40933120, used 24602880, increment 0
Making features
makeFeatures: max memory 477626368, total allocated 65536000, free 40933120, used 24602880, increment 0
species: 
Regularization values: linear/quadratic/product: 0.873, categorical: 0.250, threshold: 1.820, hinge: 0.500
18 samples
Density: max memory 477626368, total allocated 65536000, free 40451024, used 25084976, increment 482096
linearPredictor: max memory 477626368, total allocated 65536000, free 40451024, used 25084976, increment 0
FeaturedSpace: max memory 477626368, total allocated 65536000, free 40451024, used 25084976, increment 0
Sequential: max memory 477626368, total allocated 65536000, free 40451024, used 25084976, increment 0
Initial loss: 4.68213122712422
60: time = 0,008000 loss = 4,640508
Resulting gain: 0.04162272932292854
Projecting...
Writing file devel\maxent_tuneFC\maxentRes\fc-HQPTbeta-10_uid-143\species.csv
Ending
