Fri Jul 24 15:31:56 CEST 2015
MaxEnt version 3.3.3k
Reading file absence
readGrid: max memory 477626368, total allocated 64487424, free 39387528, used 25099896, increment 17110112
Reading samples from presence
Read samples: max memory 477626368, total allocated 64487424, free 38886360, used 25601064, increment 501168
Adding samples to background in feature space
Command line used:  autorun -e devel/maxent_tuneFC/maxentRes2/fc-L_beta-10_uid-318/absence -o devel/maxent_tuneFC/maxentRes2/fc-L_beta-10_uid-318 -s devel/maxent_tuneFC/maxentRes2/fc-L_beta-10_uid-318/presence -z autofeature=false betamultiplier=10 linear=true quadratic=true hinge=true product=true threshold=true =false
Command line to repeat: java density.MaxEnt nowarnings noprefixes outputdirectory=devel/maxent_tuneFC/maxentRes2/fc-L_beta-10_uid-318 samplesfile=devel/maxent_tuneFC/maxentRes2/fc-L_beta-10_uid-318/presence environmentallayers=devel/maxent_tuneFC/maxentRes2/fc-L_beta-10_uid-318/absence betamultiplier=10.0 autorun novisible noautofeature
Species: species
Layers: x1 x2
Layertypes: Continuous Continuous
outputdirectory: devel/maxent_tuneFC/maxentRes2/fc-L_beta-10_uid-318
samplesfile: devel/maxent_tuneFC/maxentRes2/fc-L_beta-10_uid-318/presence
environmentallayers: devel/maxent_tuneFC/maxentRes2/fc-L_beta-10_uid-318/absence
betamultiplier: 10.0
autorun: true
visible: false
autofeature: false

getSamples: max memory 477626368, total allocated 64487424, free 38886360, used 25601064, increment 0
Making features
makeFeatures: max memory 477626368, total allocated 64487424, free 38886360, used 25601064, increment 0
species: 
Regularization values: linear/quadratic/product: 0.819, categorical: 0.250, threshold: 1.800, hinge: 0.500
20 samples
Density: max memory 477626368, total allocated 64487424, free 38384640, used 26102784, increment 501720
linearPredictor: max memory 477626368, total allocated 64487424, free 38384640, used 26102784, increment 0
FeaturedSpace: max memory 477626368, total allocated 64487424, free 38384640, used 26102784, increment 0
Sequential: max memory 477626368, total allocated 64487424, free 38384640, used 26102784, increment 0
Initial loss: 4.787491742782046
60: time = 0,000000 loss = 4,720106
Resulting gain: 0.06738622055777288
Projecting...
Writing file devel\maxent_tuneFC\maxentRes2\fc-L_beta-10_uid-318\species.csv
Ending
