Fri Jul 24 15:22:15 CEST 2015
MaxEnt version 3.3.3k
Reading file absence
readGrid: max memory 477626368, total allocated 65536000, free 36585968, used 28950032, increment -940232
Reading samples from presence
Read samples: max memory 477626368, total allocated 65536000, free 36585968, used 28950032, increment 0
Adding samples to background in feature space
Command line used:  autorun -e devel/maxent_tuneFC/maxentRes/fc-Tbeta-0.1_uid-166/absence -o devel/maxent_tuneFC/maxentRes/fc-Tbeta-0.1_uid-166 -s devel/maxent_tuneFC/maxentRes/fc-Tbeta-0.1_uid-166/presence -z autofeature=false betamultiplier=0.1 threshold=true
Command line to repeat: java density.MaxEnt nowarnings noprefixes outputdirectory=devel/maxent_tuneFC/maxentRes/fc-Tbeta-0.1_uid-166 samplesfile=devel/maxent_tuneFC/maxentRes/fc-Tbeta-0.1_uid-166/presence environmentallayers=devel/maxent_tuneFC/maxentRes/fc-Tbeta-0.1_uid-166/absence betamultiplier=0.1 autorun novisible noautofeature
Species: species
Layers: x1 x2
Layertypes: Continuous Continuous
outputdirectory: devel/maxent_tuneFC/maxentRes/fc-Tbeta-0.1_uid-166
samplesfile: devel/maxent_tuneFC/maxentRes/fc-Tbeta-0.1_uid-166/presence
environmentallayers: devel/maxent_tuneFC/maxentRes/fc-Tbeta-0.1_uid-166/absence
betamultiplier: 0.1
autorun: true
visible: false
autofeature: false

getSamples: max memory 477626368, total allocated 65536000, free 36103944, used 29432056, increment 482024
Making features
makeFeatures: max memory 477626368, total allocated 65536000, free 36103944, used 29432056, increment 0
species: 
Regularization values: linear/quadratic/product: 0.873, categorical: 0.250, threshold: 1.820, hinge: 0.500
18 samples
Density: max memory 477626368, total allocated 65536000, free 36103944, used 29432056, increment 0
linearPredictor: max memory 477626368, total allocated 65536000, free 36103944, used 29432056, increment 0
FeaturedSpace: max memory 477626368, total allocated 65536000, free 36103944, used 29432056, increment 0
Sequential: max memory 477626368, total allocated 65536000, free 36103944, used 29432056, increment 0
Initial loss: 4.68213122712422
500: time = 0,079000 loss = 3,318423
Resulting gain: 1.3637086808437582
Projecting...
Writing file devel\maxent_tuneFC\maxentRes\fc-Tbeta-0.1_uid-166\species.csv
Ending
