This is pdfTeX, Version 3.1415926-2.5-1.40.14 (MiKTeX 2.9 64-bit) (preloaded format=pdflatex 2013.8.21)  26 JUN 2014 09:58
entering extended mode
**oneClass_intro.tex
(D:\github\oneClass\inst\docs\oneClass_intro.tex
LaTeX2e <2011/06/27>
Babel <v3.8m> and hyphenation patterns for english, afrikaans, ancientgreek, ar
abic, armenian, assamese, basque, bengali, bokmal, bulgarian, catalan, coptic, 
croatian, czech, danish, dutch, esperanto, estonian, farsi, finnish, french, ga
lician, german, german-x-2013-05-26, greek, gujarati, hindi, hungarian, iceland
ic, indonesian, interlingua, irish, italian, kannada, kurmanji, latin, latvian,
 lithuanian, malayalam, marathi, mongolian, mongolianlmc, monogreek, ngerman, n
german-x-2013-05-26, nynorsk, oriya, panjabi, pinyin, polish, portuguese, roman
ian, russian, sanskrit, serbian, slovak, slovenian, spanish, swedish, swissgerm
an, tamil, telugu, turkish, turkmen, ukenglish, ukrainian, uppersorbian, usengl
ishmax, welsh, loaded.
("D:\Software\MiKTeX 2.9\tex\latex\base\article.cls"
Document Class: article 2007/10/19 v1.4h Standard LaTeX document class
("D:\Software\MiKTeX 2.9\tex\latex\base\size10.clo"
File: size10.clo 2007/10/19 v1.4h Standard LaTeX file (size option)
)
\c@part=\count79
\c@section=\count80
\c@subsection=\count81
\c@subsubsection=\count82
\c@paragraph=\count83
\c@subparagraph=\count84
\c@figure=\count85
\c@table=\count86
\abovecaptionskip=\skip41
\belowcaptionskip=\skip42
\bibindent=\dimen102
)
("D:\Software\MiKTeX 2.9\tex\latex\graphics\graphicx.sty"
Package: graphicx 1999/02/16 v1.0f Enhanced LaTeX Graphics (DPC,SPQR)

("D:\Software\MiKTeX 2.9\tex\latex\graphics\keyval.sty"
Package: keyval 1999/03/16 v1.13 key=value parser (DPC)
\KV@toks@=\toks14
)
("D:\Software\MiKTeX 2.9\tex\latex\graphics\graphics.sty"
Package: graphics 2009/02/05 v1.0o Standard LaTeX Graphics (DPC,SPQR)

("D:\Software\MiKTeX 2.9\tex\latex\graphics\trig.sty"
Package: trig 1999/03/16 v1.09 sin cos tan (DPC)
)
("D:\Software\MiKTeX 2.9\tex\latex\00miktex\graphics.cfg"
File: graphics.cfg 2007/01/18 v1.5 graphics configuration of teTeX/TeXLive
)
Package graphics Info: Driver file: pdftex.def on input line 91.

("D:\Software\MiKTeX 2.9\tex\latex\pdftex-def\pdftex.def"
File: pdftex.def 2011/05/27 v0.06d Graphics/color for pdfTeX

("D:\Software\MiKTeX 2.9\tex\generic\oberdiek\infwarerr.sty"
Package: infwarerr 2010/04/08 v1.3 Providing info/warning/error messages (HO)
)
("D:\Software\MiKTeX 2.9\tex\generic\oberdiek\ltxcmds.sty"
Package: ltxcmds 2011/11/09 v1.22 LaTeX kernel commands for general use (HO)
)
\Gread@gobject=\count87
))
\Gin@req@height=\dimen103
\Gin@req@width=\dimen104
)
("D:\Software\MiKTeX 2.9\tex\latex\graphics\color.sty"
Package: color 2005/11/14 v1.0j Standard LaTeX Color (DPC)

("D:\Software\MiKTeX 2.9\tex\latex\00miktex\color.cfg"
File: color.cfg 2007/01/18 v1.5 color configuration of teTeX/TeXLive
)
Package color Info: Driver file: pdftex.def on input line 130.
)
("D:\Software\MiKTeX 2.9\tex\latex\framed\framed.sty"
Package: framed 2011/10/22 v 0.96: framed or shaded text with page breaks
\OuterFrameSep=\skip43
\fb@frw=\dimen105
\fb@frh=\dimen106
\FrameRule=\dimen107
\FrameSep=\dimen108
)
("D:\Software\MiKTeX 2.9\tex\latex\base\alltt.sty"
Package: alltt 1997/06/16 v2.0g defines alltt environment
)
("D:\Software\MiKTeX 2.9\tex\latex\psnfss\mathpazo.sty"
Package: mathpazo 2005/04/12 PSNFSS-v9.2a Palatino w/ Pazo Math (D.Puga, WaS) 
\symupright=\mathgroup4
)
("D:\Software\MiKTeX 2.9\tex\latex\base\fontenc.sty"
Package: fontenc 2005/09/27 v1.99g Standard LaTeX package

("D:\Software\MiKTeX 2.9\tex\latex\base\t1enc.def"
File: t1enc.def 2005/09/27 v1.99g Standard LaTeX file
LaTeX Font Info:    Redeclaring font encoding T1 on input line 43.
))
("D:\Software\MiKTeX 2.9\tex\latex\geometry\geometry.sty"
Package: geometry 2010/09/12 v5.6 Page Geometry

("D:\Software\MiKTeX 2.9\tex\generic\oberdiek\ifpdf.sty"
Package: ifpdf 2011/01/30 v2.3 Provides the ifpdf switch (HO)
Package ifpdf Info: pdfTeX in PDF mode is detected.
)
("D:\Software\MiKTeX 2.9\tex\generic\oberdiek\ifvtex.sty"
Package: ifvtex 2010/03/01 v1.5 Detect VTeX and its facilities (HO)
Package ifvtex Info: VTeX not detected.
)
("D:\Software\MiKTeX 2.9\tex\generic\ifxetex\ifxetex.sty"
Package: ifxetex 2010/09/12 v0.6 Provides ifxetex conditional
)
\Gm@cnth=\count88
\Gm@cntv=\count89
\c@Gm@tempcnt=\count90
\Gm@bindingoffset=\dimen109
\Gm@wd@mp=\dimen110
\Gm@odd@mp=\dimen111
\Gm@even@mp=\dimen112
\Gm@layoutwidth=\dimen113
\Gm@layoutheight=\dimen114
\Gm@layouthoffset=\dimen115
\Gm@layoutvoffset=\dimen116
\Gm@dimlist=\toks15

("D:\Software\MiKTeX 2.9\tex\latex\geometry\geometry.cfg"))
("D:\Software\MiKTeX 2.9\tex\latex\setspace\setspace.sty"
Package: setspace 2011/12/19 v6.7a set line spacing
)
("D:\Software\MiKTeX 2.9\tex\latex\url\url.sty"
\Urlmuskip=\muskip10
Package: url 2006/04/12  ver 3.3  Verb mode for urls, etc.
)
("D:\Software\MiKTeX 2.9\tex\latex\tools\xspace.sty"
Package: xspace 2009/10/20 v1.13 Space after command names (DPC,MH)
)
("D:\Software\MiKTeX 2.9\tex\latex\tools\multicol.sty"
Package: multicol 2011/06/27 v1.7a multicolumn formatting (FMi)
\c@tracingmulticols=\count91
\mult@box=\box26
\multicol@leftmargin=\dimen117
\c@unbalance=\count92
\c@collectmore=\count93
\doublecol@number=\count94
\multicoltolerance=\count95
\multicolpretolerance=\count96
\full@width=\dimen118
\page@free=\dimen119
\premulticols=\dimen120
\postmulticols=\dimen121
\multicolsep=\skip44
\multicolbaselineskip=\skip45
\partial@page=\box27
\last@line=\box28
\mult@rightbox=\box29
\mult@grightbox=\box30
\mult@gfirstbox=\box31
\mult@firstbox=\box32
\@tempa=\box33
\@tempa=\box34
\@tempa=\box35
\@tempa=\box36
\@tempa=\box37
\@tempa=\box38
\@tempa=\box39
\@tempa=\box40
\@tempa=\box41
\@tempa=\box42
\@tempa=\box43
\@tempa=\box44
\@tempa=\box45
\@tempa=\box46
\@tempa=\box47
\@tempa=\box48
\@tempa=\box49
\c@columnbadness=\count97
\c@finalcolumnbadness=\count98
\last@try=\dimen122
\multicolovershoot=\dimen123
\multicolundershoot=\dimen124
\mult@nat@firstbox=\box50
\colbreak@box=\box51
\multicol@sort@counter=\count99
)
("D:\Software\MiKTeX 2.9\tex\latex\biblatex\biblatex.sty"
Package: biblatex 2013/07/15 v2.7a programmable bibliographies (PK/JW/AB)

("D:\Software\MiKTeX 2.9\tex\latex\biblatex\biblatex1.sty"
Package: biblatex1 2013/07/15 v2.7a programmable bibliographies (bibtex) (PK/JW
/AB)

("D:\Software\MiKTeX 2.9\tex\latex\etoolbox\etoolbox.sty"
Package: etoolbox 2011/01/03 v2.1 e-TeX tools for LaTeX

("D:\Software\MiKTeX 2.9\tex\latex\misc\etex.sty"
Package: etex 1998/03/26 v2.0 eTeX basic definition package (PEB)
\et@xins=\count100
)
\etb@tempcnta=\count101
)
("D:\Software\MiKTeX 2.9\tex\latex\logreq\logreq.sty"
Package: logreq 2010/08/04 v1.0 xml request logger
\lrq@indent=\count102

("D:\Software\MiKTeX 2.9\tex\latex\logreq\logreq.def"
File: logreq.def 2010/08/04 v1.0 logreq spec v1.0
))
("D:\Software\MiKTeX 2.9\tex\latex\base\ifthen.sty"
Package: ifthen 2001/05/26 v1.1c Standard LaTeX ifthen package (DPC)
)
\c@tabx@nest=\count103
\c@listtotal=\count104
\c@listcount=\count105
\c@liststart=\count106
\c@liststop=\count107
\c@citecount=\count108
\c@citetotal=\count109
\c@multicitecount=\count110
\c@multicitetotal=\count111
\c@instcount=\count112
\c@maxnames=\count113
\c@minnames=\count114
\c@maxitems=\count115
\c@minitems=\count116
\c@citecounter=\count117
\c@savedcitecounter=\count118
\c@uniquelist=\count119
\c@uniquename=\count120
\c@refsection=\count121
\c@refsegment=\count122
\c@maxextrayear=\count123
\c@maxextraalpha=\count124
\c@abbrvpenalty=\count125
\c@highnamepenalty=\count126
\c@lownamepenalty=\count127
\c@maxparens=\count128
\c@parenlevel=\count129
\blx@tempcnta=\count130
\blx@tempcntb=\count131
\blx@tempcntc=\count132
\blx@maxsection=\count133
\blx@maxsegment=\count134
\blx@notetype=\count135
\blx@parenlevel@text=\count136
\blx@parenlevel@foot=\count137
\labelnumberwidth=\skip46
\labelalphawidth=\skip47
\shorthandwidth=\skip48
\biblabelsep=\skip49
\bibitemsep=\skip50
\bibnamesep=\skip51
\bibinitsep=\skip52
\bibparsep=\skip53
\bibhang=\skip54
\blx@auxin=\read1
\blx@auxout=\write3
\c@mincomprange=\count138
\c@maxcomprange=\count139
\c@mincompwidth=\count140
\c@labelname=\count141
\c@savedlabelname=\count142
\c@author=\count143
\c@savedauthor=\count144
\c@shortauthor=\count145
\c@savedshortauthor=\count146
\c@editor=\count147
\c@savededitor=\count148
\c@editora=\count149
\c@savededitora=\count150
\c@editorb=\count151
\c@savededitorb=\count152
\c@editorc=\count153
\c@savededitorc=\count154
\c@shorteditor=\count155
\c@savedshorteditor=\count156
\c@bookauthor=\count157
\c@savedbookauthor=\count158
\c@translator=\count159
\c@savedtranslator=\count160
\c@annotator=\count161
\c@savedannotator=\count162
\c@commentator=\count163
\c@savedcommentator=\count164
\c@introduction=\count165
\c@savedintroduction=\count166
\c@foreword=\count167
\c@savedforeword=\count168
\c@afterword=\count169
\c@savedafterword=\count170
\c@holder=\count171
\c@savedholder=\count172
\c@namea=\count173
\c@savednamea=\count174
\c@nameb=\count175
\c@savednameb=\count176
\c@namec=\count177
\c@savednamec=\count178
\c@institution=\count179
\c@savedinstitution=\count180
\c@language=\count181
\c@savedlanguage=\count182
\c@location=\count183
\c@savedlocation=\count184
\c@organization=\count185
\c@savedorganization=\count186
\c@origlocation=\count187
\c@savedoriglocation=\count188
\c@origpublisher=\count189
\c@savedorigpublisher=\count190
\c@pageref=\count191
\c@savedpageref=\count192
\c@publisher=\count193
\c@savedpublisher=\count194
\c@lista=\count195
\c@savedlista=\count196
\c@listb=\count197
\c@savedlistb=\count198
\c@listc=\count199
\c@savedlistc=\count200
\c@listd=\count201
\c@savedlistd=\count202
\c@liste=\count203
\c@savedliste=\count204
\c@listf=\count205
\c@savedlistf=\count206
Package biblatex Info: Trying to load compatibility code...
Package biblatex Info: ... file 'blx-compat.def' found.

("D:\Software\MiKTeX 2.9\tex\latex\biblatex\blx-compat.def"
File: blx-compat.def 2013/07/15 v2.7a biblatex compatibility (PK/JW/AB)
)
Package biblatex Info: Trying to load generic definitions...
Package biblatex Info: ... file 'biblatex.def' found.

("D:\Software\MiKTeX 2.9\tex\latex\biblatex\biblatex.def"
File: biblatex.def 
\c@textcitecount=\count207
\c@textcitetotal=\count208
\c@textcitemaxnames=\count209
\c@biburlnumpenalty=\count210
\c@biburlucpenalty=\count211
\c@biburllcpenalty=\count212
\c@smartand=\count213
)
Package biblatex Info: Trying to load bibliography style 'numeric'...
Package biblatex Info: ... file 'numeric.bbx' found.

("D:\Software\MiKTeX 2.9\tex\latex\biblatex\bbx\numeric.bbx"
File: numeric.bbx 2013/07/15 v2.7a biblatex bibliography style (PK/JW/AB)
Package biblatex Info: Trying to load bibliography style 'standard'...
Package biblatex Info: ... file 'standard.bbx' found.

("D:\Software\MiKTeX 2.9\tex\latex\biblatex\bbx\standard.bbx"
File: standard.bbx 2013/07/15 v2.7a biblatex bibliography style (PK/JW/AB)
\c@bbx:relatedcount=\count214
\c@bbx:relatedtotal=\count215
))
Package biblatex Info: Trying to load citation style 'numeric'...
Package biblatex Info: ... file 'numeric.cbx' found.

("D:\Software\MiKTeX 2.9\tex\latex\biblatex\cbx\numeric.cbx"
File: numeric.cbx 2013/07/15 v2.7a biblatex citation style (PK/JW/AB)
Package biblatex Info: Redefining '\cite'.
Package biblatex Info: Redefining '\parencite'.
Package biblatex Info: Redefining '\footcite'.
Package biblatex Info: Redefining '\footcitetext'.
Package biblatex Info: Redefining '\smartcite'.
Package biblatex Info: Redefining '\supercite'.
Package biblatex Info: Redefining '\textcite'.
Package biblatex Info: Redefining '\textcites'.
Package biblatex Info: Redefining '\cites'.
Package biblatex Info: Redefining '\parencites'.
Package biblatex Info: Redefining '\smartcites'.
)
Package biblatex Info: Trying to load configuration file...
Package biblatex Info: ... file 'biblatex.cfg' found.

("D:\Software\MiKTeX 2.9\tex\latex\biblatex\biblatex.cfg"
File: biblatex.cfg 
)))
("D:\Software\MiKTeX 2.9\tex\latex\lineno\lineno.sty"
Package: lineno 2005/11/02 line numbers on paragraphs v4.41
\linenopenalty=\count216
\output=\toks16
\linenoprevgraf=\count217
\linenumbersep=\dimen125
\linenumberwidth=\dimen126
\c@linenumber=\count218
\c@pagewiselinenumber=\count219
\c@LN@truepage=\count220
\c@internallinenumber=\count221
\c@internallinenumbers=\count222
\quotelinenumbersep=\dimen127
\bframerule=\dimen128
\bframesep=\dimen129
\bframebox=\box52
LaTeX Info: Redefining \\ on input line 3056.
)
("D:\Software\MiKTeX 2.9\tex\latex\hyperref\hyperref.sty"
Package: hyperref 2012/11/06 v6.83m Hypertext links for LaTeX

("D:\Software\MiKTeX 2.9\tex\generic\oberdiek\hobsub-hyperref.sty"
Package: hobsub-hyperref 2012/04/25 v1.12 Bundle oberdiek, subset hyperref (HO)


("D:\Software\MiKTeX 2.9\tex\generic\oberdiek\hobsub-generic.sty"
Package: hobsub-generic 2012/04/25 v1.12 Bundle oberdiek, subset generic (HO)
Package: hobsub 2012/04/25 v1.12 Construct package bundles (HO)
Package hobsub Info: Skipping package `infwarerr' (already loaded).
Package hobsub Info: Skipping package `ltxcmds' (already loaded).
Package: ifluatex 2010/03/01 v1.3 Provides the ifluatex switch (HO)
Package ifluatex Info: LuaTeX not detected.
Package hobsub Info: Skipping package `ifvtex' (already loaded).
Package: intcalc 2007/09/27 v1.1 Expandable calculations with integers (HO)
Package hobsub Info: Skipping package `ifpdf' (already loaded).
Package: etexcmds 2011/02/16 v1.5 Avoid name clashes with e-TeX commands (HO)
Package etexcmds Info: Could not find \expanded.
(etexcmds)             That can mean that you are not using pdfTeX 1.50 or
(etexcmds)             that some package has redefined \expanded.
(etexcmds)             In the latter case, load this package earlier.
Package: kvsetkeys 2012/04/25 v1.16 Key value parser (HO)
Package: kvdefinekeys 2011/04/07 v1.3 Define keys (HO)
Package: pdftexcmds 2011/11/29 v0.20 Utility functions of pdfTeX for LuaTeX (HO
)
Package pdftexcmds Info: LuaTeX not detected.
Package pdftexcmds Info: \pdf@primitive is available.
Package pdftexcmds Info: \pdf@ifprimitive is available.
Package pdftexcmds Info: \pdfdraftmode found.
Package: pdfescape 2011/11/25 v1.13 Implements pdfTeX's escape features (HO)
Package: bigintcalc 2012/04/08 v1.3 Expandable calculations on big integers (HO
)
Package: bitset 2011/01/30 v1.1 Handle bit-vector datatype (HO)
Package: uniquecounter 2011/01/30 v1.2 Provide unlimited unique counter (HO)
)
Package hobsub Info: Skipping package `hobsub' (already loaded).
Package: letltxmacro 2010/09/02 v1.4 Let assignment for LaTeX macros (HO)
Package: hopatch 2011/06/24 v1.1 Wrapper for package hooks (HO)
Package: xcolor-patch 2011/01/30 xcolor patch
Package: atveryend 2011/06/30 v1.8 Hooks at the very end of document (HO)
Package: atbegshi 2011/10/05 v1.16 At begin shipout hook (HO)
Package: refcount 2011/10/16 v3.4 Data extraction from label references (HO)
Package: hycolor 2011/01/30 v1.7 Color options for hyperref/bookmark (HO)
)
("D:\Software\MiKTeX 2.9\tex\latex\oberdiek\auxhook.sty"
Package: auxhook 2011/03/04 v1.3 Hooks for auxiliary files (HO)
)
("D:\Software\MiKTeX 2.9\tex\latex\oberdiek\kvoptions.sty"
Package: kvoptions 2011/06/30 v3.11 Key value format for package options (HO)
)
\@linkdim=\dimen130
\Hy@linkcounter=\count223
\Hy@pagecounter=\count224

("D:\Software\MiKTeX 2.9\tex\latex\hyperref\pd1enc.def"
File: pd1enc.def 2012/11/06 v6.83m Hyperref: PDFDocEncoding definition (HO)
)
\Hy@SavedSpaceFactor=\count225

("D:\Software\MiKTeX 2.9\tex\latex\00miktex\hyperref.cfg"
File: hyperref.cfg 2002/06/06 v1.2 hyperref configuration of TeXLive
)
Package hyperref Info: Hyper figures OFF on input line 4443.
Package hyperref Info: Link nesting OFF on input line 4448.
Package hyperref Info: Hyper index ON on input line 4451.
Package hyperref Info: Plain pages OFF on input line 4458.
Package hyperref Info: Backreferencing OFF on input line 4463.
Package hyperref Info: Implicit mode ON; LaTeX internals redefined.
Package hyperref Info: Bookmarks ON on input line 4688.
\c@Hy@tempcnt=\count226
LaTeX Info: Redefining \url on input line 5041.
\XeTeXLinkMargin=\dimen131
\Fld@menulength=\count227
\Field@Width=\dimen132
\Fld@charsize=\dimen133
Package hyperref Info: Hyper figures OFF on input line 6295.
Package hyperref Info: Link nesting OFF on input line 6300.
Package hyperref Info: Hyper index ON on input line 6303.
Package hyperref Info: backreferencing OFF on input line 6310.
Package hyperref Info: Link coloring OFF on input line 6315.
Package hyperref Info: Link coloring with OCG OFF on input line 6320.
Package hyperref Info: PDF/A mode OFF on input line 6325.
LaTeX Info: Redefining \ref on input line 6365.
LaTeX Info: Redefining \pageref on input line 6369.
\Hy@abspage=\count228
\c@Item=\count229
\c@Hfootnote=\count230
)

Package hyperref Message: Driver (autodetected): hpdftex.

("D:\Software\MiKTeX 2.9\tex\latex\hyperref\hpdftex.def"
File: hpdftex.def 2012/11/06 v6.83m Hyperref driver for pdfTeX
\Fld@listcount=\count231
\c@bookmark@seq@number=\count232

("D:\Software\MiKTeX 2.9\tex\latex\oberdiek\rerunfilecheck.sty"
Package: rerunfilecheck 2011/04/15 v1.7 Rerun checks for auxiliary files (HO)
Package uniquecounter Info: New unique counter `rerunfilecheck' on input line 2
82.
)
\Hy@SectionHShift=\skip55
)
("D:\Software\MiKTeX 2.9\tex\latex\upquote\upquote.sty"
Package: upquote 2012/04/19 v1.3 upright-quote and grave-accent glyphs in verba
tim

("D:\Software\MiKTeX 2.9\tex\latex\base\textcomp.sty"
Package: textcomp 2005/09/27 v1.99g Standard LaTeX package
Package textcomp Info: Sub-encoding information:
(textcomp)               5 = only ISO-Adobe without \textcurrency
(textcomp)               4 = 5 + \texteuro
(textcomp)               3 = 4 + \textohm
(textcomp)               2 = 3 + \textestimated + \textcurrency
(textcomp)               1 = TS1 - \textcircled - \t
(textcomp)               0 = TS1 (full)
(textcomp)             Font families with sub-encoding setting implement
(textcomp)             only a restricted character set as indicated.
(textcomp)             Family '?' is the default used for unknown fonts.
(textcomp)             See the documentation for details.
Package textcomp Info: Setting ? sub-encoding to TS1/1 on input line 71.

("D:\Software\MiKTeX 2.9\tex\latex\base\ts1enc.def"
File: ts1enc.def 2001/06/05 v3.0e (jk/car/fm) Standard LaTeX file
)
LaTeX Info: Redefining \oldstylenums on input line 266.
Package textcomp Info: Setting cmr sub-encoding to TS1/0 on input line 281.
Package textcomp Info: Setting cmss sub-encoding to TS1/0 on input line 282.
Package textcomp Info: Setting cmtt sub-encoding to TS1/0 on input line 283.
Package textcomp Info: Setting cmvtt sub-encoding to TS1/0 on input line 284.
Package textcomp Info: Setting cmbr sub-encoding to TS1/0 on input line 285.
Package textcomp Info: Setting cmtl sub-encoding to TS1/0 on input line 286.
Package textcomp Info: Setting ccr sub-encoding to TS1/0 on input line 287.
Package textcomp Info: Setting ptm sub-encoding to TS1/4 on input line 288.
Package textcomp Info: Setting pcr sub-encoding to TS1/4 on input line 289.
Package textcomp Info: Setting phv sub-encoding to TS1/4 on input line 290.
Package textcomp Info: Setting ppl sub-encoding to TS1/3 on input line 291.
Package textcomp Info: Setting pag sub-encoding to TS1/4 on input line 292.
Package textcomp Info: Setting pbk sub-encoding to TS1/4 on input line 293.
Package textcomp Info: Setting pnc sub-encoding to TS1/4 on input line 294.
Package textcomp Info: Setting pzc sub-encoding to TS1/4 on input line 295.
Package textcomp Info: Setting bch sub-encoding to TS1/4 on input line 296.
Package textcomp Info: Setting put sub-encoding to TS1/5 on input line 297.
Package textcomp Info: Setting uag sub-encoding to TS1/5 on input line 298.
Package textcomp Info: Setting ugq sub-encoding to TS1/5 on input line 299.
Package textcomp Info: Setting ul8 sub-encoding to TS1/4 on input line 300.
Package textcomp Info: Setting ul9 sub-encoding to TS1/4 on input line 301.
Package textcomp Info: Setting augie sub-encoding to TS1/5 on input line 302.
Package textcomp Info: Setting dayrom sub-encoding to TS1/3 on input line 303.
Package textcomp Info: Setting dayroms sub-encoding to TS1/3 on input line 304.

Package textcomp Info: Setting pxr sub-encoding to TS1/0 on input line 305.
Package textcomp Info: Setting pxss sub-encoding to TS1/0 on input line 306.
Package textcomp Info: Setting pxtt sub-encoding to TS1/0 on input line 307.
Package textcomp Info: Setting txr sub-encoding to TS1/0 on input line 308.
Package textcomp Info: Setting txss sub-encoding to TS1/0 on input line 309.
Package textcomp Info: Setting txtt sub-encoding to TS1/0 on input line 310.
Package textcomp Info: Setting lmr sub-encoding to TS1/0 on input line 311.
Package textcomp Info: Setting lmdh sub-encoding to TS1/0 on input line 312.
Package textcomp Info: Setting lmss sub-encoding to TS1/0 on input line 313.
Package textcomp Info: Setting lmssq sub-encoding to TS1/0 on input line 314.
Package textcomp Info: Setting lmvtt sub-encoding to TS1/0 on input line 315.
Package textcomp Info: Setting qhv sub-encoding to TS1/0 on input line 316.
Package textcomp Info: Setting qag sub-encoding to TS1/0 on input line 317.
Package textcomp Info: Setting qbk sub-encoding to TS1/0 on input line 318.
Package textcomp Info: Setting qcr sub-encoding to TS1/0 on input line 319.
Package textcomp Info: Setting qcs sub-encoding to TS1/0 on input line 320.
Package textcomp Info: Setting qpl sub-encoding to TS1/0 on input line 321.
Package textcomp Info: Setting qtm sub-encoding to TS1/0 on input line 322.
Package textcomp Info: Setting qzc sub-encoding to TS1/0 on input line 323.
Package textcomp Info: Setting qhvc sub-encoding to TS1/0 on input line 324.
Package textcomp Info: Setting futs sub-encoding to TS1/4 on input line 325.
Package textcomp Info: Setting futx sub-encoding to TS1/4 on input line 326.
Package textcomp Info: Setting futj sub-encoding to TS1/4 on input line 327.
Package textcomp Info: Setting hlh sub-encoding to TS1/3 on input line 328.
Package textcomp Info: Setting hls sub-encoding to TS1/3 on input line 329.
Package textcomp Info: Setting hlst sub-encoding to TS1/3 on input line 330.
Package textcomp Info: Setting hlct sub-encoding to TS1/5 on input line 331.
Package textcomp Info: Setting hlx sub-encoding to TS1/5 on input line 332.
Package textcomp Info: Setting hlce sub-encoding to TS1/5 on input line 333.
Package textcomp Info: Setting hlcn sub-encoding to TS1/5 on input line 334.
Package textcomp Info: Setting hlcw sub-encoding to TS1/5 on input line 335.
Package textcomp Info: Setting hlcf sub-encoding to TS1/5 on input line 336.
Package textcomp Info: Setting pplx sub-encoding to TS1/3 on input line 337.
Package textcomp Info: Setting pplj sub-encoding to TS1/3 on input line 338.
Package textcomp Info: Setting ptmx sub-encoding to TS1/4 on input line 339.
Package textcomp Info: Setting ptmj sub-encoding to TS1/4 on input line 340.
))
Package biblatex Info: Trying to load language 'english'...
Package biblatex Info: ... file 'english.lbx' found.

("D:\Software\MiKTeX 2.9\tex\latex\biblatex\lbx\english.lbx"
File: english.lbx 2013/07/15 v2.7a biblatex localization (PK/JW/AB)
)
\@quotelevel=\count233
Normal \count register pool exhausted, switching to extended pool.
\@quotereset=\count277

(D:\github\oneClass\inst\docs\oneClass_intro.aux)
LaTeX Font Info:    Checking defaults for OML/cmm/m/it on input line 87.
LaTeX Font Info:    ... okay on input line 87.
LaTeX Font Info:    Checking defaults for T1/cmr/m/n on input line 87.
LaTeX Font Info:    ... okay on input line 87.
LaTeX Font Info:    Checking defaults for OT1/cmr/m/n on input line 87.
LaTeX Font Info:    ... okay on input line 87.
LaTeX Font Info:    Checking defaults for OMS/cmsy/m/n on input line 87.
LaTeX Font Info:    ... okay on input line 87.
LaTeX Font Info:    Checking defaults for OMX/cmex/m/n on input line 87.
LaTeX Font Info:    ... okay on input line 87.
LaTeX Font Info:    Checking defaults for U/cmr/m/n on input line 87.
LaTeX Font Info:    ... okay on input line 87.
LaTeX Font Info:    Checking defaults for PD1/pdf/m/n on input line 87.
LaTeX Font Info:    ... okay on input line 87.
LaTeX Font Info:    Checking defaults for TS1/cmr/m/n on input line 87.
LaTeX Font Info:    Try loading font information for TS1+cmr on input line 87.

("D:\Software\MiKTeX 2.9\tex\latex\base\ts1cmr.fd"
File: ts1cmr.fd 1999/05/25 v2.5h Standard LaTeX font definitions
)
LaTeX Font Info:    ... okay on input line 87.
LaTeX Font Info:    Try loading font information for T1+ppl on input line 87.

("D:\Software\MiKTeX 2.9\tex\latex\psnfss\t1ppl.fd"
File: t1ppl.fd 2001/06/04 font definitions for T1/ppl.
)
("D:\Software\MiKTeX 2.9\tex\context\base\supp-pdf.mkii"
[Loading MPS to PDF converter (version 2006.09.02).]
\scratchcounter=\count278
\scratchdimen=\dimen134
\scratchbox=\box53
\nofMPsegments=\count279
\nofMParguments=\count280
\everyMPshowfont=\toks17
\MPscratchCnt=\count281
\MPscratchDim=\dimen135
\MPnumerator=\count282
\makeMPintoPDFobject=\count283
\everyMPtoPDFconversion=\toks18
)
\big@size=\dimen136

*geometry* driver: auto-detecting
*geometry* detected driver: pdftex

Package geometry Warning: The marginal notes overrun the paper.
     Add 4.86812pt and more to the right margin.

*geometry* verbose mode - [ preamble ] result:
* driver: pdftex
* paper: <default>
* layout: <same size as paper>
* layoutoffset:(h,v)=(0.0pt,0.0pt)
* modes: 
* h-part:(L,W,R)=(71.13188pt, 472.03123pt, 71.13188pt)
* v-part:(T,H,B)=(71.13188pt, 652.70622pt, 71.13188pt)
* \paperwidth=614.295pt
* \paperheight=794.96999pt
* \textwidth=472.03123pt
* \textheight=652.70622pt
* \oddsidemargin=-1.1381pt
* \evensidemargin=-1.1381pt
* \topmargin=-38.1381pt
* \headheight=12.0pt
* \headsep=25.0pt
* \topskip=10.0pt
* \footskip=30.0pt
* \marginparwidth=65.0pt
* \marginparsep=11.0pt
* \columnsep=10.0pt
* \skip\footins=9.0pt plus 4.0pt minus 2.0pt
* \hoffset=0.0pt
* \voffset=0.0pt
* \mag=1000
* \@twocolumnfalse
* \@twosidefalse
* \@mparswitchfalse
* \@reversemarginfalse
* (1in=72.27pt=25.4mm, 1cm=28.453pt)

Package biblatex Info: No input encoding detected.
(biblatex)             Assuming 'ascii'.
Package biblatex Info: Automatic encoding selection.
(biblatex)             Assuming data encoding 'ascii'.
Package biblatex Info: Trying to load bibliographic data...
Package biblatex Info: ... file 'oneClass_intro.bbl' found.
(D:\github\oneClass\inst\docs\oneClass_intro.bbl)
Package biblatex Info: Reference section=0 on input line 87.
Package biblatex Info: Reference segment=0 on input line 87.
\AtBeginShipoutBox=\box54
Package hyperref Info: Link coloring OFF on input line 87.

("D:\Software\MiKTeX 2.9\tex\latex\hyperref\nameref.sty"
Package: nameref 2012/10/27 v2.43 Cross-referencing by name of section

("D:\Software\MiKTeX 2.9\tex\generic\oberdiek\gettitlestring.sty"
Package: gettitlestring 2010/12/03 v1.4 Cleanup title references (HO)
)
\c@section@level=\count284
)
LaTeX Info: Redefining \ref on input line 87.
LaTeX Info: Redefining \pageref on input line 87.
LaTeX Info: Redefining \nameref on input line 87.

(D:\github\oneClass\inst\docs\oneClass_intro.out)
(D:\github\oneClass\inst\docs\oneClass_intro.out)
\@outlinefile=\write4
LaTeX Font Info:    Try loading font information for T1+lmss on input line 95.

("D:\Software\MiKTeX 2.9\tex\latex\lm\t1lmss.fd"
File: t1lmss.fd 2009/10/30 v1.6 Font defs for Latin Modern
)
LaTeX Font Info:    Try loading font information for OT1+ppl on input line 95.

("D:\Software\MiKTeX 2.9\tex\latex\psnfss\ot1ppl.fd"
File: ot1ppl.fd 2001/06/04 font definitions for OT1/ppl.
)
LaTeX Font Info:    Try loading font information for OML+zplm on input line 95.


("D:\Software\MiKTeX 2.9\tex\latex\psnfss\omlzplm.fd"
File: omlzplm.fd 2002/09/08 Fontinst v1.914 font definitions for OML/zplm.
)
LaTeX Font Info:    Try loading font information for OMS+zplm on input line 95.


("D:\Software\MiKTeX 2.9\tex\latex\psnfss\omszplm.fd"
File: omszplm.fd 2002/09/08 Fontinst v1.914 font definitions for OMS/zplm.
)
LaTeX Font Info:    Try loading font information for OMX+zplm on input line 95.


("D:\Software\MiKTeX 2.9\tex\latex\psnfss\omxzplm.fd"
File: omxzplm.fd 2002/09/08 Fontinst v1.914 font definitions for OMX/zplm.
)
LaTeX Font Info:    Try loading font information for OT1+zplm on input line 95.


("D:\Software\MiKTeX 2.9\tex\latex\psnfss\ot1zplm.fd"
File: ot1zplm.fd 2002/09/08 Fontinst v1.914 font definitions for OT1/zplm.
)
LaTeX Font Info:    Font shape `T1/ppl/bx/n' in size <14.4> not available
(Font)              Font shape `T1/ppl/b/n' tried instead on input line 95.

(D:\github\oneClass\inst\docs\oneClass_intro.toc
LaTeX Font Info:    Font shape `T1/ppl/bx/n' in size <10> not available
(Font)              Font shape `T1/ppl/b/n' tried instead on input line 3.
)
\tf@toc=\write5
 [1

{C:/ProgramData/MiKTeX/2.9/pdftex/config/pdftex.map}]
LaTeX Font Info:    Font shape `T1/ppl/bx/it' in size <10> not available
(Font)              Font shape `T1/ppl/b/it' tried instead on input line 125.

! Undefined control sequence.
l.145 methods of the \package
                             {oneClass} are implemented as custom functions ...
The control sequence at the end of the top line
of your error message was never \def'ed. If you have
misspelled it (e.g., `\hobx'), type `I' and the correct
spelling (e.g., `I\hbox'). Otherwise just continue,
and I'll forget about whatever was undefined.

LaTeX Font Info:    Try loading font information for T1+lmtt on input line 151.

("D:\Software\MiKTeX 2.9\tex\latex\lm\t1lmtt.fd"
File: t1lmtt.fd 2009/10/30 v1.6 Font defs for Latin Modern
) [2]
Package color Info: Redefining color shadecolor on input line 178.
LaTeX Font Info:    Font shape `T1/lmtt/bx/n' in size <10> not available
(Font)              Font shape `T1/lmtt/b/n' tried instead on input line 180.
LaTeX Font Info:    Try loading font information for TS1+lmtt on input line 181
.

("D:\Software\MiKTeX 2.9\tex\latex\lm\ts1lmtt.fd"
File: ts1lmtt.fd 2009/10/30 v1.6 Font defs for Latin Modern
)
Package color Info: Redefining color shadecolor on input line 198.
Package color Info: Redefining color shadecolor on input line 209.


LaTeX Warning: No positions in optional float specifier.
               Default added (so using `tbp') on input line 209.

<figures/plots-loadpkg_prelim.pdf, id=80, 1156.32pt x 289.08pt>
File: figures/plots-loadpkg_prelim.pdf Graphic file (type pdf)

<use figures/plots-loadpkg_prelim.pdf>
Package pdftex.def Info: figures/plots-loadpkg_prelim.pdf used on input line 21
2.
(pdftex.def)             Requested size: 472.03123pt x 118.00748pt.
Package color Info: Redefining color shadecolor on input line 236.
 [3 <D:/github/oneClass/inst/docs/figures/plots-loadpkg_prelim.pdf>]
Package color Info: Redefining color shadecolor on input line 254.

<figures/plots-featurespace_trainTest.pdf, id=102, 578.16pt x 289.08pt>
File: figures/plots-featurespace_trainTest.pdf Graphic file (type pdf)

<use figures/plots-featurespace_trainTest.pdf>
Package pdftex.def Info: figures/plots-featurespace_trainTest.pdf used on input
 line 262.
(pdftex.def)             Requested size: 377.62642pt x 188.81284pt.
Package color Info: Redefining color shadecolor on input line 284.

Underfull \vbox (badness 10000) detected at line 298
 []

[4 <D:/github/oneClass/inst/docs/figures/plots-featurespace_trainTest.pdf>]
Package color Info: Redefining color shadecolor on input line 316.
Package color Info: Redefining color shadecolor on input line 328.

<figures/plots-img_plot.pdf, id=113, 505.89pt x 505.89pt>
File: figures/plots-img_plot.pdf Graphic file (type pdf)

<use figures/plots-img_plot.pdf>
Package pdftex.def Info: figures/plots-img_plot.pdf used on input line 330.
(pdftex.def)             Requested size: 143.14276pt x 143.14575pt.
Package color Info: Redefining color shadecolor on input line 339.

<figures/plots-hist_plot.pdf, id=114, 505.89pt x 505.89pt>
File: figures/plots-hist_plot.pdf Graphic file (type pdf)

<use figures/plots-hist_plot.pdf>
Package pdftex.def Info: figures/plots-hist_plot.pdf used on input line 341.
(pdftex.def)             Requested size: 143.14276pt x 143.14575pt.
Package color Info: Redefining color shadecolor on input line 350.

<figures/plots-featurespace_plot.pdf, id=115, 505.89pt x 505.89pt>
File: figures/plots-featurespace_plot.pdf Graphic file (type pdf)

<use figures/plots-featurespace_plot.pdf>
Package pdftex.def Info: figures/plots-featurespace_plot.pdf used on input line
 352.
(pdftex.def)             Requested size: 143.14276pt x 143.14575pt.

Overfull \vbox (143.14575pt too high) has occurred while \output is active []


Overfull \vbox (142.14575pt too high) has occurred while \output is active []


Overfull \vbox (141.14575pt too high) has occurred while \output is active []


Overfull \vbox (140.14575pt too high) has occurred while \output is active []


Overfull \vbox (139.14575pt too high) has occurred while \output is active []


Overfull \vbox (138.14575pt too high) has occurred while \output is active []


Overfull \vbox (137.14575pt too high) has occurred while \output is active []


Overfull \vbox (136.14575pt too high) has occurred while \output is active []


Overfull \vbox (135.14575pt too high) has occurred while \output is active []


Overfull \vbox (134.14575pt too high) has occurred while \output is active []


Overfull \vbox (133.14575pt too high) has occurred while \output is active []


Overfull \vbox (132.14575pt too high) has occurred while \output is active []


Overfull \vbox (131.14575pt too high) has occurred while \output is active []


Overfull \vbox (130.14575pt too high) has occurred while \output is active []


Overfull \vbox (129.14575pt too high) has occurred while \output is active []


Overfull \vbox (128.14575pt too high) has occurred while \output is active []


Overfull \vbox (127.14575pt too high) has occurred while \output is active []


Overfull \vbox (126.14575pt too high) has occurred while \output is active []


Overfull \vbox (125.14575pt too high) has occurred while \output is active []


Overfull \vbox (124.14575pt too high) has occurred while \output is active []


Overfull \vbox (123.14575pt too high) has occurred while \output is active []


Overfull \vbox (122.14575pt too high) has occurred while \output is active []


Overfull \vbox (121.14575pt too high) has occurred while \output is active []


Overfull \vbox (120.14575pt too high) has occurred while \output is active []


Overfull \vbox (119.14575pt too high) has occurred while \output is active []


Overfull \vbox (118.14575pt too high) has occurred while \output is active []


Overfull \vbox (117.14575pt too high) has occurred while \output is active []


Overfull \vbox (116.14575pt too high) has occurred while \output is active []


Overfull \vbox (115.14575pt too high) has occurred while \output is active []


Overfull \vbox (114.14575pt too high) has occurred while \output is active []


Overfull \vbox (113.14575pt too high) has occurred while \output is active []


Overfull \vbox (112.14575pt too high) has occurred while \output is active []


Overfull \vbox (111.14575pt too high) has occurred while \output is active []


Overfull \vbox (110.14575pt too high) has occurred while \output is active []


Overfull \vbox (109.14575pt too high) has occurred while \output is active []


Overfull \vbox (108.14575pt too high) has occurred while \output is active []


Overfull \vbox (107.14575pt too high) has occurred while \output is active []


Overfull \vbox (106.14575pt too high) has occurred while \output is active []


Overfull \vbox (105.14575pt too high) has occurred while \output is active []


Overfull \vbox (104.14575pt too high) has occurred while \output is active []


Overfull \vbox (103.14575pt too high) has occurred while \output is active []


Overfull \vbox (102.14575pt too high) has occurred while \output is active []


Overfull \vbox (101.14575pt too high) has occurred while \output is active []


Overfull \vbox (100.14575pt too high) has occurred while \output is active []


Overfull \vbox (99.14575pt too high) has occurred while \output is active []


Overfull \vbox (98.14575pt too high) has occurred while \output is active []


Overfull \vbox (97.14575pt too high) has occurred while \output is active []


Overfull \vbox (96.14575pt too high) has occurred while \output is active []


Overfull \vbox (95.14575pt too high) has occurred while \output is active []


Overfull \vbox (94.14575pt too high) has occurred while \output is active []


Overfull \vbox (93.14575pt too high) has occurred while \output is active []


Overfull \vbox (92.14575pt too high) has occurred while \output is active []


Overfull \vbox (91.14575pt too high) has occurred while \output is active []


Overfull \vbox (90.14575pt too high) has occurred while \output is active []


Overfull \vbox (89.14575pt too high) has occurred while \output is active []


Overfull \vbox (88.14575pt too high) has occurred while \output is active []


Overfull \vbox (87.14575pt too high) has occurred while \output is active []


Overfull \vbox (86.14575pt too high) has occurred while \output is active []


Overfull \vbox (85.14575pt too high) has occurred while \output is active []


Overfull \vbox (84.14575pt too high) has occurred while \output is active []


Overfull \vbox (83.14575pt too high) has occurred while \output is active []


Overfull \vbox (82.14575pt too high) has occurred while \output is active []


Overfull \vbox (81.14575pt too high) has occurred while \output is active []


Overfull \vbox (80.14575pt too high) has occurred while \output is active []


Overfull \vbox (79.14575pt too high) has occurred while \output is active []


Overfull \vbox (78.14575pt too high) has occurred while \output is active []


Overfull \vbox (77.14575pt too high) has occurred while \output is active []


Overfull \vbox (76.14575pt too high) has occurred while \output is active []


Overfull \vbox (75.14575pt too high) has occurred while \output is active []


Overfull \vbox (74.14575pt too high) has occurred while \output is active []


Overfull \vbox (73.14575pt too high) has occurred while \output is active []


Overfull \vbox (72.14575pt too high) has occurred while \output is active []


Overfull \vbox (71.14575pt too high) has occurred while \output is active []


Overfull \vbox (70.14575pt too high) has occurred while \output is active []


Overfull \vbox (69.14575pt too high) has occurred while \output is active []


Overfull \vbox (68.14575pt too high) has occurred while \output is active []


Overfull \vbox (67.14575pt too high) has occurred while \output is active []


Overfull \vbox (66.14575pt too high) has occurred while \output is active []


Overfull \vbox (65.14575pt too high) has occurred while \output is active []


Overfull \vbox (64.14575pt too high) has occurred while \output is active []


Overfull \vbox (63.14575pt too high) has occurred while \output is active []


Overfull \vbox (62.14575pt too high) has occurred while \output is active []


Overfull \vbox (61.14575pt too high) has occurred while \output is active []


Overfull \vbox (60.14575pt too high) has occurred while \output is active []


Overfull \vbox (59.14575pt too high) has occurred while \output is active []


Overfull \vbox (58.14575pt too high) has occurred while \output is active []


Overfull \vbox (57.14575pt too high) has occurred while \output is active []


Overfull \vbox (56.14575pt too high) has occurred while \output is active []


Overfull \vbox (55.14575pt too high) has occurred while \output is active []


Overfull \vbox (54.14575pt too high) has occurred while \output is active []


Overfull \vbox (53.14575pt too high) has occurred while \output is active []


Overfull \vbox (52.14575pt too high) has occurred while \output is active []


Overfull \vbox (51.14575pt too high) has occurred while \output is active []


Overfull \vbox (50.14575pt too high) has occurred while \output is active []


Overfull \vbox (49.14575pt too high) has occurred while \output is active []


Overfull \vbox (48.14575pt too high) has occurred while \output is active []


Overfull \vbox (47.14575pt too high) has occurred while \output is active []


Overfull \vbox (46.14575pt too high) has occurred while \output is active []


Overfull \vbox (45.14575pt too high) has occurred while \output is active []


[5 <D:/github/oneClass/inst/docs/figures/plots-img_plot.pdf> <D:/github/oneClas
s/inst/docs/figures/plots-hist_plot.pdf> <D:/github/oneClass/inst/docs/figures/
plots-featurespace_plot.pdf>]
! Undefined control sequence.
l.388 \pkt
          {caret} offers different ploting functions for this purpose \footn...
The control sequence at the end of the top line
of your error message was never \def'ed. If you have
misspelled it (e.g., `\hobx'), type `I' and the correct
spelling (e.g., `I\hbox'). Otherwise just continue,
and I'll forget about whatever was undefined.


Overfull \hbox (1.1833pt too wide) in paragraph at lines 387--390
[]\T1/ppl/m/n/10 Nevertheless, it is al-ways a good idea to ex-am-ine the re-la
-tion-ship be-tween the es-ti-mated PU-performance
 []

Package color Info: Redefining color shadecolor on input line 392.
<figures/plots-levelplots1.pdf, id=141, 505.89pt x 505.89pt>
File: figures/plots-levelplots1.pdf Graphic file (type pdf)

<use figures/plots-levelplots1.pdf>
Package pdftex.def Info: figures/plots-levelplots1.pdf used on input line 400.
(pdftex.def)             Requested size: 236.01561pt x 236.01605pt.

<figures/plots-levelplots2.pdf, id=142, 505.89pt x 505.89pt>
File: figures/plots-levelplots2.pdf Graphic file (type pdf)

<use figures/plots-levelplots2.pdf>
Package pdftex.def Info: figures/plots-levelplots2.pdf used on input line 401.
(pdftex.def)             Requested size: 236.01561pt x 236.01605pt.
 [6 <D:/github/oneClass/inst/docs/figures/plots-levelplots1.pdf>]
Package color Info: Redefining color shadecolor on input line 421.
LaTeX Font Info:    Font shape `T1/lmtt/bx/n' in size <8> not available
(Font)              Font shape `T1/lmtt/b/n' tried instead on input line 424.

Underfull \vbox (badness 10000) detected at line 455
 []

[7 <D:/github/oneClass/inst/docs/figures/plots-levelplots2.pdf>]
Package color Info: Redefining color shadecolor on input line 480.
 [8]
Package color Info: Redefining color shadecolor on input line 500.
Package color Info: Redefining color shadecolor on input line 509.

<figures/plots-resamps_eval.pdf, id=171, 505.89pt x 505.89pt>
File: figures/plots-resamps_eval.pdf Graphic file (type pdf)

<use figures/plots-resamps_eval.pdf>
Package pdftex.def Info: figures/plots-resamps_eval.pdf used on input line 511.

(pdftex.def)             Requested size: 354.02342pt x 354.02794pt.
Package color Info: Redefining color shadecolor on input line 524.
Package color Info: Redefining color shadecolor on input line 537.

<figures/plots-update1_hist.pdf, id=172, 505.89pt x 505.89pt>
File: figures/plots-update1_hist.pdf Graphic file (type pdf)

<use figures/plots-update1_hist.pdf>
Package pdftex.def Info: figures/plots-update1_hist.pdf used on input line 539.

(pdftex.def)             Requested size: 150.67708pt x 150.67975pt.
Package color Info: Redefining color shadecolor on input line 548.

<figures/plots-update1_fs.pdf, id=173, 505.89pt x 505.89pt>
File: figures/plots-update1_fs.pdf Graphic file (type pdf)

<use figures/plots-update1_fs.pdf>
Package pdftex.def Info: figures/plots-update1_fs.pdf used on input line 550.
(pdftex.def)             Requested size: 150.67708pt x 150.67975pt.

Overfull \vbox (95.2782pt too high) has occurred while \output is active []


[9 <D:/github/oneClass/inst/docs/figures/plots-resamps_eval.pdf> <D:/github/one
Class/inst/docs/figures/plots-update1_hist.pdf>]
Package color Info: Redefining color shadecolor on input line 559.

<figures/plots-update2_hist.pdf, id=189, 505.89pt x 505.89pt>
File: figures/plots-update2_hist.pdf Graphic file (type pdf)

<use figures/plots-update2_hist.pdf>
Package pdftex.def Info: figures/plots-update2_hist.pdf used on input line 561.

(pdftex.def)             Requested size: 150.67708pt x 150.67975pt.
Package color Info: Redefining color shadecolor on input line 570.

<figures/plots-update2_fs.pdf, id=190, 505.89pt x 505.89pt>
File: figures/plots-update2_fs.pdf Graphic file (type pdf)

<use figures/plots-update2_fs.pdf>
Package pdftex.def Info: figures/plots-update2_fs.pdf used on input line 572.
(pdftex.def)             Requested size: 150.67708pt x 150.67975pt.
Package color Info: Redefining color shadecolor on input line 581.

<figures/plots-update3_hist.pdf, id=191, 505.89pt x 505.89pt>
File: figures/plots-update3_hist.pdf Graphic file (type pdf)

<use figures/plots-update3_hist.pdf>
Package pdftex.def Info: figures/plots-update3_hist.pdf used on input line 583.

(pdftex.def)             Requested size: 150.67708pt x 150.67975pt.
Package color Info: Redefining color shadecolor on input line 592.

<figures/plots-update3_fs.pdf, id=192, 505.89pt x 505.89pt>
File: figures/plots-update3_fs.pdf Graphic file (type pdf)

<use figures/plots-update3_fs.pdf>
Package pdftex.def Info: figures/plots-update3_fs.pdf used on input line 594.
(pdftex.def)             Requested size: 150.67708pt x 150.67975pt.

! You can't use `macro parameter character #' in horizontal mode.
l.610 Instead, in model #
                         26 we should expect a higher overlap and it is less...
Sorry, but I'm not programmed to handle this case;
I'll just pretend that you didn't ask for it.
If you're in the wrong mode, you might be able to
return to the right one by typing `I}' or `I$' or `I\par'.

Package color Info: Redefining color shadecolor on input line 628.
[10 <D:/github/oneClass/inst/docs/figures/plots-update1_fs.pdf> <D:/github/oneC
lass/inst/docs/figures/plots-update2_hist.pdf> <D:/github/oneClass/inst/docs/fi
gures/plots-update2_fs.pdf> <D:/github/oneClass/inst/docs/figures/plots-update3
_hist.pdf> <D:/github/oneClass/inst/docs/figures/plots-update3_fs.pdf>]
Package color Info: Redefining color shadecolor on input line 660.
Package color Info: Redefining color shadecolor on input line 670.

<figures/plots-evalDepTh_plot.pdf, id=227, 505.89pt x 505.89pt>
File: figures/plots-evalDepTh_plot.pdf Graphic file (type pdf)

<use figures/plots-evalDepTh_plot.pdf>
Package pdftex.def Info: figures/plots-evalDepTh_plot.pdf used on input line 67
2.
(pdftex.def)             Requested size: 231.01561pt x 231.0217pt.
Package color Info: Redefining color shadecolor on input line 681.
 [11 <D:/github/oneClass/inst/docs/figures/plots-evalDepTh_plot.pdf>]
Package color Info: Redefining color shadecolor on input line 708.
Package color Info: Redefining color shadecolor on input line 717.

<figures/plots-evalModsel_puF.pdf, id=238, 505.89pt x 505.89pt>
File: figures/plots-evalModsel_puF.pdf Graphic file (type pdf)

<use figures/plots-evalModsel_puF.pdf>
Package pdftex.def Info: figures/plots-evalModsel_puF.pdf used on input line 72
3.
(pdftex.def)             Requested size: 231.01561pt x 231.0217pt.
Package color Info: Redefining color shadecolor on input line 732.

<figures/plots-evalModsel_puAuc.pdf, id=239, 505.89pt x 505.89pt>
File: figures/plots-evalModsel_puAuc.pdf Graphic file (type pdf)

<use figures/plots-evalModsel_puAuc.pdf>
Package pdftex.def Info: figures/plots-evalModsel_puAuc.pdf used on input line 
738.
(pdftex.def)             Requested size: 231.01561pt x 231.0217pt.
Package color Info: Redefining color shadecolor on input line 768.
 [12 <D:/github/oneClass/inst/docs/figures/plots-evalModsel_puF.pdf> <D:/github
/oneClass/inst/docs/figures/plots-evalModsel_puAuc.pdf>]
! Undefined control sequence.
l.781 ...es you might want to work with a \Sexexpr
                                                  ('rasterTiled') object. Th...
The control sequence at the end of the top line
of your error message was never \def'ed. If you have
misspelled it (e.g., `\hobx'), type `I' and the correct
spelling (e.g., `I\hbox'). Otherwise just continue,
and I'll forget about whatever was undefined.

Package color Info: Redefining color shadecolor on input line 788.
! Undefined control sequence.
l.828 See also the package \Sexexpr
                                   {'spatial.tools'} ...
The control sequence at the end of the top line
of your error message was never \def'ed. If you have
misspelled it (e.g., `\hobx'), type `I' and the correct
spelling (e.g., `I\hbox'). Otherwise just continue,
and I'll forget about whatever was undefined.

LaTeX Font Info:    Try loading font information for TS1+ppl on input line 836.

("D:\Software\MiKTeX 2.9\tex\latex\psnfss\ts1ppl.fd"
File: ts1ppl.fd 2001/06/04 font definitions for TS1/ppl.
) [13]
Package atveryend Info: Empty hook `BeforeClearDocument' on input line 848.
 [14]
Package atveryend Info: Empty hook `AfterLastShipout' on input line 848.

(D:\github\oneClass\inst\docs\oneClass_intro.aux)
Package atveryend Info: Executing hook `AtVeryEndDocument' on input line 848.
Package atveryend Info: Executing hook `AtEndAfterFileList' on input line 848.
Package rerunfilecheck Info: File `oneClass_intro.out' has not changed.
(rerunfilecheck)             Checksum: 3523146A8D63586495B29595573B6EEA;542.
Package logreq Info: Writing requests to 'oneClass_intro.run.xml'.
 ) 
Here is how much of TeX's memory you used:
 11850 strings out of 493921
 187020 string characters out of 3149293
 377499 words of memory out of 3000000
 14909 multiletter control sequences out of 15000+200000
 50681 words of font info for 93 fonts, out of 3000000 for 9000
 841 hyphenation exceptions out of 8191
 37i,8n,49p,823b,974s stack positions out of 5000i,500n,10000p,200000b,50000s
{D:/Software/MiKTeX 2.9/fonts/enc/dvips/lm/lm-ts1.enc}{D:/Software/MiKTeX 2.9
/fonts/enc/dvips/lm/lm-ec.enc}{D:/Software/MiKTeX 2.9/fonts/enc/dvips/fontname/
8r.enc}<D:/Software/MiKTeX 2.9/fonts/type1/public/mathpazo/fplmri.pfb><D:/Softw
are/MiKTeX 2.9/fonts/type1/public/lm/lmss10.pfb><D:/Software/MiKTeX 2.9/fonts/t
ype1/public/lm/lmss17.pfb><D:/Software/MiKTeX 2.9/fonts/type1/public/lm/lmss8.p
fb><D:/Software/MiKTeX 2.9/fonts/type1/public/lm/lmtk10.pfb><D:/Software/MiKTeX
 2.9/fonts/type1/public/lm/lmtt10.pfb><D:/Software/MiKTeX 2.9/fonts/type1/publi
c/lm/lmtt8.pfb><D:/Software/MiKTeX 2.9/fonts/type1/public/lm/lmtti10.pfb><D:/So
ftware/MiKTeX 2.9/fonts/type1/urw/palatino/uplb8a.pfb><D:/Software/MiKTeX 2.9/f
onts/type1/urw/palatino/uplbi8a.pfb><D:/Software/MiKTeX 2.9/fonts/type1/urw/pal
atino/uplr8a.pfb><D:/Software/MiKTeX 2.9/fonts/type1/urw/palatino/uplri8a.pfb>
Output written on oneClass_intro.pdf (14 pages, 1759896 bytes).
PDF statistics:
 341 PDF objects out of 1000 (max. 8388607)
 40 named destinations out of 1000 (max. 500000)
 158 words of extra memory for PDF output out of 10000 (max. 10000000)

