Fri Jul 24 15:47:21 CEST 2015
MaxEnt version 3.3.3k
Reading file absence
readGrid: max memory 477626368, total allocated 62914560, free 35869600, used 27044960, increment -5360848
Reading samples from presence
Read samples: max memory 477626368, total allocated 62914560, free 35869600, used 27044960, increment 0
Adding samples to background in feature space
Command line used:  autorun -e devel/maxent_tuneFC/maxentRes4/fc-HQPT_beta-0.1_uid-443/absence -o devel/maxent_tuneFC/maxentRes4/fc-HQPT_beta-0.1_uid-443 -s devel/maxent_tuneFC/maxentRes4/fc-HQPT_beta-0.1_uid-443/presence -z autofeature=false betamultiplier=0.1 quadratic=true linear=false
Command line to repeat: java density.MaxEnt nowarnings noprefixes outputdirectory=devel/maxent_tuneFC/maxentRes4/fc-HQPT_beta-0.1_uid-443 samplesfile=devel/maxent_tuneFC/maxentRes4/fc-HQPT_beta-0.1_uid-443/presence environmentallayers=devel/maxent_tuneFC/maxentRes4/fc-HQPT_beta-0.1_uid-443/absence betamultiplier=0.1 nolinear autorun novisible noautofeature
Species: species
Layers: x1 x2
Layertypes: Continuous Continuous
outputdirectory: devel/maxent_tuneFC/maxentRes4/fc-HQPT_beta-0.1_uid-443
samplesfile: devel/maxent_tuneFC/maxentRes4/fc-HQPT_beta-0.1_uid-443/presence
environmentallayers: devel/maxent_tuneFC/maxentRes4/fc-HQPT_beta-0.1_uid-443/absence
betamultiplier: 0.1
linear: false
autorun: true
visible: false
autofeature: false

getSamples: max memory 477626368, total allocated 62914560, free 35399024, used 27515536, increment 470576
Making features
makeFeatures: max memory 477626368, total allocated 62914560, free 35399024, used 27515536, increment 0
species: 
Regularization values: linear/quadratic/product: 1.600, categorical: 0.500, threshold: 1.900, hinge: 0.500
10 samples
Density: max memory 477626368, total allocated 62914560, free 35399024, used 27515536, increment 0
linearPredictor: max memory 477626368, total allocated 62914560, free 35399024, used 27515536, increment 0
FeaturedSpace: max memory 477626368, total allocated 62914560, free 35399024, used 27515536, increment 0
Sequential: max memory 477626368, total allocated 62914560, free 35399024, used 27515536, increment 0
Initial loss: 4.0943445622221
500: time = 0,032000 loss = 2,870725
Resulting gain: 1.2236199424429577
Projecting...
Writing file devel\maxent_tuneFC\maxentRes4\fc-HQPT_beta-0.1_uid-443\species.csv
Ending
