Fri Jul 24 15:55:54 CEST 2015
MaxEnt version 3.3.3k
Reading file absence
readGrid: max memory 477626368, total allocated 64487424, free 41289712, used 23197712, increment -5840352
Reading samples from presence
Read samples: max memory 477626368, total allocated 64487424, free 40821104, used 23666320, increment 468608
Adding samples to background in feature space
Command line used:  autorun -e devel/maxent_tuneFC/maxentRes6/fc-D_beta-10_uid-478/absence -o devel/maxent_tuneFC/maxentRes6/fc-D_beta-10_uid-478 -s devel/maxent_tuneFC/maxentRes6/fc-D_beta-10_uid-478/presence -z autofeature=false betamultiplier=10 linear=true quadratic=true hinge=false product=true threshold=true
Command line to repeat: java density.MaxEnt nowarnings noprefixes outputdirectory=devel/maxent_tuneFC/maxentRes6/fc-D_beta-10_uid-478 samplesfile=devel/maxent_tuneFC/maxentRes6/fc-D_beta-10_uid-478/presence environmentallayers=devel/maxent_tuneFC/maxentRes6/fc-D_beta-10_uid-478/absence betamultiplier=10.0 nohinge autorun novisible noautofeature
Species: species
Layers: x1 x2
Layertypes: Continuous Continuous
outputdirectory: devel/maxent_tuneFC/maxentRes6/fc-D_beta-10_uid-478
samplesfile: devel/maxent_tuneFC/maxentRes6/fc-D_beta-10_uid-478/presence
environmentallayers: devel/maxent_tuneFC/maxentRes6/fc-D_beta-10_uid-478/absence
betamultiplier: 10.0
hinge: false
autorun: true
visible: false
autofeature: false

getSamples: max memory 477626368, total allocated 64487424, free 40821104, used 23666320, increment 0
Making features
makeFeatures: max memory 477626368, total allocated 64487424, free 40821104, used 23666320, increment 0
species: 
Regularization values: linear/quadratic/product: 2.200, categorical: 0.590, threshold: 1.960, hinge: 0.500
4 samples
Density: max memory 477626368, total allocated 64487424, free 40821104, used 23666320, increment 0
linearPredictor: max memory 477626368, total allocated 64487424, free 40821104, used 23666320, increment 0
FeaturedSpace: max memory 477626368, total allocated 64487424, free 40821104, used 23666320, increment 0
Sequential: max memory 477626368, total allocated 64487424, free 40821104, used 23666320, increment 0
Initial loss: 3.9889840465642745
60: time = 0,001000 loss = 3,893078
Resulting gain: 0.09590569263254478
Projecting...
Writing file devel\maxent_tuneFC\maxentRes6\fc-D_beta-10_uid-478\species.csv
Ending
