Fri Jul 24 15:20:49 CEST 2015
MaxEnt version 3.3.3k
Reading file absence
readGrid: max memory 477626368, total allocated 76546048, free 58134960, used 18411088, increment -11715072
Reading samples from presence
Read samples: max memory 477626368, total allocated 76546048, free 58134960, used 18411088, increment 0
Adding samples to background in feature space
Command line used:  autorun -e devel/maxent_tuneFC/maxentRes/fc-HQbeta-0.1_uid-57/absence -o devel/maxent_tuneFC/maxentRes/fc-HQbeta-0.1_uid-57 -s devel/maxent_tuneFC/maxentRes/fc-HQbeta-0.1_uid-57/presence -z autofeature=false betamultiplier=0.1 hinge=true quadratic=true
Command line to repeat: java density.MaxEnt nowarnings noprefixes outputdirectory=devel/maxent_tuneFC/maxentRes/fc-HQbeta-0.1_uid-57 samplesfile=devel/maxent_tuneFC/maxentRes/fc-HQbeta-0.1_uid-57/presence environmentallayers=devel/maxent_tuneFC/maxentRes/fc-HQbeta-0.1_uid-57/absence betamultiplier=0.1 autorun novisible noautofeature
Species: species
Layers: x1 x2
Layertypes: Continuous Continuous
outputdirectory: devel/maxent_tuneFC/maxentRes/fc-HQbeta-0.1_uid-57
samplesfile: devel/maxent_tuneFC/maxentRes/fc-HQbeta-0.1_uid-57/presence
environmentallayers: devel/maxent_tuneFC/maxentRes/fc-HQbeta-0.1_uid-57/absence
betamultiplier: 0.1
autorun: true
visible: false
autofeature: false

getSamples: max memory 477626368, total allocated 76546048, free 57445104, used 19100944, increment 689856
Making features
makeFeatures: max memory 477626368, total allocated 76546048, free 57445104, used 19100944, increment 0
species: 
Regularization values: linear/quadratic/product: 0.873, categorical: 0.250, threshold: 1.820, hinge: 0.500
18 samples
Density: max memory 477626368, total allocated 76546048, free 57445104, used 19100944, increment 0
linearPredictor: max memory 477626368, total allocated 76546048, free 57445104, used 19100944, increment 0
FeaturedSpace: max memory 477626368, total allocated 76546048, free 57445104, used 19100944, increment 0
Sequential: max memory 477626368, total allocated 76546048, free 57445104, used 19100944, increment 0
Initial loss: 4.68213122712422
500: time = 0,070000 loss = 3,280332
Resulting gain: 1.4017993527119037
Projecting...
Writing file devel\maxent_tuneFC\maxentRes\fc-HQbeta-0.1_uid-57\species.csv
Ending
