Fri Jul 24 15:46:30 CEST 2015
MaxEnt version 3.3.3k
Reading file absence
readGrid: max memory 477626368, total allocated 67633152, free 40109136, used 27524016, increment 18316120
Reading samples from presence
Read samples: max memory 477626368, total allocated 67633152, free 40109136, used 27524016, increment 0
Adding samples to background in feature space
Command line used:  autorun -e devel/maxent_tuneFC/maxentRes3/fc-HQPT_beta-0.1_uid-430/absence -o devel/maxent_tuneFC/maxentRes3/fc-HQPT_beta-0.1_uid-430 -s devel/maxent_tuneFC/maxentRes3/fc-HQPT_beta-0.1_uid-430/presence -z autofeature=false betamultiplier=0.1 quadratic=true linear=false
Command line to repeat: java density.MaxEnt nowarnings noprefixes outputdirectory=devel/maxent_tuneFC/maxentRes3/fc-HQPT_beta-0.1_uid-430 samplesfile=devel/maxent_tuneFC/maxentRes3/fc-HQPT_beta-0.1_uid-430/presence environmentallayers=devel/maxent_tuneFC/maxentRes3/fc-HQPT_beta-0.1_uid-430/absence betamultiplier=0.1 nolinear autorun novisible noautofeature
Species: species
Layers: x1 x2
Layertypes: Continuous Continuous
outputdirectory: devel/maxent_tuneFC/maxentRes3/fc-HQPT_beta-0.1_uid-430
samplesfile: devel/maxent_tuneFC/maxentRes3/fc-HQPT_beta-0.1_uid-430/presence
environmentallayers: devel/maxent_tuneFC/maxentRes3/fc-HQPT_beta-0.1_uid-430/absence
betamultiplier: 0.1
linear: false
autorun: true
visible: false
autofeature: false

getSamples: max memory 477626368, total allocated 67633152, free 39529704, used 28103448, increment 579432
Making features
makeFeatures: max memory 477626368, total allocated 67633152, free 39529704, used 28103448, increment 0
species: 
Regularization values: linear/quadratic/product: 1.600, categorical: 0.500, threshold: 1.900, hinge: 0.500
10 samples
Density: max memory 477626368, total allocated 67633152, free 39529704, used 28103448, increment 0
linearPredictor: max memory 477626368, total allocated 67633152, free 39529704, used 28103448, increment 0
FeaturedSpace: max memory 477626368, total allocated 67633152, free 39529704, used 28103448, increment 0
Sequential: max memory 477626368, total allocated 67633152, free 39529704, used 28103448, increment 0
Initial loss: 4.0943445622221
500: time = 0,049000 loss = 2,693653
Resulting gain: 1.4006915984050954
Projecting...
Writing file devel\maxent_tuneFC\maxentRes3\fc-HQPT_beta-0.1_uid-430\species.csv
Ending
