Fri Jul 24 15:20:54 CEST 2015
MaxEnt version 3.3.3k
Reading file absence
readGrid: max memory 477626368, total allocated 74448896, free 35882664, used 38566232, increment 23002552
Reading samples from presence
Read samples: max memory 477626368, total allocated 74448896, free 35882664, used 38566232, increment 0
Adding samples to background in feature space
Command line used:  autorun -e devel/maxent_tuneFC/maxentRes/fc-Hbeta-1_uid-62/absence -o devel/maxent_tuneFC/maxentRes/fc-Hbeta-1_uid-62 -s devel/maxent_tuneFC/maxentRes/fc-Hbeta-1_uid-62/presence -z autofeature=false betamultiplier=1 hinge=true
Command line to repeat: java density.MaxEnt nowarnings noprefixes outputdirectory=devel/maxent_tuneFC/maxentRes/fc-Hbeta-1_uid-62 samplesfile=devel/maxent_tuneFC/maxentRes/fc-Hbeta-1_uid-62/presence environmentallayers=devel/maxent_tuneFC/maxentRes/fc-Hbeta-1_uid-62/absence autorun novisible noautofeature
Species: species
Layers: x1 x2
Layertypes: Continuous Continuous
outputdirectory: devel/maxent_tuneFC/maxentRes/fc-Hbeta-1_uid-62
samplesfile: devel/maxent_tuneFC/maxentRes/fc-Hbeta-1_uid-62/presence
environmentallayers: devel/maxent_tuneFC/maxentRes/fc-Hbeta-1_uid-62/absence
autorun: true
visible: false
autofeature: false

getSamples: max memory 477626368, total allocated 74448896, free 35223104, used 39225792, increment 659560
Making features
makeFeatures: max memory 477626368, total allocated 74448896, free 35223104, used 39225792, increment 0
species: 
Regularization values: linear/quadratic/product: 0.873, categorical: 0.250, threshold: 1.820, hinge: 0.500
18 samples
Density: max memory 477626368, total allocated 74448896, free 35223104, used 39225792, increment 0
linearPredictor: max memory 477626368, total allocated 74448896, free 35223104, used 39225792, increment 0
FeaturedSpace: max memory 477626368, total allocated 74448896, free 35223104, used 39225792, increment 0
Sequential: max memory 477626368, total allocated 74448896, free 35223104, used 39225792, increment 0
Initial loss: 4.68213122712422
300: time = 0,039000 loss = 3,910364
Resulting gain: 0.7717677163635477
Projecting...
Writing file devel\maxent_tuneFC\maxentRes\fc-Hbeta-1_uid-62\species.csv
Ending
