Fri Jul 24 15:21:52 CEST 2015
MaxEnt version 3.3.3k
Reading file absence
readGrid: max memory 477626368, total allocated 65536000, free 36777232, used 28758768, increment -944888
Reading samples from presence
Read samples: max memory 477626368, total allocated 65536000, free 36777232, used 28758768, increment 0
Adding samples to background in feature space
Command line used:  autorun -e devel/maxent_tuneFC/maxentRes/fc-HQPTbeta-1_uid-137/absence -o devel/maxent_tuneFC/maxentRes/fc-HQPTbeta-1_uid-137 -s devel/maxent_tuneFC/maxentRes/fc-HQPTbeta-1_uid-137/presence -z autofeature=false betamultiplier=1 hinge=true quadratic=true product=true threshold=true
Command line to repeat: java density.MaxEnt nowarnings noprefixes outputdirectory=devel/maxent_tuneFC/maxentRes/fc-HQPTbeta-1_uid-137 samplesfile=devel/maxent_tuneFC/maxentRes/fc-HQPTbeta-1_uid-137/presence environmentallayers=devel/maxent_tuneFC/maxentRes/fc-HQPTbeta-1_uid-137/absence autorun novisible noautofeature
Species: species
Layers: x1 x2
Layertypes: Continuous Continuous
outputdirectory: devel/maxent_tuneFC/maxentRes/fc-HQPTbeta-1_uid-137
samplesfile: devel/maxent_tuneFC/maxentRes/fc-HQPTbeta-1_uid-137/presence
environmentallayers: devel/maxent_tuneFC/maxentRes/fc-HQPTbeta-1_uid-137/absence
autorun: true
visible: false
autofeature: false

getSamples: max memory 477626368, total allocated 65536000, free 36295440, used 29240560, increment 481792
Making features
makeFeatures: max memory 477626368, total allocated 65536000, free 36295440, used 29240560, increment 0
species: 
Regularization values: linear/quadratic/product: 0.873, categorical: 0.250, threshold: 1.820, hinge: 0.500
18 samples
Density: max memory 477626368, total allocated 65536000, free 36295440, used 29240560, increment 0
linearPredictor: max memory 477626368, total allocated 65536000, free 36295440, used 29240560, increment 0
FeaturedSpace: max memory 477626368, total allocated 65536000, free 36295440, used 29240560, increment 0
Sequential: max memory 477626368, total allocated 65536000, free 36295440, used 29240560, increment 0
Initial loss: 4.68213122712422
240: time = 0,030000 loss = 3,942809
Resulting gain: 0.739322611248685
Projecting...
Writing file devel\maxent_tuneFC\maxentRes\fc-HQPTbeta-1_uid-137\species.csv
Ending
