Fri Jul 24 15:25:27 CEST 2015
MaxEnt version 3.3.3k
Reading file absence
readGrid: max memory 477626368, total allocated 72351744, free 35487384, used 36864360, increment -8416592
Reading samples from presence
Read samples: max memory 477626368, total allocated 72351744, free 34869640, used 37482104, increment 617744
Adding samples to background in feature space
Command line used:  autorun -e devel/maxent_tuneFC/maxentRes2/fc-L_beta-1_uid-189/absence -o devel/maxent_tuneFC/maxentRes2/fc-L_beta-1_uid-189 -s devel/maxent_tuneFC/maxentRes2/fc-L_beta-1_uid-189/presence -z autofeature=false betamultiplier=1 linear=true
Command line to repeat: java density.MaxEnt nowarnings noprefixes outputdirectory=devel/maxent_tuneFC/maxentRes2/fc-L_beta-1_uid-189 samplesfile=devel/maxent_tuneFC/maxentRes2/fc-L_beta-1_uid-189/presence environmentallayers=devel/maxent_tuneFC/maxentRes2/fc-L_beta-1_uid-189/absence autorun novisible noautofeature
Species: species
Layers: x1 x2
Layertypes: Continuous Continuous
outputdirectory: devel/maxent_tuneFC/maxentRes2/fc-L_beta-1_uid-189
samplesfile: devel/maxent_tuneFC/maxentRes2/fc-L_beta-1_uid-189/presence
environmentallayers: devel/maxent_tuneFC/maxentRes2/fc-L_beta-1_uid-189/absence
autorun: true
visible: false
autofeature: false

getSamples: max memory 477626368, total allocated 72351744, free 34869640, used 37482104, increment 0
Making features
makeFeatures: max memory 477626368, total allocated 72351744, free 34869640, used 37482104, increment 0
species: 
Regularization values: linear/quadratic/product: 0.873, categorical: 0.250, threshold: 1.820, hinge: 0.500
18 samples
Density: max memory 477626368, total allocated 72351744, free 34869640, used 37482104, increment 0
linearPredictor: max memory 477626368, total allocated 72351744, free 34869640, used 37482104, increment 0
FeaturedSpace: max memory 477626368, total allocated 72351744, free 34869640, used 37482104, increment 0
Sequential: max memory 477626368, total allocated 72351744, free 34869640, used 37482104, increment 0
Initial loss: 4.68213122712422
220: time = 0,018000 loss = 3,916038
Resulting gain: 0.76609324548531
Projecting...
Writing file devel\maxent_tuneFC\maxentRes2\fc-L_beta-1_uid-189\species.csv
Ending
