Fri Jul 24 15:29:35 CEST 2015
MaxEnt version 3.3.3k
Reading file absence
readGrid: max memory 477626368, total allocated 63438848, free 25450952, used 37987896, increment -5562816
Reading samples from presence
Read samples: max memory 477626368, total allocated 63438848, free 24963248, used 38475600, increment 487704
Adding samples to background in feature space
Command line used:  autorun -e devel/maxent_tuneFC/maxentRes2/fc-L_beta-1_uid-288/absence -o devel/maxent_tuneFC/maxentRes2/fc-L_beta-1_uid-288 -s devel/maxent_tuneFC/maxentRes2/fc-L_beta-1_uid-288/presence -z autofeature=false betamultiplier=1 linear=true
Command line to repeat: java density.MaxEnt nowarnings noprefixes outputdirectory=devel/maxent_tuneFC/maxentRes2/fc-L_beta-1_uid-288 samplesfile=devel/maxent_tuneFC/maxentRes2/fc-L_beta-1_uid-288/presence environmentallayers=devel/maxent_tuneFC/maxentRes2/fc-L_beta-1_uid-288/absence autorun novisible noautofeature
Species: species
Layers: x1 x2
Layertypes: Continuous Continuous
outputdirectory: devel/maxent_tuneFC/maxentRes2/fc-L_beta-1_uid-288
samplesfile: devel/maxent_tuneFC/maxentRes2/fc-L_beta-1_uid-288/presence
environmentallayers: devel/maxent_tuneFC/maxentRes2/fc-L_beta-1_uid-288/absence
autorun: true
visible: false
autofeature: false

getSamples: max memory 477626368, total allocated 63438848, free 24963248, used 38475600, increment 0
Making features
makeFeatures: max memory 477626368, total allocated 63438848, free 24963248, used 38475600, increment 0
species: 
Regularization values: linear/quadratic/product: 1.300, categorical: 0.393, threshold: 1.870, hinge: 0.500
13 samples
Density: max memory 477626368, total allocated 63438848, free 24483704, used 38955144, increment 479544
linearPredictor: max memory 477626368, total allocated 63438848, free 24483704, used 38955144, increment 0
FeaturedSpace: max memory 477626368, total allocated 63438848, free 24483704, used 38955144, increment 0
Sequential: max memory 477626368, total allocated 63438848, free 24483704, used 38955144, increment 0
Initial loss: 4.3694478524670215
140: time = 0,015000 loss = 3,547197
Resulting gain: 0.8222513492241101
Projecting...
Writing file devel\maxent_tuneFC\maxentRes2\fc-L_beta-1_uid-288\species.csv
Ending
