Fri Jul 24 15:54:48 CEST 2015
MaxEnt version 3.3.3k
Reading file absence
readGrid: max memory 477626368, total allocated 64487424, free 39204792, used 25282632, increment 17628472
Reading samples from presence
Read samples: max memory 477626368, total allocated 64487424, free 39204792, used 25282632, increment 0
Adding samples to background in feature space
Command line used:  autorun -e devel/maxent_tuneFC/maxentRes6/fc-D_beta-0.1_uid-465/absence -o devel/maxent_tuneFC/maxentRes6/fc-D_beta-0.1_uid-465 -s devel/maxent_tuneFC/maxentRes6/fc-D_beta-0.1_uid-465/presence -z autofeature=false betamultiplier=0.1 linear=true quadratic=false hinge=false product=false threshold=false
Command line to repeat: java density.MaxEnt nowarnings noprefixes outputdirectory=devel/maxent_tuneFC/maxentRes6/fc-D_beta-0.1_uid-465 samplesfile=devel/maxent_tuneFC/maxentRes6/fc-D_beta-0.1_uid-465/presence environmentallayers=devel/maxent_tuneFC/maxentRes6/fc-D_beta-0.1_uid-465/absence betamultiplier=0.1 noquadratic noproduct nothreshold nohinge autorun novisible noautofeature
Species: species
Layers: x1 x2
Layertypes: Continuous Continuous
outputdirectory: devel/maxent_tuneFC/maxentRes6/fc-D_beta-0.1_uid-465
samplesfile: devel/maxent_tuneFC/maxentRes6/fc-D_beta-0.1_uid-465/presence
environmentallayers: devel/maxent_tuneFC/maxentRes6/fc-D_beta-0.1_uid-465/absence
betamultiplier: 0.1
quadratic: false
product: false
threshold: false
hinge: false
autorun: true
visible: false
autofeature: false

getSamples: max memory 477626368, total allocated 64487424, free 38734184, used 25753240, increment 470608
Making features
makeFeatures: max memory 477626368, total allocated 64487424, free 38734184, used 25753240, increment 0
species: 
Regularization values: linear/quadratic/product: 1.000, categorical: 0.575, threshold: 1.950, hinge: 0.500
5 samples
Density: max memory 477626368, total allocated 64487424, free 38734184, used 25753240, increment 0
linearPredictor: max memory 477626368, total allocated 64487424, free 38734184, used 25753240, increment 0
FeaturedSpace: max memory 477626368, total allocated 64487424, free 38734184, used 25753240, increment 0
Sequential: max memory 477626368, total allocated 64487424, free 38734184, used 25753240, increment 0
Initial loss: 4.007333185232471
60: time = 0,001000 loss = 3,549252
Resulting gain: 0.4580812729159822
Projecting...
Writing file devel\maxent_tuneFC\maxentRes6\fc-D_beta-0.1_uid-465\species.csv
Ending
