Fri Jul 24 15:53:18 CEST 2015
MaxEnt version 3.3.3k
Reading file absence
readGrid: max memory 477626368, total allocated 62914560, free 16495056, used 46419504, increment -2046280
Reading samples from presence
Read samples: max memory 477626368, total allocated 62914560, free 16024536, used 46890024, increment 470520
Adding samples to background in feature space
Command line used:  autorun -e devel/maxent_tuneFC/maxentRes5/fc-HQPT_beta-0.1_uid-456/absence -o devel/maxent_tuneFC/maxentRes5/fc-HQPT_beta-0.1_uid-456 -s devel/maxent_tuneFC/maxentRes5/fc-HQPT_beta-0.1_uid-456/presence -z autofeature=false betamultiplier=0.1 linear=false quadratic=true hinge=true product=true threshold=true
Command line to repeat: java density.MaxEnt nowarnings noprefixes outputdirectory=devel/maxent_tuneFC/maxentRes5/fc-HQPT_beta-0.1_uid-456 samplesfile=devel/maxent_tuneFC/maxentRes5/fc-HQPT_beta-0.1_uid-456/presence environmentallayers=devel/maxent_tuneFC/maxentRes5/fc-HQPT_beta-0.1_uid-456/absence betamultiplier=0.1 nolinear autorun novisible noautofeature
Species: species
Layers: x1 x2
Layertypes: Continuous Continuous
outputdirectory: devel/maxent_tuneFC/maxentRes5/fc-HQPT_beta-0.1_uid-456
samplesfile: devel/maxent_tuneFC/maxentRes5/fc-HQPT_beta-0.1_uid-456/presence
environmentallayers: devel/maxent_tuneFC/maxentRes5/fc-HQPT_beta-0.1_uid-456/absence
betamultiplier: 0.1
linear: false
autorun: true
visible: false
autofeature: false

getSamples: max memory 477626368, total allocated 62914560, free 16024536, used 46890024, increment 0
Making features
makeFeatures: max memory 477626368, total allocated 62914560, free 16024536, used 46890024, increment 0
species: 
Regularization values: linear/quadratic/product: 1.600, categorical: 0.500, threshold: 1.900, hinge: 0.500
10 samples
Density: max memory 477626368, total allocated 62914560, free 16024536, used 46890024, increment 0
linearPredictor: max memory 477626368, total allocated 62914560, free 16024536, used 46890024, increment 0
FeaturedSpace: max memory 477626368, total allocated 62914560, free 16024536, used 46890024, increment 0
Sequential: max memory 477626368, total allocated 62914560, free 16024536, used 46890024, increment 0
Initial loss: 4.0943445622221
480: time = 0,032000 loss = 2,701176
Resulting gain: 1.3931690356651623
Projecting...
Writing file devel\maxent_tuneFC\maxentRes5\fc-HQPT_beta-0.1_uid-456\species.csv
Ending
