Fri Jul 24 15:29:37 CEST 2015
MaxEnt version 3.3.3k
Reading file absence
readGrid: max memory 477626368, total allocated 63438848, free 16231168, used 47207680, increment -4708848
Reading samples from presence
Read samples: max memory 477626368, total allocated 63438848, free 15753792, used 47685056, increment 477376
Adding samples to background in feature space
Command line used:  autorun -e devel/maxent_tuneFC/maxentRes2/fc-HQPT_beta-10_uid-291/absence -o devel/maxent_tuneFC/maxentRes2/fc-HQPT_beta-10_uid-291 -s devel/maxent_tuneFC/maxentRes2/fc-HQPT_beta-10_uid-291/presence -z autofeature=false betamultiplier=10 hinge=true quadratic=true product=true threshold=true
Command line to repeat: java density.MaxEnt nowarnings noprefixes outputdirectory=devel/maxent_tuneFC/maxentRes2/fc-HQPT_beta-10_uid-291 samplesfile=devel/maxent_tuneFC/maxentRes2/fc-HQPT_beta-10_uid-291/presence environmentallayers=devel/maxent_tuneFC/maxentRes2/fc-HQPT_beta-10_uid-291/absence betamultiplier=10.0 autorun novisible noautofeature
Species: species
Layers: x1 x2
Layertypes: Continuous Continuous
outputdirectory: devel/maxent_tuneFC/maxentRes2/fc-HQPT_beta-10_uid-291
samplesfile: devel/maxent_tuneFC/maxentRes2/fc-HQPT_beta-10_uid-291/presence
environmentallayers: devel/maxent_tuneFC/maxentRes2/fc-HQPT_beta-10_uid-291/absence
betamultiplier: 10.0
autorun: true
visible: false
autofeature: false

getSamples: max memory 477626368, total allocated 63438848, free 15753792, used 47685056, increment 0
Making features
makeFeatures: max memory 477626368, total allocated 63438848, free 15753792, used 47685056, increment 0
species: 
Regularization values: linear/quadratic/product: 1.300, categorical: 0.393, threshold: 1.870, hinge: 0.500
13 samples
Density: max memory 477626368, total allocated 63438848, free 15753792, used 47685056, increment 0
linearPredictor: max memory 477626368, total allocated 63438848, free 15753792, used 47685056, increment 0
FeaturedSpace: max memory 477626368, total allocated 63438848, free 15753792, used 47685056, increment 0
Sequential: max memory 477626368, total allocated 63438848, free 15753792, used 47685056, increment 0
Initial loss: 4.3694478524670215
60: time = 0,000000 loss = 4,336934
Resulting gain: 0.03251393296240579
Projecting...
Writing file devel\maxent_tuneFC\maxentRes2\fc-HQPT_beta-10_uid-291\species.csv
Ending
