Fri Jul 24 15:22:00 CEST 2015
MaxEnt version 3.3.3k
Reading file absence
readGrid: max memory 477626368, total allocated 65536000, free 42731960, used 22804040, increment -939760
Reading samples from presence
Read samples: max memory 477626368, total allocated 65536000, free 42250752, used 23285248, increment 481208
Adding samples to background in feature space
Command line used:  autorun -e devel/maxent_tuneFC/maxentRes/fc-Tbeta-0.1_uid-148/absence -o devel/maxent_tuneFC/maxentRes/fc-Tbeta-0.1_uid-148 -s devel/maxent_tuneFC/maxentRes/fc-Tbeta-0.1_uid-148/presence -z autofeature=false betamultiplier=0.1 threshold=true
Command line to repeat: java density.MaxEnt nowarnings noprefixes outputdirectory=devel/maxent_tuneFC/maxentRes/fc-Tbeta-0.1_uid-148 samplesfile=devel/maxent_tuneFC/maxentRes/fc-Tbeta-0.1_uid-148/presence environmentallayers=devel/maxent_tuneFC/maxentRes/fc-Tbeta-0.1_uid-148/absence betamultiplier=0.1 autorun novisible noautofeature
Species: species
Layers: x1 x2
Layertypes: Continuous Continuous
outputdirectory: devel/maxent_tuneFC/maxentRes/fc-Tbeta-0.1_uid-148
samplesfile: devel/maxent_tuneFC/maxentRes/fc-Tbeta-0.1_uid-148/presence
environmentallayers: devel/maxent_tuneFC/maxentRes/fc-Tbeta-0.1_uid-148/absence
betamultiplier: 0.1
autorun: true
visible: false
autofeature: false

getSamples: max memory 477626368, total allocated 65536000, free 41768896, used 23767104, increment 481856
Making features
makeFeatures: max memory 477626368, total allocated 65536000, free 41768896, used 23767104, increment 0
species: 
Regularization values: linear/quadratic/product: 0.873, categorical: 0.250, threshold: 1.820, hinge: 0.500
18 samples
Density: max memory 477626368, total allocated 65536000, free 41768896, used 23767104, increment 0
linearPredictor: max memory 477626368, total allocated 65536000, free 41768896, used 23767104, increment 0
FeaturedSpace: max memory 477626368, total allocated 65536000, free 41768896, used 23767104, increment 0
Sequential: max memory 477626368, total allocated 65536000, free 41768896, used 23767104, increment 0
Initial loss: 4.68213122712422
500: time = 0,065000 loss = 3,292734
Resulting gain: 1.3893971506907081
Projecting...
Writing file devel\maxent_tuneFC\maxentRes\fc-Tbeta-0.1_uid-148\species.csv
Ending
