Fri Jul 24 15:22:03 CEST 2015
MaxEnt version 3.3.3k
Reading file absence
readGrid: max memory 477626368, total allocated 65536000, free 43574184, used 21961816, increment -950072
Reading samples from presence
Read samples: max memory 477626368, total allocated 65536000, free 43092240, used 22443760, increment 481944
Adding samples to background in feature space
Command line used:  autorun -e devel/maxent_tuneFC/maxentRes/fc-Hbeta-1_uid-152/absence -o devel/maxent_tuneFC/maxentRes/fc-Hbeta-1_uid-152 -s devel/maxent_tuneFC/maxentRes/fc-Hbeta-1_uid-152/presence -z autofeature=false betamultiplier=1 hinge=true
Command line to repeat: java density.MaxEnt nowarnings noprefixes outputdirectory=devel/maxent_tuneFC/maxentRes/fc-Hbeta-1_uid-152 samplesfile=devel/maxent_tuneFC/maxentRes/fc-Hbeta-1_uid-152/presence environmentallayers=devel/maxent_tuneFC/maxentRes/fc-Hbeta-1_uid-152/absence autorun novisible noautofeature
Species: species
Layers: x1 x2
Layertypes: Continuous Continuous
outputdirectory: devel/maxent_tuneFC/maxentRes/fc-Hbeta-1_uid-152
samplesfile: devel/maxent_tuneFC/maxentRes/fc-Hbeta-1_uid-152/presence
environmentallayers: devel/maxent_tuneFC/maxentRes/fc-Hbeta-1_uid-152/absence
autorun: true
visible: false
autofeature: false

getSamples: max memory 477626368, total allocated 65536000, free 43092240, used 22443760, increment 0
Making features
makeFeatures: max memory 477626368, total allocated 65536000, free 43092240, used 22443760, increment 0
species: 
Regularization values: linear/quadratic/product: 0.873, categorical: 0.250, threshold: 1.820, hinge: 0.500
18 samples
Density: max memory 477626368, total allocated 65536000, free 43092240, used 22443760, increment 0
linearPredictor: max memory 477626368, total allocated 65536000, free 43092240, used 22443760, increment 0
FeaturedSpace: max memory 477626368, total allocated 65536000, free 43092240, used 22443760, increment 0
Sequential: max memory 477626368, total allocated 65536000, free 43092240, used 22443760, increment 0
Initial loss: 4.68213122712422
420: time = 0,052000 loss = 3,923286
Resulting gain: 0.758845050105859
Projecting...
Writing file devel\maxent_tuneFC\maxentRes\fc-Hbeta-1_uid-152\species.csv
Ending
