Fri Jul 24 16:10:11 CEST 2015
MaxEnt version 3.3.3k
Reading file absence
readGrid: max memory 477626368, total allocated 62914560, free 40037752, used 22876808, increment -4384248
Reading samples from presence
Read samples: max memory 477626368, total allocated 62914560, free 40037752, used 22876808, increment 0
Adding samples to background in feature space
Command line used:  autorun -e devel/maxent_tuneFC/maxentResults01/fc-L_beta-1_uid-576/absence -o devel/maxent_tuneFC/maxentResults01/fc-L_beta-1_uid-576 -s devel/maxent_tuneFC/maxentResults01/fc-L_beta-1_uid-576/presence -z autofeature=false betamultiplier=1 linear=true quadratic=false hinge=false product=false threshold=false
Command line to repeat: java density.MaxEnt nowarnings noprefixes outputdirectory=devel/maxent_tuneFC/maxentResults01/fc-L_beta-1_uid-576 samplesfile=devel/maxent_tuneFC/maxentResults01/fc-L_beta-1_uid-576/presence environmentallayers=devel/maxent_tuneFC/maxentResults01/fc-L_beta-1_uid-576/absence noquadratic noproduct nothreshold nohinge autorun novisible noautofeature
Species: species
Layers: x1 x2
Layertypes: Continuous Continuous
outputdirectory: devel/maxent_tuneFC/maxentResults01/fc-L_beta-1_uid-576
samplesfile: devel/maxent_tuneFC/maxentResults01/fc-L_beta-1_uid-576/presence
environmentallayers: devel/maxent_tuneFC/maxentResults01/fc-L_beta-1_uid-576/absence
quadratic: false
product: false
threshold: false
hinge: false
autorun: true
visible: false
autofeature: false

getSamples: max memory 477626368, total allocated 62914560, free 39568088, used 23346472, increment 469664
Making features
makeFeatures: max memory 477626368, total allocated 62914560, free 39568088, used 23346472, increment 0
species: 
Regularization values: linear/quadratic/product: 1.000, categorical: 0.530, threshold: 1.920, hinge: 0.500
8 samples
Density: max memory 477626368, total allocated 62914560, free 39568088, used 23346472, increment 0
linearPredictor: max memory 477626368, total allocated 62914560, free 39568088, used 23346472, increment 0
FeaturedSpace: max memory 477626368, total allocated 62914560, free 39568088, used 23346472, increment 0
Sequential: max memory 477626368, total allocated 62914560, free 39568088, used 23346472, increment 0
Initial loss: 4.584967478670572
60: time = 0,000000 loss = 4,283773
Resulting gain: 0.30119466335539613
Projecting...
Writing file devel\maxent_tuneFC\maxentResults01\fc-L_beta-1_uid-576\species.csv
Ending
