Fri Jul 24 15:29:27 CEST 2015
MaxEnt version 3.3.3k
Reading file absence
readGrid: max memory 477626368, total allocated 63963136, free 32094016, used 31869120, increment -6335376
Reading samples from presence
Read samples: max memory 477626368, total allocated 63963136, free 32094016, used 31869120, increment 0
Adding samples to background in feature space
Command line used:  autorun -e devel/maxent_tuneFC/maxentRes2/fc-HQPT_beta-10_uid-279/absence -o devel/maxent_tuneFC/maxentRes2/fc-HQPT_beta-10_uid-279 -s devel/maxent_tuneFC/maxentRes2/fc-HQPT_beta-10_uid-279/presence -z autofeature=false betamultiplier=10 hinge=true quadratic=true product=true threshold=true
Command line to repeat: java density.MaxEnt nowarnings noprefixes outputdirectory=devel/maxent_tuneFC/maxentRes2/fc-HQPT_beta-10_uid-279 samplesfile=devel/maxent_tuneFC/maxentRes2/fc-HQPT_beta-10_uid-279/presence environmentallayers=devel/maxent_tuneFC/maxentRes2/fc-HQPT_beta-10_uid-279/absence betamultiplier=10.0 autorun novisible noautofeature
Species: species
Layers: x1 x2
Layertypes: Continuous Continuous
outputdirectory: devel/maxent_tuneFC/maxentRes2/fc-HQPT_beta-10_uid-279
samplesfile: devel/maxent_tuneFC/maxentRes2/fc-HQPT_beta-10_uid-279/presence
environmentallayers: devel/maxent_tuneFC/maxentRes2/fc-HQPT_beta-10_uid-279/absence
betamultiplier: 10.0
autorun: true
visible: false
autofeature: false

getSamples: max memory 477626368, total allocated 63963136, free 31614592, used 32348544, increment 479424
Making features
makeFeatures: max memory 477626368, total allocated 63963136, free 31614592, used 32348544, increment 0
species: 
Regularization values: linear/quadratic/product: 1.300, categorical: 0.393, threshold: 1.870, hinge: 0.500
13 samples
Density: max memory 477626368, total allocated 63963136, free 31614592, used 32348544, increment 0
linearPredictor: max memory 477626368, total allocated 63963136, free 31614592, used 32348544, increment 0
FeaturedSpace: max memory 477626368, total allocated 63963136, free 31614592, used 32348544, increment 0
Sequential: max memory 477626368, total allocated 63963136, free 31614592, used 32348544, increment 0
Initial loss: 4.382026634673881
20: time = 0,000000 loss = 4,382027
Resulting gain: 0.0
Leaving out Fixed cumulative value 5 from threshold table, as uninitialized
Leaving out Fixed cumulative value 10 from threshold table, as uninitialized
Leaving out Equate entropy of thresholded and original distributions from threshold table, as uninitialized
Projecting...
Writing file devel\maxent_tuneFC\maxentRes2\fc-HQPT_beta-10_uid-279\species.csv
Ending
