Fri Jul 24 15:56:50 CEST 2015
MaxEnt version 3.3.3k
Reading file absence
readGrid: max memory 477626368, total allocated 64487424, free 31789112, used 32698312, increment -6256560
Reading samples from presence
Read samples: max memory 477626368, total allocated 64487424, free 31318256, used 33169168, increment 470856
Adding samples to background in feature space
Command line used:  autorun -e devel/maxent_tuneFC/maxentRes6/fc-L_beta-10_uid-495/absence -o devel/maxent_tuneFC/maxentRes6/fc-L_beta-10_uid-495 -s devel/maxent_tuneFC/maxentRes6/fc-L_beta-10_uid-495/presence -z autofeature=false betamultiplier=10 linear=true quadratic=false hinge=false product=false threshold=false
Command line to repeat: java density.MaxEnt nowarnings noprefixes outputdirectory=devel/maxent_tuneFC/maxentRes6/fc-L_beta-10_uid-495 samplesfile=devel/maxent_tuneFC/maxentRes6/fc-L_beta-10_uid-495/presence environmentallayers=devel/maxent_tuneFC/maxentRes6/fc-L_beta-10_uid-495/absence betamultiplier=10.0 noquadratic noproduct nothreshold nohinge autorun novisible noautofeature
Species: species
Layers: x1 x2
Layertypes: Continuous Continuous
outputdirectory: devel/maxent_tuneFC/maxentRes6/fc-L_beta-10_uid-495
samplesfile: devel/maxent_tuneFC/maxentRes6/fc-L_beta-10_uid-495/presence
environmentallayers: devel/maxent_tuneFC/maxentRes6/fc-L_beta-10_uid-495/absence
betamultiplier: 10.0
quadratic: false
product: false
threshold: false
hinge: false
autorun: true
visible: false
autofeature: false

getSamples: max memory 477626368, total allocated 64487424, free 31318256, used 33169168, increment 0
Making features
makeFeatures: max memory 477626368, total allocated 64487424, free 31318256, used 33169168, increment 0
species: 
Regularization values: linear/quadratic/product: 1.000, categorical: 0.515, threshold: 1.910, hinge: 0.500
9 samples
Density: max memory 477626368, total allocated 64487424, free 31318256, used 33169168, increment 0
linearPredictor: max memory 477626368, total allocated 64487424, free 31318256, used 33169168, increment 0
FeaturedSpace: max memory 477626368, total allocated 64487424, free 31318256, used 33169168, increment 0
Sequential: max memory 477626368, total allocated 64487424, free 31318256, used 33169168, increment 0
Initial loss: 4.6913478822291435
20: time = 0,001000 loss = 4,691348
Resulting gain: 0.0
Leaving out Fixed cumulative value 1 from threshold table, as uninitialized
Leaving out Fixed cumulative value 5 from threshold table, as uninitialized
Leaving out Fixed cumulative value 10 from threshold table, as uninitialized
Leaving out Equate entropy of thresholded and original distributions from threshold table, as uninitialized
Projecting...
Writing file devel\maxent_tuneFC\maxentRes6\fc-L_beta-10_uid-495\species.csv
Ending
