Fri Jul 24 15:20:05 CEST 2015
MaxEnt version 3.3.3k
Reading file absence
readGrid: max memory 477626368, total allocated 77070336, free 63474088, used 13596248, increment -13113520
Reading samples from presence
Read samples: max memory 477626368, total allocated 77070336, free 62764272, used 14306064, increment 709816
Adding samples to background in feature space
Command line used:  autorun -e devel/maxent_tuneFC/maxentRes/fc-HQbeta-0.1_uid-3/absence -o devel/maxent_tuneFC/maxentRes/fc-HQbeta-0.1_uid-3 -s devel/maxent_tuneFC/maxentRes/fc-HQbeta-0.1_uid-3/presence -z autofeature=false betamultiplier=0.1 hinge=true quadratic=true
Command line to repeat: java density.MaxEnt nowarnings noprefixes outputdirectory=devel/maxent_tuneFC/maxentRes/fc-HQbeta-0.1_uid-3 samplesfile=devel/maxent_tuneFC/maxentRes/fc-HQbeta-0.1_uid-3/presence environmentallayers=devel/maxent_tuneFC/maxentRes/fc-HQbeta-0.1_uid-3/absence betamultiplier=0.1 autorun novisible noautofeature
Species: species
Layers: x1 x2
Layertypes: Continuous Continuous
outputdirectory: devel/maxent_tuneFC/maxentRes/fc-HQbeta-0.1_uid-3
samplesfile: devel/maxent_tuneFC/maxentRes/fc-HQbeta-0.1_uid-3/presence
environmentallayers: devel/maxent_tuneFC/maxentRes/fc-HQbeta-0.1_uid-3/absence
betamultiplier: 0.1
autorun: true
visible: false
autofeature: false

getSamples: max memory 477626368, total allocated 77070336, free 62764272, used 14306064, increment 0
Making features
makeFeatures: max memory 477626368, total allocated 77070336, free 62764272, used 14306064, increment 0
species: 
Regularization values: linear/quadratic/product: 0.873, categorical: 0.250, threshold: 1.820, hinge: 0.500
18 samples
Density: max memory 477626368, total allocated 77070336, free 62764272, used 14306064, increment 0
linearPredictor: max memory 477626368, total allocated 77070336, free 62764272, used 14306064, increment 0
FeaturedSpace: max memory 477626368, total allocated 77070336, free 62764272, used 14306064, increment 0
Sequential: max memory 477626368, total allocated 77070336, free 62764272, used 14306064, increment 0
Initial loss: 4.68213122712422
500: time = 0,064000 loss = 3,316213
Resulting gain: 1.365918126154578
Projecting...
Writing file devel\maxent_tuneFC\maxentRes\fc-HQbeta-0.1_uid-3\species.csv
Ending
