Fri Jul 24 15:21:01 CEST 2015
MaxEnt version 3.3.3k
Reading file absence
readGrid: max memory 477626368, total allocated 70254592, free 33835192, used 36419400, increment -2478264
Reading samples from presence
Read samples: max memory 477626368, total allocated 70254592, free 33835192, used 36419400, increment 0
Adding samples to background in feature space
Command line used:  autorun -e devel/maxent_tuneFC/maxentRes/fc-Lbeta-0.1_uid-72/absence -o devel/maxent_tuneFC/maxentRes/fc-Lbeta-0.1_uid-72 -s devel/maxent_tuneFC/maxentRes/fc-Lbeta-0.1_uid-72/presence -z autofeature=false betamultiplier=0.1 linear=true
Command line to repeat: java density.MaxEnt nowarnings noprefixes outputdirectory=devel/maxent_tuneFC/maxentRes/fc-Lbeta-0.1_uid-72 samplesfile=devel/maxent_tuneFC/maxentRes/fc-Lbeta-0.1_uid-72/presence environmentallayers=devel/maxent_tuneFC/maxentRes/fc-Lbeta-0.1_uid-72/absence betamultiplier=0.1 autorun novisible noautofeature
Species: species
Layers: x1 x2
Layertypes: Continuous Continuous
outputdirectory: devel/maxent_tuneFC/maxentRes/fc-Lbeta-0.1_uid-72
samplesfile: devel/maxent_tuneFC/maxentRes/fc-Lbeta-0.1_uid-72/presence
environmentallayers: devel/maxent_tuneFC/maxentRes/fc-Lbeta-0.1_uid-72/absence
betamultiplier: 0.1
autorun: true
visible: false
autofeature: false

getSamples: max memory 477626368, total allocated 70254592, free 33259048, used 36995544, increment 576144
Making features
makeFeatures: max memory 477626368, total allocated 70254592, free 33259048, used 36995544, increment 0
species: 
Regularization values: linear/quadratic/product: 0.873, categorical: 0.250, threshold: 1.820, hinge: 0.500
18 samples
Density: max memory 477626368, total allocated 70254592, free 33259048, used 36995544, increment 0
linearPredictor: max memory 477626368, total allocated 70254592, free 33259048, used 36995544, increment 0
FeaturedSpace: max memory 477626368, total allocated 70254592, free 33259048, used 36995544, increment 0
Sequential: max memory 477626368, total allocated 70254592, free 33259048, used 36995544, increment 0
Initial loss: 4.68213122712422
500: time = 0,068000 loss = 3,246586
Resulting gain: 1.435545672829516
Projecting...
Writing file devel\maxent_tuneFC\maxentRes\fc-Lbeta-0.1_uid-72\species.csv
Ending
