Fri Jul 24 15:20:41 CEST 2015
MaxEnt version 3.3.3k
Reading file absence
readGrid: max memory 477626368, total allocated 67108864, free 44067184, used 23041680, increment -33689144
Reading samples from presence
Read samples: max memory 477626368, total allocated 67108864, free 43564048, used 23544816, increment 503136
Adding samples to background in feature space
Command line used:  autorun -e devel/maxent_tuneFC/maxentRes/fc-Tbeta-1_uid-46/absence -o devel/maxent_tuneFC/maxentRes/fc-Tbeta-1_uid-46 -s devel/maxent_tuneFC/maxentRes/fc-Tbeta-1_uid-46/presence -z autofeature=false betamultiplier=1 threshold=true
Command line to repeat: java density.MaxEnt nowarnings noprefixes outputdirectory=devel/maxent_tuneFC/maxentRes/fc-Tbeta-1_uid-46 samplesfile=devel/maxent_tuneFC/maxentRes/fc-Tbeta-1_uid-46/presence environmentallayers=devel/maxent_tuneFC/maxentRes/fc-Tbeta-1_uid-46/absence autorun novisible noautofeature
Species: species
Layers: x1 x2
Layertypes: Continuous Continuous
outputdirectory: devel/maxent_tuneFC/maxentRes/fc-Tbeta-1_uid-46
samplesfile: devel/maxent_tuneFC/maxentRes/fc-Tbeta-1_uid-46/presence
environmentallayers: devel/maxent_tuneFC/maxentRes/fc-Tbeta-1_uid-46/absence
autorun: true
visible: false
autofeature: false

getSamples: max memory 477626368, total allocated 67108864, free 43564048, used 23544816, increment 0
Making features
makeFeatures: max memory 477626368, total allocated 67108864, free 43564048, used 23544816, increment 0
species: 
Regularization values: linear/quadratic/product: 0.873, categorical: 0.250, threshold: 1.820, hinge: 0.500
18 samples
Density: max memory 477626368, total allocated 67108864, free 43564048, used 23544816, increment 0
linearPredictor: max memory 477626368, total allocated 67108864, free 43564048, used 23544816, increment 0
FeaturedSpace: max memory 477626368, total allocated 67108864, free 43564048, used 23544816, increment 0
Sequential: max memory 477626368, total allocated 67108864, free 43564048, used 23544816, increment 0
Initial loss: 4.68213122712422
340: time = 0,049000 loss = 3,989042
Resulting gain: 0.6930893492354588
Projecting...
Writing file devel\maxent_tuneFC\maxentRes\fc-Tbeta-1_uid-46\species.csv
Ending
