Fri Jul 24 15:20:22 CEST 2015
MaxEnt version 3.3.3k
Reading file absence
readGrid: max memory 477626368, total allocated 70778880, free 17209720, used 53569160, increment 23295616
Reading samples from presence
Read samples: max memory 477626368, total allocated 70778880, free 16866920, used 53911960, increment 342800
Adding samples to background in feature space
Command line used:  autorun -e devel/maxent_tuneFC/maxentRes/fc-Tbeta-0.1_uid-22/absence -o devel/maxent_tuneFC/maxentRes/fc-Tbeta-0.1_uid-22 -s devel/maxent_tuneFC/maxentRes/fc-Tbeta-0.1_uid-22/presence -z autofeature=false betamultiplier=0.1 threshold=true
Command line to repeat: java density.MaxEnt nowarnings noprefixes outputdirectory=devel/maxent_tuneFC/maxentRes/fc-Tbeta-0.1_uid-22 samplesfile=devel/maxent_tuneFC/maxentRes/fc-Tbeta-0.1_uid-22/presence environmentallayers=devel/maxent_tuneFC/maxentRes/fc-Tbeta-0.1_uid-22/absence betamultiplier=0.1 autorun novisible noautofeature
Species: species
Layers: x1 x2
Layertypes: Continuous Continuous
outputdirectory: devel/maxent_tuneFC/maxentRes/fc-Tbeta-0.1_uid-22
samplesfile: devel/maxent_tuneFC/maxentRes/fc-Tbeta-0.1_uid-22/presence
environmentallayers: devel/maxent_tuneFC/maxentRes/fc-Tbeta-0.1_uid-22/absence
betamultiplier: 0.1
autorun: true
visible: false
autofeature: false

getSamples: max memory 477626368, total allocated 70778880, free 16866920, used 53911960, increment 0
Making features
makeFeatures: max memory 477626368, total allocated 70778880, free 16866920, used 53911960, increment 0
species: 
Regularization values: linear/quadratic/product: 0.873, categorical: 0.250, threshold: 1.820, hinge: 0.500
18 samples
Density: max memory 477626368, total allocated 69730304, free 44026248, used 25704056, increment -28207904
linearPredictor: max memory 477626368, total allocated 69730304, free 44026248, used 25704056, increment 0
FeaturedSpace: max memory 477626368, total allocated 69730304, free 44026248, used 25704056, increment 0
Sequential: max memory 477626368, total allocated 69730304, free 44026248, used 25704056, increment 0
Initial loss: 4.68213122712422
500: time = 0,062000 loss = 3,278764
Resulting gain: 1.4033674628722905
Projecting...
Writing file devel\maxent_tuneFC\maxentRes\fc-Tbeta-0.1_uid-22\species.csv
Ending
