Fri Jul 24 15:20:27 CEST 2015
MaxEnt version 3.3.3k
Reading file absence
readGrid: max memory 477626368, total allocated 67633152, free 29963584, used 37669568, increment -3253800
Reading samples from presence
Read samples: max memory 477626368, total allocated 67633152, free 29450216, used 38182936, increment 513368
Adding samples to background in feature space
Command line used:  autorun -e devel/maxent_tuneFC/maxentRes/fc-Tbeta-1_uid-28/absence -o devel/maxent_tuneFC/maxentRes/fc-Tbeta-1_uid-28 -s devel/maxent_tuneFC/maxentRes/fc-Tbeta-1_uid-28/presence -z autofeature=false betamultiplier=1 threshold=true
Command line to repeat: java density.MaxEnt nowarnings noprefixes outputdirectory=devel/maxent_tuneFC/maxentRes/fc-Tbeta-1_uid-28 samplesfile=devel/maxent_tuneFC/maxentRes/fc-Tbeta-1_uid-28/presence environmentallayers=devel/maxent_tuneFC/maxentRes/fc-Tbeta-1_uid-28/absence autorun novisible noautofeature
Species: species
Layers: x1 x2
Layertypes: Continuous Continuous
outputdirectory: devel/maxent_tuneFC/maxentRes/fc-Tbeta-1_uid-28
samplesfile: devel/maxent_tuneFC/maxentRes/fc-Tbeta-1_uid-28/presence
environmentallayers: devel/maxent_tuneFC/maxentRes/fc-Tbeta-1_uid-28/absence
autorun: true
visible: false
autofeature: false

getSamples: max memory 477626368, total allocated 67633152, free 29450216, used 38182936, increment 0
Making features
makeFeatures: max memory 477626368, total allocated 67633152, free 29450216, used 38182936, increment 0
species: 
Regularization values: linear/quadratic/product: 0.873, categorical: 0.250, threshold: 1.820, hinge: 0.500
18 samples
Density: max memory 477626368, total allocated 67633152, free 29450216, used 38182936, increment 0
linearPredictor: max memory 477626368, total allocated 67633152, free 29450216, used 38182936, increment 0
FeaturedSpace: max memory 477626368, total allocated 67633152, free 29450216, used 38182936, increment 0
Sequential: max memory 477626368, total allocated 67633152, free 29450216, used 38182936, increment 0
Initial loss: 4.68213122712422
360: time = 0,048000 loss = 3,930624
Resulting gain: 0.7515067828093436
Projecting...
Writing file devel\maxent_tuneFC\maxentRes\fc-Tbeta-1_uid-28\species.csv
Ending
