Fri Jul 24 15:31:45 CEST 2015
MaxEnt version 3.3.3k
Reading file absence
readGrid: max memory 477626368, total allocated 63438848, free 16259120, used 47179728, increment -5825032
Reading samples from presence
Read samples: max memory 477626368, total allocated 63438848, free 16259120, used 47179728, increment 0
Adding samples to background in feature space
Command line used:  autorun -e devel/maxent_tuneFC/maxentRes2/fc-HQPT_beta-0.1_uid-307/absence -o devel/maxent_tuneFC/maxentRes2/fc-HQPT_beta-0.1_uid-307 -s devel/maxent_tuneFC/maxentRes2/fc-HQPT_beta-0.1_uid-307/presence -z autofeature=false betamultiplier=0.1 linear=true quadratic=true hinge=true product=true threshold=true =false
Command line to repeat: java density.MaxEnt nowarnings noprefixes outputdirectory=devel/maxent_tuneFC/maxentRes2/fc-HQPT_beta-0.1_uid-307 samplesfile=devel/maxent_tuneFC/maxentRes2/fc-HQPT_beta-0.1_uid-307/presence environmentallayers=devel/maxent_tuneFC/maxentRes2/fc-HQPT_beta-0.1_uid-307/absence betamultiplier=0.1 autorun novisible noautofeature
Species: species
Layers: x1 x2
Layertypes: Continuous Continuous
outputdirectory: devel/maxent_tuneFC/maxentRes2/fc-HQPT_beta-0.1_uid-307
samplesfile: devel/maxent_tuneFC/maxentRes2/fc-HQPT_beta-0.1_uid-307/presence
environmentallayers: devel/maxent_tuneFC/maxentRes2/fc-HQPT_beta-0.1_uid-307/absence
betamultiplier: 0.1
autorun: true
visible: false
autofeature: false

getSamples: max memory 477626368, total allocated 63438848, free 15781016, used 47657832, increment 478104
Making features
makeFeatures: max memory 477626368, total allocated 63438848, free 15781016, used 47657832, increment 0
species: 
Regularization values: linear/quadratic/product: 1.600, categorical: 0.500, threshold: 1.900, hinge: 0.500
10 samples
Density: max memory 477626368, total allocated 63438848, free 15781016, used 47657832, increment 0
linearPredictor: max memory 477626368, total allocated 63438848, free 15781016, used 47657832, increment 0
FeaturedSpace: max memory 477626368, total allocated 63438848, free 15781016, used 47657832, increment 0
Sequential: max memory 477626368, total allocated 63438848, free 15781016, used 47657832, increment 0
Initial loss: 4.0943445622221
500: time = 0,032000 loss = 2,807438
Resulting gain: 1.286906393357758
Projecting...
Writing file devel\maxent_tuneFC\maxentRes2\fc-HQPT_beta-0.1_uid-307\species.csv
Ending
