Fri Jul 24 15:20:15 CEST 2015
MaxEnt version 3.3.3k
Reading file absence
readGrid: max memory 477626368, total allocated 72876032, free 36447816, used 36428216, increment -7840000
Reading samples from presence
Read samples: max memory 477626368, total allocated 72876032, free 36447816, used 36428216, increment 0
Adding samples to background in feature space
Command line used:  autorun -e devel/maxent_tuneFC/maxentRes/fc-HQbeta-10_uid-15/absence -o devel/maxent_tuneFC/maxentRes/fc-HQbeta-10_uid-15 -s devel/maxent_tuneFC/maxentRes/fc-HQbeta-10_uid-15/presence -z autofeature=false betamultiplier=10 hinge=true quadratic=true
Command line to repeat: java density.MaxEnt nowarnings noprefixes outputdirectory=devel/maxent_tuneFC/maxentRes/fc-HQbeta-10_uid-15 samplesfile=devel/maxent_tuneFC/maxentRes/fc-HQbeta-10_uid-15/presence environmentallayers=devel/maxent_tuneFC/maxentRes/fc-HQbeta-10_uid-15/absence betamultiplier=10.0 autorun novisible noautofeature
Species: species
Layers: x1 x2
Layertypes: Continuous Continuous
outputdirectory: devel/maxent_tuneFC/maxentRes/fc-HQbeta-10_uid-15
samplesfile: devel/maxent_tuneFC/maxentRes/fc-HQbeta-10_uid-15/presence
environmentallayers: devel/maxent_tuneFC/maxentRes/fc-HQbeta-10_uid-15/absence
betamultiplier: 10.0
autorun: true
visible: false
autofeature: false

getSamples: max memory 477626368, total allocated 72876032, free 35819280, used 37056752, increment 628536
Making features
makeFeatures: max memory 477626368, total allocated 72876032, free 35819280, used 37056752, increment 0
species: 
Regularization values: linear/quadratic/product: 0.873, categorical: 0.250, threshold: 1.820, hinge: 0.500
18 samples
Density: max memory 477626368, total allocated 72876032, free 35819280, used 37056752, increment 0
linearPredictor: max memory 477626368, total allocated 72876032, free 35819280, used 37056752, increment 0
FeaturedSpace: max memory 477626368, total allocated 72876032, free 35819280, used 37056752, increment 0
Sequential: max memory 477626368, total allocated 72876032, free 35819280, used 37056752, increment 0
Initial loss: 4.68213122712422
60: time = 0,015000 loss = 4,646514
Resulting gain: 0.03561676629385069
Projecting...
Writing file devel\maxent_tuneFC\maxentRes\fc-HQbeta-10_uid-15\species.csv
Ending
