Fri Jul 24 15:31:46 CEST 2015
MaxEnt version 3.3.3k
Reading file absence
readGrid: max memory 477626368, total allocated 63438848, free 27185384, used 36253464, increment -6399728
Reading samples from presence
Read samples: max memory 477626368, total allocated 63438848, free 27185384, used 36253464, increment 0
Adding samples to background in feature space
Command line used:  autorun -e devel/maxent_tuneFC/maxentRes2/fc-HQPT_beta-1_uid-309/absence -o devel/maxent_tuneFC/maxentRes2/fc-HQPT_beta-1_uid-309 -s devel/maxent_tuneFC/maxentRes2/fc-HQPT_beta-1_uid-309/presence -z autofeature=false betamultiplier=1 linear=true quadratic=true hinge=true product=true threshold=true =false
Command line to repeat: java density.MaxEnt nowarnings noprefixes outputdirectory=devel/maxent_tuneFC/maxentRes2/fc-HQPT_beta-1_uid-309 samplesfile=devel/maxent_tuneFC/maxentRes2/fc-HQPT_beta-1_uid-309/presence environmentallayers=devel/maxent_tuneFC/maxentRes2/fc-HQPT_beta-1_uid-309/absence autorun novisible noautofeature
Species: species
Layers: x1 x2
Layertypes: Continuous Continuous
outputdirectory: devel/maxent_tuneFC/maxentRes2/fc-HQPT_beta-1_uid-309
samplesfile: devel/maxent_tuneFC/maxentRes2/fc-HQPT_beta-1_uid-309/presence
environmentallayers: devel/maxent_tuneFC/maxentRes2/fc-HQPT_beta-1_uid-309/absence
autorun: true
visible: false
autofeature: false

getSamples: max memory 477626368, total allocated 63438848, free 26704912, used 36733936, increment 480472
Making features
makeFeatures: max memory 477626368, total allocated 63438848, free 26704912, used 36733936, increment 0
species: 
Regularization values: linear/quadratic/product: 1.600, categorical: 0.500, threshold: 1.900, hinge: 0.500
10 samples
Density: max memory 477626368, total allocated 63438848, free 26704912, used 36733936, increment 0
linearPredictor: max memory 477626368, total allocated 63438848, free 26704912, used 36733936, increment 0
FeaturedSpace: max memory 477626368, total allocated 63438848, free 26704912, used 36733936, increment 0
Sequential: max memory 477626368, total allocated 63438848, free 26704912, used 36733936, increment 0
Initial loss: 4.0943445622221
160: time = 0,015000 loss = 3,417469
Resulting gain: 0.6768753357356383
Projecting...
Writing file devel\maxent_tuneFC\maxentRes2\fc-HQPT_beta-1_uid-309\species.csv
Ending
