Fri Jul 24 15:55:53 CEST 2015
MaxEnt version 3.3.3k
Reading file absence
readGrid: max memory 477626368, total allocated 64487424, free 35916208, used 28571216, increment -5141096
Reading samples from presence
Read samples: max memory 477626368, total allocated 64487424, free 35449360, used 29038064, increment 466848
Adding samples to background in feature space
Command line used:  autorun -e devel/maxent_tuneFC/maxentRes6/fc-D_beta-1_uid-477/absence -o devel/maxent_tuneFC/maxentRes6/fc-D_beta-1_uid-477 -s devel/maxent_tuneFC/maxentRes6/fc-D_beta-1_uid-477/presence -z autofeature=false betamultiplier=1 linear=true quadratic=true hinge=false product=true threshold=true
Command line to repeat: java density.MaxEnt nowarnings noprefixes outputdirectory=devel/maxent_tuneFC/maxentRes6/fc-D_beta-1_uid-477 samplesfile=devel/maxent_tuneFC/maxentRes6/fc-D_beta-1_uid-477/presence environmentallayers=devel/maxent_tuneFC/maxentRes6/fc-D_beta-1_uid-477/absence nohinge autorun novisible noautofeature
Species: species
Layers: x1 x2
Layertypes: Continuous Continuous
outputdirectory: devel/maxent_tuneFC/maxentRes6/fc-D_beta-1_uid-477
samplesfile: devel/maxent_tuneFC/maxentRes6/fc-D_beta-1_uid-477/presence
environmentallayers: devel/maxent_tuneFC/maxentRes6/fc-D_beta-1_uid-477/absence
hinge: false
autorun: true
visible: false
autofeature: false

getSamples: max memory 477626368, total allocated 64487424, free 35449360, used 29038064, increment 0
Making features
makeFeatures: max memory 477626368, total allocated 64487424, free 35449360, used 29038064, increment 0
species: 
Regularization values: linear/quadratic/product: 2.200, categorical: 0.590, threshold: 1.960, hinge: 0.500
4 samples
Density: max memory 477626368, total allocated 64487424, free 35449360, used 29038064, increment 0
linearPredictor: max memory 477626368, total allocated 64487424, free 35449360, used 29038064, increment 0
FeaturedSpace: max memory 477626368, total allocated 64487424, free 35449360, used 29038064, increment 0
Sequential: max memory 477626368, total allocated 64487424, free 35449360, used 29038064, increment 0
Initial loss: 3.9889840465642745
80: time = 0,002000 loss = 3,136596
Resulting gain: 0.8523877124934076
Projecting...
Writing file devel\maxent_tuneFC\maxentRes6\fc-D_beta-1_uid-477\species.csv
Ending
