Fri Jul 24 15:21:35 CEST 2015
MaxEnt version 3.3.3k
Reading file absence
readGrid: max memory 477626368, total allocated 74973184, free 64791920, used 10181264, increment -9844392
Reading samples from presence
Read samples: max memory 477626368, total allocated 74973184, free 64791920, used 10181264, increment 0
Adding samples to background in feature space
Command line used:  autorun -e devel/maxent_tuneFC/maxentRes/fc-LQbeta-1_uid-115/absence -o devel/maxent_tuneFC/maxentRes/fc-LQbeta-1_uid-115 -s devel/maxent_tuneFC/maxentRes/fc-LQbeta-1_uid-115/presence -z autofeature=false betamultiplier=1 linear=true quadratic=true
Command line to repeat: java density.MaxEnt nowarnings noprefixes outputdirectory=devel/maxent_tuneFC/maxentRes/fc-LQbeta-1_uid-115 samplesfile=devel/maxent_tuneFC/maxentRes/fc-LQbeta-1_uid-115/presence environmentallayers=devel/maxent_tuneFC/maxentRes/fc-LQbeta-1_uid-115/absence autorun novisible noautofeature
Species: species
Layers: x1 x2
Layertypes: Continuous Continuous
outputdirectory: devel/maxent_tuneFC/maxentRes/fc-LQbeta-1_uid-115
samplesfile: devel/maxent_tuneFC/maxentRes/fc-LQbeta-1_uid-115/presence
environmentallayers: devel/maxent_tuneFC/maxentRes/fc-LQbeta-1_uid-115/absence
autorun: true
visible: false
autofeature: false

getSamples: max memory 477626368, total allocated 74973184, free 64791920, used 10181264, increment 0
Making features
makeFeatures: max memory 477626368, total allocated 74973184, free 64791920, used 10181264, increment 0
species: 
Regularization values: linear/quadratic/product: 0.873, categorical: 0.250, threshold: 1.820, hinge: 0.500
18 samples
Density: max memory 477626368, total allocated 74973184, free 64131752, used 10841432, increment 660168
linearPredictor: max memory 477626368, total allocated 74973184, free 64131752, used 10841432, increment 0
FeaturedSpace: max memory 477626368, total allocated 74973184, free 64131752, used 10841432, increment 0
Sequential: max memory 477626368, total allocated 74973184, free 64131752, used 10841432, increment 0
Initial loss: 4.68213122712422
180: time = 0,030000 loss = 3,898004
Resulting gain: 0.7841268775633532
Projecting...
Writing file devel\maxent_tuneFC\maxentRes\fc-LQbeta-1_uid-115\species.csv
Ending
