Fri Jul 24 15:46:31 CEST 2015
MaxEnt version 3.3.3k
Reading file absence
readGrid: max memory 477626368, total allocated 66584576, free 55377416, used 11207160, increment -10070680
Reading samples from presence
Read samples: max memory 477626368, total allocated 66584576, free 54833808, used 11750768, increment 543608
Adding samples to background in feature space
Command line used:  autorun -e devel/maxent_tuneFC/maxentRes3/fc-HQPT_beta-1_uid-432/absence -o devel/maxent_tuneFC/maxentRes3/fc-HQPT_beta-1_uid-432 -s devel/maxent_tuneFC/maxentRes3/fc-HQPT_beta-1_uid-432/presence -z autofeature=false betamultiplier=1 quadratic=true linear=false
Command line to repeat: java density.MaxEnt nowarnings noprefixes outputdirectory=devel/maxent_tuneFC/maxentRes3/fc-HQPT_beta-1_uid-432 samplesfile=devel/maxent_tuneFC/maxentRes3/fc-HQPT_beta-1_uid-432/presence environmentallayers=devel/maxent_tuneFC/maxentRes3/fc-HQPT_beta-1_uid-432/absence nolinear autorun novisible noautofeature
Species: species
Layers: x1 x2
Layertypes: Continuous Continuous
outputdirectory: devel/maxent_tuneFC/maxentRes3/fc-HQPT_beta-1_uid-432
samplesfile: devel/maxent_tuneFC/maxentRes3/fc-HQPT_beta-1_uid-432/presence
environmentallayers: devel/maxent_tuneFC/maxentRes3/fc-HQPT_beta-1_uid-432/absence
linear: false
autorun: true
visible: false
autofeature: false

getSamples: max memory 477626368, total allocated 66584576, free 54833808, used 11750768, increment 0
Making features
makeFeatures: max memory 477626368, total allocated 66584576, free 54833808, used 11750768, increment 0
species: 
Regularization values: linear/quadratic/product: 1.600, categorical: 0.500, threshold: 1.900, hinge: 0.500
10 samples
Density: max memory 477626368, total allocated 66584576, free 54833808, used 11750768, increment 0
linearPredictor: max memory 477626368, total allocated 66584576, free 54833808, used 11750768, increment 0
FeaturedSpace: max memory 477626368, total allocated 66584576, free 54833808, used 11750768, increment 0
Sequential: max memory 477626368, total allocated 66584576, free 54833808, used 11750768, increment 0
Initial loss: 4.0943445622221
240: time = 0,015000 loss = 3,625124
Resulting gain: 0.46922014569926684
Projecting...
Writing file devel\maxent_tuneFC\maxentRes3\fc-HQPT_beta-1_uid-432\species.csv
Ending
