Fri Jul 24 15:25:46 CEST 2015
MaxEnt version 3.3.3k
Reading file absence
readGrid: max memory 477626368, total allocated 66060288, free 10148184, used 55912104, increment -869264
Reading samples from presence
Read samples: max memory 477626368, total allocated 66060288, free 9662904, used 56397384, increment 485280
Adding samples to background in feature space
Command line used:  autorun -e devel/maxent_tuneFC/maxentRes2/fc-L_beta-0.1_uid-211/absence -o devel/maxent_tuneFC/maxentRes2/fc-L_beta-0.1_uid-211 -s devel/maxent_tuneFC/maxentRes2/fc-L_beta-0.1_uid-211/presence -z autofeature=false betamultiplier=0.1 linear=true
Command line to repeat: java density.MaxEnt nowarnings noprefixes outputdirectory=devel/maxent_tuneFC/maxentRes2/fc-L_beta-0.1_uid-211 samplesfile=devel/maxent_tuneFC/maxentRes2/fc-L_beta-0.1_uid-211/presence environmentallayers=devel/maxent_tuneFC/maxentRes2/fc-L_beta-0.1_uid-211/absence betamultiplier=0.1 autorun novisible noautofeature
Species: species
Layers: x1 x2
Layertypes: Continuous Continuous
outputdirectory: devel/maxent_tuneFC/maxentRes2/fc-L_beta-0.1_uid-211
samplesfile: devel/maxent_tuneFC/maxentRes2/fc-L_beta-0.1_uid-211/presence
environmentallayers: devel/maxent_tuneFC/maxentRes2/fc-L_beta-0.1_uid-211/absence
betamultiplier: 0.1
autorun: true
visible: false
autofeature: false

getSamples: max memory 477626368, total allocated 66060288, free 9185800, used 56874488, increment 477104
Making features
makeFeatures: max memory 477626368, total allocated 66060288, free 9185800, used 56874488, increment 0
species: 
Regularization values: linear/quadratic/product: 0.873, categorical: 0.250, threshold: 1.820, hinge: 0.500
18 samples
Density: max memory 477626368, total allocated 66060288, free 9185800, used 56874488, increment 0
linearPredictor: max memory 477626368, total allocated 66060288, free 9185800, used 56874488, increment 0
FeaturedSpace: max memory 477626368, total allocated 66060288, free 9185800, used 56874488, increment 0
Sequential: max memory 477626368, total allocated 66060288, free 9185800, used 56874488, increment 0
Initial loss: 4.68213122712422
500: time = 0,064000 loss = 3,302876
Resulting gain: 1.379255587386496
Projecting...
Writing file devel\maxent_tuneFC\maxentRes2\fc-L_beta-0.1_uid-211\species.csv
Ending
