Fri Jul 24 15:21:46 CEST 2015
MaxEnt version 3.3.3k
Reading file absence
readGrid: max memory 477626368, total allocated 69206016, free 30173248, used 39032768, increment -1631328
Reading samples from presence
Read samples: max memory 477626368, total allocated 69206016, free 29612376, used 39593640, increment 560872
Adding samples to background in feature space
Command line used:  autorun -e devel/maxent_tuneFC/maxentRes/fc-Tbeta-0.1_uid-130/absence -o devel/maxent_tuneFC/maxentRes/fc-Tbeta-0.1_uid-130 -s devel/maxent_tuneFC/maxentRes/fc-Tbeta-0.1_uid-130/presence -z autofeature=false betamultiplier=0.1 threshold=true
Command line to repeat: java density.MaxEnt nowarnings noprefixes outputdirectory=devel/maxent_tuneFC/maxentRes/fc-Tbeta-0.1_uid-130 samplesfile=devel/maxent_tuneFC/maxentRes/fc-Tbeta-0.1_uid-130/presence environmentallayers=devel/maxent_tuneFC/maxentRes/fc-Tbeta-0.1_uid-130/absence betamultiplier=0.1 autorun novisible noautofeature
Species: species
Layers: x1 x2
Layertypes: Continuous Continuous
outputdirectory: devel/maxent_tuneFC/maxentRes/fc-Tbeta-0.1_uid-130
samplesfile: devel/maxent_tuneFC/maxentRes/fc-Tbeta-0.1_uid-130/presence
environmentallayers: devel/maxent_tuneFC/maxentRes/fc-Tbeta-0.1_uid-130/absence
betamultiplier: 0.1
autorun: true
visible: false
autofeature: false

getSamples: max memory 477626368, total allocated 69206016, free 29612376, used 39593640, increment 0
Making features
makeFeatures: max memory 477626368, total allocated 69206016, free 29612376, used 39593640, increment 0
species: 
Regularization values: linear/quadratic/product: 0.873, categorical: 0.250, threshold: 1.820, hinge: 0.500
18 samples
Density: max memory 477626368, total allocated 69206016, free 29612376, used 39593640, increment 0
linearPredictor: max memory 477626368, total allocated 69206016, free 29612376, used 39593640, increment 0
FeaturedSpace: max memory 477626368, total allocated 69206016, free 29612376, used 39593640, increment 0
Sequential: max memory 477626368, total allocated 69206016, free 29612376, used 39593640, increment 0
Initial loss: 4.68213122712422
500: time = 0,065000 loss = 3,306973
Resulting gain: 1.3751580576454465
Projecting...
Writing file devel\maxent_tuneFC\maxentRes\fc-Tbeta-0.1_uid-130\species.csv
Ending
