Fri Jul 24 15:20:39 CEST 2015
MaxEnt version 3.3.3k
Reading file absence
readGrid: max memory 477626368, total allocated 68157440, free 10725696, used 57431744, increment 22845040
Reading samples from presence
Read samples: max memory 477626368, total allocated 68157440, free 10192056, used 57965384, increment 533640
Adding samples to background in feature space
Command line used:  autorun -e devel/maxent_tuneFC/maxentRes/fc-LQbeta-1_uid-43/absence -o devel/maxent_tuneFC/maxentRes/fc-LQbeta-1_uid-43 -s devel/maxent_tuneFC/maxentRes/fc-LQbeta-1_uid-43/presence -z autofeature=false betamultiplier=1 linear=true quadratic=true
Command line to repeat: java density.MaxEnt nowarnings noprefixes outputdirectory=devel/maxent_tuneFC/maxentRes/fc-LQbeta-1_uid-43 samplesfile=devel/maxent_tuneFC/maxentRes/fc-LQbeta-1_uid-43/presence environmentallayers=devel/maxent_tuneFC/maxentRes/fc-LQbeta-1_uid-43/absence autorun novisible noautofeature
Species: species
Layers: x1 x2
Layertypes: Continuous Continuous
outputdirectory: devel/maxent_tuneFC/maxentRes/fc-LQbeta-1_uid-43
samplesfile: devel/maxent_tuneFC/maxentRes/fc-LQbeta-1_uid-43/presence
environmentallayers: devel/maxent_tuneFC/maxentRes/fc-LQbeta-1_uid-43/absence
autorun: true
visible: false
autofeature: false

getSamples: max memory 477626368, total allocated 68157440, free 10192056, used 57965384, increment 0
Making features
makeFeatures: max memory 477626368, total allocated 68157440, free 10192056, used 57965384, increment 0
species: 
Regularization values: linear/quadratic/product: 0.873, categorical: 0.250, threshold: 1.820, hinge: 0.500
18 samples
Density: max memory 477626368, total allocated 68157440, free 9657568, used 58499872, increment 534488
linearPredictor: max memory 477626368, total allocated 68157440, free 9657568, used 58499872, increment 0
FeaturedSpace: max memory 477626368, total allocated 68157440, free 9657568, used 58499872, increment 0
Sequential: max memory 477626368, total allocated 68157440, free 9657568, used 58499872, increment 0
Initial loss: 4.68213122712422
340: time = 0,031000 loss = 3,989042
Resulting gain: 0.6930893492354588
Projecting...
Writing file devel\maxent_tuneFC\maxentRes\fc-LQbeta-1_uid-43\species.csv
Ending
