Fri Jul 24 15:21:54 CEST 2015
MaxEnt version 3.3.3k
Reading file absence
readGrid: max memory 477626368, total allocated 66060288, free 39617856, used 26442432, increment -1390744
Reading samples from presence
Read samples: max memory 477626368, total allocated 66060288, free 39135840, used 26924448, increment 482016
Adding samples to background in feature space
Command line used:  autorun -e devel/maxent_tuneFC/maxentRes/fc-Hbeta-10_uid-140/absence -o devel/maxent_tuneFC/maxentRes/fc-Hbeta-10_uid-140 -s devel/maxent_tuneFC/maxentRes/fc-Hbeta-10_uid-140/presence -z autofeature=false betamultiplier=10 hinge=true
Command line to repeat: java density.MaxEnt nowarnings noprefixes outputdirectory=devel/maxent_tuneFC/maxentRes/fc-Hbeta-10_uid-140 samplesfile=devel/maxent_tuneFC/maxentRes/fc-Hbeta-10_uid-140/presence environmentallayers=devel/maxent_tuneFC/maxentRes/fc-Hbeta-10_uid-140/absence betamultiplier=10.0 autorun novisible noautofeature
Species: species
Layers: x1 x2
Layertypes: Continuous Continuous
outputdirectory: devel/maxent_tuneFC/maxentRes/fc-Hbeta-10_uid-140
samplesfile: devel/maxent_tuneFC/maxentRes/fc-Hbeta-10_uid-140/presence
environmentallayers: devel/maxent_tuneFC/maxentRes/fc-Hbeta-10_uid-140/absence
betamultiplier: 10.0
autorun: true
visible: false
autofeature: false

getSamples: max memory 477626368, total allocated 66060288, free 39135840, used 26924448, increment 0
Making features
makeFeatures: max memory 477626368, total allocated 66060288, free 39135840, used 26924448, increment 0
species: 
Regularization values: linear/quadratic/product: 0.873, categorical: 0.250, threshold: 1.820, hinge: 0.500
18 samples
Density: max memory 477626368, total allocated 66060288, free 38653400, used 27406888, increment 482440
linearPredictor: max memory 477626368, total allocated 66060288, free 38653400, used 27406888, increment 0
FeaturedSpace: max memory 477626368, total allocated 66060288, free 38653400, used 27406888, increment 0
Sequential: max memory 477626368, total allocated 66060288, free 38653400, used 27406888, increment 0
Initial loss: 4.68213122712422
60: time = 0,008000 loss = 4,640508
Resulting gain: 0.04162272932292854
Projecting...
Writing file devel\maxent_tuneFC\maxentRes\fc-Hbeta-10_uid-140\species.csv
Ending
