Fri Jul 24 15:20:51 CEST 2015
MaxEnt version 3.3.3k
Reading file absence
readGrid: max memory 477626368, total allocated 75497472, free 68300200, used 7197272, increment -11903672
Reading samples from presence
Read samples: max memory 477626368, total allocated 75497472, free 67620352, used 7877120, increment 679848
Adding samples to background in feature space
Command line used:  autorun -e devel/maxent_tuneFC/maxentRes/fc-Tbeta-0.1_uid-58/absence -o devel/maxent_tuneFC/maxentRes/fc-Tbeta-0.1_uid-58 -s devel/maxent_tuneFC/maxentRes/fc-Tbeta-0.1_uid-58/presence -z autofeature=false betamultiplier=0.1 threshold=true
Command line to repeat: java density.MaxEnt nowarnings noprefixes outputdirectory=devel/maxent_tuneFC/maxentRes/fc-Tbeta-0.1_uid-58 samplesfile=devel/maxent_tuneFC/maxentRes/fc-Tbeta-0.1_uid-58/presence environmentallayers=devel/maxent_tuneFC/maxentRes/fc-Tbeta-0.1_uid-58/absence betamultiplier=0.1 autorun novisible noautofeature
Species: species
Layers: x1 x2
Layertypes: Continuous Continuous
outputdirectory: devel/maxent_tuneFC/maxentRes/fc-Tbeta-0.1_uid-58
samplesfile: devel/maxent_tuneFC/maxentRes/fc-Tbeta-0.1_uid-58/presence
environmentallayers: devel/maxent_tuneFC/maxentRes/fc-Tbeta-0.1_uid-58/absence
betamultiplier: 0.1
autorun: true
visible: false
autofeature: false

getSamples: max memory 477626368, total allocated 75497472, free 67620352, used 7877120, increment 0
Making features
makeFeatures: max memory 477626368, total allocated 75497472, free 67620352, used 7877120, increment 0
species: 
Regularization values: linear/quadratic/product: 0.873, categorical: 0.250, threshold: 1.820, hinge: 0.500
18 samples
Density: max memory 477626368, total allocated 75497472, free 67620352, used 7877120, increment 0
linearPredictor: max memory 477626368, total allocated 75497472, free 67620352, used 7877120, increment 0
FeaturedSpace: max memory 477626368, total allocated 75497472, free 67620352, used 7877120, increment 0
Sequential: max memory 477626368, total allocated 75497472, free 67620352, used 7877120, increment 0
Initial loss: 4.68213122712422
500: time = 0,068000 loss = 3,280332
Resulting gain: 1.4017993527119037
Projecting...
Writing file devel\maxent_tuneFC\maxentRes\fc-Tbeta-0.1_uid-58\species.csv
Ending
