Fri Jul 24 16:09:51 CEST 2015
MaxEnt version 3.3.3k
Reading file absence
readGrid: max memory 477626368, total allocated 64487424, free 19410104, used 45077320, increment -3913272
Reading samples from presence
Read samples: max memory 477626368, total allocated 64487424, free 18938464, used 45548960, increment 471640
Adding samples to background in feature space
Command line used:  autorun -e devel/maxent_tuneFC/maxentResults01/fc-HQPT_beta-0.1_uid-545/absence -o devel/maxent_tuneFC/maxentResults01/fc-HQPT_beta-0.1_uid-545 -s devel/maxent_tuneFC/maxentResults01/fc-HQPT_beta-0.1_uid-545/presence -z autofeature=false betamultiplier=0.1 linear=false quadratic=true hinge=true product=true threshold=true
Command line to repeat: java density.MaxEnt nowarnings noprefixes outputdirectory=devel/maxent_tuneFC/maxentResults01/fc-HQPT_beta-0.1_uid-545 samplesfile=devel/maxent_tuneFC/maxentResults01/fc-HQPT_beta-0.1_uid-545/presence environmentallayers=devel/maxent_tuneFC/maxentResults01/fc-HQPT_beta-0.1_uid-545/absence betamultiplier=0.1 nolinear autorun novisible noautofeature
Species: species
Layers: x1 x2
Layertypes: Continuous Continuous
outputdirectory: devel/maxent_tuneFC/maxentResults01/fc-HQPT_beta-0.1_uid-545
samplesfile: devel/maxent_tuneFC/maxentResults01/fc-HQPT_beta-0.1_uid-545/presence
environmentallayers: devel/maxent_tuneFC/maxentResults01/fc-HQPT_beta-0.1_uid-545/absence
betamultiplier: 0.1
linear: false
autorun: true
visible: false
autofeature: false

getSamples: max memory 477626368, total allocated 64487424, free 18938464, used 45548960, increment 0
Making features
makeFeatures: max memory 477626368, total allocated 64487424, free 18938464, used 45548960, increment 0
species: 
Regularization values: linear/quadratic/product: 1.800, categorical: 0.530, threshold: 1.920, hinge: 0.500
8 samples
Density: max memory 477626368, total allocated 64487424, free 18938464, used 45548960, increment 0
linearPredictor: max memory 477626368, total allocated 64487424, free 18938464, used 45548960, increment 0
FeaturedSpace: max memory 477626368, total allocated 64487424, free 18938464, used 45548960, increment 0
Sequential: max memory 477626368, total allocated 64487424, free 18466832, used 46020592, increment 471632
Initial loss: 4.584967478670572
500: time = 0,060000 loss = 2,594945
Resulting gain: 1.9900228140093739
Projecting...
Writing file devel\maxent_tuneFC\maxentResults01\fc-HQPT_beta-0.1_uid-545\species.csv
Ending
