Fri Jul 24 16:09:52 CEST 2015
MaxEnt version 3.3.3k
Reading file absence
readGrid: max memory 477626368, total allocated 64487424, free 20912304, used 43575120, increment -2445472
Reading samples from presence
Read samples: max memory 477626368, total allocated 64487424, free 20912304, used 43575120, increment 0
Adding samples to background in feature space
Command line used:  autorun -e devel/maxent_tuneFC/maxentResults01/fc-L_beta-1_uid-546/absence -o devel/maxent_tuneFC/maxentResults01/fc-L_beta-1_uid-546 -s devel/maxent_tuneFC/maxentResults01/fc-L_beta-1_uid-546/presence -z autofeature=false betamultiplier=1 linear=true quadratic=false hinge=false product=false threshold=false
Command line to repeat: java density.MaxEnt nowarnings noprefixes outputdirectory=devel/maxent_tuneFC/maxentResults01/fc-L_beta-1_uid-546 samplesfile=devel/maxent_tuneFC/maxentResults01/fc-L_beta-1_uid-546/presence environmentallayers=devel/maxent_tuneFC/maxentResults01/fc-L_beta-1_uid-546/absence noquadratic noproduct nothreshold nohinge autorun novisible noautofeature
Species: species
Layers: x1 x2
Layertypes: Continuous Continuous
outputdirectory: devel/maxent_tuneFC/maxentResults01/fc-L_beta-1_uid-546
samplesfile: devel/maxent_tuneFC/maxentResults01/fc-L_beta-1_uid-546/presence
environmentallayers: devel/maxent_tuneFC/maxentResults01/fc-L_beta-1_uid-546/absence
quadratic: false
product: false
threshold: false
hinge: false
autorun: true
visible: false
autofeature: false

getSamples: max memory 477626368, total allocated 64487424, free 20440896, used 44046528, increment 471408
Making features
makeFeatures: max memory 477626368, total allocated 64487424, free 20440896, used 44046528, increment 0
species: 
Regularization values: linear/quadratic/product: 1.000, categorical: 0.530, threshold: 1.920, hinge: 0.500
8 samples
Density: max memory 477626368, total allocated 64487424, free 20440896, used 44046528, increment 0
linearPredictor: max memory 477626368, total allocated 64487424, free 20440896, used 44046528, increment 0
FeaturedSpace: max memory 477626368, total allocated 64487424, free 20440896, used 44046528, increment 0
Sequential: max memory 477626368, total allocated 64487424, free 20440896, used 44046528, increment 0
Initial loss: 4.584967478670572
60: time = 0,000000 loss = 4,151821
Resulting gain: 0.4331465450560614
Projecting...
Writing file devel\maxent_tuneFC\maxentResults01\fc-L_beta-1_uid-546\species.csv
Ending
