Fri Jul 24 15:26:30 CEST 2015
MaxEnt version 3.3.3k
Reading file absence
readGrid: max memory 477626368, total allocated 63438848, free 49561888, used 13876960, increment -5777920
Reading samples from presence
Read samples: max memory 477626368, total allocated 63438848, free 49079616, used 14359232, increment 482272
Adding samples to background in feature space
Command line used:  autorun -e devel/maxent_tuneFC/maxentRes2/fc-HQPT_beta-1_uid-251/absence -o devel/maxent_tuneFC/maxentRes2/fc-HQPT_beta-1_uid-251 -s devel/maxent_tuneFC/maxentRes2/fc-HQPT_beta-1_uid-251/presence -z autofeature=false betamultiplier=1 hinge=true quadratic=true product=true threshold=true
Command line to repeat: java density.MaxEnt nowarnings noprefixes outputdirectory=devel/maxent_tuneFC/maxentRes2/fc-HQPT_beta-1_uid-251 samplesfile=devel/maxent_tuneFC/maxentRes2/fc-HQPT_beta-1_uid-251/presence environmentallayers=devel/maxent_tuneFC/maxentRes2/fc-HQPT_beta-1_uid-251/absence autorun novisible noautofeature
Species: species
Layers: x1 x2
Layertypes: Continuous Continuous
outputdirectory: devel/maxent_tuneFC/maxentRes2/fc-HQPT_beta-1_uid-251
samplesfile: devel/maxent_tuneFC/maxentRes2/fc-HQPT_beta-1_uid-251/presence
environmentallayers: devel/maxent_tuneFC/maxentRes2/fc-HQPT_beta-1_uid-251/absence
autorun: true
visible: false
autofeature: false

getSamples: max memory 477626368, total allocated 63438848, free 48597592, used 14841256, increment 482024
Making features
makeFeatures: max memory 477626368, total allocated 63438848, free 48597592, used 14841256, increment 0
species: 
Regularization values: linear/quadratic/product: 0.738, categorical: 0.250, threshold: 1.770, hinge: 0.500
23 samples
Density: max memory 477626368, total allocated 63438848, free 48597592, used 14841256, increment 0
linearPredictor: max memory 477626368, total allocated 63438848, free 48597592, used 14841256, increment 0
FeaturedSpace: max memory 477626368, total allocated 63438848, free 48597592, used 14841256, increment 0
Sequential: max memory 477626368, total allocated 63438848, free 48597592, used 14841256, increment 0
Initial loss: 4.787491742782046
180: time = 0,031000 loss = 4,028366
Resulting gain: 0.7591262277106718
Projecting...
Writing file devel\maxent_tuneFC\maxentRes2\fc-HQPT_beta-1_uid-251\species.csv
Ending
