Fri Jul 24 15:55:56 CEST 2015
MaxEnt version 3.3.3k
Reading file absence
readGrid: max memory 477626368, total allocated 64487424, free 30803168, used 33684256, increment -3328576
Reading samples from presence
Read samples: max memory 477626368, total allocated 64487424, free 30332920, used 34154504, increment 470248
Adding samples to background in feature space
Command line used:  autorun -e devel/maxent_tuneFC/maxentRes6/fc-D_beta-10_uid-481/absence -o devel/maxent_tuneFC/maxentRes6/fc-D_beta-10_uid-481 -s devel/maxent_tuneFC/maxentRes6/fc-D_beta-10_uid-481/presence -z autofeature=false betamultiplier=10 linear=true quadratic=true hinge=false product=true threshold=true
Command line to repeat: java density.MaxEnt nowarnings noprefixes outputdirectory=devel/maxent_tuneFC/maxentRes6/fc-D_beta-10_uid-481 samplesfile=devel/maxent_tuneFC/maxentRes6/fc-D_beta-10_uid-481/presence environmentallayers=devel/maxent_tuneFC/maxentRes6/fc-D_beta-10_uid-481/absence betamultiplier=10.0 nohinge autorun novisible noautofeature
Species: species
Layers: x1 x2
Layertypes: Continuous Continuous
outputdirectory: devel/maxent_tuneFC/maxentRes6/fc-D_beta-10_uid-481
samplesfile: devel/maxent_tuneFC/maxentRes6/fc-D_beta-10_uid-481/presence
environmentallayers: devel/maxent_tuneFC/maxentRes6/fc-D_beta-10_uid-481/absence
betamultiplier: 10.0
hinge: false
autorun: true
visible: false
autofeature: false

getSamples: max memory 477626368, total allocated 64487424, free 30332920, used 34154504, increment 0
Making features
makeFeatures: max memory 477626368, total allocated 64487424, free 30332920, used 34154504, increment 0
species: 
Regularization values: linear/quadratic/product: 2.100, categorical: 0.575, threshold: 1.950, hinge: 0.500
5 samples
Density: max memory 477626368, total allocated 64487424, free 30332920, used 34154504, increment 0
linearPredictor: max memory 477626368, total allocated 64487424, free 30332920, used 34154504, increment 0
FeaturedSpace: max memory 477626368, total allocated 64487424, free 30332920, used 34154504, increment 0
Sequential: max memory 477626368, total allocated 64487424, free 30332920, used 34154504, increment 0
Initial loss: 4.007333185232471
20: time = 0,000000 loss = 4,007333
Resulting gain: 0.0
Leaving out Fixed cumulative value 5 from threshold table, as uninitialized
Leaving out Fixed cumulative value 10 from threshold table, as uninitialized
Projecting...
Writing file devel\maxent_tuneFC\maxentRes6\fc-D_beta-10_uid-481\species.csv
Ending
