Fri Jul 24 15:56:46 CEST 2015
MaxEnt version 3.3.3k
Reading file absence
readGrid: max memory 477626368, total allocated 64487424, free 28038808, used 36448616, increment -4514840
Reading samples from presence
Read samples: max memory 477626368, total allocated 64487424, free 27571792, used 36915632, increment 467016
Adding samples to background in feature space
Command line used:  autorun -e devel/maxent_tuneFC/maxentRes6/fc-L_beta-0.1_uid-489/absence -o devel/maxent_tuneFC/maxentRes6/fc-L_beta-0.1_uid-489 -s devel/maxent_tuneFC/maxentRes6/fc-L_beta-0.1_uid-489/presence -z autofeature=false betamultiplier=0.1 linear=true quadratic=false hinge=false product=false threshold=false
Command line to repeat: java density.MaxEnt nowarnings noprefixes outputdirectory=devel/maxent_tuneFC/maxentRes6/fc-L_beta-0.1_uid-489 samplesfile=devel/maxent_tuneFC/maxentRes6/fc-L_beta-0.1_uid-489/presence environmentallayers=devel/maxent_tuneFC/maxentRes6/fc-L_beta-0.1_uid-489/absence betamultiplier=0.1 noquadratic noproduct nothreshold nohinge autorun novisible noautofeature
Species: species
Layers: x1 x2
Layertypes: Continuous Continuous
outputdirectory: devel/maxent_tuneFC/maxentRes6/fc-L_beta-0.1_uid-489
samplesfile: devel/maxent_tuneFC/maxentRes6/fc-L_beta-0.1_uid-489/presence
environmentallayers: devel/maxent_tuneFC/maxentRes6/fc-L_beta-0.1_uid-489/absence
betamultiplier: 0.1
quadratic: false
product: false
threshold: false
hinge: false
autorun: true
visible: false
autofeature: false

getSamples: max memory 477626368, total allocated 64487424, free 27571792, used 36915632, increment 0
Making features
makeFeatures: max memory 477626368, total allocated 64487424, free 27571792, used 36915632, increment 0
species: 
Regularization values: linear/quadratic/product: 1.000, categorical: 0.590, threshold: 1.960, hinge: 0.500
4 samples
Density: max memory 477626368, total allocated 64487424, free 27571792, used 36915632, increment 0
linearPredictor: max memory 477626368, total allocated 64487424, free 27571792, used 36915632, increment 0
FeaturedSpace: max memory 477626368, total allocated 64487424, free 27571792, used 36915632, increment 0
Sequential: max memory 477626368, total allocated 64487424, free 27571792, used 36915632, increment 0
Initial loss: 3.9889840465642745
60: time = 0,001000 loss = 3,703088
Resulting gain: 0.2858956468906051
Projecting...
Writing file devel\maxent_tuneFC\maxentRes6\fc-L_beta-0.1_uid-489\species.csv
Ending
