Fri Jul 24 16:10:39 CEST 2015
MaxEnt version 3.3.3k
Reading file absence
readGrid: max memory 477626368, total allocated 62914560, free 22918320, used 39996240, increment -4248264
Reading samples from presence
Read samples: max memory 477626368, total allocated 62914560, free 22451624, used 40462936, increment 466696
Adding samples to background in feature space
Command line used:  autorun -e devel/maxent_tuneFC/maxentResults01/fc-HQPT_beta-0.1_uid-599/absence -o devel/maxent_tuneFC/maxentResults01/fc-HQPT_beta-0.1_uid-599 -s devel/maxent_tuneFC/maxentResults01/fc-HQPT_beta-0.1_uid-599/presence -z autofeature=false betamultiplier=0.1 linear=false quadratic=true hinge=true product=true threshold=true
Command line to repeat: java density.MaxEnt nowarnings noprefixes outputdirectory=devel/maxent_tuneFC/maxentResults01/fc-HQPT_beta-0.1_uid-599 samplesfile=devel/maxent_tuneFC/maxentResults01/fc-HQPT_beta-0.1_uid-599/presence environmentallayers=devel/maxent_tuneFC/maxentResults01/fc-HQPT_beta-0.1_uid-599/absence betamultiplier=0.1 nolinear autorun novisible noautofeature
Species: species
Layers: x1 x2
Layertypes: Continuous Continuous
outputdirectory: devel/maxent_tuneFC/maxentResults01/fc-HQPT_beta-0.1_uid-599
samplesfile: devel/maxent_tuneFC/maxentResults01/fc-HQPT_beta-0.1_uid-599/presence
environmentallayers: devel/maxent_tuneFC/maxentResults01/fc-HQPT_beta-0.1_uid-599/absence
betamultiplier: 0.1
linear: false
autorun: true
visible: false
autofeature: false

getSamples: max memory 477626368, total allocated 62914560, free 22451624, used 40462936, increment 0
Making features
makeFeatures: max memory 477626368, total allocated 62914560, free 22451624, used 40462936, increment 0
species: 
Regularization values: linear/quadratic/product: 1.800, categorical: 0.530, threshold: 1.920, hinge: 0.500
8 samples
Density: max memory 477626368, total allocated 62914560, free 22451624, used 40462936, increment 0
linearPredictor: max memory 477626368, total allocated 62914560, free 22451624, used 40462936, increment 0
FeaturedSpace: max memory 477626368, total allocated 62914560, free 22451624, used 40462936, increment 0
Sequential: max memory 477626368, total allocated 62914560, free 22451624, used 40462936, increment 0
Initial loss: 4.584967478670572
500: time = 0,050000 loss = 2,620096
Resulting gain: 1.964871335742509
Projecting...
Writing file devel\maxent_tuneFC\maxentResults01\fc-HQPT_beta-0.1_uid-599\species.csv
Ending
