Fri Jul 24 16:10:08 CEST 2015
MaxEnt version 3.3.3k
Reading file absence
readGrid: max memory 477626368, total allocated 62914560, free 32215048, used 30699512, increment -4225976
Reading samples from presence
Read samples: max memory 477626368, total allocated 62914560, free 31748016, used 31166544, increment 467032
Adding samples to background in feature space
Command line used:  autorun -e devel/maxent_tuneFC/maxentResults01/fc-HQPT_beta-0.1_uid-569/absence -o devel/maxent_tuneFC/maxentResults01/fc-HQPT_beta-0.1_uid-569 -s devel/maxent_tuneFC/maxentResults01/fc-HQPT_beta-0.1_uid-569/presence -z autofeature=false betamultiplier=0.1 linear=false quadratic=true hinge=true product=true threshold=true
Command line to repeat: java density.MaxEnt nowarnings noprefixes outputdirectory=devel/maxent_tuneFC/maxentResults01/fc-HQPT_beta-0.1_uid-569 samplesfile=devel/maxent_tuneFC/maxentResults01/fc-HQPT_beta-0.1_uid-569/presence environmentallayers=devel/maxent_tuneFC/maxentResults01/fc-HQPT_beta-0.1_uid-569/absence betamultiplier=0.1 nolinear autorun novisible noautofeature
Species: species
Layers: x1 x2
Layertypes: Continuous Continuous
outputdirectory: devel/maxent_tuneFC/maxentResults01/fc-HQPT_beta-0.1_uid-569
samplesfile: devel/maxent_tuneFC/maxentResults01/fc-HQPT_beta-0.1_uid-569/presence
environmentallayers: devel/maxent_tuneFC/maxentResults01/fc-HQPT_beta-0.1_uid-569/absence
betamultiplier: 0.1
linear: false
autorun: true
visible: false
autofeature: false

getSamples: max memory 477626368, total allocated 62914560, free 31748016, used 31166544, increment 0
Making features
makeFeatures: max memory 477626368, total allocated 62914560, free 31748016, used 31166544, increment 0
species: 
Regularization values: linear/quadratic/product: 1.700, categorical: 0.515, threshold: 1.910, hinge: 0.500
9 samples
Density: max memory 477626368, total allocated 62914560, free 31748016, used 31166544, increment 0
linearPredictor: max memory 477626368, total allocated 62914560, free 31748016, used 31166544, increment 0
FeaturedSpace: max memory 477626368, total allocated 62914560, free 31748016, used 31166544, increment 0
Sequential: max memory 477626368, total allocated 62914560, free 31748016, used 31166544, increment 0
Initial loss: 4.59511985013459
500: time = 0,060000 loss = 2,740930
Resulting gain: 1.8541900567876768
Projecting...
Writing file devel\maxent_tuneFC\maxentResults01\fc-HQPT_beta-0.1_uid-569\species.csv
Ending
