Fri Jul 24 15:55:28 CEST 2015
MaxEnt version 3.3.3k
Reading file absence
readGrid: max memory 477626368, total allocated 64487424, free 44767224, used 19720200, increment -5792880
Reading samples from presence
Read samples: max memory 477626368, total allocated 64487424, free 44767224, used 19720200, increment 0
Adding samples to background in feature space
Command line used:  autorun -e devel/maxent_tuneFC/maxentRes6/fc-D_beta-1_uid-473/absence -o devel/maxent_tuneFC/maxentRes6/fc-D_beta-1_uid-473 -s devel/maxent_tuneFC/maxentRes6/fc-D_beta-1_uid-473/presence -z autofeature=false betamultiplier=1 linear=true quadratic=true hinge=false product=false threshold=false
Command line to repeat: java density.MaxEnt nowarnings noprefixes outputdirectory=devel/maxent_tuneFC/maxentRes6/fc-D_beta-1_uid-473 samplesfile=devel/maxent_tuneFC/maxentRes6/fc-D_beta-1_uid-473/presence environmentallayers=devel/maxent_tuneFC/maxentRes6/fc-D_beta-1_uid-473/absence noproduct nothreshold nohinge autorun novisible noautofeature
Species: species
Layers: x1 x2
Layertypes: Continuous Continuous
outputdirectory: devel/maxent_tuneFC/maxentRes6/fc-D_beta-1_uid-473
samplesfile: devel/maxent_tuneFC/maxentRes6/fc-D_beta-1_uid-473/presence
environmentallayers: devel/maxent_tuneFC/maxentRes6/fc-D_beta-1_uid-473/absence
product: false
threshold: false
hinge: false
autorun: true
visible: false
autofeature: false

getSamples: max memory 477626368, total allocated 64487424, free 44767224, used 19720200, increment 0
Making features
makeFeatures: max memory 477626368, total allocated 64487424, free 44767224, used 19720200, increment 0
species: 
Regularization values: linear/quadratic/product: 1.100, categorical: 0.590, threshold: 1.960, hinge: 0.500
4 samples
Density: max memory 477626368, total allocated 64487424, free 44767224, used 19720200, increment 0
linearPredictor: max memory 477626368, total allocated 64487424, free 44767224, used 19720200, increment 0
FeaturedSpace: max memory 477626368, total allocated 64487424, free 44767224, used 19720200, increment 0
Sequential: max memory 477626368, total allocated 64487424, free 44767224, used 19720200, increment 0
Initial loss: 3.9889840465642745
80: time = 0,001000 loss = 2,773716
Resulting gain: 1.215267947547014
Projecting...
Writing file devel\maxent_tuneFC\maxentRes6\fc-D_beta-1_uid-473\species.csv
Ending
