Fri Jul 24 15:25:38 CEST 2015
MaxEnt version 3.3.3k
Reading file absence
readGrid: max memory 477626368, total allocated 67108864, free 31209728, used 35899136, increment -2642440
Reading samples from presence
Read samples: max memory 477626368, total allocated 67108864, free 30707168, used 36401696, increment 502560
Adding samples to background in feature space
Command line used:  autorun -e devel/maxent_tuneFC/maxentRes2/fc-HQPT_beta-1_uid-202/absence -o devel/maxent_tuneFC/maxentRes2/fc-HQPT_beta-1_uid-202 -s devel/maxent_tuneFC/maxentRes2/fc-HQPT_beta-1_uid-202/presence -z autofeature=false betamultiplier=1 hinge=true quadratic=true product=true threshold=true
Command line to repeat: java density.MaxEnt nowarnings noprefixes outputdirectory=devel/maxent_tuneFC/maxentRes2/fc-HQPT_beta-1_uid-202 samplesfile=devel/maxent_tuneFC/maxentRes2/fc-HQPT_beta-1_uid-202/presence environmentallayers=devel/maxent_tuneFC/maxentRes2/fc-HQPT_beta-1_uid-202/absence autorun novisible noautofeature
Species: species
Layers: x1 x2
Layertypes: Continuous Continuous
outputdirectory: devel/maxent_tuneFC/maxentRes2/fc-HQPT_beta-1_uid-202
samplesfile: devel/maxent_tuneFC/maxentRes2/fc-HQPT_beta-1_uid-202/presence
environmentallayers: devel/maxent_tuneFC/maxentRes2/fc-HQPT_beta-1_uid-202/absence
autorun: true
visible: false
autofeature: false

getSamples: max memory 477626368, total allocated 67108864, free 30707168, used 36401696, increment 0
Making features
makeFeatures: max memory 477626368, total allocated 67108864, free 30707168, used 36401696, increment 0
species: 
Regularization values: linear/quadratic/product: 0.873, categorical: 0.250, threshold: 1.820, hinge: 0.500
18 samples
Density: max memory 477626368, total allocated 67108864, free 30707168, used 36401696, increment 0
linearPredictor: max memory 477626368, total allocated 67108864, free 30707168, used 36401696, increment 0
FeaturedSpace: max memory 477626368, total allocated 67108864, free 30707168, used 36401696, increment 0
Sequential: max memory 477626368, total allocated 67108864, free 30707168, used 36401696, increment 0
Initial loss: 4.68213122712422
340: time = 0,049000 loss = 3,964191
Resulting gain: 0.7179404678725811
Projecting...
Writing file devel\maxent_tuneFC\maxentRes2\fc-HQPT_beta-1_uid-202\species.csv
Ending
