Fri Jul 24 15:21:46 CEST 2015
MaxEnt version 3.3.3k
Reading file absence
readGrid: max memory 477626368, total allocated 69206016, free 29096728, used 40109288, increment 23656360
Reading samples from presence
Read samples: max memory 477626368, total allocated 69206016, free 29096728, used 40109288, increment 0
Adding samples to background in feature space
Command line used:  autorun -e devel/maxent_tuneFC/maxentRes/fc-HQbeta-0.1_uid-129/absence -o devel/maxent_tuneFC/maxentRes/fc-HQbeta-0.1_uid-129 -s devel/maxent_tuneFC/maxentRes/fc-HQbeta-0.1_uid-129/presence -z autofeature=false betamultiplier=0.1 hinge=true quadratic=true
Command line to repeat: java density.MaxEnt nowarnings noprefixes outputdirectory=devel/maxent_tuneFC/maxentRes/fc-HQbeta-0.1_uid-129 samplesfile=devel/maxent_tuneFC/maxentRes/fc-HQbeta-0.1_uid-129/presence environmentallayers=devel/maxent_tuneFC/maxentRes/fc-HQbeta-0.1_uid-129/absence betamultiplier=0.1 autorun novisible noautofeature
Species: species
Layers: x1 x2
Layertypes: Continuous Continuous
outputdirectory: devel/maxent_tuneFC/maxentRes/fc-HQbeta-0.1_uid-129
samplesfile: devel/maxent_tuneFC/maxentRes/fc-HQbeta-0.1_uid-129/presence
environmentallayers: devel/maxent_tuneFC/maxentRes/fc-HQbeta-0.1_uid-129/absence
betamultiplier: 0.1
autorun: true
visible: false
autofeature: false

getSamples: max memory 477626368, total allocated 69206016, free 28541920, used 40664096, increment 554808
Making features
makeFeatures: max memory 477626368, total allocated 69206016, free 28541920, used 40664096, increment 0
species: 
Regularization values: linear/quadratic/product: 0.873, categorical: 0.250, threshold: 1.820, hinge: 0.500
18 samples
Density: max memory 477626368, total allocated 69206016, free 28541920, used 40664096, increment 0
linearPredictor: max memory 477626368, total allocated 69206016, free 28541920, used 40664096, increment 0
FeaturedSpace: max memory 477626368, total allocated 69206016, free 28541920, used 40664096, increment 0
Sequential: max memory 477626368, total allocated 69206016, free 28541920, used 40664096, increment 0
Initial loss: 4.68213122712422
500: time = 0,068000 loss = 3,306973
Resulting gain: 1.3751580576454465
Projecting...
Writing file devel\maxent_tuneFC\maxentRes\fc-HQbeta-0.1_uid-129\species.csv
Ending
