Fri Jul 24 15:55:52 CEST 2015
MaxEnt version 3.3.3k
Reading file absence
readGrid: max memory 477626368, total allocated 64487424, free 31243080, used 33244344, increment -23520
Reading samples from presence
Read samples: max memory 477626368, total allocated 64487424, free 30775112, used 33712312, increment 467968
Adding samples to background in feature space
Command line used:  autorun -e devel/maxent_tuneFC/maxentRes6/fc-D_beta-0.1_uid-476/absence -o devel/maxent_tuneFC/maxentRes6/fc-D_beta-0.1_uid-476 -s devel/maxent_tuneFC/maxentRes6/fc-D_beta-0.1_uid-476/presence -z autofeature=false betamultiplier=0.1 linear=true quadratic=true hinge=false product=true threshold=true
Command line to repeat: java density.MaxEnt nowarnings noprefixes outputdirectory=devel/maxent_tuneFC/maxentRes6/fc-D_beta-0.1_uid-476 samplesfile=devel/maxent_tuneFC/maxentRes6/fc-D_beta-0.1_uid-476/presence environmentallayers=devel/maxent_tuneFC/maxentRes6/fc-D_beta-0.1_uid-476/absence betamultiplier=0.1 nohinge autorun novisible noautofeature
Species: species
Layers: x1 x2
Layertypes: Continuous Continuous
outputdirectory: devel/maxent_tuneFC/maxentRes6/fc-D_beta-0.1_uid-476
samplesfile: devel/maxent_tuneFC/maxentRes6/fc-D_beta-0.1_uid-476/presence
environmentallayers: devel/maxent_tuneFC/maxentRes6/fc-D_beta-0.1_uid-476/absence
betamultiplier: 0.1
hinge: false
autorun: true
visible: false
autofeature: false

getSamples: max memory 477626368, total allocated 64487424, free 30775112, used 33712312, increment 0
Making features
makeFeatures: max memory 477626368, total allocated 64487424, free 30775112, used 33712312, increment 0
species: 
Regularization values: linear/quadratic/product: 2.200, categorical: 0.590, threshold: 1.960, hinge: 0.500
4 samples
Density: max memory 477626368, total allocated 64487424, free 30775112, used 33712312, increment 0
linearPredictor: max memory 477626368, total allocated 64487424, free 30775112, used 33712312, increment 0
FeaturedSpace: max memory 477626368, total allocated 64487424, free 30775112, used 33712312, increment 0
Sequential: max memory 477626368, total allocated 64487424, free 30775112, used 33712312, increment 0
Initial loss: 3.9889840465642745
260: time = 0,005000 loss = 1,907553
Resulting gain: 2.081431320637498
Projecting...
Writing file devel\maxent_tuneFC\maxentRes6\fc-D_beta-0.1_uid-476\species.csv
Ending
