Fri Jul 24 15:56:48 CEST 2015
MaxEnt version 3.3.3k
Reading file absence
readGrid: max memory 477626368, total allocated 64487424, free 26003352, used 38484072, increment -3962848
Reading samples from presence
Read samples: max memory 477626368, total allocated 64487424, free 25532552, used 38954872, increment 470800
Adding samples to background in feature space
Command line used:  autorun -e devel/maxent_tuneFC/maxentRes6/fc-HQPT_beta-10_uid-494/absence -o devel/maxent_tuneFC/maxentRes6/fc-HQPT_beta-10_uid-494 -s devel/maxent_tuneFC/maxentRes6/fc-HQPT_beta-10_uid-494/presence -z autofeature=false betamultiplier=10 linear=false quadratic=true hinge=true product=true threshold=true
Command line to repeat: java density.MaxEnt nowarnings noprefixes outputdirectory=devel/maxent_tuneFC/maxentRes6/fc-HQPT_beta-10_uid-494 samplesfile=devel/maxent_tuneFC/maxentRes6/fc-HQPT_beta-10_uid-494/presence environmentallayers=devel/maxent_tuneFC/maxentRes6/fc-HQPT_beta-10_uid-494/absence betamultiplier=10.0 nolinear autorun novisible noautofeature
Species: species
Layers: x1 x2
Layertypes: Continuous Continuous
outputdirectory: devel/maxent_tuneFC/maxentRes6/fc-HQPT_beta-10_uid-494
samplesfile: devel/maxent_tuneFC/maxentRes6/fc-HQPT_beta-10_uid-494/presence
environmentallayers: devel/maxent_tuneFC/maxentRes6/fc-HQPT_beta-10_uid-494/absence
betamultiplier: 10.0
linear: false
autorun: true
visible: false
autofeature: false

getSamples: max memory 477626368, total allocated 64487424, free 25532552, used 38954872, increment 0
Making features
makeFeatures: max memory 477626368, total allocated 64487424, free 25532552, used 38954872, increment 0
species: 
Regularization values: linear/quadratic/product: 2.200, categorical: 0.590, threshold: 1.960, hinge: 0.500
4 samples
Density: max memory 477626368, total allocated 64487424, free 25532552, used 38954872, increment 0
linearPredictor: max memory 477626368, total allocated 64487424, free 25532552, used 38954872, increment 0
FeaturedSpace: max memory 477626368, total allocated 64487424, free 25532552, used 38954872, increment 0
Sequential: max memory 477626368, total allocated 64487424, free 25532552, used 38954872, increment 0
Initial loss: 3.9889840465642745
20: time = 0,001000 loss = 3,988984
Resulting gain: 0.0
Leaving out Fixed cumulative value 5 from threshold table, as uninitialized
Leaving out Fixed cumulative value 10 from threshold table, as uninitialized
Projecting...
Writing file devel\maxent_tuneFC\maxentRes6\fc-HQPT_beta-10_uid-494\species.csv
Ending
