Fri Jul 24 16:10:36 CEST 2015
MaxEnt version 3.3.3k
Reading file absence
readGrid: max memory 477626368, total allocated 62914560, free 27090456, used 35824104, increment -4652080
Reading samples from presence
Read samples: max memory 477626368, total allocated 62914560, free 26624472, used 36290088, increment 465984
Adding samples to background in feature space
Command line used:  autorun -e devel/maxent_tuneFC/maxentResults01/fc-HQPT_beta-1_uid-595/absence -o devel/maxent_tuneFC/maxentResults01/fc-HQPT_beta-1_uid-595 -s devel/maxent_tuneFC/maxentResults01/fc-HQPT_beta-1_uid-595/presence -z autofeature=false betamultiplier=1 linear=false quadratic=true hinge=true product=true threshold=true
Command line to repeat: java density.MaxEnt nowarnings noprefixes outputdirectory=devel/maxent_tuneFC/maxentResults01/fc-HQPT_beta-1_uid-595 samplesfile=devel/maxent_tuneFC/maxentResults01/fc-HQPT_beta-1_uid-595/presence environmentallayers=devel/maxent_tuneFC/maxentResults01/fc-HQPT_beta-1_uid-595/absence nolinear autorun novisible noautofeature
Species: species
Layers: x1 x2
Layertypes: Continuous Continuous
outputdirectory: devel/maxent_tuneFC/maxentResults01/fc-HQPT_beta-1_uid-595
samplesfile: devel/maxent_tuneFC/maxentResults01/fc-HQPT_beta-1_uid-595/presence
environmentallayers: devel/maxent_tuneFC/maxentResults01/fc-HQPT_beta-1_uid-595/absence
linear: false
autorun: true
visible: false
autofeature: false

getSamples: max memory 477626368, total allocated 62914560, free 26624472, used 36290088, increment 0
Making features
makeFeatures: max memory 477626368, total allocated 62914560, free 26624472, used 36290088, increment 0
species: 
Regularization values: linear/quadratic/product: 1.800, categorical: 0.530, threshold: 1.920, hinge: 0.500
8 samples
Density: max memory 477626368, total allocated 62914560, free 26624472, used 36290088, increment 0
linearPredictor: max memory 477626368, total allocated 62914560, free 26624472, used 36290088, increment 0
FeaturedSpace: max memory 477626368, total allocated 62914560, free 26624472, used 36290088, increment 0
Sequential: max memory 477626368, total allocated 62914560, free 26624472, used 36290088, increment 0
Initial loss: 4.584967478670572
360: time = 0,040000 loss = 3,859286
Resulting gain: 0.7256812066327689
Projecting...
Writing file devel\maxent_tuneFC\maxentResults01\fc-HQPT_beta-1_uid-595\species.csv
Ending
