Fri Jul 24 16:10:20 CEST 2015
MaxEnt version 3.3.3k
Reading file absence
readGrid: max memory 477626368, total allocated 67633152, free 30804512, used 36828640, increment 18349376
Reading samples from presence
Read samples: max memory 477626368, total allocated 67633152, free 30240288, used 37392864, increment 564224
Adding samples to background in feature space
Command line used:  autorun -e devel/maxent_tuneFC/maxentResults01/fc-L_beta-10_uid-578/absence -o devel/maxent_tuneFC/maxentResults01/fc-L_beta-10_uid-578 -s devel/maxent_tuneFC/maxentResults01/fc-L_beta-10_uid-578/presence -z autofeature=false betamultiplier=10 linear=true quadratic=false hinge=false product=false threshold=false
Command line to repeat: java density.MaxEnt nowarnings noprefixes outputdirectory=devel/maxent_tuneFC/maxentResults01/fc-L_beta-10_uid-578 samplesfile=devel/maxent_tuneFC/maxentResults01/fc-L_beta-10_uid-578/presence environmentallayers=devel/maxent_tuneFC/maxentResults01/fc-L_beta-10_uid-578/absence betamultiplier=10.0 noquadratic noproduct nothreshold nohinge autorun novisible noautofeature
Species: species
Layers: x1 x2
Layertypes: Continuous Continuous
outputdirectory: devel/maxent_tuneFC/maxentResults01/fc-L_beta-10_uid-578
samplesfile: devel/maxent_tuneFC/maxentResults01/fc-L_beta-10_uid-578/presence
environmentallayers: devel/maxent_tuneFC/maxentResults01/fc-L_beta-10_uid-578/absence
betamultiplier: 10.0
quadratic: false
product: false
threshold: false
hinge: false
autorun: true
visible: false
autofeature: false

getSamples: max memory 477626368, total allocated 67633152, free 30240288, used 37392864, increment 0
Making features
makeFeatures: max memory 477626368, total allocated 67633152, free 30240288, used 37392864, increment 0
species: 
Regularization values: linear/quadratic/product: 1.000, categorical: 0.530, threshold: 1.920, hinge: 0.500
8 samples
Density: max memory 477626368, total allocated 67633152, free 30240288, used 37392864, increment 0
linearPredictor: max memory 477626368, total allocated 67633152, free 30240288, used 37392864, increment 0
FeaturedSpace: max memory 477626368, total allocated 67633152, free 30240288, used 37392864, increment 0
Sequential: max memory 477626368, total allocated 67633152, free 30240288, used 37392864, increment 0
Initial loss: 4.584967478670572
20: time = 0,000000 loss = 4,584967
Resulting gain: 0.0
Leaving out Fixed cumulative value 5 from threshold table, as uninitialized
Leaving out Fixed cumulative value 10 from threshold table, as uninitialized
Leaving out Equate entropy of thresholded and original distributions from threshold table, as uninitialized
Projecting...
Writing file devel\maxent_tuneFC\maxentResults01\fc-L_beta-10_uid-578\species.csv
Ending
