Fri Jul 24 15:27:57 CEST 2015
MaxEnt version 3.3.3k
Reading file absence
readGrid: max memory 477626368, total allocated 63438848, free 29993480, used 33445368, increment -6203272
Reading samples from presence
Read samples: max memory 477626368, total allocated 63438848, free 29993480, used 33445368, increment 0
Adding samples to background in feature space
Command line used:  autorun -e devel/maxent_tuneFC/maxentRes2/fc-HQPT_beta-10_uid-266/absence -o devel/maxent_tuneFC/maxentRes2/fc-HQPT_beta-10_uid-266 -s devel/maxent_tuneFC/maxentRes2/fc-HQPT_beta-10_uid-266/presence -z autofeature=false betamultiplier=10 hinge=true quadratic=true product=true threshold=true
Command line to repeat: java density.MaxEnt nowarnings noprefixes outputdirectory=devel/maxent_tuneFC/maxentRes2/fc-HQPT_beta-10_uid-266 samplesfile=devel/maxent_tuneFC/maxentRes2/fc-HQPT_beta-10_uid-266/presence environmentallayers=devel/maxent_tuneFC/maxentRes2/fc-HQPT_beta-10_uid-266/absence betamultiplier=10.0 autorun novisible noautofeature
Species: species
Layers: x1 x2
Layertypes: Continuous Continuous
outputdirectory: devel/maxent_tuneFC/maxentRes2/fc-HQPT_beta-10_uid-266
samplesfile: devel/maxent_tuneFC/maxentRes2/fc-HQPT_beta-10_uid-266/presence
environmentallayers: devel/maxent_tuneFC/maxentRes2/fc-HQPT_beta-10_uid-266/absence
betamultiplier: 10.0
autorun: true
visible: false
autofeature: false

getSamples: max memory 477626368, total allocated 63438848, free 29503408, used 33935440, increment 490072
Making features
makeFeatures: max memory 477626368, total allocated 63438848, free 29503408, used 33935440, increment 0
species: 
Regularization values: linear/quadratic/product: 1.300, categorical: 0.393, threshold: 1.870, hinge: 0.500
13 samples
Density: max memory 477626368, total allocated 63438848, free 29503408, used 33935440, increment 0
linearPredictor: max memory 477626368, total allocated 63438848, free 29503408, used 33935440, increment 0
FeaturedSpace: max memory 477626368, total allocated 63438848, free 29503408, used 33935440, increment 0
Sequential: max memory 477626368, total allocated 63438848, free 29503408, used 33935440, increment 0
Initial loss: 4.382026634673881
60: time = 0,000000 loss = 4,376363
Resulting gain: 0.0056638725143933755
Projecting...
Writing file devel\maxent_tuneFC\maxentRes2\fc-HQPT_beta-10_uid-266\species.csv
Ending
