Fri Jul 24 15:31:51 CEST 2015
MaxEnt version 3.3.3k
Reading file absence
readGrid: max memory 477626368, total allocated 63438848, free 25404208, used 38034640, increment -5954184
Reading samples from presence
Read samples: max memory 477626368, total allocated 63438848, free 24922984, used 38515864, increment 481224
Adding samples to background in feature space
Command line used:  autorun -e devel/maxent_tuneFC/maxentRes2/fc-HQPT_beta-0.1_uid-313/absence -o devel/maxent_tuneFC/maxentRes2/fc-HQPT_beta-0.1_uid-313 -s devel/maxent_tuneFC/maxentRes2/fc-HQPT_beta-0.1_uid-313/presence -z autofeature=false betamultiplier=0.1 linear=true quadratic=true hinge=true product=true threshold=true =false
Command line to repeat: java density.MaxEnt nowarnings noprefixes outputdirectory=devel/maxent_tuneFC/maxentRes2/fc-HQPT_beta-0.1_uid-313 samplesfile=devel/maxent_tuneFC/maxentRes2/fc-HQPT_beta-0.1_uid-313/presence environmentallayers=devel/maxent_tuneFC/maxentRes2/fc-HQPT_beta-0.1_uid-313/absence betamultiplier=0.1 autorun novisible noautofeature
Species: species
Layers: x1 x2
Layertypes: Continuous Continuous
outputdirectory: devel/maxent_tuneFC/maxentRes2/fc-HQPT_beta-0.1_uid-313
samplesfile: devel/maxent_tuneFC/maxentRes2/fc-HQPT_beta-0.1_uid-313/presence
environmentallayers: devel/maxent_tuneFC/maxentRes2/fc-HQPT_beta-0.1_uid-313/absence
betamultiplier: 0.1
autorun: true
visible: false
autofeature: false

getSamples: max memory 477626368, total allocated 63438848, free 24922984, used 38515864, increment 0
Making features
makeFeatures: max memory 477626368, total allocated 63438848, free 24922984, used 38515864, increment 0
species: 
Regularization values: linear/quadratic/product: 1.600, categorical: 0.500, threshold: 1.900, hinge: 0.500
10 samples
Density: max memory 477626368, total allocated 63438848, free 24922984, used 38515864, increment 0
linearPredictor: max memory 477626368, total allocated 63438848, free 24922984, used 38515864, increment 0
FeaturedSpace: max memory 477626368, total allocated 63438848, free 24922984, used 38515864, increment 0
Sequential: max memory 477626368, total allocated 63438848, free 24922984, used 38515864, increment 0
Initial loss: 4.0943445622221
500: time = 0,032000 loss = 2,651104
Resulting gain: 1.4432405423792183
Projecting...
Writing file devel\maxent_tuneFC\maxentRes2\fc-HQPT_beta-0.1_uid-313\species.csv
Ending
