Fri Jul 24 15:21:42 CEST 2015
MaxEnt version 3.3.3k
Reading file absence
readGrid: max memory 477626368, total allocated 71303168, free 34946344, used 36356824, increment -6377888
Reading samples from presence
Read samples: max memory 477626368, total allocated 71303168, free 34353344, used 36949824, increment 593000
Adding samples to background in feature space
Command line used:  autorun -e devel/maxent_tuneFC/maxentRes/fc-Tbeta-10_uid-124/absence -o devel/maxent_tuneFC/maxentRes/fc-Tbeta-10_uid-124 -s devel/maxent_tuneFC/maxentRes/fc-Tbeta-10_uid-124/presence -z autofeature=false betamultiplier=10 threshold=true
Command line to repeat: java density.MaxEnt nowarnings noprefixes outputdirectory=devel/maxent_tuneFC/maxentRes/fc-Tbeta-10_uid-124 samplesfile=devel/maxent_tuneFC/maxentRes/fc-Tbeta-10_uid-124/presence environmentallayers=devel/maxent_tuneFC/maxentRes/fc-Tbeta-10_uid-124/absence betamultiplier=10.0 autorun novisible noautofeature
Species: species
Layers: x1 x2
Layertypes: Continuous Continuous
outputdirectory: devel/maxent_tuneFC/maxentRes/fc-Tbeta-10_uid-124
samplesfile: devel/maxent_tuneFC/maxentRes/fc-Tbeta-10_uid-124/presence
environmentallayers: devel/maxent_tuneFC/maxentRes/fc-Tbeta-10_uid-124/absence
betamultiplier: 10.0
autorun: true
visible: false
autofeature: false

getSamples: max memory 477626368, total allocated 71303168, free 34353344, used 36949824, increment 0
Making features
makeFeatures: max memory 477626368, total allocated 71303168, free 34353344, used 36949824, increment 0
species: 
Regularization values: linear/quadratic/product: 0.873, categorical: 0.250, threshold: 1.820, hinge: 0.500
18 samples
Density: max memory 477626368, total allocated 71303168, free 34353344, used 36949824, increment 0
linearPredictor: max memory 477626368, total allocated 71303168, free 34353344, used 36949824, increment 0
FeaturedSpace: max memory 477626368, total allocated 71303168, free 34353344, used 36949824, increment 0
Sequential: max memory 477626368, total allocated 71303168, free 34353344, used 36949824, increment 0
Initial loss: 4.68213122712422
60: time = 0,009000 loss = 4,635223
Resulting gain: 0.04690791890238444
Projecting...
Writing file devel\maxent_tuneFC\maxentRes\fc-Tbeta-10_uid-124\species.csv
Ending
