Fri Jul 24 15:26:04 CEST 2015
MaxEnt version 3.3.3k
Reading file absence
readGrid: max memory 477626368, total allocated 72351744, free 8535152, used 63816592, increment 22911328
Reading samples from presence
Read samples: max memory 477626368, total allocated 72351744, free 7918760, used 64432984, increment 616392
Adding samples to background in feature space
Command line used:  autorun -e devel/maxent_tuneFC/maxentRes2/fc-HQPT_beta-1_uid-232/absence -o devel/maxent_tuneFC/maxentRes2/fc-HQPT_beta-1_uid-232 -s devel/maxent_tuneFC/maxentRes2/fc-HQPT_beta-1_uid-232/presence -z autofeature=false betamultiplier=1 hinge=true quadratic=true product=true threshold=true
Command line to repeat: java density.MaxEnt nowarnings noprefixes outputdirectory=devel/maxent_tuneFC/maxentRes2/fc-HQPT_beta-1_uid-232 samplesfile=devel/maxent_tuneFC/maxentRes2/fc-HQPT_beta-1_uid-232/presence environmentallayers=devel/maxent_tuneFC/maxentRes2/fc-HQPT_beta-1_uid-232/absence autorun novisible noautofeature
Species: species
Layers: x1 x2
Layertypes: Continuous Continuous
outputdirectory: devel/maxent_tuneFC/maxentRes2/fc-HQPT_beta-1_uid-232
samplesfile: devel/maxent_tuneFC/maxentRes2/fc-HQPT_beta-1_uid-232/presence
environmentallayers: devel/maxent_tuneFC/maxentRes2/fc-HQPT_beta-1_uid-232/absence
autorun: true
visible: false
autofeature: false

getSamples: max memory 477626368, total allocated 72351744, free 7918760, used 64432984, increment 0
Making features
makeFeatures: max memory 477626368, total allocated 72351744, free 7918760, used 64432984, increment 0
species: 
Regularization values: linear/quadratic/product: 0.873, categorical: 0.250, threshold: 1.820, hinge: 0.500
18 samples
Density: max memory 477626368, total allocated 72351744, free 7918760, used 64432984, increment 0
linearPredictor: max memory 477626368, total allocated 72351744, free 7918760, used 64432984, increment 0
FeaturedSpace: max memory 477626368, total allocated 72351744, free 7918760, used 64432984, increment 0
Sequential: max memory 477626368, total allocated 72351744, free 7918760, used 64432984, increment 0
Initial loss: 4.68213122712422
300: time = 0,031000 loss = 3,916856
Resulting gain: 0.7652754541260554
Projecting...
Writing file devel\maxent_tuneFC\maxentRes2\fc-HQPT_beta-1_uid-232\species.csv
Ending
