Fri Jul 24 15:29:34 CEST 2015
MaxEnt version 3.3.3k
Reading file absence
readGrid: max memory 477626368, total allocated 63438848, free 16716568, used 46722280, increment -6505840
Reading samples from presence
Read samples: max memory 477626368, total allocated 63438848, free 16237808, used 47201040, increment 478760
Adding samples to background in feature space
Command line used:  autorun -e devel/maxent_tuneFC/maxentRes2/fc-L_beta-0.1_uid-286/absence -o devel/maxent_tuneFC/maxentRes2/fc-L_beta-0.1_uid-286 -s devel/maxent_tuneFC/maxentRes2/fc-L_beta-0.1_uid-286/presence -z autofeature=false betamultiplier=0.1 linear=true
Command line to repeat: java density.MaxEnt nowarnings noprefixes outputdirectory=devel/maxent_tuneFC/maxentRes2/fc-L_beta-0.1_uid-286 samplesfile=devel/maxent_tuneFC/maxentRes2/fc-L_beta-0.1_uid-286/presence environmentallayers=devel/maxent_tuneFC/maxentRes2/fc-L_beta-0.1_uid-286/absence betamultiplier=0.1 autorun novisible noautofeature
Species: species
Layers: x1 x2
Layertypes: Continuous Continuous
outputdirectory: devel/maxent_tuneFC/maxentRes2/fc-L_beta-0.1_uid-286
samplesfile: devel/maxent_tuneFC/maxentRes2/fc-L_beta-0.1_uid-286/presence
environmentallayers: devel/maxent_tuneFC/maxentRes2/fc-L_beta-0.1_uid-286/absence
betamultiplier: 0.1
autorun: true
visible: false
autofeature: false

getSamples: max memory 477626368, total allocated 63438848, free 16237808, used 47201040, increment 0
Making features
makeFeatures: max memory 477626368, total allocated 63438848, free 16237808, used 47201040, increment 0
species: 
Regularization values: linear/quadratic/product: 1.300, categorical: 0.393, threshold: 1.870, hinge: 0.500
13 samples
Density: max memory 477626368, total allocated 63438848, free 16237808, used 47201040, increment 0
linearPredictor: max memory 477626368, total allocated 63438848, free 16237808, used 47201040, increment 0
FeaturedSpace: max memory 477626368, total allocated 63438848, free 16237808, used 47201040, increment 0
Sequential: max memory 477626368, total allocated 63438848, free 16237808, used 47201040, increment 0
Initial loss: 4.3694478524670215
500: time = 0,047000 loss = 2,910601
Resulting gain: 1.458846957463534
Projecting...
Writing file devel\maxent_tuneFC\maxentRes2\fc-L_beta-0.1_uid-286\species.csv
Ending
