Fri Jul 24 15:20:42 CEST 2015
MaxEnt version 3.3.3k
Reading file absence
readGrid: max memory 477626368, total allocated 66060288, free 42600776, used 23459512, increment -85304
Reading samples from presence
Read samples: max memory 477626368, total allocated 66060288, free 42111968, used 23948320, increment 488808
Adding samples to background in feature space
Command line used:  autorun -e devel/maxent_tuneFC/maxentRes/fc-HQPTbeta-1_uid-47/absence -o devel/maxent_tuneFC/maxentRes/fc-HQPTbeta-1_uid-47 -s devel/maxent_tuneFC/maxentRes/fc-HQPTbeta-1_uid-47/presence -z autofeature=false betamultiplier=1 hinge=true quadratic=true product=true threshold=true
Command line to repeat: java density.MaxEnt nowarnings noprefixes outputdirectory=devel/maxent_tuneFC/maxentRes/fc-HQPTbeta-1_uid-47 samplesfile=devel/maxent_tuneFC/maxentRes/fc-HQPTbeta-1_uid-47/presence environmentallayers=devel/maxent_tuneFC/maxentRes/fc-HQPTbeta-1_uid-47/absence autorun novisible noautofeature
Species: species
Layers: x1 x2
Layertypes: Continuous Continuous
outputdirectory: devel/maxent_tuneFC/maxentRes/fc-HQPTbeta-1_uid-47
samplesfile: devel/maxent_tuneFC/maxentRes/fc-HQPTbeta-1_uid-47/presence
environmentallayers: devel/maxent_tuneFC/maxentRes/fc-HQPTbeta-1_uid-47/absence
autorun: true
visible: false
autofeature: false

getSamples: max memory 477626368, total allocated 66060288, free 42111968, used 23948320, increment 0
Making features
makeFeatures: max memory 477626368, total allocated 66060288, free 42111968, used 23948320, increment 0
species: 
Regularization values: linear/quadratic/product: 0.873, categorical: 0.250, threshold: 1.820, hinge: 0.500
18 samples
Density: max memory 477626368, total allocated 66060288, free 42111968, used 23948320, increment 0
linearPredictor: max memory 477626368, total allocated 66060288, free 42111968, used 23948320, increment 0
FeaturedSpace: max memory 477626368, total allocated 66060288, free 42111968, used 23948320, increment 0
Sequential: max memory 477626368, total allocated 66060288, free 42111968, used 23948320, increment 0
Initial loss: 4.68213122712422
340: time = 0,033000 loss = 3,989042
Resulting gain: 0.6930893492354588
Projecting...
Writing file devel\maxent_tuneFC\maxentRes\fc-HQPTbeta-1_uid-47\species.csv
Ending
