Fri Jul 24 15:21:31 CEST 2015
MaxEnt version 3.3.3k
Reading file absence
readGrid: max memory 477626368, total allocated 74448896, free 55242288, used 19206608, increment -41851648
Reading samples from presence
Read samples: max memory 477626368, total allocated 74448896, free 55242288, used 19206608, increment 0
Adding samples to background in feature space
Command line used:  autorun -e devel/maxent_tuneFC/maxentRes/fc-Hbeta-0.1_uid-110/absence -o devel/maxent_tuneFC/maxentRes/fc-Hbeta-0.1_uid-110 -s devel/maxent_tuneFC/maxentRes/fc-Hbeta-0.1_uid-110/presence -z autofeature=false betamultiplier=0.1 hinge=true
Command line to repeat: java density.MaxEnt nowarnings noprefixes outputdirectory=devel/maxent_tuneFC/maxentRes/fc-Hbeta-0.1_uid-110 samplesfile=devel/maxent_tuneFC/maxentRes/fc-Hbeta-0.1_uid-110/presence environmentallayers=devel/maxent_tuneFC/maxentRes/fc-Hbeta-0.1_uid-110/absence betamultiplier=0.1 autorun novisible noautofeature
Species: species
Layers: x1 x2
Layertypes: Continuous Continuous
outputdirectory: devel/maxent_tuneFC/maxentRes/fc-Hbeta-0.1_uid-110
samplesfile: devel/maxent_tuneFC/maxentRes/fc-Hbeta-0.1_uid-110/presence
environmentallayers: devel/maxent_tuneFC/maxentRes/fc-Hbeta-0.1_uid-110/absence
betamultiplier: 0.1
autorun: true
visible: false
autofeature: false

getSamples: max memory 477626368, total allocated 74448896, free 54583296, used 19865600, increment 658992
Making features
makeFeatures: max memory 477626368, total allocated 74448896, free 54583296, used 19865600, increment 0
species: 
Regularization values: linear/quadratic/product: 0.873, categorical: 0.250, threshold: 1.820, hinge: 0.500
18 samples
Density: max memory 477626368, total allocated 74448896, free 54583296, used 19865600, increment 0
linearPredictor: max memory 477626368, total allocated 74448896, free 54583296, used 19865600, increment 0
FeaturedSpace: max memory 477626368, total allocated 74448896, free 54583296, used 19865600, increment 0
Sequential: max memory 477626368, total allocated 74448896, free 54583296, used 19865600, increment 0
Initial loss: 4.68213122712422
500: time = 0,065000 loss = 3,311551
Resulting gain: 1.3705806992151284
Projecting...
Writing file devel\maxent_tuneFC\maxentRes\fc-Hbeta-0.1_uid-110\species.csv
Ending
