Fri Jul 24 15:29:47 CEST 2015
MaxEnt version 3.3.3k
Reading file absence
readGrid: max memory 477626368, total allocated 63963136, free 26749960, used 37213176, increment -5707952
Reading samples from presence
Read samples: max memory 477626368, total allocated 63963136, free 26269680, used 37693456, increment 480280
Adding samples to background in feature space
Command line used:  autorun -e devel/maxent_tuneFC/maxentRes2/fc-HQPT_beta-0.1_uid-294/absence -o devel/maxent_tuneFC/maxentRes2/fc-HQPT_beta-0.1_uid-294 -s devel/maxent_tuneFC/maxentRes2/fc-HQPT_beta-0.1_uid-294/presence -z autofeature=false betamultiplier=0.1 hinge=true quadratic=true product=true threshold=true
Command line to repeat: java density.MaxEnt nowarnings noprefixes outputdirectory=devel/maxent_tuneFC/maxentRes2/fc-HQPT_beta-0.1_uid-294 samplesfile=devel/maxent_tuneFC/maxentRes2/fc-HQPT_beta-0.1_uid-294/presence environmentallayers=devel/maxent_tuneFC/maxentRes2/fc-HQPT_beta-0.1_uid-294/absence betamultiplier=0.1 autorun novisible noautofeature
Species: species
Layers: x1 x2
Layertypes: Continuous Continuous
outputdirectory: devel/maxent_tuneFC/maxentRes2/fc-HQPT_beta-0.1_uid-294
samplesfile: devel/maxent_tuneFC/maxentRes2/fc-HQPT_beta-0.1_uid-294/presence
environmentallayers: devel/maxent_tuneFC/maxentRes2/fc-HQPT_beta-0.1_uid-294/absence
betamultiplier: 0.1
autorun: true
visible: false
autofeature: false

getSamples: max memory 477626368, total allocated 63963136, free 26269680, used 37693456, increment 0
Making features
makeFeatures: max memory 477626368, total allocated 63963136, free 26269680, used 37693456, increment 0
species: 
Regularization values: linear/quadratic/product: 1.600, categorical: 0.500, threshold: 1.900, hinge: 0.500
10 samples
Density: max memory 477626368, total allocated 63963136, free 26269680, used 37693456, increment 0
linearPredictor: max memory 477626368, total allocated 63963136, free 26269680, used 37693456, increment 0
FeaturedSpace: max memory 477626368, total allocated 63963136, free 26269680, used 37693456, increment 0
Sequential: max memory 477626368, total allocated 63963136, free 26269680, used 37693456, increment 0
Initial loss: 4.0943445622221
500: time = 0,031000 loss = 2,735184
Resulting gain: 1.3591605162012854
Projecting...
Writing file devel\maxent_tuneFC\maxentRes2\fc-HQPT_beta-0.1_uid-294\species.csv
Ending
