Fri Jul 24 15:27:56 CEST 2015
MaxEnt version 3.3.3k
Reading file absence
readGrid: max memory 477626368, total allocated 63438848, free 21948696, used 41490152, increment 18463656
Reading samples from presence
Read samples: max memory 477626368, total allocated 63438848, free 21466824, used 41972024, increment 481872
Adding samples to background in feature space
Command line used:  autorun -e devel/maxent_tuneFC/maxentRes2/fc-HQPT_beta-1_uid-264/absence -o devel/maxent_tuneFC/maxentRes2/fc-HQPT_beta-1_uid-264 -s devel/maxent_tuneFC/maxentRes2/fc-HQPT_beta-1_uid-264/presence -z autofeature=false betamultiplier=1 hinge=true quadratic=true product=true threshold=true
Command line to repeat: java density.MaxEnt nowarnings noprefixes outputdirectory=devel/maxent_tuneFC/maxentRes2/fc-HQPT_beta-1_uid-264 samplesfile=devel/maxent_tuneFC/maxentRes2/fc-HQPT_beta-1_uid-264/presence environmentallayers=devel/maxent_tuneFC/maxentRes2/fc-HQPT_beta-1_uid-264/absence autorun novisible noautofeature
Species: species
Layers: x1 x2
Layertypes: Continuous Continuous
outputdirectory: devel/maxent_tuneFC/maxentRes2/fc-HQPT_beta-1_uid-264
samplesfile: devel/maxent_tuneFC/maxentRes2/fc-HQPT_beta-1_uid-264/presence
environmentallayers: devel/maxent_tuneFC/maxentRes2/fc-HQPT_beta-1_uid-264/absence
autorun: true
visible: false
autofeature: false

getSamples: max memory 477626368, total allocated 63438848, free 21466824, used 41972024, increment 0
Making features
makeFeatures: max memory 477626368, total allocated 63438848, free 21466824, used 41972024, increment 0
species: 
Regularization values: linear/quadratic/product: 1.300, categorical: 0.393, threshold: 1.870, hinge: 0.500
13 samples
Density: max memory 477626368, total allocated 63438848, free 21466824, used 41972024, increment 0
linearPredictor: max memory 477626368, total allocated 63438848, free 21466824, used 41972024, increment 0
FeaturedSpace: max memory 477626368, total allocated 63438848, free 21466824, used 41972024, increment 0
Sequential: max memory 477626368, total allocated 63438848, free 21466824, used 41972024, increment 0
Initial loss: 4.382026634673881
180: time = 0,015000 loss = 3,653728
Resulting gain: 0.7282990339107589
Projecting...
Writing file devel\maxent_tuneFC\maxentRes2\fc-HQPT_beta-1_uid-264\species.csv
Ending
