Fri Jul 24 15:21:07 CEST 2015
MaxEnt version 3.3.3k
Reading file absence
readGrid: max memory 477626368, total allocated 74448896, free 38762224, used 35686672, increment -9824376
Reading samples from presence
Read samples: max memory 477626368, total allocated 74448896, free 38762224, used 35686672, increment 0
Adding samples to background in feature space
Command line used:  autorun -e devel/maxent_tuneFC/maxentRes/fc-Lbeta-1_uid-78/absence -o devel/maxent_tuneFC/maxentRes/fc-Lbeta-1_uid-78 -s devel/maxent_tuneFC/maxentRes/fc-Lbeta-1_uid-78/presence -z autofeature=false betamultiplier=1 linear=true
Command line to repeat: java density.MaxEnt nowarnings noprefixes outputdirectory=devel/maxent_tuneFC/maxentRes/fc-Lbeta-1_uid-78 samplesfile=devel/maxent_tuneFC/maxentRes/fc-Lbeta-1_uid-78/presence environmentallayers=devel/maxent_tuneFC/maxentRes/fc-Lbeta-1_uid-78/absence autorun novisible noautofeature
Species: species
Layers: x1 x2
Layertypes: Continuous Continuous
outputdirectory: devel/maxent_tuneFC/maxentRes/fc-Lbeta-1_uid-78
samplesfile: devel/maxent_tuneFC/maxentRes/fc-Lbeta-1_uid-78/presence
environmentallayers: devel/maxent_tuneFC/maxentRes/fc-Lbeta-1_uid-78/absence
autorun: true
visible: false
autofeature: false

getSamples: max memory 477626368, total allocated 74448896, free 38116080, used 36332816, increment 646144
Making features
makeFeatures: max memory 477626368, total allocated 74448896, free 38116080, used 36332816, increment 0
species: 
Regularization values: linear/quadratic/product: 0.873, categorical: 0.250, threshold: 1.820, hinge: 0.500
18 samples
Density: max memory 477626368, total allocated 74448896, free 38116080, used 36332816, increment 0
linearPredictor: max memory 477626368, total allocated 74448896, free 38116080, used 36332816, increment 0
FeaturedSpace: max memory 477626368, total allocated 74448896, free 38116080, used 36332816, increment 0
Sequential: max memory 477626368, total allocated 74448896, free 38116080, used 36332816, increment 0
Initial loss: 4.68213122712422
420: time = 0,052000 loss = 3,907008
Resulting gain: 0.7751232823601875
Projecting...
Writing file devel\maxent_tuneFC\maxentRes\fc-Lbeta-1_uid-78\species.csv
Ending
