Fri Jul 24 15:21:55 CEST 2015
MaxEnt version 3.3.3k
Reading file absence
readGrid: max memory 477626368, total allocated 66060288, free 41045976, used 25014312, increment -1441776
Reading samples from presence
Read samples: max memory 477626368, total allocated 66060288, free 40563944, used 25496344, increment 482032
Adding samples to background in feature space
Command line used:  autorun -e devel/maxent_tuneFC/maxentRes/fc-Tbeta-10_uid-142/absence -o devel/maxent_tuneFC/maxentRes/fc-Tbeta-10_uid-142 -s devel/maxent_tuneFC/maxentRes/fc-Tbeta-10_uid-142/presence -z autofeature=false betamultiplier=10 threshold=true
Command line to repeat: java density.MaxEnt nowarnings noprefixes outputdirectory=devel/maxent_tuneFC/maxentRes/fc-Tbeta-10_uid-142 samplesfile=devel/maxent_tuneFC/maxentRes/fc-Tbeta-10_uid-142/presence environmentallayers=devel/maxent_tuneFC/maxentRes/fc-Tbeta-10_uid-142/absence betamultiplier=10.0 autorun novisible noautofeature
Species: species
Layers: x1 x2
Layertypes: Continuous Continuous
outputdirectory: devel/maxent_tuneFC/maxentRes/fc-Tbeta-10_uid-142
samplesfile: devel/maxent_tuneFC/maxentRes/fc-Tbeta-10_uid-142/presence
environmentallayers: devel/maxent_tuneFC/maxentRes/fc-Tbeta-10_uid-142/absence
betamultiplier: 10.0
autorun: true
visible: false
autofeature: false

getSamples: max memory 477626368, total allocated 66060288, free 40563944, used 25496344, increment 0
Making features
makeFeatures: max memory 477626368, total allocated 66060288, free 40563944, used 25496344, increment 0
species: 
Regularization values: linear/quadratic/product: 0.873, categorical: 0.250, threshold: 1.820, hinge: 0.500
18 samples
Density: max memory 477626368, total allocated 66060288, free 40563944, used 25496344, increment 0
linearPredictor: max memory 477626368, total allocated 66060288, free 40563944, used 25496344, increment 0
FeaturedSpace: max memory 477626368, total allocated 66060288, free 40563944, used 25496344, increment 0
Sequential: max memory 477626368, total allocated 66060288, free 40563944, used 25496344, increment 0
Initial loss: 4.68213122712422
60: time = 0,008000 loss = 4,640508
Resulting gain: 0.04162272932292854
Projecting...
Writing file devel\maxent_tuneFC\maxentRes\fc-Tbeta-10_uid-142\species.csv
Ending
