Fri Jul 24 15:21:17 CEST 2015
MaxEnt version 3.3.3k
Reading file absence
readGrid: max memory 477626368, total allocated 68157440, free 20176216, used 47981224, increment 23216
Reading samples from presence
Read samples: max memory 477626368, total allocated 68157440, free 20176216, used 47981224, increment 0
Adding samples to background in feature space
Command line used:  autorun -e devel/maxent_tuneFC/maxentRes/fc-Hbeta-0.1_uid-92/absence -o devel/maxent_tuneFC/maxentRes/fc-Hbeta-0.1_uid-92 -s devel/maxent_tuneFC/maxentRes/fc-Hbeta-0.1_uid-92/presence -z autofeature=false betamultiplier=0.1 hinge=true
Command line to repeat: java density.MaxEnt nowarnings noprefixes outputdirectory=devel/maxent_tuneFC/maxentRes/fc-Hbeta-0.1_uid-92 samplesfile=devel/maxent_tuneFC/maxentRes/fc-Hbeta-0.1_uid-92/presence environmentallayers=devel/maxent_tuneFC/maxentRes/fc-Hbeta-0.1_uid-92/absence betamultiplier=0.1 autorun novisible noautofeature
Species: species
Layers: x1 x2
Layertypes: Continuous Continuous
outputdirectory: devel/maxent_tuneFC/maxentRes/fc-Hbeta-0.1_uid-92
samplesfile: devel/maxent_tuneFC/maxentRes/fc-Hbeta-0.1_uid-92/presence
environmentallayers: devel/maxent_tuneFC/maxentRes/fc-Hbeta-0.1_uid-92/absence
betamultiplier: 0.1
autorun: true
visible: false
autofeature: false

getSamples: max memory 477626368, total allocated 68157440, free 19642224, used 48515216, increment 533992
Making features
makeFeatures: max memory 477626368, total allocated 68157440, free 19642224, used 48515216, increment 0
species: 
Regularization values: linear/quadratic/product: 0.873, categorical: 0.250, threshold: 1.820, hinge: 0.500
18 samples
Density: max memory 477626368, total allocated 68157440, free 19642224, used 48515216, increment 0
linearPredictor: max memory 477626368, total allocated 68157440, free 19642224, used 48515216, increment 0
FeaturedSpace: max memory 477626368, total allocated 68157440, free 19642224, used 48515216, increment 0
Sequential: max memory 477626368, total allocated 68157440, free 19642224, used 48515216, increment 0
Initial loss: 4.68213122712422
500: time = 0,065000 loss = 3,279618
Resulting gain: 1.4025130453515877
Projecting...
Writing file devel\maxent_tuneFC\maxentRes\fc-Hbeta-0.1_uid-92\species.csv
Ending
