Fri Jul 24 16:10:19 CEST 2015
MaxEnt version 3.3.3k
Reading file absence
readGrid: max memory 477626368, total allocated 67633152, free 49734528, used 17898624, increment -5447848
Reading samples from presence
Read samples: max memory 477626368, total allocated 67633152, free 49734528, used 17898624, increment 0
Adding samples to background in feature space
Command line used:  autorun -e devel/maxent_tuneFC/maxentResults01/fc-HQPT_beta-1_uid-577/absence -o devel/maxent_tuneFC/maxentResults01/fc-HQPT_beta-1_uid-577 -s devel/maxent_tuneFC/maxentResults01/fc-HQPT_beta-1_uid-577/presence -z autofeature=false betamultiplier=1 linear=false quadratic=true hinge=true product=true threshold=true
Command line to repeat: java density.MaxEnt nowarnings noprefixes outputdirectory=devel/maxent_tuneFC/maxentResults01/fc-HQPT_beta-1_uid-577 samplesfile=devel/maxent_tuneFC/maxentResults01/fc-HQPT_beta-1_uid-577/presence environmentallayers=devel/maxent_tuneFC/maxentResults01/fc-HQPT_beta-1_uid-577/absence nolinear autorun novisible noautofeature
Species: species
Layers: x1 x2
Layertypes: Continuous Continuous
outputdirectory: devel/maxent_tuneFC/maxentResults01/fc-HQPT_beta-1_uid-577
samplesfile: devel/maxent_tuneFC/maxentResults01/fc-HQPT_beta-1_uid-577/presence
environmentallayers: devel/maxent_tuneFC/maxentResults01/fc-HQPT_beta-1_uid-577/absence
linear: false
autorun: true
visible: false
autofeature: false

getSamples: max memory 477626368, total allocated 67633152, free 49153888, used 18479264, increment 580640
Making features
makeFeatures: max memory 477626368, total allocated 67633152, free 49153888, used 18479264, increment 0
species: 
Regularization values: linear/quadratic/product: 1.800, categorical: 0.530, threshold: 1.920, hinge: 0.500
8 samples
Density: max memory 477626368, total allocated 67633152, free 49153888, used 18479264, increment 0
linearPredictor: max memory 477626368, total allocated 67633152, free 49153888, used 18479264, increment 0
FeaturedSpace: max memory 477626368, total allocated 67633152, free 49153888, used 18479264, increment 0
Sequential: max memory 477626368, total allocated 67633152, free 49153888, used 18479264, increment 0
Initial loss: 4.584967478670572
320: time = 0,030000 loss = 3,813314
Resulting gain: 0.771653524160298
Projecting...
Writing file devel\maxent_tuneFC\maxentResults01\fc-HQPT_beta-1_uid-577\species.csv
Ending
