Fri Jul 24 15:29:51 CEST 2015
MaxEnt version 3.3.3k
Reading file absence
readGrid: max memory 477626368, total allocated 63963136, free 11405056, used 52558080, increment 18455624
Reading samples from presence
Read samples: max memory 477626368, total allocated 63963136, free 11405056, used 52558080, increment 0
Adding samples to background in feature space
Command line used:  autorun -e devel/maxent_tuneFC/maxentRes2/fc-HQPT_beta-0.1_uid-300/absence -o devel/maxent_tuneFC/maxentRes2/fc-HQPT_beta-0.1_uid-300 -s devel/maxent_tuneFC/maxentRes2/fc-HQPT_beta-0.1_uid-300/presence -z autofeature=false betamultiplier=0.1 hinge=true quadratic=true product=true threshold=true
Command line to repeat: java density.MaxEnt nowarnings noprefixes outputdirectory=devel/maxent_tuneFC/maxentRes2/fc-HQPT_beta-0.1_uid-300 samplesfile=devel/maxent_tuneFC/maxentRes2/fc-HQPT_beta-0.1_uid-300/presence environmentallayers=devel/maxent_tuneFC/maxentRes2/fc-HQPT_beta-0.1_uid-300/absence betamultiplier=0.1 autorun novisible noautofeature
Species: species
Layers: x1 x2
Layertypes: Continuous Continuous
outputdirectory: devel/maxent_tuneFC/maxentRes2/fc-HQPT_beta-0.1_uid-300
samplesfile: devel/maxent_tuneFC/maxentRes2/fc-HQPT_beta-0.1_uid-300/presence
environmentallayers: devel/maxent_tuneFC/maxentRes2/fc-HQPT_beta-0.1_uid-300/absence
betamultiplier: 0.1
autorun: true
visible: false
autofeature: false

getSamples: max memory 477626368, total allocated 63963136, free 10898944, used 53064192, increment 506112
Making features
makeFeatures: max memory 477626368, total allocated 63963136, free 10898944, used 53064192, increment 0
species: 
Regularization values: linear/quadratic/product: 1.600, categorical: 0.500, threshold: 1.900, hinge: 0.500
10 samples
Density: max memory 477626368, total allocated 63963136, free 10898944, used 53064192, increment 0
linearPredictor: max memory 477626368, total allocated 63963136, free 10898944, used 53064192, increment 0
FeaturedSpace: max memory 477626368, total allocated 63963136, free 10898944, used 53064192, increment 0
Sequential: max memory 477626368, total allocated 63963136, free 10898944, used 53064192, increment 0
Initial loss: 4.0943445622221
500: time = 0,031000 loss = 2,711279
Resulting gain: 1.3830658778907385
Projecting...
Writing file devel\maxent_tuneFC\maxentRes2\fc-HQPT_beta-0.1_uid-300\species.csv
Ending
