Fri Jul 24 15:29:37 CEST 2015
MaxEnt version 3.3.3k
Reading file absence
readGrid: max memory 477626368, total allocated 63963136, free 12526976, used 51436160, increment 18421608
Reading samples from presence
Read samples: max memory 477626368, total allocated 63963136, free 12046608, used 51916528, increment 480368
Adding samples to background in feature space
Command line used:  autorun -e devel/maxent_tuneFC/maxentRes2/fc-L_beta-10_uid-290/absence -o devel/maxent_tuneFC/maxentRes2/fc-L_beta-10_uid-290 -s devel/maxent_tuneFC/maxentRes2/fc-L_beta-10_uid-290/presence -z autofeature=false betamultiplier=10 linear=true
Command line to repeat: java density.MaxEnt nowarnings noprefixes outputdirectory=devel/maxent_tuneFC/maxentRes2/fc-L_beta-10_uid-290 samplesfile=devel/maxent_tuneFC/maxentRes2/fc-L_beta-10_uid-290/presence environmentallayers=devel/maxent_tuneFC/maxentRes2/fc-L_beta-10_uid-290/absence betamultiplier=10.0 autorun novisible noautofeature
Species: species
Layers: x1 x2
Layertypes: Continuous Continuous
outputdirectory: devel/maxent_tuneFC/maxentRes2/fc-L_beta-10_uid-290
samplesfile: devel/maxent_tuneFC/maxentRes2/fc-L_beta-10_uid-290/presence
environmentallayers: devel/maxent_tuneFC/maxentRes2/fc-L_beta-10_uid-290/absence
betamultiplier: 10.0
autorun: true
visible: false
autofeature: false

getSamples: max memory 477626368, total allocated 63963136, free 12046608, used 51916528, increment 0
Making features
makeFeatures: max memory 477626368, total allocated 63963136, free 12046608, used 51916528, increment 0
species: 
Regularization values: linear/quadratic/product: 1.300, categorical: 0.393, threshold: 1.870, hinge: 0.500
13 samples
Density: max memory 477626368, total allocated 63963136, free 12046608, used 51916528, increment 0
linearPredictor: max memory 477626368, total allocated 63963136, free 12046608, used 51916528, increment 0
FeaturedSpace: max memory 477626368, total allocated 63963136, free 12046608, used 51916528, increment 0
Sequential: max memory 477626368, total allocated 63963136, free 12046608, used 51916528, increment 0
Initial loss: 4.3694478524670215
60: time = 0,015000 loss = 4,336934
Resulting gain: 0.03251393296240579
Projecting...
Writing file devel\maxent_tuneFC\maxentRes2\fc-L_beta-10_uid-290\species.csv
Ending
