Fri Jul 24 15:22:07 CEST 2015
MaxEnt version 3.3.3k
Reading file absence
readGrid: max memory 477626368, total allocated 65536000, free 21471312, used 44064688, increment -1159384
Reading samples from presence
Read samples: max memory 477626368, total allocated 65536000, free 21471312, used 44064688, increment 0
Adding samples to background in feature space
Command line used:  autorun -e devel/maxent_tuneFC/maxentRes/fc-LQbeta-10_uid-157/absence -o devel/maxent_tuneFC/maxentRes/fc-LQbeta-10_uid-157 -s devel/maxent_tuneFC/maxentRes/fc-LQbeta-10_uid-157/presence -z autofeature=false betamultiplier=10 linear=true quadratic=true
Command line to repeat: java density.MaxEnt nowarnings noprefixes outputdirectory=devel/maxent_tuneFC/maxentRes/fc-LQbeta-10_uid-157 samplesfile=devel/maxent_tuneFC/maxentRes/fc-LQbeta-10_uid-157/presence environmentallayers=devel/maxent_tuneFC/maxentRes/fc-LQbeta-10_uid-157/absence betamultiplier=10.0 autorun novisible noautofeature
Species: species
Layers: x1 x2
Layertypes: Continuous Continuous
outputdirectory: devel/maxent_tuneFC/maxentRes/fc-LQbeta-10_uid-157
samplesfile: devel/maxent_tuneFC/maxentRes/fc-LQbeta-10_uid-157/presence
environmentallayers: devel/maxent_tuneFC/maxentRes/fc-LQbeta-10_uid-157/absence
betamultiplier: 10.0
autorun: true
visible: false
autofeature: false

getSamples: max memory 477626368, total allocated 65536000, free 20989232, used 44546768, increment 482080
Making features
makeFeatures: max memory 477626368, total allocated 65536000, free 20989232, used 44546768, increment 0
species: 
Regularization values: linear/quadratic/product: 0.873, categorical: 0.250, threshold: 1.820, hinge: 0.500
18 samples
Density: max memory 477626368, total allocated 65536000, free 20989232, used 44546768, increment 0
linearPredictor: max memory 477626368, total allocated 65536000, free 20989232, used 44546768, increment 0
FeaturedSpace: max memory 477626368, total allocated 65536000, free 20989232, used 44546768, increment 0
Sequential: max memory 477626368, total allocated 65536000, free 20989232, used 44546768, increment 0
Initial loss: 4.68213122712422
60: time = 0,007000 loss = 4,638361
Resulting gain: 0.04377004630690884
Projecting...
Writing file devel\maxent_tuneFC\maxentRes\fc-LQbeta-10_uid-157\species.csv
Ending
