Fri Jul 24 15:29:23 CEST 2015
MaxEnt version 3.3.3k
Reading file absence
readGrid: max memory 477626368, total allocated 63438848, free 35257760, used 28181088, increment -6337168
Reading samples from presence
Read samples: max memory 477626368, total allocated 63438848, free 34777624, used 28661224, increment 480136
Adding samples to background in feature space
Command line used:  autorun -e devel/maxent_tuneFC/maxentRes2/fc-HQPT_beta-0.1_uid-275/absence -o devel/maxent_tuneFC/maxentRes2/fc-HQPT_beta-0.1_uid-275 -s devel/maxent_tuneFC/maxentRes2/fc-HQPT_beta-0.1_uid-275/presence -z autofeature=false betamultiplier=0.1 hinge=true quadratic=true product=true threshold=true
Command line to repeat: java density.MaxEnt nowarnings noprefixes outputdirectory=devel/maxent_tuneFC/maxentRes2/fc-HQPT_beta-0.1_uid-275 samplesfile=devel/maxent_tuneFC/maxentRes2/fc-HQPT_beta-0.1_uid-275/presence environmentallayers=devel/maxent_tuneFC/maxentRes2/fc-HQPT_beta-0.1_uid-275/absence betamultiplier=0.1 autorun novisible noautofeature
Species: species
Layers: x1 x2
Layertypes: Continuous Continuous
outputdirectory: devel/maxent_tuneFC/maxentRes2/fc-HQPT_beta-0.1_uid-275
samplesfile: devel/maxent_tuneFC/maxentRes2/fc-HQPT_beta-0.1_uid-275/presence
environmentallayers: devel/maxent_tuneFC/maxentRes2/fc-HQPT_beta-0.1_uid-275/absence
betamultiplier: 0.1
autorun: true
visible: false
autofeature: false

getSamples: max memory 477626368, total allocated 63438848, free 34777624, used 28661224, increment 0
Making features
makeFeatures: max memory 477626368, total allocated 63438848, free 34777624, used 28661224, increment 0
species: 
Regularization values: linear/quadratic/product: 1.300, categorical: 0.393, threshold: 1.870, hinge: 0.500
13 samples
Density: max memory 477626368, total allocated 63438848, free 34777624, used 28661224, increment 0
linearPredictor: max memory 477626368, total allocated 63438848, free 34777624, used 28661224, increment 0
FeaturedSpace: max memory 477626368, total allocated 63438848, free 34777624, used 28661224, increment 0
Sequential: max memory 477626368, total allocated 63438848, free 34777624, used 28661224, increment 0
Initial loss: 4.382026634673881
500: time = 0,046000 loss = 3,030891
Resulting gain: 1.3511360198977833
Projecting...
Writing file devel\maxent_tuneFC\maxentRes2\fc-HQPT_beta-0.1_uid-275\species.csv
Ending
