Fri Jul 24 15:22:04 CEST 2015
MaxEnt version 3.3.3k
Reading file absence
readGrid: max memory 477626368, total allocated 65536000, free 44001552, used 21534448, increment -909312
Reading samples from presence
Read samples: max memory 477626368, total allocated 65536000, free 43519448, used 22016552, increment 482104
Adding samples to background in feature space
Command line used:  autorun -e devel/maxent_tuneFC/maxentRes/fc-HQbeta-1_uid-153/absence -o devel/maxent_tuneFC/maxentRes/fc-HQbeta-1_uid-153 -s devel/maxent_tuneFC/maxentRes/fc-HQbeta-1_uid-153/presence -z autofeature=false betamultiplier=1 hinge=true quadratic=true
Command line to repeat: java density.MaxEnt nowarnings noprefixes outputdirectory=devel/maxent_tuneFC/maxentRes/fc-HQbeta-1_uid-153 samplesfile=devel/maxent_tuneFC/maxentRes/fc-HQbeta-1_uid-153/presence environmentallayers=devel/maxent_tuneFC/maxentRes/fc-HQbeta-1_uid-153/absence autorun novisible noautofeature
Species: species
Layers: x1 x2
Layertypes: Continuous Continuous
outputdirectory: devel/maxent_tuneFC/maxentRes/fc-HQbeta-1_uid-153
samplesfile: devel/maxent_tuneFC/maxentRes/fc-HQbeta-1_uid-153/presence
environmentallayers: devel/maxent_tuneFC/maxentRes/fc-HQbeta-1_uid-153/absence
autorun: true
visible: false
autofeature: false

getSamples: max memory 477626368, total allocated 65536000, free 43519448, used 22016552, increment 0
Making features
makeFeatures: max memory 477626368, total allocated 65536000, free 43519448, used 22016552, increment 0
species: 
Regularization values: linear/quadratic/product: 0.873, categorical: 0.250, threshold: 1.820, hinge: 0.500
18 samples
Density: max memory 477626368, total allocated 65536000, free 43036600, used 22499400, increment 482848
linearPredictor: max memory 477626368, total allocated 65536000, free 43036600, used 22499400, increment 0
FeaturedSpace: max memory 477626368, total allocated 65536000, free 43036600, used 22499400, increment 0
Sequential: max memory 477626368, total allocated 65536000, free 43036600, used 22499400, increment 0
Initial loss: 4.68213122712422
420: time = 0,052000 loss = 3,923286
Resulting gain: 0.758845050105859
Projecting...
Writing file devel\maxent_tuneFC\maxentRes\fc-HQbeta-1_uid-153\species.csv
Ending
