Fri Jul 24 15:22:28 CEST 2015
MaxEnt version 3.3.3k
Reading file absence
readGrid: max memory 477626368, total allocated 76021760, free 25455736, used 50566024, increment -11369728
Reading samples from presence
Read samples: max memory 477626368, total allocated 76021760, free 24762728, used 51259032, increment 693008
Adding samples to background in feature space
Command line used:  autorun -e devel/maxent_tuneFC/maxentRes/fc-Lbeta-0.1_uid-180/absence -o devel/maxent_tuneFC/maxentRes/fc-Lbeta-0.1_uid-180 -s devel/maxent_tuneFC/maxentRes/fc-Lbeta-0.1_uid-180/presence -z autofeature=false betamultiplier=0.1 linear=true
Command line to repeat: java density.MaxEnt nowarnings noprefixes outputdirectory=devel/maxent_tuneFC/maxentRes/fc-Lbeta-0.1_uid-180 samplesfile=devel/maxent_tuneFC/maxentRes/fc-Lbeta-0.1_uid-180/presence environmentallayers=devel/maxent_tuneFC/maxentRes/fc-Lbeta-0.1_uid-180/absence betamultiplier=0.1 autorun novisible noautofeature
Species: species
Layers: x1 x2
Layertypes: Continuous Continuous
outputdirectory: devel/maxent_tuneFC/maxentRes/fc-Lbeta-0.1_uid-180
samplesfile: devel/maxent_tuneFC/maxentRes/fc-Lbeta-0.1_uid-180/presence
environmentallayers: devel/maxent_tuneFC/maxentRes/fc-Lbeta-0.1_uid-180/absence
betamultiplier: 0.1
autorun: true
visible: false
autofeature: false

getSamples: max memory 477626368, total allocated 76021760, free 24762728, used 51259032, increment 0
Making features
makeFeatures: max memory 477626368, total allocated 76021760, free 24762728, used 51259032, increment 0
species: 
Regularization values: linear/quadratic/product: 0.819, categorical: 0.250, threshold: 1.800, hinge: 0.500
20 samples
Density: max memory 477626368, total allocated 76021760, free 24762728, used 51259032, increment 0
linearPredictor: max memory 477626368, total allocated 76021760, free 24762728, used 51259032, increment 0
FeaturedSpace: max memory 477626368, total allocated 76021760, free 24762728, used 51259032, increment 0
Sequential: max memory 477626368, total allocated 76021760, free 24762728, used 51259032, increment 0
Initial loss: 4.787491742782046
500: time = 0,078000 loss = 3,397983
Resulting gain: 1.389508814333058
Projecting...
Writing file devel\maxent_tuneFC\maxentRes\fc-Lbeta-0.1_uid-180\species.csv
Ending
