Fri Jul 24 15:26:02 CEST 2015
MaxEnt version 3.3.3k
Reading file absence
readGrid: max memory 477626368, total allocated 73400320, free 25618600, used 47781720, increment -9115464
Reading samples from presence
Read samples: max memory 477626368, total allocated 73400320, free 24992976, used 48407344, increment 625624
Adding samples to background in feature space
Command line used:  autorun -e devel/maxent_tuneFC/maxentRes2/fc-HQPT_beta-0.1_uid-230/absence -o devel/maxent_tuneFC/maxentRes2/fc-HQPT_beta-0.1_uid-230 -s devel/maxent_tuneFC/maxentRes2/fc-HQPT_beta-0.1_uid-230/presence -z autofeature=false betamultiplier=0.1 hinge=true quadratic=true product=true threshold=true
Command line to repeat: java density.MaxEnt nowarnings noprefixes outputdirectory=devel/maxent_tuneFC/maxentRes2/fc-HQPT_beta-0.1_uid-230 samplesfile=devel/maxent_tuneFC/maxentRes2/fc-HQPT_beta-0.1_uid-230/presence environmentallayers=devel/maxent_tuneFC/maxentRes2/fc-HQPT_beta-0.1_uid-230/absence betamultiplier=0.1 autorun novisible noautofeature
Species: species
Layers: x1 x2
Layertypes: Continuous Continuous
outputdirectory: devel/maxent_tuneFC/maxentRes2/fc-HQPT_beta-0.1_uid-230
samplesfile: devel/maxent_tuneFC/maxentRes2/fc-HQPT_beta-0.1_uid-230/presence
environmentallayers: devel/maxent_tuneFC/maxentRes2/fc-HQPT_beta-0.1_uid-230/absence
betamultiplier: 0.1
autorun: true
visible: false
autofeature: false

getSamples: max memory 477626368, total allocated 73400320, free 24992976, used 48407344, increment 0
Making features
makeFeatures: max memory 477626368, total allocated 73400320, free 24992976, used 48407344, increment 0
species: 
Regularization values: linear/quadratic/product: 0.873, categorical: 0.250, threshold: 1.820, hinge: 0.500
18 samples
Density: max memory 477626368, total allocated 73400320, free 24992976, used 48407344, increment 0
linearPredictor: max memory 477626368, total allocated 73400320, free 24992976, used 48407344, increment 0
FeaturedSpace: max memory 477626368, total allocated 73400320, free 24992976, used 48407344, increment 0
Sequential: max memory 477626368, total allocated 73400320, free 24992976, used 48407344, increment 0
Initial loss: 4.68213122712422
500: time = 0,063000 loss = 3,276627
Resulting gain: 1.4055039530366416
Projecting...
Writing file devel\maxent_tuneFC\maxentRes2\fc-HQPT_beta-0.1_uid-230\species.csv
Ending
