Fri Jul 24 15:25:29 CEST 2015
MaxEnt version 3.3.3k
Reading file absence
readGrid: max memory 477626368, total allocated 71303168, free 22439248, used 48863920, increment -6344568
Reading samples from presence
Read samples: max memory 477626368, total allocated 71303168, free 22439248, used 48863920, increment 0
Adding samples to background in feature space
Command line used:  autorun -e devel/maxent_tuneFC/maxentRes2/fc-HQPT_beta-10_uid-192/absence -o devel/maxent_tuneFC/maxentRes2/fc-HQPT_beta-10_uid-192 -s devel/maxent_tuneFC/maxentRes2/fc-HQPT_beta-10_uid-192/presence -z autofeature=false betamultiplier=10 hinge=true quadratic=true product=true threshold=true
Command line to repeat: java density.MaxEnt nowarnings noprefixes outputdirectory=devel/maxent_tuneFC/maxentRes2/fc-HQPT_beta-10_uid-192 samplesfile=devel/maxent_tuneFC/maxentRes2/fc-HQPT_beta-10_uid-192/presence environmentallayers=devel/maxent_tuneFC/maxentRes2/fc-HQPT_beta-10_uid-192/absence betamultiplier=10.0 autorun novisible noautofeature
Species: species
Layers: x1 x2
Layertypes: Continuous Continuous
outputdirectory: devel/maxent_tuneFC/maxentRes2/fc-HQPT_beta-10_uid-192
samplesfile: devel/maxent_tuneFC/maxentRes2/fc-HQPT_beta-10_uid-192/presence
environmentallayers: devel/maxent_tuneFC/maxentRes2/fc-HQPT_beta-10_uid-192/absence
betamultiplier: 10.0
autorun: true
visible: false
autofeature: false

getSamples: max memory 477626368, total allocated 71303168, free 21844728, used 49458440, increment 594520
Making features
makeFeatures: max memory 477626368, total allocated 71303168, free 21844728, used 49458440, increment 0
species: 
Regularization values: linear/quadratic/product: 0.873, categorical: 0.250, threshold: 1.820, hinge: 0.500
18 samples
Density: max memory 477626368, total allocated 71303168, free 21844728, used 49458440, increment 0
linearPredictor: max memory 477626368, total allocated 71303168, free 21844728, used 49458440, increment 0
FeaturedSpace: max memory 477626368, total allocated 71303168, free 21844728, used 49458440, increment 0
Sequential: max memory 477626368, total allocated 71303168, free 21844728, used 49458440, increment 0
Initial loss: 4.68213122712422
60: time = 0,018000 loss = 4,637332
Resulting gain: 0.04479914781623506
Projecting...
Writing file devel\maxent_tuneFC\maxentRes2\fc-HQPT_beta-10_uid-192\species.csv
Ending
