Fri Jul 24 15:21:51 CEST 2015
MaxEnt version 3.3.3k
Reading file absence
readGrid: max memory 477626368, total allocated 66060288, free 36232496, used 29827792, increment -2163704
Reading samples from presence
Read samples: max memory 477626368, total allocated 66060288, free 35740776, used 30319512, increment 491720
Adding samples to background in feature space
Command line used:  autorun -e devel/maxent_tuneFC/maxentRes/fc-HQbeta-1_uid-135/absence -o devel/maxent_tuneFC/maxentRes/fc-HQbeta-1_uid-135 -s devel/maxent_tuneFC/maxentRes/fc-HQbeta-1_uid-135/presence -z autofeature=false betamultiplier=1 hinge=true quadratic=true
Command line to repeat: java density.MaxEnt nowarnings noprefixes outputdirectory=devel/maxent_tuneFC/maxentRes/fc-HQbeta-1_uid-135 samplesfile=devel/maxent_tuneFC/maxentRes/fc-HQbeta-1_uid-135/presence environmentallayers=devel/maxent_tuneFC/maxentRes/fc-HQbeta-1_uid-135/absence autorun novisible noautofeature
Species: species
Layers: x1 x2
Layertypes: Continuous Continuous
outputdirectory: devel/maxent_tuneFC/maxentRes/fc-HQbeta-1_uid-135
samplesfile: devel/maxent_tuneFC/maxentRes/fc-HQbeta-1_uid-135/presence
environmentallayers: devel/maxent_tuneFC/maxentRes/fc-HQbeta-1_uid-135/absence
autorun: true
visible: false
autofeature: false

getSamples: max memory 477626368, total allocated 66060288, free 35249104, used 30811184, increment 491672
Making features
makeFeatures: max memory 477626368, total allocated 66060288, free 35249104, used 30811184, increment 0
species: 
Regularization values: linear/quadratic/product: 0.873, categorical: 0.250, threshold: 1.820, hinge: 0.500
18 samples
Density: max memory 477626368, total allocated 66060288, free 35249104, used 30811184, increment 0
linearPredictor: max memory 477626368, total allocated 66060288, free 35249104, used 30811184, increment 0
FeaturedSpace: max memory 477626368, total allocated 66060288, free 35249104, used 30811184, increment 0
Sequential: max memory 477626368, total allocated 66060288, free 35249104, used 30811184, increment 0
Initial loss: 4.68213122712422
240: time = 0,030000 loss = 3,942809
Resulting gain: 0.739322611248685
Projecting...
Writing file devel\maxent_tuneFC\maxentRes\fc-HQbeta-1_uid-135\species.csv
Ending
