Fri Jul 24 15:20:32 CEST 2015
MaxEnt version 3.3.3k
Reading file absence
readGrid: max memory 477626368, total allocated 66060288, free 11541512, used 54518776, increment -1312144
Reading samples from presence
Read samples: max memory 477626368, total allocated 66060288, free 11052824, used 55007464, increment 488688
Adding samples to background in feature space
Command line used:  autorun -e devel/maxent_tuneFC/maxentRes/fc-HQPTbeta-10_uid-35/absence -o devel/maxent_tuneFC/maxentRes/fc-HQPTbeta-10_uid-35 -s devel/maxent_tuneFC/maxentRes/fc-HQPTbeta-10_uid-35/presence -z autofeature=false betamultiplier=10 hinge=true quadratic=true product=true threshold=true
Command line to repeat: java density.MaxEnt nowarnings noprefixes outputdirectory=devel/maxent_tuneFC/maxentRes/fc-HQPTbeta-10_uid-35 samplesfile=devel/maxent_tuneFC/maxentRes/fc-HQPTbeta-10_uid-35/presence environmentallayers=devel/maxent_tuneFC/maxentRes/fc-HQPTbeta-10_uid-35/absence betamultiplier=10.0 autorun novisible noautofeature
Species: species
Layers: x1 x2
Layertypes: Continuous Continuous
outputdirectory: devel/maxent_tuneFC/maxentRes/fc-HQPTbeta-10_uid-35
samplesfile: devel/maxent_tuneFC/maxentRes/fc-HQPTbeta-10_uid-35/presence
environmentallayers: devel/maxent_tuneFC/maxentRes/fc-HQPTbeta-10_uid-35/absence
betamultiplier: 10.0
autorun: true
visible: false
autofeature: false

getSamples: max memory 477626368, total allocated 66060288, free 10572272, used 55488016, increment 480552
Making features
makeFeatures: max memory 477626368, total allocated 66060288, free 10572272, used 55488016, increment 0
species: 
Regularization values: linear/quadratic/product: 0.873, categorical: 0.250, threshold: 1.820, hinge: 0.500
18 samples
Density: max memory 477626368, total allocated 66060288, free 10572272, used 55488016, increment 0
linearPredictor: max memory 477626368, total allocated 66060288, free 10572272, used 55488016, increment 0
FeaturedSpace: max memory 477626368, total allocated 66060288, free 10572272, used 55488016, increment 0
Sequential: max memory 477626368, total allocated 66060288, free 10572272, used 55488016, increment 0
Initial loss: 4.68213122712422
60: time = 0,000000 loss = 4,566476
Resulting gain: 0.11565542004655427
Projecting...
Writing file devel\maxent_tuneFC\maxentRes\fc-HQPTbeta-10_uid-35\species.csv
Ending
