Fri Jul 24 15:28:03 CEST 2015
MaxEnt version 3.3.3k
Reading file absence
readGrid: max memory 477626368, total allocated 63438848, free 36690328, used 26748520, increment -6360672
Reading samples from presence
Read samples: max memory 477626368, total allocated 63438848, free 36209744, used 27229104, increment 480584
Adding samples to background in feature space
Command line used:  autorun -e devel/maxent_tuneFC/maxentRes2/fc-HQPT_beta-10_uid-272/absence -o devel/maxent_tuneFC/maxentRes2/fc-HQPT_beta-10_uid-272 -s devel/maxent_tuneFC/maxentRes2/fc-HQPT_beta-10_uid-272/presence -z autofeature=false betamultiplier=10 hinge=true quadratic=true product=true threshold=true
Command line to repeat: java density.MaxEnt nowarnings noprefixes outputdirectory=devel/maxent_tuneFC/maxentRes2/fc-HQPT_beta-10_uid-272 samplesfile=devel/maxent_tuneFC/maxentRes2/fc-HQPT_beta-10_uid-272/presence environmentallayers=devel/maxent_tuneFC/maxentRes2/fc-HQPT_beta-10_uid-272/absence betamultiplier=10.0 autorun novisible noautofeature
Species: species
Layers: x1 x2
Layertypes: Continuous Continuous
outputdirectory: devel/maxent_tuneFC/maxentRes2/fc-HQPT_beta-10_uid-272
samplesfile: devel/maxent_tuneFC/maxentRes2/fc-HQPT_beta-10_uid-272/presence
environmentallayers: devel/maxent_tuneFC/maxentRes2/fc-HQPT_beta-10_uid-272/absence
betamultiplier: 10.0
autorun: true
visible: false
autofeature: false

getSamples: max memory 477626368, total allocated 63438848, free 36209744, used 27229104, increment 0
Making features
makeFeatures: max memory 477626368, total allocated 63438848, free 36209744, used 27229104, increment 0
species: 
Regularization values: linear/quadratic/product: 1.200, categorical: 0.357, threshold: 1.860, hinge: 0.500
14 samples
Density: max memory 477626368, total allocated 63438848, free 36209744, used 27229104, increment 0
linearPredictor: max memory 477626368, total allocated 63438848, free 36209744, used 27229104, increment 0
FeaturedSpace: max memory 477626368, total allocated 63438848, free 36209744, used 27229104, increment 0
Sequential: max memory 477626368, total allocated 63438848, free 36209744, used 27229104, increment 0
Initial loss: 4.394449154672439
40: time = 0,016000 loss = 4,393715
Resulting gain: 7.342279446733713E-4
Projecting...
Writing file devel\maxent_tuneFC\maxentRes2\fc-HQPT_beta-10_uid-272\species.csv
Ending
