Fri Jul 24 15:21:47 CEST 2015
MaxEnt version 3.3.3k
Reading file absence
readGrid: max memory 477626368, total allocated 68157440, free 31867144, used 36290296, increment -3303344
Reading samples from presence
Read samples: max memory 477626368, total allocated 68157440, free 31336928, used 36820512, increment 530216
Adding samples to background in feature space
Command line used:  autorun -e devel/maxent_tuneFC/maxentRes/fc-HQPTbeta-0.1_uid-131/absence -o devel/maxent_tuneFC/maxentRes/fc-HQPTbeta-0.1_uid-131 -s devel/maxent_tuneFC/maxentRes/fc-HQPTbeta-0.1_uid-131/presence -z autofeature=false betamultiplier=0.1 hinge=true quadratic=true product=true threshold=true
Command line to repeat: java density.MaxEnt nowarnings noprefixes outputdirectory=devel/maxent_tuneFC/maxentRes/fc-HQPTbeta-0.1_uid-131 samplesfile=devel/maxent_tuneFC/maxentRes/fc-HQPTbeta-0.1_uid-131/presence environmentallayers=devel/maxent_tuneFC/maxentRes/fc-HQPTbeta-0.1_uid-131/absence betamultiplier=0.1 autorun novisible noautofeature
Species: species
Layers: x1 x2
Layertypes: Continuous Continuous
outputdirectory: devel/maxent_tuneFC/maxentRes/fc-HQPTbeta-0.1_uid-131
samplesfile: devel/maxent_tuneFC/maxentRes/fc-HQPTbeta-0.1_uid-131/presence
environmentallayers: devel/maxent_tuneFC/maxentRes/fc-HQPTbeta-0.1_uid-131/absence
betamultiplier: 0.1
autorun: true
visible: false
autofeature: false

getSamples: max memory 477626368, total allocated 68157440, free 31336928, used 36820512, increment 0
Making features
makeFeatures: max memory 477626368, total allocated 68157440, free 31336928, used 36820512, increment 0
species: 
Regularization values: linear/quadratic/product: 0.873, categorical: 0.250, threshold: 1.820, hinge: 0.500
18 samples
Density: max memory 477626368, total allocated 68157440, free 30806488, used 37350952, increment 530440
linearPredictor: max memory 477626368, total allocated 68157440, free 30806488, used 37350952, increment 0
FeaturedSpace: max memory 477626368, total allocated 68157440, free 30806488, used 37350952, increment 0
Sequential: max memory 477626368, total allocated 68157440, free 30806488, used 37350952, increment 0
Initial loss: 4.68213122712422
500: time = 0,067000 loss = 3,306973
Resulting gain: 1.3751580576454465
Projecting...
Writing file devel\maxent_tuneFC\maxentRes\fc-HQPTbeta-0.1_uid-131\species.csv
Ending
