Fri Jul 24 15:47:17 CEST 2015
MaxEnt version 3.3.3k
Reading file absence
readGrid: max memory 477626368, total allocated 64487424, free 36154448, used 28332976, increment -3620912
Reading samples from presence
Read samples: max memory 477626368, total allocated 64487424, free 35651880, used 28835544, increment 502568
Adding samples to background in feature space
Command line used:  autorun -e devel/maxent_tuneFC/maxentRes4/fc-L_beta-1_uid-438/absence -o devel/maxent_tuneFC/maxentRes4/fc-L_beta-1_uid-438 -s devel/maxent_tuneFC/maxentRes4/fc-L_beta-1_uid-438/presence -z autofeature=false betamultiplier=1 linear=true quadratic=false
Command line to repeat: java density.MaxEnt nowarnings noprefixes outputdirectory=devel/maxent_tuneFC/maxentRes4/fc-L_beta-1_uid-438 samplesfile=devel/maxent_tuneFC/maxentRes4/fc-L_beta-1_uid-438/presence environmentallayers=devel/maxent_tuneFC/maxentRes4/fc-L_beta-1_uid-438/absence noquadratic autorun novisible noautofeature
Species: species
Layers: x1 x2
Layertypes: Continuous Continuous
outputdirectory: devel/maxent_tuneFC/maxentRes4/fc-L_beta-1_uid-438
samplesfile: devel/maxent_tuneFC/maxentRes4/fc-L_beta-1_uid-438/presence
environmentallayers: devel/maxent_tuneFC/maxentRes4/fc-L_beta-1_uid-438/absence
quadratic: false
autorun: true
visible: false
autofeature: false

getSamples: max memory 477626368, total allocated 64487424, free 35651880, used 28835544, increment 0
Making features
makeFeatures: max memory 477626368, total allocated 64487424, free 35651880, used 28835544, increment 0
species: 
Regularization values: linear/quadratic/product: 1.600, categorical: 0.500, threshold: 1.900, hinge: 0.500
10 samples
Density: max memory 477626368, total allocated 64487424, free 35651880, used 28835544, increment 0
linearPredictor: max memory 477626368, total allocated 64487424, free 35651880, used 28835544, increment 0
FeaturedSpace: max memory 477626368, total allocated 64487424, free 35651880, used 28835544, increment 0
Sequential: max memory 477626368, total allocated 64487424, free 35651880, used 28835544, increment 0
Initial loss: 4.0943445622221
180: time = 0,015000 loss = 3,137321
Resulting gain: 0.9570233565662214
Projecting...
Writing file devel\maxent_tuneFC\maxentRes4\fc-L_beta-1_uid-438\species.csv
Ending
