Fri Jul 24 15:26:29 CEST 2015
MaxEnt version 3.3.3k
Reading file absence
readGrid: max memory 477626368, total allocated 63963136, free 44790184, used 19172952, increment -5406840
Reading samples from presence
Read samples: max memory 477626368, total allocated 63963136, free 44308256, used 19654880, increment 481928
Adding samples to background in feature space
Command line used:  autorun -e devel/maxent_tuneFC/maxentRes2/fc-L_beta-1_uid-250/absence -o devel/maxent_tuneFC/maxentRes2/fc-L_beta-1_uid-250 -s devel/maxent_tuneFC/maxentRes2/fc-L_beta-1_uid-250/presence -z autofeature=false betamultiplier=1 linear=true
Command line to repeat: java density.MaxEnt nowarnings noprefixes outputdirectory=devel/maxent_tuneFC/maxentRes2/fc-L_beta-1_uid-250 samplesfile=devel/maxent_tuneFC/maxentRes2/fc-L_beta-1_uid-250/presence environmentallayers=devel/maxent_tuneFC/maxentRes2/fc-L_beta-1_uid-250/absence autorun novisible noautofeature
Species: species
Layers: x1 x2
Layertypes: Continuous Continuous
outputdirectory: devel/maxent_tuneFC/maxentRes2/fc-L_beta-1_uid-250
samplesfile: devel/maxent_tuneFC/maxentRes2/fc-L_beta-1_uid-250/presence
environmentallayers: devel/maxent_tuneFC/maxentRes2/fc-L_beta-1_uid-250/absence
autorun: true
visible: false
autofeature: false

getSamples: max memory 477626368, total allocated 63963136, free 44308256, used 19654880, increment 0
Making features
makeFeatures: max memory 477626368, total allocated 63963136, free 44308256, used 19654880, increment 0
species: 
Regularization values: linear/quadratic/product: 0.738, categorical: 0.250, threshold: 1.770, hinge: 0.500
23 samples
Density: max memory 477626368, total allocated 63963136, free 44308256, used 19654880, increment 0
linearPredictor: max memory 477626368, total allocated 63963136, free 44308256, used 19654880, increment 0
FeaturedSpace: max memory 477626368, total allocated 63963136, free 44308256, used 19654880, increment 0
Sequential: max memory 477626368, total allocated 63963136, free 44308256, used 19654880, increment 0
Initial loss: 4.787491742782046
180: time = 0,016000 loss = 4,028366
Resulting gain: 0.7591262277106718
Projecting...
Writing file devel\maxent_tuneFC\maxentRes2\fc-L_beta-1_uid-250\species.csv
Ending
