Fri Jul 24 15:25:36 CEST 2015
MaxEnt version 3.3.3k
Reading file absence
readGrid: max memory 477626368, total allocated 68157440, free 25172912, used 42984528, increment -5168280
Reading samples from presence
Read samples: max memory 477626368, total allocated 68157440, free 24639944, used 43517496, increment 532968
Adding samples to background in feature space
Command line used:  autorun -e devel/maxent_tuneFC/maxentRes2/fc-L_beta-0.1_uid-199/absence -o devel/maxent_tuneFC/maxentRes2/fc-L_beta-0.1_uid-199 -s devel/maxent_tuneFC/maxentRes2/fc-L_beta-0.1_uid-199/presence -z autofeature=false betamultiplier=0.1 linear=true
Command line to repeat: java density.MaxEnt nowarnings noprefixes outputdirectory=devel/maxent_tuneFC/maxentRes2/fc-L_beta-0.1_uid-199 samplesfile=devel/maxent_tuneFC/maxentRes2/fc-L_beta-0.1_uid-199/presence environmentallayers=devel/maxent_tuneFC/maxentRes2/fc-L_beta-0.1_uid-199/absence betamultiplier=0.1 autorun novisible noautofeature
Species: species
Layers: x1 x2
Layertypes: Continuous Continuous
outputdirectory: devel/maxent_tuneFC/maxentRes2/fc-L_beta-0.1_uid-199
samplesfile: devel/maxent_tuneFC/maxentRes2/fc-L_beta-0.1_uid-199/presence
environmentallayers: devel/maxent_tuneFC/maxentRes2/fc-L_beta-0.1_uid-199/absence
betamultiplier: 0.1
autorun: true
visible: false
autofeature: false

getSamples: max memory 477626368, total allocated 68157440, free 24639944, used 43517496, increment 0
Making features
makeFeatures: max memory 477626368, total allocated 68157440, free 24639944, used 43517496, increment 0
species: 
Regularization values: linear/quadratic/product: 0.873, categorical: 0.250, threshold: 1.820, hinge: 0.500
18 samples
Density: max memory 477626368, total allocated 68157440, free 24106136, used 44051304, increment 533808
linearPredictor: max memory 477626368, total allocated 68157440, free 24106136, used 44051304, increment 0
FeaturedSpace: max memory 477626368, total allocated 68157440, free 24106136, used 44051304, increment 0
Sequential: max memory 477626368, total allocated 68157440, free 24106136, used 44051304, increment 0
Initial loss: 4.68213122712422
500: time = 0,063000 loss = 3,309170
Resulting gain: 1.3729610835924064
Projecting...
Writing file devel\maxent_tuneFC\maxentRes2\fc-L_beta-0.1_uid-199\species.csv
Ending
