Fri Jul 24 15:27:48 CEST 2015
MaxEnt version 3.3.3k
Reading file absence
readGrid: max memory 477626368, total allocated 63438848, free 30740472, used 32698376, increment -2795520
Reading samples from presence
Read samples: max memory 477626368, total allocated 63438848, free 30740472, used 32698376, increment 0
Adding samples to background in feature space
Command line used:  autorun -e devel/maxent_tuneFC/maxentRes2/fc-HQPT_beta-0.1_uid-256/absence -o devel/maxent_tuneFC/maxentRes2/fc-HQPT_beta-0.1_uid-256 -s devel/maxent_tuneFC/maxentRes2/fc-HQPT_beta-0.1_uid-256/presence -z autofeature=false betamultiplier=0.1 hinge=true quadratic=true product=true threshold=true
Command line to repeat: java density.MaxEnt nowarnings noprefixes outputdirectory=devel/maxent_tuneFC/maxentRes2/fc-HQPT_beta-0.1_uid-256 samplesfile=devel/maxent_tuneFC/maxentRes2/fc-HQPT_beta-0.1_uid-256/presence environmentallayers=devel/maxent_tuneFC/maxentRes2/fc-HQPT_beta-0.1_uid-256/absence betamultiplier=0.1 autorun novisible noautofeature
Species: species
Layers: x1 x2
Layertypes: Continuous Continuous
outputdirectory: devel/maxent_tuneFC/maxentRes2/fc-HQPT_beta-0.1_uid-256
samplesfile: devel/maxent_tuneFC/maxentRes2/fc-HQPT_beta-0.1_uid-256/presence
environmentallayers: devel/maxent_tuneFC/maxentRes2/fc-HQPT_beta-0.1_uid-256/absence
betamultiplier: 0.1
autorun: true
visible: false
autofeature: false

getSamples: max memory 477626368, total allocated 63438848, free 30259832, used 33179016, increment 480640
Making features
makeFeatures: max memory 477626368, total allocated 63438848, free 30259832, used 33179016, increment 0
species: 
Regularization values: linear/quadratic/product: 1.300, categorical: 0.393, threshold: 1.870, hinge: 0.500
13 samples
Density: max memory 477626368, total allocated 63438848, free 30259832, used 33179016, increment 0
linearPredictor: max memory 477626368, total allocated 63438848, free 30259832, used 33179016, increment 0
FeaturedSpace: max memory 477626368, total allocated 63438848, free 30259832, used 33179016, increment 0
Sequential: max memory 477626368, total allocated 63438848, free 30259832, used 33179016, increment 0
Initial loss: 4.3694478524670215
500: time = 0,063000 loss = 3,022539
Resulting gain: 1.346908948868887
Projecting...
Writing file devel\maxent_tuneFC\maxentRes2\fc-HQPT_beta-0.1_uid-256\species.csv
Ending
