Fri Jul 24 15:26:06 CEST 2015
MaxEnt version 3.3.3k
Reading file absence
readGrid: max memory 477626368, total allocated 69206016, free 58377376, used 10828640, increment -7443232
Reading samples from presence
Read samples: max memory 477626368, total allocated 69206016, free 58377376, used 10828640, increment 0
Adding samples to background in feature space
Command line used:  autorun -e devel/maxent_tuneFC/maxentRes2/fc-L_beta-0.1_uid-235/absence -o devel/maxent_tuneFC/maxentRes2/fc-L_beta-0.1_uid-235 -s devel/maxent_tuneFC/maxentRes2/fc-L_beta-0.1_uid-235/presence -z autofeature=false betamultiplier=0.1 linear=true
Command line to repeat: java density.MaxEnt nowarnings noprefixes outputdirectory=devel/maxent_tuneFC/maxentRes2/fc-L_beta-0.1_uid-235 samplesfile=devel/maxent_tuneFC/maxentRes2/fc-L_beta-0.1_uid-235/presence environmentallayers=devel/maxent_tuneFC/maxentRes2/fc-L_beta-0.1_uid-235/absence betamultiplier=0.1 autorun novisible noautofeature
Species: species
Layers: x1 x2
Layertypes: Continuous Continuous
outputdirectory: devel/maxent_tuneFC/maxentRes2/fc-L_beta-0.1_uid-235
samplesfile: devel/maxent_tuneFC/maxentRes2/fc-L_beta-0.1_uid-235/presence
environmentallayers: devel/maxent_tuneFC/maxentRes2/fc-L_beta-0.1_uid-235/absence
betamultiplier: 0.1
autorun: true
visible: false
autofeature: false

getSamples: max memory 477626368, total allocated 69206016, free 57782984, used 11423032, increment 594392
Making features
makeFeatures: max memory 477626368, total allocated 69206016, free 57782984, used 11423032, increment 0
species: 
Regularization values: linear/quadratic/product: 0.873, categorical: 0.250, threshold: 1.820, hinge: 0.500
18 samples
Density: max memory 477626368, total allocated 69206016, free 57782984, used 11423032, increment 0
linearPredictor: max memory 477626368, total allocated 69206016, free 57782984, used 11423032, increment 0
FeaturedSpace: max memory 477626368, total allocated 69206016, free 57782984, used 11423032, increment 0
Sequential: max memory 477626368, total allocated 69206016, free 57782984, used 11423032, increment 0
Initial loss: 4.68213122712422
500: time = 0,063000 loss = 3,268986
Resulting gain: 1.413145434282571
Projecting...
Writing file devel\maxent_tuneFC\maxentRes2\fc-L_beta-0.1_uid-235\species.csv
Ending
