Fri Jul 24 16:10:06 CEST 2015
MaxEnt version 3.3.3k
Reading file absence
readGrid: max memory 477626368, total allocated 63438848, free 28641008, used 34797840, increment 18047736
Reading samples from presence
Read samples: max memory 477626368, total allocated 63438848, free 28171592, used 35267256, increment 469416
Adding samples to background in feature space
Command line used:  autorun -e devel/maxent_tuneFC/maxentResults01/fc-HQPT_beta-0.1_uid-563/absence -o devel/maxent_tuneFC/maxentResults01/fc-HQPT_beta-0.1_uid-563 -s devel/maxent_tuneFC/maxentResults01/fc-HQPT_beta-0.1_uid-563/presence -z autofeature=false betamultiplier=0.1 linear=false quadratic=true hinge=true product=true threshold=true
Command line to repeat: java density.MaxEnt nowarnings noprefixes outputdirectory=devel/maxent_tuneFC/maxentResults01/fc-HQPT_beta-0.1_uid-563 samplesfile=devel/maxent_tuneFC/maxentResults01/fc-HQPT_beta-0.1_uid-563/presence environmentallayers=devel/maxent_tuneFC/maxentResults01/fc-HQPT_beta-0.1_uid-563/absence betamultiplier=0.1 nolinear autorun novisible noautofeature
Species: species
Layers: x1 x2
Layertypes: Continuous Continuous
outputdirectory: devel/maxent_tuneFC/maxentResults01/fc-HQPT_beta-0.1_uid-563
samplesfile: devel/maxent_tuneFC/maxentResults01/fc-HQPT_beta-0.1_uid-563/presence
environmentallayers: devel/maxent_tuneFC/maxentResults01/fc-HQPT_beta-0.1_uid-563/absence
betamultiplier: 0.1
linear: false
autorun: true
visible: false
autofeature: false

getSamples: max memory 477626368, total allocated 63438848, free 28171592, used 35267256, increment 0
Making features
makeFeatures: max memory 477626368, total allocated 63438848, free 28171592, used 35267256, increment 0
species: 
Regularization values: linear/quadratic/product: 1.800, categorical: 0.530, threshold: 1.920, hinge: 0.500
8 samples
Density: max memory 477626368, total allocated 63438848, free 28171592, used 35267256, increment 0
linearPredictor: max memory 477626368, total allocated 63438848, free 28171592, used 35267256, increment 0
FeaturedSpace: max memory 477626368, total allocated 63438848, free 28171592, used 35267256, increment 0
Sequential: max memory 477626368, total allocated 63438848, free 28171592, used 35267256, increment 0
Initial loss: 4.584967478670572
500: time = 0,060000 loss = 2,669565
Resulting gain: 1.9154029167337852
Projecting...
Writing file devel\maxent_tuneFC\maxentResults01\fc-HQPT_beta-0.1_uid-563\species.csv
Ending
