Fri Jul 24 15:20:58 CEST 2015
MaxEnt version 3.3.3k
Reading file absence
readGrid: max memory 477626368, total allocated 72351744, free 38749352, used 33602392, increment -6316768
Reading samples from presence
Read samples: max memory 477626368, total allocated 72351744, free 38123048, used 34228696, increment 626304
Adding samples to background in feature space
Command line used:  autorun -e devel/maxent_tuneFC/maxentRes/fc-LQbeta-10_uid-67/absence -o devel/maxent_tuneFC/maxentRes/fc-LQbeta-10_uid-67 -s devel/maxent_tuneFC/maxentRes/fc-LQbeta-10_uid-67/presence -z autofeature=false betamultiplier=10 linear=true quadratic=true
Command line to repeat: java density.MaxEnt nowarnings noprefixes outputdirectory=devel/maxent_tuneFC/maxentRes/fc-LQbeta-10_uid-67 samplesfile=devel/maxent_tuneFC/maxentRes/fc-LQbeta-10_uid-67/presence environmentallayers=devel/maxent_tuneFC/maxentRes/fc-LQbeta-10_uid-67/absence betamultiplier=10.0 autorun novisible noautofeature
Species: species
Layers: x1 x2
Layertypes: Continuous Continuous
outputdirectory: devel/maxent_tuneFC/maxentRes/fc-LQbeta-10_uid-67
samplesfile: devel/maxent_tuneFC/maxentRes/fc-LQbeta-10_uid-67/presence
environmentallayers: devel/maxent_tuneFC/maxentRes/fc-LQbeta-10_uid-67/absence
betamultiplier: 10.0
autorun: true
visible: false
autofeature: false

getSamples: max memory 477626368, total allocated 72351744, free 38123048, used 34228696, increment 0
Making features
makeFeatures: max memory 477626368, total allocated 72351744, free 38123048, used 34228696, increment 0
species: 
Regularization values: linear/quadratic/product: 0.873, categorical: 0.250, threshold: 1.820, hinge: 0.500
18 samples
Density: max memory 477626368, total allocated 72351744, free 37504912, used 34846832, increment 618136
linearPredictor: max memory 477626368, total allocated 72351744, free 37504912, used 34846832, increment 0
FeaturedSpace: max memory 477626368, total allocated 72351744, free 37504912, used 34846832, increment 0
Sequential: max memory 477626368, total allocated 72351744, free 37504912, used 34846832, increment 0
Initial loss: 4.68213122712422
60: time = 0,008000 loss = 4,639154
Resulting gain: 0.04297700006691674
Projecting...
Writing file devel\maxent_tuneFC\maxentRes\fc-LQbeta-10_uid-67\species.csv
Ending
