Fri Jul 24 15:22:17 CEST 2015
MaxEnt version 3.3.3k
Reading file absence
readGrid: max memory 477626368, total allocated 65536000, free 37028952, used 28507048, increment -925008
Reading samples from presence
Read samples: max memory 477626368, total allocated 65536000, free 36546928, used 28989072, increment 482024
Adding samples to background in feature space
Command line used:  autorun -e devel/maxent_tuneFC/maxentRes/fc-HQPTbeta-0.1_uid-167/absence -o devel/maxent_tuneFC/maxentRes/fc-HQPTbeta-0.1_uid-167 -s devel/maxent_tuneFC/maxentRes/fc-HQPTbeta-0.1_uid-167/presence -z autofeature=false betamultiplier=0.1 hinge=true quadratic=true product=true threshold=true
Command line to repeat: java density.MaxEnt nowarnings noprefixes outputdirectory=devel/maxent_tuneFC/maxentRes/fc-HQPTbeta-0.1_uid-167 samplesfile=devel/maxent_tuneFC/maxentRes/fc-HQPTbeta-0.1_uid-167/presence environmentallayers=devel/maxent_tuneFC/maxentRes/fc-HQPTbeta-0.1_uid-167/absence betamultiplier=0.1 autorun novisible noautofeature
Species: species
Layers: x1 x2
Layertypes: Continuous Continuous
outputdirectory: devel/maxent_tuneFC/maxentRes/fc-HQPTbeta-0.1_uid-167
samplesfile: devel/maxent_tuneFC/maxentRes/fc-HQPTbeta-0.1_uid-167/presence
environmentallayers: devel/maxent_tuneFC/maxentRes/fc-HQPTbeta-0.1_uid-167/absence
betamultiplier: 0.1
autorun: true
visible: false
autofeature: false

getSamples: max memory 477626368, total allocated 65536000, free 36546928, used 28989072, increment 0
Making features
makeFeatures: max memory 477626368, total allocated 65536000, free 36546928, used 28989072, increment 0
species: 
Regularization values: linear/quadratic/product: 0.873, categorical: 0.250, threshold: 1.820, hinge: 0.500
18 samples
Density: max memory 477626368, total allocated 65536000, free 36546928, used 28989072, increment 0
linearPredictor: max memory 477626368, total allocated 65536000, free 36546928, used 28989072, increment 0
FeaturedSpace: max memory 477626368, total allocated 65536000, free 36546928, used 28989072, increment 0
Sequential: max memory 477626368, total allocated 65536000, free 36546928, used 28989072, increment 0
Initial loss: 4.68213122712422
500: time = 0,079000 loss = 3,318423
Resulting gain: 1.3637086808437582
Projecting...
Writing file devel\maxent_tuneFC\maxentRes\fc-HQPTbeta-0.1_uid-167\species.csv
Ending
