Fri Jul 24 16:10:28 CEST 2015
MaxEnt version 3.3.3k
Reading file absence
readGrid: max memory 477626368, total allocated 63963136, free 38753384, used 25209752, increment -7308448
Reading samples from presence
Read samples: max memory 477626368, total allocated 63963136, free 38244984, used 25718152, increment 508400
Adding samples to background in feature space
Command line used:  autorun -e devel/maxent_tuneFC/maxentResults01/fc-HQPT_beta-0.1_uid-587/absence -o devel/maxent_tuneFC/maxentResults01/fc-HQPT_beta-0.1_uid-587 -s devel/maxent_tuneFC/maxentResults01/fc-HQPT_beta-0.1_uid-587/presence -z autofeature=false betamultiplier=0.1 linear=false quadratic=true hinge=true product=true threshold=true
Command line to repeat: java density.MaxEnt nowarnings noprefixes outputdirectory=devel/maxent_tuneFC/maxentResults01/fc-HQPT_beta-0.1_uid-587 samplesfile=devel/maxent_tuneFC/maxentResults01/fc-HQPT_beta-0.1_uid-587/presence environmentallayers=devel/maxent_tuneFC/maxentResults01/fc-HQPT_beta-0.1_uid-587/absence betamultiplier=0.1 nolinear autorun novisible noautofeature
Species: species
Layers: x1 x2
Layertypes: Continuous Continuous
outputdirectory: devel/maxent_tuneFC/maxentResults01/fc-HQPT_beta-0.1_uid-587
samplesfile: devel/maxent_tuneFC/maxentResults01/fc-HQPT_beta-0.1_uid-587/presence
environmentallayers: devel/maxent_tuneFC/maxentResults01/fc-HQPT_beta-0.1_uid-587/absence
betamultiplier: 0.1
linear: false
autorun: true
visible: false
autofeature: false

getSamples: max memory 477626368, total allocated 63963136, free 38244984, used 25718152, increment 0
Making features
makeFeatures: max memory 477626368, total allocated 63963136, free 37752880, used 26210256, increment 492104
species: 
Regularization values: linear/quadratic/product: 1.800, categorical: 0.530, threshold: 1.920, hinge: 0.500
8 samples
Density: max memory 477626368, total allocated 63963136, free 37752880, used 26210256, increment 0
linearPredictor: max memory 477626368, total allocated 63963136, free 37752880, used 26210256, increment 0
FeaturedSpace: max memory 477626368, total allocated 63963136, free 37752880, used 26210256, increment 0
Sequential: max memory 477626368, total allocated 63963136, free 37752880, used 26210256, increment 0
Initial loss: 4.584967478670572
500: time = 0,062000 loss = 2,563316
Resulting gain: 2.021651729288125
Projecting...
Writing file devel\maxent_tuneFC\maxentResults01\fc-HQPT_beta-0.1_uid-587\species.csv
Ending
