Fri Jul 24 15:46:34 CEST 2015
MaxEnt version 3.3.3k
Reading file absence
readGrid: max memory 477626368, total allocated 65536000, free 50092584, used 15443416, increment -9285408
Reading samples from presence
Read samples: max memory 477626368, total allocated 65536000, free 49569136, used 15966864, increment 523448
Adding samples to background in feature space
Command line used:  autorun -e devel/maxent_tuneFC/maxentRes3/fc-L_beta-10_uid-435/absence -o devel/maxent_tuneFC/maxentRes3/fc-L_beta-10_uid-435 -s devel/maxent_tuneFC/maxentRes3/fc-L_beta-10_uid-435/presence -z autofeature=false betamultiplier=10 linear=true quadratic=false
Command line to repeat: java density.MaxEnt nowarnings noprefixes outputdirectory=devel/maxent_tuneFC/maxentRes3/fc-L_beta-10_uid-435 samplesfile=devel/maxent_tuneFC/maxentRes3/fc-L_beta-10_uid-435/presence environmentallayers=devel/maxent_tuneFC/maxentRes3/fc-L_beta-10_uid-435/absence betamultiplier=10.0 noquadratic autorun novisible noautofeature
Species: species
Layers: x1 x2
Layertypes: Continuous Continuous
outputdirectory: devel/maxent_tuneFC/maxentRes3/fc-L_beta-10_uid-435
samplesfile: devel/maxent_tuneFC/maxentRes3/fc-L_beta-10_uid-435/presence
environmentallayers: devel/maxent_tuneFC/maxentRes3/fc-L_beta-10_uid-435/absence
betamultiplier: 10.0
quadratic: false
autorun: true
visible: false
autofeature: false

getSamples: max memory 477626368, total allocated 65536000, free 49569136, used 15966864, increment 0
Making features
makeFeatures: max memory 477626368, total allocated 65536000, free 49569136, used 15966864, increment 0
species: 
Regularization values: linear/quadratic/product: 0.819, categorical: 0.250, threshold: 1.800, hinge: 0.500
20 samples
Density: max memory 477626368, total allocated 65536000, free 49569136, used 15966864, increment 0
linearPredictor: max memory 477626368, total allocated 65536000, free 49569136, used 15966864, increment 0
FeaturedSpace: max memory 477626368, total allocated 65536000, free 49569136, used 15966864, increment 0
Sequential: max memory 477626368, total allocated 65536000, free 49569136, used 15966864, increment 0
Initial loss: 4.787491742782046
60: time = 0,016000 loss = 4,720106
Resulting gain: 0.06738622055777199
Projecting...
Writing file devel\maxent_tuneFC\maxentRes3\fc-L_beta-10_uid-435\species.csv
Ending
