Fri Jul 24 15:20:15 CEST 2015
MaxEnt version 3.3.3k
Reading file absence
readGrid: max memory 477626368, total allocated 73924608, free 30320000, used 43604608, increment 22997480
Reading samples from presence
Read samples: max memory 477626368, total allocated 73924608, free 30320000, used 43604608, increment 0
Adding samples to background in feature space
Command line used:  autorun -e devel/maxent_tuneFC/maxentRes/fc-Hbeta-10_uid-14/absence -o devel/maxent_tuneFC/maxentRes/fc-Hbeta-10_uid-14 -s devel/maxent_tuneFC/maxentRes/fc-Hbeta-10_uid-14/presence -z autofeature=false betamultiplier=10 hinge=true
Command line to repeat: java density.MaxEnt nowarnings noprefixes outputdirectory=devel/maxent_tuneFC/maxentRes/fc-Hbeta-10_uid-14 samplesfile=devel/maxent_tuneFC/maxentRes/fc-Hbeta-10_uid-14/presence environmentallayers=devel/maxent_tuneFC/maxentRes/fc-Hbeta-10_uid-14/absence betamultiplier=10.0 autorun novisible noautofeature
Species: species
Layers: x1 x2
Layertypes: Continuous Continuous
outputdirectory: devel/maxent_tuneFC/maxentRes/fc-Hbeta-10_uid-14
samplesfile: devel/maxent_tuneFC/maxentRes/fc-Hbeta-10_uid-14/presence
environmentallayers: devel/maxent_tuneFC/maxentRes/fc-Hbeta-10_uid-14/absence
betamultiplier: 10.0
autorun: true
visible: false
autofeature: false

getSamples: max memory 477626368, total allocated 73924608, free 29656392, used 44268216, increment 663608
Making features
makeFeatures: max memory 477626368, total allocated 73924608, free 29656392, used 44268216, increment 0
species: 
Regularization values: linear/quadratic/product: 0.873, categorical: 0.250, threshold: 1.820, hinge: 0.500
18 samples
Density: max memory 477626368, total allocated 73924608, free 29656392, used 44268216, increment 0
linearPredictor: max memory 477626368, total allocated 73924608, free 29656392, used 44268216, increment 0
FeaturedSpace: max memory 477626368, total allocated 73924608, free 29656392, used 44268216, increment 0
Sequential: max memory 477626368, total allocated 73924608, free 29656392, used 44268216, increment 0
Initial loss: 4.68213122712422
60: time = 0,016000 loss = 4,646514
Resulting gain: 0.03561676629385069
Projecting...
Writing file devel\maxent_tuneFC\maxentRes\fc-Hbeta-10_uid-14\species.csv
Ending
