Fri Jul 24 15:26:10 CEST 2015
MaxEnt version 3.3.3k
Reading file absence
readGrid: max memory 477626368, total allocated 68157440, free 44196544, used 23960896, increment -5558848
Reading samples from presence
Read samples: max memory 477626368, total allocated 68157440, free 43632712, used 24524728, increment 563832
Adding samples to background in feature space
Command line used:  autorun -e devel/maxent_tuneFC/maxentRes2/fc-HQPT_beta-1_uid-238/absence -o devel/maxent_tuneFC/maxentRes2/fc-HQPT_beta-1_uid-238 -s devel/maxent_tuneFC/maxentRes2/fc-HQPT_beta-1_uid-238/presence -z autofeature=false betamultiplier=1 hinge=true quadratic=true product=true threshold=true
Command line to repeat: java density.MaxEnt nowarnings noprefixes outputdirectory=devel/maxent_tuneFC/maxentRes2/fc-HQPT_beta-1_uid-238 samplesfile=devel/maxent_tuneFC/maxentRes2/fc-HQPT_beta-1_uid-238/presence environmentallayers=devel/maxent_tuneFC/maxentRes2/fc-HQPT_beta-1_uid-238/absence autorun novisible noautofeature
Species: species
Layers: x1 x2
Layertypes: Continuous Continuous
outputdirectory: devel/maxent_tuneFC/maxentRes2/fc-HQPT_beta-1_uid-238
samplesfile: devel/maxent_tuneFC/maxentRes2/fc-HQPT_beta-1_uid-238/presence
environmentallayers: devel/maxent_tuneFC/maxentRes2/fc-HQPT_beta-1_uid-238/absence
autorun: true
visible: false
autofeature: false

getSamples: max memory 477626368, total allocated 68157440, free 43632712, used 24524728, increment 0
Making features
makeFeatures: max memory 477626368, total allocated 68157440, free 43632712, used 24524728, increment 0
species: 
Regularization values: linear/quadratic/product: 0.873, categorical: 0.250, threshold: 1.820, hinge: 0.500
18 samples
Density: max memory 477626368, total allocated 68157440, free 43632712, used 24524728, increment 0
linearPredictor: max memory 477626368, total allocated 68157440, free 43632712, used 24524728, increment 0
FeaturedSpace: max memory 477626368, total allocated 68157440, free 43632712, used 24524728, increment 0
Sequential: max memory 477626368, total allocated 68157440, free 43632712, used 24524728, increment 0
Initial loss: 4.68213122712422
240: time = 0,031000 loss = 3,952846
Resulting gain: 0.7292852591852674
Projecting...
Writing file devel\maxent_tuneFC\maxentRes2\fc-HQPT_beta-1_uid-238\species.csv
Ending
