Fri Jul 24 15:20:22 CEST 2015
MaxEnt version 3.3.3k
Reading file absence
readGrid: max memory 477626368, total allocated 69730304, free 21128064, used 48602240, increment 22898184
Reading samples from presence
Read samples: max memory 477626368, total allocated 69730304, free 20562888, used 49167416, increment 565176
Adding samples to background in feature space
Command line used:  autorun -e devel/maxent_tuneFC/maxentRes/fc-HQPTbeta-0.1_uid-23/absence -o devel/maxent_tuneFC/maxentRes/fc-HQPTbeta-0.1_uid-23 -s devel/maxent_tuneFC/maxentRes/fc-HQPTbeta-0.1_uid-23/presence -z autofeature=false betamultiplier=0.1 hinge=true quadratic=true product=true threshold=true
Command line to repeat: java density.MaxEnt nowarnings noprefixes outputdirectory=devel/maxent_tuneFC/maxentRes/fc-HQPTbeta-0.1_uid-23 samplesfile=devel/maxent_tuneFC/maxentRes/fc-HQPTbeta-0.1_uid-23/presence environmentallayers=devel/maxent_tuneFC/maxentRes/fc-HQPTbeta-0.1_uid-23/absence betamultiplier=0.1 autorun novisible noautofeature
Species: species
Layers: x1 x2
Layertypes: Continuous Continuous
outputdirectory: devel/maxent_tuneFC/maxentRes/fc-HQPTbeta-0.1_uid-23
samplesfile: devel/maxent_tuneFC/maxentRes/fc-HQPTbeta-0.1_uid-23/presence
environmentallayers: devel/maxent_tuneFC/maxentRes/fc-HQPTbeta-0.1_uid-23/absence
betamultiplier: 0.1
autorun: true
visible: false
autofeature: false

getSamples: max memory 477626368, total allocated 69730304, free 20562888, used 49167416, increment 0
Making features
makeFeatures: max memory 477626368, total allocated 69730304, free 20562888, used 49167416, increment 0
species: 
Regularization values: linear/quadratic/product: 0.873, categorical: 0.250, threshold: 1.820, hinge: 0.500
18 samples
Density: max memory 477626368, total allocated 69730304, free 19996864, used 49733440, increment 566024
linearPredictor: max memory 477626368, total allocated 69730304, free 19996864, used 49733440, increment 0
FeaturedSpace: max memory 477626368, total allocated 69730304, free 19996864, used 49733440, increment 0
Sequential: max memory 477626368, total allocated 69730304, free 19996864, used 49733440, increment 0
Initial loss: 4.68213122712422
500: time = 0,078000 loss = 3,278764
Resulting gain: 1.4033674628722905
Projecting...
Writing file devel\maxent_tuneFC\maxentRes\fc-HQPTbeta-0.1_uid-23\species.csv
Ending
