Fri Jul 24 16:09:54 CEST 2015
MaxEnt version 3.3.3k
Reading file absence
readGrid: max memory 477626368, total allocated 64487424, free 12345288, used 52142136, increment 17696512
Reading samples from presence
Read samples: max memory 477626368, total allocated 64487424, free 12345288, used 52142136, increment 0
Adding samples to background in feature space
Command line used:  autorun -e devel/maxent_tuneFC/maxentResults01/fc-HQPT_beta-10_uid-549/absence -o devel/maxent_tuneFC/maxentResults01/fc-HQPT_beta-10_uid-549 -s devel/maxent_tuneFC/maxentResults01/fc-HQPT_beta-10_uid-549/presence -z autofeature=false betamultiplier=10 linear=false quadratic=true hinge=true product=true threshold=true
Command line to repeat: java density.MaxEnt nowarnings noprefixes outputdirectory=devel/maxent_tuneFC/maxentResults01/fc-HQPT_beta-10_uid-549 samplesfile=devel/maxent_tuneFC/maxentResults01/fc-HQPT_beta-10_uid-549/presence environmentallayers=devel/maxent_tuneFC/maxentResults01/fc-HQPT_beta-10_uid-549/absence betamultiplier=10.0 nolinear autorun novisible noautofeature
Species: species
Layers: x1 x2
Layertypes: Continuous Continuous
outputdirectory: devel/maxent_tuneFC/maxentResults01/fc-HQPT_beta-10_uid-549
samplesfile: devel/maxent_tuneFC/maxentResults01/fc-HQPT_beta-10_uid-549/presence
environmentallayers: devel/maxent_tuneFC/maxentResults01/fc-HQPT_beta-10_uid-549/absence
betamultiplier: 10.0
linear: false
autorun: true
visible: false
autofeature: false

getSamples: max memory 477626368, total allocated 64487424, free 11873936, used 52613488, increment 471352
Making features
makeFeatures: max memory 477626368, total allocated 64487424, free 11873936, used 52613488, increment 0
species: 
Regularization values: linear/quadratic/product: 1.800, categorical: 0.530, threshold: 1.920, hinge: 0.500
8 samples
Density: max memory 477626368, total allocated 64487424, free 11873936, used 52613488, increment 0
linearPredictor: max memory 477626368, total allocated 64487424, free 11873936, used 52613488, increment 0
FeaturedSpace: max memory 477626368, total allocated 64487424, free 11873936, used 52613488, increment 0
Sequential: max memory 477626368, total allocated 64487424, free 11873936, used 52613488, increment 0
Initial loss: 4.584967478670572
60: time = 0,000000 loss = 4,574838
Resulting gain: 0.010129496373049385
Projecting...
Writing file devel\maxent_tuneFC\maxentResults01\fc-HQPT_beta-10_uid-549\species.csv
Ending
