Fri Jul 24 15:46:31 CEST 2015
MaxEnt version 3.3.3k
Reading file absence
readGrid: max memory 477626368, total allocated 66584576, free 36516536, used 30068040, increment 18317272
Reading samples from presence
Read samples: max memory 477626368, total allocated 66584576, free 36516536, used 30068040, increment 0
Adding samples to background in feature space
Command line used:  autorun -e devel/maxent_tuneFC/maxentRes3/fc-L_beta-10_uid-433/absence -o devel/maxent_tuneFC/maxentRes3/fc-L_beta-10_uid-433 -s devel/maxent_tuneFC/maxentRes3/fc-L_beta-10_uid-433/presence -z autofeature=false betamultiplier=10 linear=true quadratic=false
Command line to repeat: java density.MaxEnt nowarnings noprefixes outputdirectory=devel/maxent_tuneFC/maxentRes3/fc-L_beta-10_uid-433 samplesfile=devel/maxent_tuneFC/maxentRes3/fc-L_beta-10_uid-433/presence environmentallayers=devel/maxent_tuneFC/maxentRes3/fc-L_beta-10_uid-433/absence betamultiplier=10.0 noquadratic autorun novisible noautofeature
Species: species
Layers: x1 x2
Layertypes: Continuous Continuous
outputdirectory: devel/maxent_tuneFC/maxentRes3/fc-L_beta-10_uid-433
samplesfile: devel/maxent_tuneFC/maxentRes3/fc-L_beta-10_uid-433/presence
environmentallayers: devel/maxent_tuneFC/maxentRes3/fc-L_beta-10_uid-433/absence
betamultiplier: 10.0
quadratic: false
autorun: true
visible: false
autofeature: false

getSamples: max memory 477626368, total allocated 66584576, free 35972936, used 30611640, increment 543600
Making features
makeFeatures: max memory 477626368, total allocated 66584576, free 35972936, used 30611640, increment 0
species: 
Regularization values: linear/quadratic/product: 1.600, categorical: 0.500, threshold: 1.900, hinge: 0.500
10 samples
Density: max memory 477626368, total allocated 66584576, free 35972936, used 30611640, increment 0
linearPredictor: max memory 477626368, total allocated 66584576, free 35972936, used 30611640, increment 0
FeaturedSpace: max memory 477626368, total allocated 66584576, free 35972936, used 30611640, increment 0
Sequential: max memory 477626368, total allocated 66584576, free 35972936, used 30611640, increment 0
Initial loss: 4.0943445622221
20: time = 0,000000 loss = 4,094345
Resulting gain: 0.0
Leaving out Fixed cumulative value 5 from threshold table, as uninitialized
Leaving out Fixed cumulative value 10 from threshold table, as uninitialized
Projecting...
Writing file devel\maxent_tuneFC\maxentRes3\fc-L_beta-10_uid-433\species.csv
Ending
