Fri Jul 24 15:20:57 CEST 2015
MaxEnt version 3.3.3k
Reading file absence
readGrid: max memory 477626368, total allocated 73400320, free 34109576, used 39290744, increment 22663424
Reading samples from presence
Read samples: max memory 477626368, total allocated 73400320, free 33481160, used 39919160, increment 628416
Adding samples to background in feature space
Command line used:  autorun -e devel/maxent_tuneFC/maxentRes/fc-Lbeta-10_uid-66/absence -o devel/maxent_tuneFC/maxentRes/fc-Lbeta-10_uid-66 -s devel/maxent_tuneFC/maxentRes/fc-Lbeta-10_uid-66/presence -z autofeature=false betamultiplier=10 linear=true
Command line to repeat: java density.MaxEnt nowarnings noprefixes outputdirectory=devel/maxent_tuneFC/maxentRes/fc-Lbeta-10_uid-66 samplesfile=devel/maxent_tuneFC/maxentRes/fc-Lbeta-10_uid-66/presence environmentallayers=devel/maxent_tuneFC/maxentRes/fc-Lbeta-10_uid-66/absence betamultiplier=10.0 autorun novisible noautofeature
Species: species
Layers: x1 x2
Layertypes: Continuous Continuous
outputdirectory: devel/maxent_tuneFC/maxentRes/fc-Lbeta-10_uid-66
samplesfile: devel/maxent_tuneFC/maxentRes/fc-Lbeta-10_uid-66/presence
environmentallayers: devel/maxent_tuneFC/maxentRes/fc-Lbeta-10_uid-66/absence
betamultiplier: 10.0
autorun: true
visible: false
autofeature: false

getSamples: max memory 477626368, total allocated 73400320, free 33481160, used 39919160, increment 0
Making features
makeFeatures: max memory 477626368, total allocated 73400320, free 33481160, used 39919160, increment 0
species: 
Regularization values: linear/quadratic/product: 0.873, categorical: 0.250, threshold: 1.820, hinge: 0.500
18 samples
Density: max memory 477626368, total allocated 73400320, free 33481160, used 39919160, increment 0
linearPredictor: max memory 477626368, total allocated 73400320, free 33481160, used 39919160, increment 0
FeaturedSpace: max memory 477626368, total allocated 73400320, free 33481160, used 39919160, increment 0
Sequential: max memory 477626368, total allocated 73400320, free 33481160, used 39919160, increment 0
Initial loss: 4.68213122712422
60: time = 0,008000 loss = 4,639154
Resulting gain: 0.04297700006691674
Projecting...
Writing file devel\maxent_tuneFC\maxentRes\fc-Lbeta-10_uid-66\species.csv
Ending
