Fri Jul 24 15:56:47 CEST 2015
MaxEnt version 3.3.3k
Reading file absence
readGrid: max memory 477626368, total allocated 64487424, free 38306176, used 26181248, increment -5293352
Reading samples from presence
Read samples: max memory 477626368, total allocated 64487424, free 38306176, used 26181248, increment 0
Adding samples to background in feature space
Command line used:  autorun -e devel/maxent_tuneFC/maxentRes6/fc-L_beta-1_uid-491/absence -o devel/maxent_tuneFC/maxentRes6/fc-L_beta-1_uid-491 -s devel/maxent_tuneFC/maxentRes6/fc-L_beta-1_uid-491/presence -z autofeature=false betamultiplier=1 linear=true quadratic=false hinge=false product=false threshold=false
Command line to repeat: java density.MaxEnt nowarnings noprefixes outputdirectory=devel/maxent_tuneFC/maxentRes6/fc-L_beta-1_uid-491 samplesfile=devel/maxent_tuneFC/maxentRes6/fc-L_beta-1_uid-491/presence environmentallayers=devel/maxent_tuneFC/maxentRes6/fc-L_beta-1_uid-491/absence noquadratic noproduct nothreshold nohinge autorun novisible noautofeature
Species: species
Layers: x1 x2
Layertypes: Continuous Continuous
outputdirectory: devel/maxent_tuneFC/maxentRes6/fc-L_beta-1_uid-491
samplesfile: devel/maxent_tuneFC/maxentRes6/fc-L_beta-1_uid-491/presence
environmentallayers: devel/maxent_tuneFC/maxentRes6/fc-L_beta-1_uid-491/absence
quadratic: false
product: false
threshold: false
hinge: false
autorun: true
visible: false
autofeature: false

getSamples: max memory 477626368, total allocated 64487424, free 37820224, used 26667200, increment 485952
Making features
makeFeatures: max memory 477626368, total allocated 64487424, free 37820224, used 26667200, increment 0
species: 
Regularization values: linear/quadratic/product: 1.000, categorical: 0.590, threshold: 1.960, hinge: 0.500
4 samples
Density: max memory 477626368, total allocated 64487424, free 37820224, used 26667200, increment 0
linearPredictor: max memory 477626368, total allocated 64487424, free 37820224, used 26667200, increment 0
FeaturedSpace: max memory 477626368, total allocated 64487424, free 37820224, used 26667200, increment 0
Sequential: max memory 477626368, total allocated 64487424, free 37820224, used 26667200, increment 0
Initial loss: 3.9889840465642745
60: time = 0,001000 loss = 3,934870
Resulting gain: 0.05411366924050931
Projecting...
Writing file devel\maxent_tuneFC\maxentRes6\fc-L_beta-1_uid-491\species.csv
Ending
