Fri Jul 24 15:21:57 CEST 2015
MaxEnt version 3.3.3k
Reading file absence
readGrid: max memory 477626368, total allocated 65536000, free 42357544, used 23178456, increment -1906520
Reading samples from presence
Read samples: max memory 477626368, total allocated 65536000, free 41859096, used 23676904, increment 498448
Adding samples to background in feature space
Command line used:  autorun -e devel/maxent_tuneFC/maxentRes/fc-Lbeta-0.1_uid-144/absence -o devel/maxent_tuneFC/maxentRes/fc-Lbeta-0.1_uid-144 -s devel/maxent_tuneFC/maxentRes/fc-Lbeta-0.1_uid-144/presence -z autofeature=false betamultiplier=0.1 linear=true
Command line to repeat: java density.MaxEnt nowarnings noprefixes outputdirectory=devel/maxent_tuneFC/maxentRes/fc-Lbeta-0.1_uid-144 samplesfile=devel/maxent_tuneFC/maxentRes/fc-Lbeta-0.1_uid-144/presence environmentallayers=devel/maxent_tuneFC/maxentRes/fc-Lbeta-0.1_uid-144/absence betamultiplier=0.1 autorun novisible noautofeature
Species: species
Layers: x1 x2
Layertypes: Continuous Continuous
outputdirectory: devel/maxent_tuneFC/maxentRes/fc-Lbeta-0.1_uid-144
samplesfile: devel/maxent_tuneFC/maxentRes/fc-Lbeta-0.1_uid-144/presence
environmentallayers: devel/maxent_tuneFC/maxentRes/fc-Lbeta-0.1_uid-144/absence
betamultiplier: 0.1
autorun: true
visible: false
autofeature: false

getSamples: max memory 477626368, total allocated 65536000, free 41376928, used 24159072, increment 482168
Making features
makeFeatures: max memory 477626368, total allocated 65536000, free 41376928, used 24159072, increment 0
species: 
Regularization values: linear/quadratic/product: 0.873, categorical: 0.250, threshold: 1.820, hinge: 0.500
18 samples
Density: max memory 477626368, total allocated 65536000, free 41376928, used 24159072, increment 0
linearPredictor: max memory 477626368, total allocated 65536000, free 41376928, used 24159072, increment 0
FeaturedSpace: max memory 477626368, total allocated 65536000, free 41376928, used 24159072, increment 0
Sequential: max memory 477626368, total allocated 65536000, free 41376928, used 24159072, increment 0
Initial loss: 4.68213122712422
500: time = 0,067000 loss = 3,292734
Resulting gain: 1.3893971506907081
Projecting...
Writing file devel\maxent_tuneFC\maxentRes\fc-Lbeta-0.1_uid-144\species.csv
Ending
