Fri Jul 24 15:25:22 CEST 2015
MaxEnt version 3.3.3k
Reading file absence
readGrid: max memory 477626368, total allocated 75497472, free 21549344, used 53948128, increment 23281040
Reading samples from presence
Read samples: max memory 477626368, total allocated 75497472, free 21549344, used 53948128, increment 0
Adding samples to background in feature space
Command line used:  autorun -e devel/maxent_tuneFC/maxentRes2/fc-L_beta-1_uid-183/absence -o devel/maxent_tuneFC/maxentRes2/fc-L_beta-1_uid-183 -s devel/maxent_tuneFC/maxentRes2/fc-L_beta-1_uid-183/presence -z autofeature=false betamultiplier=1 linear=true
Command line to repeat: java density.MaxEnt nowarnings noprefixes outputdirectory=devel/maxent_tuneFC/maxentRes2/fc-L_beta-1_uid-183 samplesfile=devel/maxent_tuneFC/maxentRes2/fc-L_beta-1_uid-183/presence environmentallayers=devel/maxent_tuneFC/maxentRes2/fc-L_beta-1_uid-183/absence autorun novisible noautofeature
Species: species
Layers: x1 x2
Layertypes: Continuous Continuous
outputdirectory: devel/maxent_tuneFC/maxentRes2/fc-L_beta-1_uid-183
samplesfile: devel/maxent_tuneFC/maxentRes2/fc-L_beta-1_uid-183/presence
environmentallayers: devel/maxent_tuneFC/maxentRes2/fc-L_beta-1_uid-183/absence
autorun: true
visible: false
autofeature: false

getSamples: max memory 477626368, total allocated 75497472, free 21549344, used 53948128, increment 0
Making features
makeFeatures: max memory 477626368, total allocated 75497472, free 21549344, used 53948128, increment 0
species: 
Regularization values: linear/quadratic/product: 0.873, categorical: 0.250, threshold: 1.820, hinge: 0.500
18 samples
Density: max memory 477626368, total allocated 75497472, free 20881344, used 54616128, increment 668000
linearPredictor: max memory 477626368, total allocated 75497472, free 20881344, used 54616128, increment 0
FeaturedSpace: max memory 477626368, total allocated 75497472, free 20881344, used 54616128, increment 0
Sequential: max memory 477626368, total allocated 75497472, free 20881344, used 54616128, increment 0
Initial loss: 4.68213122712422
300: time = 0,033000 loss = 3,945452
Resulting gain: 0.7366787733265356
Projecting...
Writing file devel\maxent_tuneFC\maxentRes2\fc-L_beta-1_uid-183\species.csv
Ending
