Fri Jul 24 15:25:54 CEST 2015
MaxEnt version 3.3.3k
Reading file absence
readGrid: max memory 477626368, total allocated 76546048, free 8298984, used 68247064, increment 22852264
Reading samples from presence
Read samples: max memory 477626368, total allocated 76546048, free 8298984, used 68247064, increment 0
Adding samples to background in feature space
Command line used:  autorun -e devel/maxent_tuneFC/maxentRes2/fc-L_beta-10_uid-221/absence -o devel/maxent_tuneFC/maxentRes2/fc-L_beta-10_uid-221 -s devel/maxent_tuneFC/maxentRes2/fc-L_beta-10_uid-221/presence -z autofeature=false betamultiplier=10 linear=true
Command line to repeat: java density.MaxEnt nowarnings noprefixes outputdirectory=devel/maxent_tuneFC/maxentRes2/fc-L_beta-10_uid-221 samplesfile=devel/maxent_tuneFC/maxentRes2/fc-L_beta-10_uid-221/presence environmentallayers=devel/maxent_tuneFC/maxentRes2/fc-L_beta-10_uid-221/absence betamultiplier=10.0 autorun novisible noautofeature
Species: species
Layers: x1 x2
Layertypes: Continuous Continuous
outputdirectory: devel/maxent_tuneFC/maxentRes2/fc-L_beta-10_uid-221
samplesfile: devel/maxent_tuneFC/maxentRes2/fc-L_beta-10_uid-221/presence
environmentallayers: devel/maxent_tuneFC/maxentRes2/fc-L_beta-10_uid-221/absence
betamultiplier: 10.0
autorun: true
visible: false
autofeature: false

getSamples: max memory 477626368, total allocated 76546048, free 7582400, used 68963648, increment 716584
Making features
makeFeatures: max memory 477626368, total allocated 76546048, free 7582400, used 68963648, increment 0
species: 
Regularization values: linear/quadratic/product: 0.873, categorical: 0.250, threshold: 1.820, hinge: 0.500
18 samples
Density: max memory 477626368, total allocated 76546048, free 7582400, used 68963648, increment 0
linearPredictor: max memory 477626368, total allocated 76546048, free 7582400, used 68963648, increment 0
FeaturedSpace: max memory 477626368, total allocated 76546048, free 7582400, used 68963648, increment 0
Sequential: max memory 477626368, total allocated 76546048, free 7582400, used 68963648, increment 0
Initial loss: 4.68213122712422
60: time = 0,017000 loss = 4,631366
Resulting gain: 0.05076547436409129
Projecting...
Writing file devel\maxent_tuneFC\maxentRes2\fc-L_beta-10_uid-221\species.csv
Ending
