Fri Jul 24 15:56:43 CEST 2015
MaxEnt version 3.3.3k
Reading file absence
readGrid: max memory 477626368, total allocated 64487424, free 32583544, used 31903880, increment -5555176
Reading samples from presence
Read samples: max memory 477626368, total allocated 64487424, free 32112504, used 32374920, increment 471040
Adding samples to background in feature space
Command line used:  autorun -e devel/maxent_tuneFC/maxentRes6/fc-L_beta-1_uid-485/absence -o devel/maxent_tuneFC/maxentRes6/fc-L_beta-1_uid-485 -s devel/maxent_tuneFC/maxentRes6/fc-L_beta-1_uid-485/presence -z autofeature=false betamultiplier=1 linear=true quadratic=false hinge=false product=false threshold=false
Command line to repeat: java density.MaxEnt nowarnings noprefixes outputdirectory=devel/maxent_tuneFC/maxentRes6/fc-L_beta-1_uid-485 samplesfile=devel/maxent_tuneFC/maxentRes6/fc-L_beta-1_uid-485/presence environmentallayers=devel/maxent_tuneFC/maxentRes6/fc-L_beta-1_uid-485/absence noquadratic noproduct nothreshold nohinge autorun novisible noautofeature
Species: species
Layers: x1 x2
Layertypes: Continuous Continuous
outputdirectory: devel/maxent_tuneFC/maxentRes6/fc-L_beta-1_uid-485
samplesfile: devel/maxent_tuneFC/maxentRes6/fc-L_beta-1_uid-485/presence
environmentallayers: devel/maxent_tuneFC/maxentRes6/fc-L_beta-1_uid-485/absence
quadratic: false
product: false
threshold: false
hinge: false
autorun: true
visible: false
autofeature: false

getSamples: max memory 477626368, total allocated 64487424, free 32112504, used 32374920, increment 0
Making features
makeFeatures: max memory 477626368, total allocated 64487424, free 32112504, used 32374920, increment 0
species: 
Regularization values: linear/quadratic/product: 1.000, categorical: 0.575, threshold: 1.950, hinge: 0.500
5 samples
Density: max memory 477626368, total allocated 64487424, free 32112504, used 32374920, increment 0
linearPredictor: max memory 477626368, total allocated 64487424, free 32112504, used 32374920, increment 0
FeaturedSpace: max memory 477626368, total allocated 64487424, free 32112504, used 32374920, increment 0
Sequential: max memory 477626368, total allocated 64487424, free 32112504, used 32374920, increment 0
Initial loss: 4.007333185232471
60: time = 0,001000 loss = 3,432373
Resulting gain: 0.574959907810145
Projecting...
Writing file devel\maxent_tuneFC\maxentRes6\fc-L_beta-1_uid-485\species.csv
Ending
