Fri Jul 24 15:55:31 CEST 2015
MaxEnt version 3.3.3k
Reading file absence
readGrid: max memory 477626368, total allocated 64487424, free 31690920, used 32796504, increment -5494008
Reading samples from presence
Read samples: max memory 477626368, total allocated 64487424, free 31219560, used 33267864, increment 471360
Adding samples to background in feature space
Command line used:  autorun -e devel/maxent_tuneFC/maxentRes6/fc-D_beta-10_uid-475/absence -o devel/maxent_tuneFC/maxentRes6/fc-D_beta-10_uid-475 -s devel/maxent_tuneFC/maxentRes6/fc-D_beta-10_uid-475/presence -z autofeature=false betamultiplier=10 linear=true quadratic=true hinge=false product=false threshold=false
Command line to repeat: java density.MaxEnt nowarnings noprefixes outputdirectory=devel/maxent_tuneFC/maxentRes6/fc-D_beta-10_uid-475 samplesfile=devel/maxent_tuneFC/maxentRes6/fc-D_beta-10_uid-475/presence environmentallayers=devel/maxent_tuneFC/maxentRes6/fc-D_beta-10_uid-475/absence betamultiplier=10.0 noproduct nothreshold nohinge autorun novisible noautofeature
Species: species
Layers: x1 x2
Layertypes: Continuous Continuous
outputdirectory: devel/maxent_tuneFC/maxentRes6/fc-D_beta-10_uid-475
samplesfile: devel/maxent_tuneFC/maxentRes6/fc-D_beta-10_uid-475/presence
environmentallayers: devel/maxent_tuneFC/maxentRes6/fc-D_beta-10_uid-475/absence
betamultiplier: 10.0
product: false
threshold: false
hinge: false
autorun: true
visible: false
autofeature: false

getSamples: max memory 477626368, total allocated 64487424, free 31219560, used 33267864, increment 0
Making features
makeFeatures: max memory 477626368, total allocated 64487424, free 31219560, used 33267864, increment 0
species: 
Regularization values: linear/quadratic/product: 0.850, categorical: 0.515, threshold: 1.910, hinge: 0.500
9 samples
Density: max memory 477626368, total allocated 64487424, free 31219560, used 33267864, increment 0
linearPredictor: max memory 477626368, total allocated 64487424, free 31219560, used 33267864, increment 0
FeaturedSpace: max memory 477626368, total allocated 64487424, free 31219560, used 33267864, increment 0
Sequential: max memory 477626368, total allocated 64487424, free 31219560, used 33267864, increment 0
Initial loss: 4.6913478822291435
60: time = 0,013000 loss = 4,585560
Resulting gain: 0.10578821699332508
Projecting...
Writing file devel\maxent_tuneFC\maxentRes6\fc-D_beta-10_uid-475\species.csv
Ending
