Fri Jul 24 16:10:21 CEST 2015
MaxEnt version 3.3.3k
Reading file absence
readGrid: max memory 477626368, total allocated 66584576, free 27266480, used 39318096, increment 18343152
Reading samples from presence
Read samples: max memory 477626368, total allocated 66584576, free 26722320, used 39862256, increment 544160
Adding samples to background in feature space
Command line used:  autorun -e devel/maxent_tuneFC/maxentResults01/fc-HQPT_beta-0.1_uid-581/absence -o devel/maxent_tuneFC/maxentResults01/fc-HQPT_beta-0.1_uid-581 -s devel/maxent_tuneFC/maxentResults01/fc-HQPT_beta-0.1_uid-581/presence -z autofeature=false betamultiplier=0.1 linear=false quadratic=true hinge=true product=true threshold=true
Command line to repeat: java density.MaxEnt nowarnings noprefixes outputdirectory=devel/maxent_tuneFC/maxentResults01/fc-HQPT_beta-0.1_uid-581 samplesfile=devel/maxent_tuneFC/maxentResults01/fc-HQPT_beta-0.1_uid-581/presence environmentallayers=devel/maxent_tuneFC/maxentResults01/fc-HQPT_beta-0.1_uid-581/absence betamultiplier=0.1 nolinear autorun novisible noautofeature
Species: species
Layers: x1 x2
Layertypes: Continuous Continuous
outputdirectory: devel/maxent_tuneFC/maxentResults01/fc-HQPT_beta-0.1_uid-581
samplesfile: devel/maxent_tuneFC/maxentResults01/fc-HQPT_beta-0.1_uid-581/presence
environmentallayers: devel/maxent_tuneFC/maxentResults01/fc-HQPT_beta-0.1_uid-581/absence
betamultiplier: 0.1
linear: false
autorun: true
visible: false
autofeature: false

getSamples: max memory 477626368, total allocated 66584576, free 26722320, used 39862256, increment 0
Making features
makeFeatures: max memory 477626368, total allocated 66584576, free 26722320, used 39862256, increment 0
species: 
Regularization values: linear/quadratic/product: 1.800, categorical: 0.530, threshold: 1.920, hinge: 0.500
8 samples
Density: max memory 477626368, total allocated 66584576, free 26722320, used 39862256, increment 0
linearPredictor: max memory 477626368, total allocated 66584576, free 26722320, used 39862256, increment 0
FeaturedSpace: max memory 477626368, total allocated 66584576, free 26722320, used 39862256, increment 0
Sequential: max memory 477626368, total allocated 66584576, free 26722320, used 39862256, increment 0
Initial loss: 4.584967478670572
500: time = 0,065000 loss = 2,647063
Resulting gain: 1.9379040828758796
Projecting...
Writing file devel\maxent_tuneFC\maxentResults01\fc-HQPT_beta-0.1_uid-581\species.csv
Ending
