Fri Jul 24 15:20:12 CEST 2015
MaxEnt version 3.3.3k
Reading file absence
readGrid: max memory 477626368, total allocated 74973184, free 35775672, used 39197512, increment -6281576
Reading samples from presence
Read samples: max memory 477626368, total allocated 74973184, free 35775672, used 39197512, increment 0
Adding samples to background in feature space
Command line used:  autorun -e devel/maxent_tuneFC/maxentRes/fc-HQPTbeta-1_uid-11/absence -o devel/maxent_tuneFC/maxentRes/fc-HQPTbeta-1_uid-11 -s devel/maxent_tuneFC/maxentRes/fc-HQPTbeta-1_uid-11/presence -z autofeature=false betamultiplier=1 hinge=true quadratic=true product=true threshold=true
Command line to repeat: java density.MaxEnt nowarnings noprefixes outputdirectory=devel/maxent_tuneFC/maxentRes/fc-HQPTbeta-1_uid-11 samplesfile=devel/maxent_tuneFC/maxentRes/fc-HQPTbeta-1_uid-11/presence environmentallayers=devel/maxent_tuneFC/maxentRes/fc-HQPTbeta-1_uid-11/absence autorun novisible noautofeature
Species: species
Layers: x1 x2
Layertypes: Continuous Continuous
outputdirectory: devel/maxent_tuneFC/maxentRes/fc-HQPTbeta-1_uid-11
samplesfile: devel/maxent_tuneFC/maxentRes/fc-HQPTbeta-1_uid-11/presence
environmentallayers: devel/maxent_tuneFC/maxentRes/fc-HQPTbeta-1_uid-11/absence
autorun: true
visible: false
autofeature: false

getSamples: max memory 477626368, total allocated 74973184, free 35775672, used 39197512, increment 0
Making features
makeFeatures: max memory 477626368, total allocated 74973184, free 35775672, used 39197512, increment 0
species: 
Regularization values: linear/quadratic/product: 0.873, categorical: 0.250, threshold: 1.820, hinge: 0.500
18 samples
Density: max memory 477626368, total allocated 74973184, free 35114992, used 39858192, increment 660680
linearPredictor: max memory 477626368, total allocated 74973184, free 35114992, used 39858192, increment 0
FeaturedSpace: max memory 477626368, total allocated 74973184, free 35114992, used 39858192, increment 0
Sequential: max memory 477626368, total allocated 74973184, free 35114992, used 39858192, increment 0
Initial loss: 4.68213122712422
240: time = 0,032000 loss = 3,936788
Resulting gain: 0.745343233319629
Projecting...
Writing file devel\maxent_tuneFC\maxentRes\fc-HQPTbeta-1_uid-11\species.csv
Ending
