Fri Jul 24 15:21:12 CEST 2015
MaxEnt version 3.3.3k
Reading file absence
readGrid: max memory 477626368, total allocated 71303168, free 24501160, used 46802008, increment -7051560
Reading samples from presence
Read samples: max memory 477626368, total allocated 71303168, free 23908480, used 47394688, increment 592680
Adding samples to background in feature space
Command line used:  autorun -e devel/maxent_tuneFC/maxentRes/fc-LQbeta-10_uid-85/absence -o devel/maxent_tuneFC/maxentRes/fc-LQbeta-10_uid-85 -s devel/maxent_tuneFC/maxentRes/fc-LQbeta-10_uid-85/presence -z autofeature=false betamultiplier=10 linear=true quadratic=true
Command line to repeat: java density.MaxEnt nowarnings noprefixes outputdirectory=devel/maxent_tuneFC/maxentRes/fc-LQbeta-10_uid-85 samplesfile=devel/maxent_tuneFC/maxentRes/fc-LQbeta-10_uid-85/presence environmentallayers=devel/maxent_tuneFC/maxentRes/fc-LQbeta-10_uid-85/absence betamultiplier=10.0 autorun novisible noautofeature
Species: species
Layers: x1 x2
Layertypes: Continuous Continuous
outputdirectory: devel/maxent_tuneFC/maxentRes/fc-LQbeta-10_uid-85
samplesfile: devel/maxent_tuneFC/maxentRes/fc-LQbeta-10_uid-85/presence
environmentallayers: devel/maxent_tuneFC/maxentRes/fc-LQbeta-10_uid-85/absence
betamultiplier: 10.0
autorun: true
visible: false
autofeature: false

getSamples: max memory 477626368, total allocated 71303168, free 23908480, used 47394688, increment 0
Making features
makeFeatures: max memory 477626368, total allocated 71303168, free 23908480, used 47394688, increment 0
species: 
Regularization values: linear/quadratic/product: 0.873, categorical: 0.250, threshold: 1.820, hinge: 0.500
18 samples
Density: max memory 477626368, total allocated 71303168, free 23908480, used 47394688, increment 0
linearPredictor: max memory 477626368, total allocated 71303168, free 23315616, used 47987552, increment 592864
FeaturedSpace: max memory 477626368, total allocated 71303168, free 23315616, used 47987552, increment 0
Sequential: max memory 477626368, total allocated 71303168, free 23315616, used 47987552, increment 0
Initial loss: 4.68213122712422
60: time = 0,009000 loss = 4,640817
Resulting gain: 0.0413144684718203
Projecting...
Writing file devel\maxent_tuneFC\maxentRes\fc-LQbeta-10_uid-85\species.csv
Ending
