Fri Jul 24 15:20:05 CEST 2015
MaxEnt version 3.3.3k
Reading file absence
readGrid: max memory 477626368, total allocated 78118912, free 52127832, used 25991080, increment -13458640
Reading samples from presence
Read samples: max memory 477626368, total allocated 78118912, free 51409144, used 26709768, increment 718688
Adding samples to background in feature space
Command line used:  autorun -e devel/maxent_tuneFC/maxentRes/fc-Hbeta-0.1_uid-2/absence -o devel/maxent_tuneFC/maxentRes/fc-Hbeta-0.1_uid-2 -s devel/maxent_tuneFC/maxentRes/fc-Hbeta-0.1_uid-2/presence -z autofeature=false betamultiplier=0.1 hinge=true
Command line to repeat: java density.MaxEnt nowarnings noprefixes outputdirectory=devel/maxent_tuneFC/maxentRes/fc-Hbeta-0.1_uid-2 samplesfile=devel/maxent_tuneFC/maxentRes/fc-Hbeta-0.1_uid-2/presence environmentallayers=devel/maxent_tuneFC/maxentRes/fc-Hbeta-0.1_uid-2/absence betamultiplier=0.1 autorun novisible noautofeature
Species: species
Layers: x1 x2
Layertypes: Continuous Continuous
outputdirectory: devel/maxent_tuneFC/maxentRes/fc-Hbeta-0.1_uid-2
samplesfile: devel/maxent_tuneFC/maxentRes/fc-Hbeta-0.1_uid-2/presence
environmentallayers: devel/maxent_tuneFC/maxentRes/fc-Hbeta-0.1_uid-2/absence
betamultiplier: 0.1
autorun: true
visible: false
autofeature: false

getSamples: max memory 477626368, total allocated 78118912, free 51409144, used 26709768, increment 0
Making features
makeFeatures: max memory 477626368, total allocated 78118912, free 51409144, used 26709768, increment 0
species: 
Regularization values: linear/quadratic/product: 0.873, categorical: 0.250, threshold: 1.820, hinge: 0.500
18 samples
Density: max memory 477626368, total allocated 78118912, free 51409144, used 26709768, increment 0
linearPredictor: max memory 477626368, total allocated 78118912, free 51409144, used 26709768, increment 0
FeaturedSpace: max memory 477626368, total allocated 78118912, free 51409144, used 26709768, increment 0
Sequential: max memory 477626368, total allocated 78118912, free 51409144, used 26709768, increment 0
Initial loss: 4.68213122712422
500: time = 0,063000 loss = 3,316213
Resulting gain: 1.365918126154578
Projecting...
Writing file devel\maxent_tuneFC\maxentRes\fc-Hbeta-0.1_uid-2\species.csv
Ending
