Fri Jul 24 15:21:13 CEST 2015
MaxEnt version 3.3.3k
Reading file absence
readGrid: max memory 477626368, total allocated 71303168, free 29552312, used 41750856, increment -6236696
Reading samples from presence
Read samples: max memory 477626368, total allocated 71303168, free 28968304, used 42334864, increment 584008
Adding samples to background in feature space
Command line used:  autorun -e devel/maxent_tuneFC/maxentRes/fc-Hbeta-10_uid-86/absence -o devel/maxent_tuneFC/maxentRes/fc-Hbeta-10_uid-86 -s devel/maxent_tuneFC/maxentRes/fc-Hbeta-10_uid-86/presence -z autofeature=false betamultiplier=10 hinge=true
Command line to repeat: java density.MaxEnt nowarnings noprefixes outputdirectory=devel/maxent_tuneFC/maxentRes/fc-Hbeta-10_uid-86 samplesfile=devel/maxent_tuneFC/maxentRes/fc-Hbeta-10_uid-86/presence environmentallayers=devel/maxent_tuneFC/maxentRes/fc-Hbeta-10_uid-86/absence betamultiplier=10.0 autorun novisible noautofeature
Species: species
Layers: x1 x2
Layertypes: Continuous Continuous
outputdirectory: devel/maxent_tuneFC/maxentRes/fc-Hbeta-10_uid-86
samplesfile: devel/maxent_tuneFC/maxentRes/fc-Hbeta-10_uid-86/presence
environmentallayers: devel/maxent_tuneFC/maxentRes/fc-Hbeta-10_uid-86/absence
betamultiplier: 10.0
autorun: true
visible: false
autofeature: false

getSamples: max memory 477626368, total allocated 71303168, free 28968304, used 42334864, increment 0
Making features
makeFeatures: max memory 477626368, total allocated 71303168, free 28968304, used 42334864, increment 0
species: 
Regularization values: linear/quadratic/product: 0.873, categorical: 0.250, threshold: 1.820, hinge: 0.500
18 samples
Density: max memory 477626368, total allocated 71303168, free 28968304, used 42334864, increment 0
linearPredictor: max memory 477626368, total allocated 71303168, free 28968304, used 42334864, increment 0
FeaturedSpace: max memory 477626368, total allocated 71303168, free 28968304, used 42334864, increment 0
Sequential: max memory 477626368, total allocated 71303168, free 28968304, used 42334864, increment 0
Initial loss: 4.68213122712422
60: time = 0,008000 loss = 4,640817
Resulting gain: 0.0413144684718203
Projecting...
Writing file devel\maxent_tuneFC\maxentRes\fc-Hbeta-10_uid-86\species.csv
Ending
