Fri Jul 24 16:09:56 CEST 2015
MaxEnt version 3.3.3k
Reading file absence
readGrid: max memory 477626368, total allocated 62914560, free 47896448, used 15018112, increment -35692328
Reading samples from presence
Read samples: max memory 477626368, total allocated 62914560, free 47425368, used 15489192, increment 471080
Adding samples to background in feature space
Command line used:  autorun -e devel/maxent_tuneFC/maxentResults01/fc-HQPT_beta-0.1_uid-551/absence -o devel/maxent_tuneFC/maxentResults01/fc-HQPT_beta-0.1_uid-551 -s devel/maxent_tuneFC/maxentResults01/fc-HQPT_beta-0.1_uid-551/presence -z autofeature=false betamultiplier=0.1 linear=false quadratic=true hinge=true product=true threshold=true
Command line to repeat: java density.MaxEnt nowarnings noprefixes outputdirectory=devel/maxent_tuneFC/maxentResults01/fc-HQPT_beta-0.1_uid-551 samplesfile=devel/maxent_tuneFC/maxentResults01/fc-HQPT_beta-0.1_uid-551/presence environmentallayers=devel/maxent_tuneFC/maxentResults01/fc-HQPT_beta-0.1_uid-551/absence betamultiplier=0.1 nolinear autorun novisible noautofeature
Species: species
Layers: x1 x2
Layertypes: Continuous Continuous
outputdirectory: devel/maxent_tuneFC/maxentResults01/fc-HQPT_beta-0.1_uid-551
samplesfile: devel/maxent_tuneFC/maxentResults01/fc-HQPT_beta-0.1_uid-551/presence
environmentallayers: devel/maxent_tuneFC/maxentResults01/fc-HQPT_beta-0.1_uid-551/absence
betamultiplier: 0.1
linear: false
autorun: true
visible: false
autofeature: false

getSamples: max memory 477626368, total allocated 62914560, free 47425368, used 15489192, increment 0
Making features
makeFeatures: max memory 477626368, total allocated 62914560, free 47425368, used 15489192, increment 0
species: 
Regularization values: linear/quadratic/product: 1.800, categorical: 0.530, threshold: 1.920, hinge: 0.500
8 samples
Density: max memory 477626368, total allocated 62914560, free 46954312, used 15960248, increment 471056
linearPredictor: max memory 477626368, total allocated 62914560, free 46954312, used 15960248, increment 0
FeaturedSpace: max memory 477626368, total allocated 62914560, free 46954312, used 15960248, increment 0
Sequential: max memory 477626368, total allocated 62914560, free 46954312, used 15960248, increment 0
Initial loss: 4.584967478670572
500: time = 0,052000 loss = 2,681582
Resulting gain: 1.90338523611361
Projecting...
Writing file devel\maxent_tuneFC\maxentResults01\fc-HQPT_beta-0.1_uid-551\species.csv
Ending
