Fri Jul 24 15:56:46 CEST 2015
MaxEnt version 3.3.3k
Reading file absence
readGrid: max memory 477626368, total allocated 64487424, free 33012824, used 31474600, increment -5441032
Reading samples from presence
Read samples: max memory 477626368, total allocated 64487424, free 33012824, used 31474600, increment 0
Adding samples to background in feature space
Command line used:  autorun -e devel/maxent_tuneFC/maxentRes6/fc-HQPT_beta-0.1_uid-490/absence -o devel/maxent_tuneFC/maxentRes6/fc-HQPT_beta-0.1_uid-490 -s devel/maxent_tuneFC/maxentRes6/fc-HQPT_beta-0.1_uid-490/presence -z autofeature=false betamultiplier=0.1 linear=false quadratic=true hinge=true product=true threshold=true
Command line to repeat: java density.MaxEnt nowarnings noprefixes outputdirectory=devel/maxent_tuneFC/maxentRes6/fc-HQPT_beta-0.1_uid-490 samplesfile=devel/maxent_tuneFC/maxentRes6/fc-HQPT_beta-0.1_uid-490/presence environmentallayers=devel/maxent_tuneFC/maxentRes6/fc-HQPT_beta-0.1_uid-490/absence betamultiplier=0.1 nolinear autorun novisible noautofeature
Species: species
Layers: x1 x2
Layertypes: Continuous Continuous
outputdirectory: devel/maxent_tuneFC/maxentRes6/fc-HQPT_beta-0.1_uid-490
samplesfile: devel/maxent_tuneFC/maxentRes6/fc-HQPT_beta-0.1_uid-490/presence
environmentallayers: devel/maxent_tuneFC/maxentRes6/fc-HQPT_beta-0.1_uid-490/absence
betamultiplier: 0.1
linear: false
autorun: true
visible: false
autofeature: false

getSamples: max memory 477626368, total allocated 64487424, free 33012824, used 31474600, increment 0
Making features
makeFeatures: max memory 477626368, total allocated 64487424, free 33012824, used 31474600, increment 0
species: 
Regularization values: linear/quadratic/product: 2.200, categorical: 0.590, threshold: 1.960, hinge: 0.500
4 samples
Density: max memory 477626368, total allocated 64487424, free 33012824, used 31474600, increment 0
linearPredictor: max memory 477626368, total allocated 64487424, free 33012824, used 31474600, increment 0
FeaturedSpace: max memory 477626368, total allocated 64487424, free 33012824, used 31474600, increment 0
Sequential: max memory 477626368, total allocated 64487424, free 33012824, used 31474600, increment 0
Initial loss: 3.9889840465642745
500: time = 0,031000 loss = 1,936317
Resulting gain: 2.0526665523588834
Projecting...
Writing file devel\maxent_tuneFC\maxentRes6\fc-HQPT_beta-0.1_uid-490\species.csv
Ending
