Fri Jul 24 15:26:28 CEST 2015
MaxEnt version 3.3.3k
Reading file absence
readGrid: max memory 477626368, total allocated 63963136, free 37749920, used 26213216, increment -3724288
Reading samples from presence
Read samples: max memory 477626368, total allocated 63963136, free 37749920, used 26213216, increment 0
Adding samples to background in feature space
Command line used:  autorun -e devel/maxent_tuneFC/maxentRes2/fc-L_beta-0.1_uid-248/absence -o devel/maxent_tuneFC/maxentRes2/fc-L_beta-0.1_uid-248 -s devel/maxent_tuneFC/maxentRes2/fc-L_beta-0.1_uid-248/presence -z autofeature=false betamultiplier=0.1 linear=true
Command line to repeat: java density.MaxEnt nowarnings noprefixes outputdirectory=devel/maxent_tuneFC/maxentRes2/fc-L_beta-0.1_uid-248 samplesfile=devel/maxent_tuneFC/maxentRes2/fc-L_beta-0.1_uid-248/presence environmentallayers=devel/maxent_tuneFC/maxentRes2/fc-L_beta-0.1_uid-248/absence betamultiplier=0.1 autorun novisible noautofeature
Species: species
Layers: x1 x2
Layertypes: Continuous Continuous
outputdirectory: devel/maxent_tuneFC/maxentRes2/fc-L_beta-0.1_uid-248
samplesfile: devel/maxent_tuneFC/maxentRes2/fc-L_beta-0.1_uid-248/presence
environmentallayers: devel/maxent_tuneFC/maxentRes2/fc-L_beta-0.1_uid-248/absence
betamultiplier: 0.1
autorun: true
visible: false
autofeature: false

getSamples: max memory 477626368, total allocated 63963136, free 37259872, used 26703264, increment 490048
Making features
makeFeatures: max memory 477626368, total allocated 63963136, free 37259872, used 26703264, increment 0
species: 
Regularization values: linear/quadratic/product: 0.738, categorical: 0.250, threshold: 1.770, hinge: 0.500
23 samples
Density: max memory 477626368, total allocated 63963136, free 37259872, used 26703264, increment 0
linearPredictor: max memory 477626368, total allocated 63963136, free 37259872, used 26703264, increment 0
FeaturedSpace: max memory 477626368, total allocated 63963136, free 37259872, used 26703264, increment 0
Sequential: max memory 477626368, total allocated 63963136, free 37259872, used 26703264, increment 0
Initial loss: 4.787491742782046
500: time = 0,047000 loss = 3,476123
Resulting gain: 1.3113691492480242
Projecting...
Writing file devel\maxent_tuneFC\maxentRes2\fc-L_beta-0.1_uid-248\species.csv
Ending
