Fri Jul 24 15:20:11 CEST 2015
MaxEnt version 3.3.3k
Reading file absence
readGrid: max memory 477626368, total allocated 74973184, free 30172536, used 44800648, increment 23341144
Reading samples from presence
Read samples: max memory 477626368, total allocated 74973184, free 30172536, used 44800648, increment 0
Adding samples to background in feature space
Command line used:  autorun -e devel/maxent_tuneFC/maxentRes/fc-Tbeta-1_uid-10/absence -o devel/maxent_tuneFC/maxentRes/fc-Tbeta-1_uid-10 -s devel/maxent_tuneFC/maxentRes/fc-Tbeta-1_uid-10/presence -z autofeature=false betamultiplier=1 threshold=true
Command line to repeat: java density.MaxEnt nowarnings noprefixes outputdirectory=devel/maxent_tuneFC/maxentRes/fc-Tbeta-1_uid-10 samplesfile=devel/maxent_tuneFC/maxentRes/fc-Tbeta-1_uid-10/presence environmentallayers=devel/maxent_tuneFC/maxentRes/fc-Tbeta-1_uid-10/absence autorun novisible noautofeature
Species: species
Layers: x1 x2
Layertypes: Continuous Continuous
outputdirectory: devel/maxent_tuneFC/maxentRes/fc-Tbeta-1_uid-10
samplesfile: devel/maxent_tuneFC/maxentRes/fc-Tbeta-1_uid-10/presence
environmentallayers: devel/maxent_tuneFC/maxentRes/fc-Tbeta-1_uid-10/absence
autorun: true
visible: false
autofeature: false

getSamples: max memory 477626368, total allocated 74973184, free 29494096, used 45479088, increment 678440
Making features
makeFeatures: max memory 477626368, total allocated 74973184, free 29494096, used 45479088, increment 0
species: 
Regularization values: linear/quadratic/product: 0.873, categorical: 0.250, threshold: 1.820, hinge: 0.500
18 samples
Density: max memory 477626368, total allocated 74973184, free 29494096, used 45479088, increment 0
linearPredictor: max memory 477626368, total allocated 74973184, free 29494096, used 45479088, increment 0
FeaturedSpace: max memory 477626368, total allocated 74973184, free 29494096, used 45479088, increment 0
Sequential: max memory 477626368, total allocated 74973184, free 29494096, used 45479088, increment 0
Initial loss: 4.68213122712422
240: time = 0,031000 loss = 3,936788
Resulting gain: 0.745343233319629
Projecting...
Writing file devel\maxent_tuneFC\maxentRes\fc-Tbeta-1_uid-10\species.csv
Ending
