Fri Jul 24 15:26:22 CEST 2015
MaxEnt version 3.3.3k
Reading file absence
readGrid: max memory 477626368, total allocated 66060288, free 57833728, used 8226560, increment -3315032
Reading samples from presence
Read samples: max memory 477626368, total allocated 66060288, free 57833728, used 8226560, increment 0
Adding samples to background in feature space
Command line used:  autorun -e devel/maxent_tuneFC/maxentRes2/fc-L_beta-0.1_uid-242/absence -o devel/maxent_tuneFC/maxentRes2/fc-L_beta-0.1_uid-242 -s devel/maxent_tuneFC/maxentRes2/fc-L_beta-0.1_uid-242/presence -z autofeature=false betamultiplier=0.1 linear=true
Command line to repeat: java density.MaxEnt nowarnings noprefixes outputdirectory=devel/maxent_tuneFC/maxentRes2/fc-L_beta-0.1_uid-242 samplesfile=devel/maxent_tuneFC/maxentRes2/fc-L_beta-0.1_uid-242/presence environmentallayers=devel/maxent_tuneFC/maxentRes2/fc-L_beta-0.1_uid-242/absence betamultiplier=0.1 autorun novisible noautofeature
Species: species
Layers: x1 x2
Layertypes: Continuous Continuous
outputdirectory: devel/maxent_tuneFC/maxentRes2/fc-L_beta-0.1_uid-242
samplesfile: devel/maxent_tuneFC/maxentRes2/fc-L_beta-0.1_uid-242/presence
environmentallayers: devel/maxent_tuneFC/maxentRes2/fc-L_beta-0.1_uid-242/absence
betamultiplier: 0.1
autorun: true
visible: false
autofeature: false

getSamples: max memory 477626368, total allocated 66060288, free 57277344, used 8782944, increment 556384
Making features
makeFeatures: max memory 477626368, total allocated 66060288, free 57277344, used 8782944, increment 0
species: 
Regularization values: linear/quadratic/product: 0.819, categorical: 0.250, threshold: 1.800, hinge: 0.500
20 samples
Density: max memory 477626368, total allocated 66060288, free 57277344, used 8782944, increment 0
linearPredictor: max memory 477626368, total allocated 66060288, free 57277344, used 8782944, increment 0
FeaturedSpace: max memory 477626368, total allocated 66060288, free 57277344, used 8782944, increment 0
Sequential: max memory 477626368, total allocated 66060288, free 57277344, used 8782944, increment 0
Initial loss: 4.787491742782046
500: time = 0,047000 loss = 3,368776
Resulting gain: 1.4187154333418088
Projecting...
Writing file devel\maxent_tuneFC\maxentRes2\fc-L_beta-0.1_uid-242\species.csv
Ending
