Fri Jul 24 15:21:28 CEST 2015
MaxEnt version 3.3.3k
Reading file absence
readGrid: max memory 477626368, total allocated 76021760, free 16958576, used 59063184, increment -10687240
Reading samples from presence
Read samples: max memory 477626368, total allocated 76021760, free 16958576, used 59063184, increment 0
Adding samples to background in feature space
Command line used:  autorun -e devel/maxent_tuneFC/maxentRes/fc-Tbeta-10_uid-106/absence -o devel/maxent_tuneFC/maxentRes/fc-Tbeta-10_uid-106 -s devel/maxent_tuneFC/maxentRes/fc-Tbeta-10_uid-106/presence -z autofeature=false betamultiplier=10 threshold=true
Command line to repeat: java density.MaxEnt nowarnings noprefixes outputdirectory=devel/maxent_tuneFC/maxentRes/fc-Tbeta-10_uid-106 samplesfile=devel/maxent_tuneFC/maxentRes/fc-Tbeta-10_uid-106/presence environmentallayers=devel/maxent_tuneFC/maxentRes/fc-Tbeta-10_uid-106/absence betamultiplier=10.0 autorun novisible noautofeature
Species: species
Layers: x1 x2
Layertypes: Continuous Continuous
outputdirectory: devel/maxent_tuneFC/maxentRes/fc-Tbeta-10_uid-106
samplesfile: devel/maxent_tuneFC/maxentRes/fc-Tbeta-10_uid-106/presence
environmentallayers: devel/maxent_tuneFC/maxentRes/fc-Tbeta-10_uid-106/absence
betamultiplier: 10.0
autorun: true
visible: false
autofeature: false

getSamples: max memory 477626368, total allocated 76021760, free 16255480, used 59766280, increment 703096
Making features
makeFeatures: max memory 477626368, total allocated 76021760, free 16255480, used 59766280, increment 0
species: 
Regularization values: linear/quadratic/product: 0.873, categorical: 0.250, threshold: 1.820, hinge: 0.500
18 samples
Density: max memory 477626368, total allocated 76021760, free 16255480, used 59766280, increment 0
linearPredictor: max memory 477626368, total allocated 76021760, free 16255480, used 59766280, increment 0
FeaturedSpace: max memory 477626368, total allocated 76021760, free 16255480, used 59766280, increment 0
Sequential: max memory 477626368, total allocated 76021760, free 16255480, used 59766280, increment 0
Initial loss: 4.68213122712422
60: time = 0,008000 loss = 4,615739
Resulting gain: 0.06639202214515283
Projecting...
Writing file devel\maxent_tuneFC\maxentRes\fc-Tbeta-10_uid-106\species.csv
Ending
