Fri Jul 24 15:26:31 CEST 2015
MaxEnt version 3.3.3k
Reading file absence
readGrid: max memory 477626368, total allocated 63438848, free 30110952, used 33327896, increment 18486640
Reading samples from presence
Read samples: max memory 477626368, total allocated 63438848, free 30094552, used 33344296, increment 16400
Adding samples to background in feature space
Command line used:  autorun -e devel/maxent_tuneFC/maxentRes2/fc-L_beta-10_uid-252/absence -o devel/maxent_tuneFC/maxentRes2/fc-L_beta-10_uid-252 -s devel/maxent_tuneFC/maxentRes2/fc-L_beta-10_uid-252/presence -z autofeature=false betamultiplier=10 linear=true
Command line to repeat: java density.MaxEnt nowarnings noprefixes outputdirectory=devel/maxent_tuneFC/maxentRes2/fc-L_beta-10_uid-252 samplesfile=devel/maxent_tuneFC/maxentRes2/fc-L_beta-10_uid-252/presence environmentallayers=devel/maxent_tuneFC/maxentRes2/fc-L_beta-10_uid-252/absence betamultiplier=10.0 autorun novisible noautofeature
Species: species
Layers: x1 x2
Layertypes: Continuous Continuous
outputdirectory: devel/maxent_tuneFC/maxentRes2/fc-L_beta-10_uid-252
samplesfile: devel/maxent_tuneFC/maxentRes2/fc-L_beta-10_uid-252/presence
environmentallayers: devel/maxent_tuneFC/maxentRes2/fc-L_beta-10_uid-252/absence
betamultiplier: 10.0
autorun: true
visible: false
autofeature: false

getSamples: max memory 477626368, total allocated 63438848, free 29604376, used 33834472, increment 490176
Making features
makeFeatures: max memory 477626368, total allocated 63438848, free 29604376, used 33834472, increment 0
species: 
Regularization values: linear/quadratic/product: 0.738, categorical: 0.250, threshold: 1.770, hinge: 0.500
23 samples
Density: max memory 477626368, total allocated 63438848, free 29604376, used 33834472, increment 0
linearPredictor: max memory 477626368, total allocated 63438848, free 29604376, used 33834472, increment 0
FeaturedSpace: max memory 477626368, total allocated 63438848, free 29604376, used 33834472, increment 0
Sequential: max memory 477626368, total allocated 63438848, free 29604376, used 33834472, increment 0
Initial loss: 4.787491742782046
60: time = 0,000000 loss = 4,651283
Resulting gain: 0.1362085768538268
Projecting...
Writing file devel\maxent_tuneFC\maxentRes2\fc-L_beta-10_uid-252\species.csv
Ending
