Fri Jul 24 15:56:45 CEST 2015
MaxEnt version 3.3.3k
Reading file absence
readGrid: max memory 477626368, total allocated 64487424, free 23991984, used 40495440, increment -4693152
Reading samples from presence
Read samples: max memory 477626368, total allocated 64487424, free 23523968, used 40963456, increment 468016
Adding samples to background in feature space
Command line used:  autorun -e devel/maxent_tuneFC/maxentRes6/fc-HQPT_beta-10_uid-488/absence -o devel/maxent_tuneFC/maxentRes6/fc-HQPT_beta-10_uid-488 -s devel/maxent_tuneFC/maxentRes6/fc-HQPT_beta-10_uid-488/presence -z autofeature=false betamultiplier=10 linear=false quadratic=true hinge=true product=true threshold=true
Command line to repeat: java density.MaxEnt nowarnings noprefixes outputdirectory=devel/maxent_tuneFC/maxentRes6/fc-HQPT_beta-10_uid-488 samplesfile=devel/maxent_tuneFC/maxentRes6/fc-HQPT_beta-10_uid-488/presence environmentallayers=devel/maxent_tuneFC/maxentRes6/fc-HQPT_beta-10_uid-488/absence betamultiplier=10.0 nolinear autorun novisible noautofeature
Species: species
Layers: x1 x2
Layertypes: Continuous Continuous
outputdirectory: devel/maxent_tuneFC/maxentRes6/fc-HQPT_beta-10_uid-488
samplesfile: devel/maxent_tuneFC/maxentRes6/fc-HQPT_beta-10_uid-488/presence
environmentallayers: devel/maxent_tuneFC/maxentRes6/fc-HQPT_beta-10_uid-488/absence
betamultiplier: 10.0
linear: false
autorun: true
visible: false
autofeature: false

getSamples: max memory 477626368, total allocated 64487424, free 23523968, used 40963456, increment 0
Making features
makeFeatures: max memory 477626368, total allocated 64487424, free 23523968, used 40963456, increment 0
species: 
Regularization values: linear/quadratic/product: 2.100, categorical: 0.575, threshold: 1.950, hinge: 0.500
5 samples
Density: max memory 477626368, total allocated 64487424, free 23523968, used 40963456, increment 0
linearPredictor: max memory 477626368, total allocated 64487424, free 23523968, used 40963456, increment 0
FeaturedSpace: max memory 477626368, total allocated 64487424, free 23523968, used 40963456, increment 0
Sequential: max memory 477626368, total allocated 64487424, free 23523968, used 40963456, increment 0
Initial loss: 4.007333185232471
60: time = 0,004000 loss = 3,781841
Resulting gain: 0.22549262906077283
Projecting...
Writing file devel\maxent_tuneFC\maxentRes6\fc-HQPT_beta-10_uid-488\species.csv
Ending
