Fri Jul 24 15:25:33 CEST 2015
MaxEnt version 3.3.3k
Reading file absence
readGrid: max memory 477626368, total allocated 70254592, free 14575728, used 55678864, increment -5502408
Reading samples from presence
Read samples: max memory 477626368, total allocated 70254592, free 14014824, used 56239768, increment 560904
Adding samples to background in feature space
Command line used:  autorun -e devel/maxent_tuneFC/maxentRes2/fc-HQPT_beta-1_uid-196/absence -o devel/maxent_tuneFC/maxentRes2/fc-HQPT_beta-1_uid-196 -s devel/maxent_tuneFC/maxentRes2/fc-HQPT_beta-1_uid-196/presence -z autofeature=false betamultiplier=1 hinge=true quadratic=true product=true threshold=true
Command line to repeat: java density.MaxEnt nowarnings noprefixes outputdirectory=devel/maxent_tuneFC/maxentRes2/fc-HQPT_beta-1_uid-196 samplesfile=devel/maxent_tuneFC/maxentRes2/fc-HQPT_beta-1_uid-196/presence environmentallayers=devel/maxent_tuneFC/maxentRes2/fc-HQPT_beta-1_uid-196/absence autorun novisible noautofeature
Species: species
Layers: x1 x2
Layertypes: Continuous Continuous
outputdirectory: devel/maxent_tuneFC/maxentRes2/fc-HQPT_beta-1_uid-196
samplesfile: devel/maxent_tuneFC/maxentRes2/fc-HQPT_beta-1_uid-196/presence
environmentallayers: devel/maxent_tuneFC/maxentRes2/fc-HQPT_beta-1_uid-196/absence
autorun: true
visible: false
autofeature: false

getSamples: max memory 477626368, total allocated 70254592, free 14014824, used 56239768, increment 0
Making features
makeFeatures: max memory 477626368, total allocated 70254592, free 14014824, used 56239768, increment 0
species: 
Regularization values: linear/quadratic/product: 0.873, categorical: 0.250, threshold: 1.820, hinge: 0.500
18 samples
Density: max memory 477626368, total allocated 70254592, free 13453496, used 56801096, increment 561328
linearPredictor: max memory 477626368, total allocated 70254592, free 13453496, used 56801096, increment 0
FeaturedSpace: max memory 477626368, total allocated 70254592, free 13453496, used 56801096, increment 0
Sequential: max memory 477626368, total allocated 70254592, free 13453496, used 56801096, increment 0
Initial loss: 4.68213122712422
280: time = 0,031000 loss = 3,967715
Resulting gain: 0.7144166212620382
Projecting...
Writing file devel\maxent_tuneFC\maxentRes2\fc-HQPT_beta-1_uid-196\species.csv
Ending
