Fri Jul 24 15:56:42 CEST 2015
MaxEnt version 3.3.3k
Reading file absence
readGrid: max memory 477626368, total allocated 64487424, free 27028368, used 37459056, increment -2555168
Reading samples from presence
Read samples: max memory 477626368, total allocated 64487424, free 27028368, used 37459056, increment 0
Adding samples to background in feature space
Command line used:  autorun -e devel/maxent_tuneFC/maxentRes6/fc-HQPT_beta-0.1_uid-484/absence -o devel/maxent_tuneFC/maxentRes6/fc-HQPT_beta-0.1_uid-484 -s devel/maxent_tuneFC/maxentRes6/fc-HQPT_beta-0.1_uid-484/presence -z autofeature=false betamultiplier=0.1 linear=false quadratic=true hinge=true product=true threshold=true
Command line to repeat: java density.MaxEnt nowarnings noprefixes outputdirectory=devel/maxent_tuneFC/maxentRes6/fc-HQPT_beta-0.1_uid-484 samplesfile=devel/maxent_tuneFC/maxentRes6/fc-HQPT_beta-0.1_uid-484/presence environmentallayers=devel/maxent_tuneFC/maxentRes6/fc-HQPT_beta-0.1_uid-484/absence betamultiplier=0.1 nolinear autorun novisible noautofeature
Species: species
Layers: x1 x2
Layertypes: Continuous Continuous
outputdirectory: devel/maxent_tuneFC/maxentRes6/fc-HQPT_beta-0.1_uid-484
samplesfile: devel/maxent_tuneFC/maxentRes6/fc-HQPT_beta-0.1_uid-484/presence
environmentallayers: devel/maxent_tuneFC/maxentRes6/fc-HQPT_beta-0.1_uid-484/absence
betamultiplier: 0.1
linear: false
autorun: true
visible: false
autofeature: false

getSamples: max memory 477626368, total allocated 64487424, free 27028368, used 37459056, increment 0
Making features
makeFeatures: max memory 477626368, total allocated 64487424, free 27028368, used 37459056, increment 0
species: 
Regularization values: linear/quadratic/product: 2.100, categorical: 0.575, threshold: 1.950, hinge: 0.500
5 samples
Density: max memory 477626368, total allocated 64487424, free 27028368, used 37459056, increment 0
linearPredictor: max memory 477626368, total allocated 64487424, free 27028368, used 37459056, increment 0
FeaturedSpace: max memory 477626368, total allocated 64487424, free 27028368, used 37459056, increment 0
Sequential: max memory 477626368, total allocated 64487424, free 27028368, used 37459056, increment 0
Initial loss: 4.007333185232471
160: time = 0,011000 loss = 1,918905
Resulting gain: 2.0884279018731764
Projecting...
Writing file devel\maxent_tuneFC\maxentRes6\fc-HQPT_beta-0.1_uid-484\species.csv
Ending
