Fri Jul 24 15:27:51 CEST 2015
MaxEnt version 3.3.3k
Reading file absence
readGrid: max memory 477626368, total allocated 63963136, free 26142816, used 37820320, increment 17497288
Reading samples from presence
Read samples: max memory 477626368, total allocated 63963136, free 26142816, used 37820320, increment 0
Adding samples to background in feature space
Command line used:  autorun -e devel/maxent_tuneFC/maxentRes2/fc-HQPT_beta-10_uid-260/absence -o devel/maxent_tuneFC/maxentRes2/fc-HQPT_beta-10_uid-260 -s devel/maxent_tuneFC/maxentRes2/fc-HQPT_beta-10_uid-260/presence -z autofeature=false betamultiplier=10 hinge=true quadratic=true product=true threshold=true
Command line to repeat: java density.MaxEnt nowarnings noprefixes outputdirectory=devel/maxent_tuneFC/maxentRes2/fc-HQPT_beta-10_uid-260 samplesfile=devel/maxent_tuneFC/maxentRes2/fc-HQPT_beta-10_uid-260/presence environmentallayers=devel/maxent_tuneFC/maxentRes2/fc-HQPT_beta-10_uid-260/absence betamultiplier=10.0 autorun novisible noautofeature
Species: species
Layers: x1 x2
Layertypes: Continuous Continuous
outputdirectory: devel/maxent_tuneFC/maxentRes2/fc-HQPT_beta-10_uid-260
samplesfile: devel/maxent_tuneFC/maxentRes2/fc-HQPT_beta-10_uid-260/presence
environmentallayers: devel/maxent_tuneFC/maxentRes2/fc-HQPT_beta-10_uid-260/absence
betamultiplier: 10.0
autorun: true
visible: false
autofeature: false

getSamples: max memory 477626368, total allocated 63963136, free 25660704, used 38302432, increment 482112
Making features
makeFeatures: max memory 477626368, total allocated 63963136, free 25660704, used 38302432, increment 0
species: 
Regularization values: linear/quadratic/product: 1.300, categorical: 0.393, threshold: 1.870, hinge: 0.500
13 samples
Density: max memory 477626368, total allocated 63963136, free 25660704, used 38302432, increment 0
linearPredictor: max memory 477626368, total allocated 63963136, free 25660704, used 38302432, increment 0
FeaturedSpace: max memory 477626368, total allocated 63963136, free 25660704, used 38302432, increment 0
Sequential: max memory 477626368, total allocated 63963136, free 25660704, used 38302432, increment 0
Initial loss: 4.3694478524670215
20: time = 0,000000 loss = 4,369448
Resulting gain: 0.0
Leaving out Fixed cumulative value 5 from threshold table, as uninitialized
Leaving out Fixed cumulative value 10 from threshold table, as uninitialized
Projecting...
Writing file devel\maxent_tuneFC\maxentRes2\fc-HQPT_beta-10_uid-260\species.csv
Ending
