Fri Jul 24 15:29:25 CEST 2015
MaxEnt version 3.3.3k
Reading file absence
readGrid: max memory 477626368, total allocated 63963136, free 21965520, used 41997616, increment -5969664
Reading samples from presence
Read samples: max memory 477626368, total allocated 63963136, free 21484584, used 42478552, increment 480936
Adding samples to background in feature space
Command line used:  autorun -e devel/maxent_tuneFC/maxentRes2/fc-HQPT_beta-1_uid-277/absence -o devel/maxent_tuneFC/maxentRes2/fc-HQPT_beta-1_uid-277 -s devel/maxent_tuneFC/maxentRes2/fc-HQPT_beta-1_uid-277/presence -z autofeature=false betamultiplier=1 hinge=true quadratic=true product=true threshold=true
Command line to repeat: java density.MaxEnt nowarnings noprefixes outputdirectory=devel/maxent_tuneFC/maxentRes2/fc-HQPT_beta-1_uid-277 samplesfile=devel/maxent_tuneFC/maxentRes2/fc-HQPT_beta-1_uid-277/presence environmentallayers=devel/maxent_tuneFC/maxentRes2/fc-HQPT_beta-1_uid-277/absence autorun novisible noautofeature
Species: species
Layers: x1 x2
Layertypes: Continuous Continuous
outputdirectory: devel/maxent_tuneFC/maxentRes2/fc-HQPT_beta-1_uid-277
samplesfile: devel/maxent_tuneFC/maxentRes2/fc-HQPT_beta-1_uid-277/presence
environmentallayers: devel/maxent_tuneFC/maxentRes2/fc-HQPT_beta-1_uid-277/absence
autorun: true
visible: false
autofeature: false

getSamples: max memory 477626368, total allocated 63963136, free 21484584, used 42478552, increment 0
Making features
makeFeatures: max memory 477626368, total allocated 63963136, free 21484584, used 42478552, increment 0
species: 
Regularization values: linear/quadratic/product: 1.300, categorical: 0.393, threshold: 1.870, hinge: 0.500
13 samples
Density: max memory 477626368, total allocated 63963136, free 21484584, used 42478552, increment 0
linearPredictor: max memory 477626368, total allocated 63963136, free 21484584, used 42478552, increment 0
FeaturedSpace: max memory 477626368, total allocated 63963136, free 21484584, used 42478552, increment 0
Sequential: max memory 477626368, total allocated 63963136, free 21484584, used 42478552, increment 0
Initial loss: 4.382026634673881
120: time = 0,015000 loss = 3,657786
Resulting gain: 0.7242402260210565
Projecting...
Writing file devel\maxent_tuneFC\maxentRes2\fc-HQPT_beta-1_uid-277\species.csv
Ending
