Fri Jul 24 15:20:41 CEST 2015
MaxEnt version 3.3.3k
Reading file absence
readGrid: max memory 477626368, total allocated 67108864, free 10891120, used 56217744, increment 628408
Reading samples from presence
Read samples: max memory 477626368, total allocated 67108864, free 10378040, used 56730824, increment 513080
Adding samples to background in feature space
Command line used:  autorun -e devel/maxent_tuneFC/maxentRes/fc-HQbeta-1_uid-45/absence -o devel/maxent_tuneFC/maxentRes/fc-HQbeta-1_uid-45 -s devel/maxent_tuneFC/maxentRes/fc-HQbeta-1_uid-45/presence -z autofeature=false betamultiplier=1 hinge=true quadratic=true
Command line to repeat: java density.MaxEnt nowarnings noprefixes outputdirectory=devel/maxent_tuneFC/maxentRes/fc-HQbeta-1_uid-45 samplesfile=devel/maxent_tuneFC/maxentRes/fc-HQbeta-1_uid-45/presence environmentallayers=devel/maxent_tuneFC/maxentRes/fc-HQbeta-1_uid-45/absence autorun novisible noautofeature
Species: species
Layers: x1 x2
Layertypes: Continuous Continuous
outputdirectory: devel/maxent_tuneFC/maxentRes/fc-HQbeta-1_uid-45
samplesfile: devel/maxent_tuneFC/maxentRes/fc-HQbeta-1_uid-45/presence
environmentallayers: devel/maxent_tuneFC/maxentRes/fc-HQbeta-1_uid-45/absence
autorun: true
visible: false
autofeature: false

getSamples: max memory 477626368, total allocated 67108864, free 10378040, used 56730824, increment 0
Making features
makeFeatures: max memory 477626368, total allocated 67108864, free 10378040, used 56730824, increment 0
species: 
Regularization values: linear/quadratic/product: 0.873, categorical: 0.250, threshold: 1.820, hinge: 0.500
18 samples
Density: max memory 477626368, total allocated 67108864, free 10378040, used 56730824, increment 0
linearPredictor: max memory 477626368, total allocated 67108864, free 10378040, used 56730824, increment 0
FeaturedSpace: max memory 477626368, total allocated 67108864, free 10378040, used 56730824, increment 0
Sequential: max memory 477626368, total allocated 67108864, free 10378040, used 56730824, increment 0
Initial loss: 4.68213122712422
340: time = 0,048000 loss = 3,989042
Resulting gain: 0.6930893492354588
Projecting...
Writing file devel\maxent_tuneFC\maxentRes\fc-HQbeta-1_uid-45\species.csv
Ending
