Fri Jul 24 15:29:36 CEST 2015
MaxEnt version 3.3.3k
Reading file absence
readGrid: max memory 477626368, total allocated 63963136, free 31428928, used 32534208, increment -6420936
Reading samples from presence
Read samples: max memory 477626368, total allocated 63963136, free 30948584, used 33014552, increment 480344
Adding samples to background in feature space
Command line used:  autorun -e devel/maxent_tuneFC/maxentRes2/fc-HQPT_beta-1_uid-289/absence -o devel/maxent_tuneFC/maxentRes2/fc-HQPT_beta-1_uid-289 -s devel/maxent_tuneFC/maxentRes2/fc-HQPT_beta-1_uid-289/presence -z autofeature=false betamultiplier=1 hinge=true quadratic=true product=true threshold=true
Command line to repeat: java density.MaxEnt nowarnings noprefixes outputdirectory=devel/maxent_tuneFC/maxentRes2/fc-HQPT_beta-1_uid-289 samplesfile=devel/maxent_tuneFC/maxentRes2/fc-HQPT_beta-1_uid-289/presence environmentallayers=devel/maxent_tuneFC/maxentRes2/fc-HQPT_beta-1_uid-289/absence autorun novisible noautofeature
Species: species
Layers: x1 x2
Layertypes: Continuous Continuous
outputdirectory: devel/maxent_tuneFC/maxentRes2/fc-HQPT_beta-1_uid-289
samplesfile: devel/maxent_tuneFC/maxentRes2/fc-HQPT_beta-1_uid-289/presence
environmentallayers: devel/maxent_tuneFC/maxentRes2/fc-HQPT_beta-1_uid-289/absence
autorun: true
visible: false
autofeature: false

getSamples: max memory 477626368, total allocated 63963136, free 30948584, used 33014552, increment 0
Making features
makeFeatures: max memory 477626368, total allocated 63963136, free 30948584, used 33014552, increment 0
species: 
Regularization values: linear/quadratic/product: 1.300, categorical: 0.393, threshold: 1.870, hinge: 0.500
13 samples
Density: max memory 477626368, total allocated 63963136, free 30948584, used 33014552, increment 0
linearPredictor: max memory 477626368, total allocated 63963136, free 30948584, used 33014552, increment 0
FeaturedSpace: max memory 477626368, total allocated 63963136, free 30948584, used 33014552, increment 0
Sequential: max memory 477626368, total allocated 63963136, free 30948584, used 33014552, increment 0
Initial loss: 4.3694478524670215
140: time = 0,015000 loss = 3,547197
Resulting gain: 0.8222513492241101
Projecting...
Writing file devel\maxent_tuneFC\maxentRes2\fc-HQPT_beta-1_uid-289\species.csv
Ending
