Fri Jul 24 15:21:38 CEST 2015
MaxEnt version 3.3.3k
Reading file absence
readGrid: max memory 477626368, total allocated 73400320, free 56227888, used 17172432, increment -10015360
Reading samples from presence
Read samples: max memory 477626368, total allocated 73400320, free 55588888, used 17811432, increment 639000
Adding samples to background in feature space
Command line used:  autorun -e devel/maxent_tuneFC/maxentRes/fc-Tbeta-1_uid-118/absence -o devel/maxent_tuneFC/maxentRes/fc-Tbeta-1_uid-118 -s devel/maxent_tuneFC/maxentRes/fc-Tbeta-1_uid-118/presence -z autofeature=false betamultiplier=1 threshold=true
Command line to repeat: java density.MaxEnt nowarnings noprefixes outputdirectory=devel/maxent_tuneFC/maxentRes/fc-Tbeta-1_uid-118 samplesfile=devel/maxent_tuneFC/maxentRes/fc-Tbeta-1_uid-118/presence environmentallayers=devel/maxent_tuneFC/maxentRes/fc-Tbeta-1_uid-118/absence autorun novisible noautofeature
Species: species
Layers: x1 x2
Layertypes: Continuous Continuous
outputdirectory: devel/maxent_tuneFC/maxentRes/fc-Tbeta-1_uid-118
samplesfile: devel/maxent_tuneFC/maxentRes/fc-Tbeta-1_uid-118/presence
environmentallayers: devel/maxent_tuneFC/maxentRes/fc-Tbeta-1_uid-118/absence
autorun: true
visible: false
autofeature: false

getSamples: max memory 477626368, total allocated 73400320, free 55588888, used 17811432, increment 0
Making features
makeFeatures: max memory 477626368, total allocated 73400320, free 55588888, used 17811432, increment 0
species: 
Regularization values: linear/quadratic/product: 0.873, categorical: 0.250, threshold: 1.820, hinge: 0.500
18 samples
Density: max memory 477626368, total allocated 73400320, free 55588888, used 17811432, increment 0
linearPredictor: max memory 477626368, total allocated 73400320, free 55588888, used 17811432, increment 0
FeaturedSpace: max memory 477626368, total allocated 73400320, free 55588888, used 17811432, increment 0
Sequential: max memory 477626368, total allocated 73400320, free 55588888, used 17811432, increment 0
Initial loss: 4.68213122712422
180: time = 0,023000 loss = 3,898004
Resulting gain: 0.7841268775633532
Projecting...
Writing file devel\maxent_tuneFC\maxentRes\fc-Tbeta-1_uid-118\species.csv
Ending
