Fri Jul 24 16:09:52 CEST 2015
MaxEnt version 3.3.3k
Reading file absence
readGrid: max memory 477626368, total allocated 64487424, free 25910264, used 38577160, increment -5469368
Reading samples from presence
Read samples: max memory 477626368, total allocated 64487424, free 25893864, used 38593560, increment 16400
Adding samples to background in feature space
Command line used:  autorun -e devel/maxent_tuneFC/maxentResults01/fc-HQPT_beta-1_uid-547/absence -o devel/maxent_tuneFC/maxentResults01/fc-HQPT_beta-1_uid-547 -s devel/maxent_tuneFC/maxentResults01/fc-HQPT_beta-1_uid-547/presence -z autofeature=false betamultiplier=1 linear=false quadratic=true hinge=true product=true threshold=true
Command line to repeat: java density.MaxEnt nowarnings noprefixes outputdirectory=devel/maxent_tuneFC/maxentResults01/fc-HQPT_beta-1_uid-547 samplesfile=devel/maxent_tuneFC/maxentResults01/fc-HQPT_beta-1_uid-547/presence environmentallayers=devel/maxent_tuneFC/maxentResults01/fc-HQPT_beta-1_uid-547/absence nolinear autorun novisible noautofeature
Species: species
Layers: x1 x2
Layertypes: Continuous Continuous
outputdirectory: devel/maxent_tuneFC/maxentResults01/fc-HQPT_beta-1_uid-547
samplesfile: devel/maxent_tuneFC/maxentResults01/fc-HQPT_beta-1_uid-547/presence
environmentallayers: devel/maxent_tuneFC/maxentResults01/fc-HQPT_beta-1_uid-547/absence
linear: false
autorun: true
visible: false
autofeature: false

getSamples: max memory 477626368, total allocated 64487424, free 25414432, used 39072992, increment 479432
Making features
makeFeatures: max memory 477626368, total allocated 64487424, free 25414432, used 39072992, increment 0
species: 
Regularization values: linear/quadratic/product: 1.800, categorical: 0.530, threshold: 1.920, hinge: 0.500
8 samples
Density: max memory 477626368, total allocated 64487424, free 25414432, used 39072992, increment 0
linearPredictor: max memory 477626368, total allocated 64487424, free 25414432, used 39072992, increment 0
FeaturedSpace: max memory 477626368, total allocated 64487424, free 25414432, used 39072992, increment 0
Sequential: max memory 477626368, total allocated 64487424, free 25414432, used 39072992, increment 0
Initial loss: 4.584967478670572
280: time = 0,030000 loss = 3,628766
Resulting gain: 0.9562009817767261
Projecting...
Writing file devel\maxent_tuneFC\maxentResults01\fc-HQPT_beta-1_uid-547\species.csv
Ending
