Fri Jul 24 16:10:34 CEST 2015
MaxEnt version 3.3.3k
Reading file absence
readGrid: max memory 477626368, total allocated 62914560, free 19664776, used 43249784, increment 18041944
Reading samples from presence
Read samples: max memory 477626368, total allocated 62914560, free 19195488, used 43719072, increment 469288
Adding samples to background in feature space
Command line used:  autorun -e devel/maxent_tuneFC/maxentResults01/fc-HQPT_beta-0.1_uid-593/absence -o devel/maxent_tuneFC/maxentResults01/fc-HQPT_beta-0.1_uid-593 -s devel/maxent_tuneFC/maxentResults01/fc-HQPT_beta-0.1_uid-593/presence -z autofeature=false betamultiplier=0.1 linear=false quadratic=true hinge=true product=true threshold=true
Command line to repeat: java density.MaxEnt nowarnings noprefixes outputdirectory=devel/maxent_tuneFC/maxentResults01/fc-HQPT_beta-0.1_uid-593 samplesfile=devel/maxent_tuneFC/maxentResults01/fc-HQPT_beta-0.1_uid-593/presence environmentallayers=devel/maxent_tuneFC/maxentResults01/fc-HQPT_beta-0.1_uid-593/absence betamultiplier=0.1 nolinear autorun novisible noautofeature
Species: species
Layers: x1 x2
Layertypes: Continuous Continuous
outputdirectory: devel/maxent_tuneFC/maxentResults01/fc-HQPT_beta-0.1_uid-593
samplesfile: devel/maxent_tuneFC/maxentResults01/fc-HQPT_beta-0.1_uid-593/presence
environmentallayers: devel/maxent_tuneFC/maxentResults01/fc-HQPT_beta-0.1_uid-593/absence
betamultiplier: 0.1
linear: false
autorun: true
visible: false
autofeature: false

getSamples: max memory 477626368, total allocated 62914560, free 19195488, used 43719072, increment 0
Making features
makeFeatures: max memory 477626368, total allocated 62914560, free 19195488, used 43719072, increment 0
species: 
Regularization values: linear/quadratic/product: 1.800, categorical: 0.530, threshold: 1.920, hinge: 0.500
8 samples
Density: max memory 477626368, total allocated 62914560, free 18725456, used 44189104, increment 470032
linearPredictor: max memory 477626368, total allocated 62914560, free 18725456, used 44189104, increment 0
FeaturedSpace: max memory 477626368, total allocated 62914560, free 18725456, used 44189104, increment 0
Sequential: max memory 477626368, total allocated 62914560, free 18725456, used 44189104, increment 0
Initial loss: 4.584967478670572
500: time = 0,064000 loss = 2,659645
Resulting gain: 1.9253224667744
Projecting...
Writing file devel\maxent_tuneFC\maxentResults01\fc-HQPT_beta-0.1_uid-593\species.csv
Ending
