Fri Jul 24 15:20:17 CEST 2015
MaxEnt version 3.3.3k
Reading file absence
readGrid: max memory 477626368, total allocated 72876032, free 21946616, used 50929416, increment 22329968
Reading samples from presence
Read samples: max memory 477626368, total allocated 72876032, free 21328448, used 51547584, increment 618168
Adding samples to background in feature space
Command line used:  autorun -e devel/maxent_tuneFC/maxentRes/fc-HQPTbeta-10_uid-17/absence -o devel/maxent_tuneFC/maxentRes/fc-HQPTbeta-10_uid-17 -s devel/maxent_tuneFC/maxentRes/fc-HQPTbeta-10_uid-17/presence -z autofeature=false betamultiplier=10 hinge=true quadratic=true product=true threshold=true
Command line to repeat: java density.MaxEnt nowarnings noprefixes outputdirectory=devel/maxent_tuneFC/maxentRes/fc-HQPTbeta-10_uid-17 samplesfile=devel/maxent_tuneFC/maxentRes/fc-HQPTbeta-10_uid-17/presence environmentallayers=devel/maxent_tuneFC/maxentRes/fc-HQPTbeta-10_uid-17/absence betamultiplier=10.0 autorun novisible noautofeature
Species: species
Layers: x1 x2
Layertypes: Continuous Continuous
outputdirectory: devel/maxent_tuneFC/maxentRes/fc-HQPTbeta-10_uid-17
samplesfile: devel/maxent_tuneFC/maxentRes/fc-HQPTbeta-10_uid-17/presence
environmentallayers: devel/maxent_tuneFC/maxentRes/fc-HQPTbeta-10_uid-17/absence
betamultiplier: 10.0
autorun: true
visible: false
autofeature: false

getSamples: max memory 477626368, total allocated 72876032, free 21328448, used 51547584, increment 0
Making features
makeFeatures: max memory 477626368, total allocated 72876032, free 21328448, used 51547584, increment 0
species: 
Regularization values: linear/quadratic/product: 0.873, categorical: 0.250, threshold: 1.820, hinge: 0.500
18 samples
Density: max memory 477626368, total allocated 72876032, free 21328448, used 51547584, increment 0
linearPredictor: max memory 477626368, total allocated 72876032, free 21328448, used 51547584, increment 0
FeaturedSpace: max memory 477626368, total allocated 72876032, free 21328448, used 51547584, increment 0
Sequential: max memory 477626368, total allocated 72876032, free 21328448, used 51547584, increment 0
Initial loss: 4.68213122712422
60: time = 0,017000 loss = 4,646514
Resulting gain: 0.03561676629385069
Projecting...
Writing file devel\maxent_tuneFC\maxentRes\fc-HQPTbeta-10_uid-17\species.csv
Ending
