Fri Jul 24 15:21:22 CEST 2015
MaxEnt version 3.3.3k
Reading file absence
readGrid: max memory 477626368, total allocated 71827456, free 13780024, used 58047432, increment 23212376
Reading samples from presence
Read samples: max memory 477626368, total allocated 71827456, free 13780024, used 58047432, increment 0
Adding samples to background in feature space
Command line used:  autorun -e devel/maxent_tuneFC/maxentRes/fc-LQbeta-1_uid-97/absence -o devel/maxent_tuneFC/maxentRes/fc-LQbeta-1_uid-97 -s devel/maxent_tuneFC/maxentRes/fc-LQbeta-1_uid-97/presence -z autofeature=false betamultiplier=1 linear=true quadratic=true
Command line to repeat: java density.MaxEnt nowarnings noprefixes outputdirectory=devel/maxent_tuneFC/maxentRes/fc-LQbeta-1_uid-97 samplesfile=devel/maxent_tuneFC/maxentRes/fc-LQbeta-1_uid-97/presence environmentallayers=devel/maxent_tuneFC/maxentRes/fc-LQbeta-1_uid-97/absence autorun novisible noautofeature
Species: species
Layers: x1 x2
Layertypes: Continuous Continuous
outputdirectory: devel/maxent_tuneFC/maxentRes/fc-LQbeta-1_uid-97
samplesfile: devel/maxent_tuneFC/maxentRes/fc-LQbeta-1_uid-97/presence
environmentallayers: devel/maxent_tuneFC/maxentRes/fc-LQbeta-1_uid-97/absence
autorun: true
visible: false
autofeature: false

getSamples: max memory 477626368, total allocated 71827456, free 13171744, used 58655712, increment 608280
Making features
makeFeatures: max memory 477626368, total allocated 71827456, free 13171744, used 58655712, increment 0
species: 
Regularization values: linear/quadratic/product: 0.873, categorical: 0.250, threshold: 1.820, hinge: 0.500
18 samples
Density: max memory 477626368, total allocated 71827456, free 13171744, used 58655712, increment 0
linearPredictor: max memory 477626368, total allocated 71827456, free 13171744, used 58655712, increment 0
FeaturedSpace: max memory 477626368, total allocated 71827456, free 13171744, used 58655712, increment 0
Sequential: max memory 477626368, total allocated 71827456, free 13171744, used 58655712, increment 0
Initial loss: 4.68213122712422
240: time = 0,034000 loss = 3,897574
Resulting gain: 0.7845573046536405
Projecting...
Writing file devel\maxent_tuneFC\maxentRes\fc-LQbeta-1_uid-97\species.csv
Ending
