Fri Jul 24 15:47:19 CEST 2015
MaxEnt version 3.3.3k
Reading file absence
readGrid: max memory 477626368, total allocated 63438848, free 29219192, used 34219656, increment -6197392
Reading samples from presence
Read samples: max memory 477626368, total allocated 63438848, free 28740848, used 34698000, increment 478344
Adding samples to background in feature space
Command line used:  autorun -e devel/maxent_tuneFC/maxentRes4/fc-HQPT_beta-10_uid-441/absence -o devel/maxent_tuneFC/maxentRes4/fc-HQPT_beta-10_uid-441 -s devel/maxent_tuneFC/maxentRes4/fc-HQPT_beta-10_uid-441/presence -z autofeature=false betamultiplier=10 quadratic=true linear=false
Command line to repeat: java density.MaxEnt nowarnings noprefixes outputdirectory=devel/maxent_tuneFC/maxentRes4/fc-HQPT_beta-10_uid-441 samplesfile=devel/maxent_tuneFC/maxentRes4/fc-HQPT_beta-10_uid-441/presence environmentallayers=devel/maxent_tuneFC/maxentRes4/fc-HQPT_beta-10_uid-441/absence betamultiplier=10.0 nolinear autorun novisible noautofeature
Species: species
Layers: x1 x2
Layertypes: Continuous Continuous
outputdirectory: devel/maxent_tuneFC/maxentRes4/fc-HQPT_beta-10_uid-441
samplesfile: devel/maxent_tuneFC/maxentRes4/fc-HQPT_beta-10_uid-441/presence
environmentallayers: devel/maxent_tuneFC/maxentRes4/fc-HQPT_beta-10_uid-441/absence
betamultiplier: 10.0
linear: false
autorun: true
visible: false
autofeature: false

getSamples: max memory 477626368, total allocated 63438848, free 28740848, used 34698000, increment 0
Making features
makeFeatures: max memory 477626368, total allocated 63438848, free 28740848, used 34698000, increment 0
species: 
Regularization values: linear/quadratic/product: 1.600, categorical: 0.500, threshold: 1.900, hinge: 0.500
10 samples
Density: max memory 477626368, total allocated 63438848, free 28740848, used 34698000, increment 0
linearPredictor: max memory 477626368, total allocated 63438848, free 28740848, used 34698000, increment 0
FeaturedSpace: max memory 477626368, total allocated 63438848, free 28740848, used 34698000, increment 0
Sequential: max memory 477626368, total allocated 63438848, free 28740848, used 34698000, increment 0
Initial loss: 4.0943445622221
20: time = 0,000000 loss = 4,094345
Resulting gain: 0.0
Leaving out Fixed cumulative value 5 from threshold table, as uninitialized
Leaving out Fixed cumulative value 10 from threshold table, as uninitialized
Projecting...
Writing file devel\maxent_tuneFC\maxentRes4\fc-HQPT_beta-10_uid-441\species.csv
Ending
