Fri Jul 24 15:20:10 CEST 2015
MaxEnt version 3.3.3k
Reading file absence
readGrid: max memory 477626368, total allocated 74973184, free 54183944, used 20789240, increment -11792008
Reading samples from presence
Read samples: max memory 477626368, total allocated 74973184, free 53513680, used 21459504, increment 670264
Adding samples to background in feature space
Command line used:  autorun -e devel/maxent_tuneFC/maxentRes/fc-HQbeta-1_uid-9/absence -o devel/maxent_tuneFC/maxentRes/fc-HQbeta-1_uid-9 -s devel/maxent_tuneFC/maxentRes/fc-HQbeta-1_uid-9/presence -z autofeature=false betamultiplier=1 hinge=true quadratic=true
Command line to repeat: java density.MaxEnt nowarnings noprefixes outputdirectory=devel/maxent_tuneFC/maxentRes/fc-HQbeta-1_uid-9 samplesfile=devel/maxent_tuneFC/maxentRes/fc-HQbeta-1_uid-9/presence environmentallayers=devel/maxent_tuneFC/maxentRes/fc-HQbeta-1_uid-9/absence autorun novisible noautofeature
Species: species
Layers: x1 x2
Layertypes: Continuous Continuous
outputdirectory: devel/maxent_tuneFC/maxentRes/fc-HQbeta-1_uid-9
samplesfile: devel/maxent_tuneFC/maxentRes/fc-HQbeta-1_uid-9/presence
environmentallayers: devel/maxent_tuneFC/maxentRes/fc-HQbeta-1_uid-9/absence
autorun: true
visible: false
autofeature: false

getSamples: max memory 477626368, total allocated 74973184, free 53513680, used 21459504, increment 0
Making features
makeFeatures: max memory 477626368, total allocated 74973184, free 53513680, used 21459504, increment 0
species: 
Regularization values: linear/quadratic/product: 0.873, categorical: 0.250, threshold: 1.820, hinge: 0.500
18 samples
Density: max memory 477626368, total allocated 74973184, free 53513680, used 21459504, increment 0
linearPredictor: max memory 477626368, total allocated 74973184, free 53513680, used 21459504, increment 0
FeaturedSpace: max memory 477626368, total allocated 74973184, free 53513680, used 21459504, increment 0
Sequential: max memory 477626368, total allocated 74973184, free 53513680, used 21459504, increment 0
Initial loss: 4.68213122712422
240: time = 0,033000 loss = 3,936788
Resulting gain: 0.745343233319629
Projecting...
Writing file devel\maxent_tuneFC\maxentRes\fc-HQbeta-1_uid-9\species.csv
Ending
