Fri Jul 24 15:26:22 CEST 2015
MaxEnt version 3.3.3k
Reading file absence
readGrid: max memory 477626368, total allocated 66060288, free 38490984, used 27569304, increment 18786360
Reading samples from presence
Read samples: max memory 477626368, total allocated 66060288, free 38490984, used 27569304, increment 0
Adding samples to background in feature space
Command line used:  autorun -e devel/maxent_tuneFC/maxentRes2/fc-HQPT_beta-0.1_uid-243/absence -o devel/maxent_tuneFC/maxentRes2/fc-HQPT_beta-0.1_uid-243 -s devel/maxent_tuneFC/maxentRes2/fc-HQPT_beta-0.1_uid-243/presence -z autofeature=false betamultiplier=0.1 hinge=true quadratic=true product=true threshold=true
Command line to repeat: java density.MaxEnt nowarnings noprefixes outputdirectory=devel/maxent_tuneFC/maxentRes2/fc-HQPT_beta-0.1_uid-243 samplesfile=devel/maxent_tuneFC/maxentRes2/fc-HQPT_beta-0.1_uid-243/presence environmentallayers=devel/maxent_tuneFC/maxentRes2/fc-HQPT_beta-0.1_uid-243/absence betamultiplier=0.1 autorun novisible noautofeature
Species: species
Layers: x1 x2
Layertypes: Continuous Continuous
outputdirectory: devel/maxent_tuneFC/maxentRes2/fc-HQPT_beta-0.1_uid-243
samplesfile: devel/maxent_tuneFC/maxentRes2/fc-HQPT_beta-0.1_uid-243/presence
environmentallayers: devel/maxent_tuneFC/maxentRes2/fc-HQPT_beta-0.1_uid-243/absence
betamultiplier: 0.1
autorun: true
visible: false
autofeature: false

getSamples: max memory 477626368, total allocated 66060288, free 37959192, used 28101096, increment 531792
Making features
makeFeatures: max memory 477626368, total allocated 66060288, free 37959192, used 28101096, increment 0
species: 
Regularization values: linear/quadratic/product: 0.819, categorical: 0.250, threshold: 1.800, hinge: 0.500
20 samples
Density: max memory 477626368, total allocated 66060288, free 37959192, used 28101096, increment 0
linearPredictor: max memory 477626368, total allocated 66060288, free 37959192, used 28101096, increment 0
FeaturedSpace: max memory 477626368, total allocated 66060288, free 37959192, used 28101096, increment 0
Sequential: max memory 477626368, total allocated 66060288, free 37959192, used 28101096, increment 0
Initial loss: 4.787491742782046
500: time = 0,047000 loss = 3,368776
Resulting gain: 1.4187154333418088
Projecting...
Writing file devel\maxent_tuneFC\maxentRes2\fc-HQPT_beta-0.1_uid-243\species.csv
Ending
