Fri Jul 24 15:25:31 CEST 2015
MaxEnt version 3.3.3k
Reading file absence
readGrid: max memory 477626368, total allocated 71303168, free 29282952, used 42020216, increment -7438224
Reading samples from presence
Read samples: max memory 477626368, total allocated 71303168, free 29282952, used 42020216, increment 0
Adding samples to background in feature space
Command line used:  autorun -e devel/maxent_tuneFC/maxentRes2/fc-L_beta-0.1_uid-193/absence -o devel/maxent_tuneFC/maxentRes2/fc-L_beta-0.1_uid-193 -s devel/maxent_tuneFC/maxentRes2/fc-L_beta-0.1_uid-193/presence -z autofeature=false betamultiplier=0.1 linear=true
Command line to repeat: java density.MaxEnt nowarnings noprefixes outputdirectory=devel/maxent_tuneFC/maxentRes2/fc-L_beta-0.1_uid-193 samplesfile=devel/maxent_tuneFC/maxentRes2/fc-L_beta-0.1_uid-193/presence environmentallayers=devel/maxent_tuneFC/maxentRes2/fc-L_beta-0.1_uid-193/absence betamultiplier=0.1 autorun novisible noautofeature
Species: species
Layers: x1 x2
Layertypes: Continuous Continuous
outputdirectory: devel/maxent_tuneFC/maxentRes2/fc-L_beta-0.1_uid-193
samplesfile: devel/maxent_tuneFC/maxentRes2/fc-L_beta-0.1_uid-193/presence
environmentallayers: devel/maxent_tuneFC/maxentRes2/fc-L_beta-0.1_uid-193/absence
betamultiplier: 0.1
autorun: true
visible: false
autofeature: false

getSamples: max memory 477626368, total allocated 71303168, free 28698080, used 42605088, increment 584872
Making features
makeFeatures: max memory 477626368, total allocated 71303168, free 28698080, used 42605088, increment 0
species: 
Regularization values: linear/quadratic/product: 0.873, categorical: 0.250, threshold: 1.820, hinge: 0.500
18 samples
Density: max memory 477626368, total allocated 71303168, free 28698080, used 42605088, increment 0
linearPredictor: max memory 477626368, total allocated 71303168, free 28698080, used 42605088, increment 0
FeaturedSpace: max memory 477626368, total allocated 71303168, free 28698080, used 42605088, increment 0
Sequential: max memory 477626368, total allocated 71303168, free 28698080, used 42605088, increment 0
Initial loss: 4.68213122712422
500: time = 0,063000 loss = 3,302310
Resulting gain: 1.3798207291793458
Projecting...
Writing file devel\maxent_tuneFC\maxentRes2\fc-L_beta-0.1_uid-193\species.csv
Ending
