Fri Jul 24 15:56:47 CEST 2015
MaxEnt version 3.3.3k
Reading file absence
readGrid: max memory 477626368, total allocated 64487424, free 20217672, used 44269752, increment 17602552
Reading samples from presence
Read samples: max memory 477626368, total allocated 64487424, free 19748096, used 44739328, increment 469576
Adding samples to background in feature space
Command line used:  autorun -e devel/maxent_tuneFC/maxentRes6/fc-HQPT_beta-1_uid-492/absence -o devel/maxent_tuneFC/maxentRes6/fc-HQPT_beta-1_uid-492 -s devel/maxent_tuneFC/maxentRes6/fc-HQPT_beta-1_uid-492/presence -z autofeature=false betamultiplier=1 linear=false quadratic=true hinge=true product=true threshold=true
Command line to repeat: java density.MaxEnt nowarnings noprefixes outputdirectory=devel/maxent_tuneFC/maxentRes6/fc-HQPT_beta-1_uid-492 samplesfile=devel/maxent_tuneFC/maxentRes6/fc-HQPT_beta-1_uid-492/presence environmentallayers=devel/maxent_tuneFC/maxentRes6/fc-HQPT_beta-1_uid-492/absence nolinear autorun novisible noautofeature
Species: species
Layers: x1 x2
Layertypes: Continuous Continuous
outputdirectory: devel/maxent_tuneFC/maxentRes6/fc-HQPT_beta-1_uid-492
samplesfile: devel/maxent_tuneFC/maxentRes6/fc-HQPT_beta-1_uid-492/presence
environmentallayers: devel/maxent_tuneFC/maxentRes6/fc-HQPT_beta-1_uid-492/absence
linear: false
autorun: true
visible: false
autofeature: false

getSamples: max memory 477626368, total allocated 64487424, free 19748096, used 44739328, increment 0
Making features
makeFeatures: max memory 477626368, total allocated 64487424, free 19748096, used 44739328, increment 0
species: 
Regularization values: linear/quadratic/product: 2.200, categorical: 0.590, threshold: 1.960, hinge: 0.500
4 samples
Density: max memory 477626368, total allocated 64487424, free 19748096, used 44739328, increment 0
linearPredictor: max memory 477626368, total allocated 64487424, free 19748096, used 44739328, increment 0
FeaturedSpace: max memory 477626368, total allocated 64487424, free 19748096, used 44739328, increment 0
Sequential: max memory 477626368, total allocated 64487424, free 19748096, used 44739328, increment 0
Initial loss: 3.9889840465642745
60: time = 0,004000 loss = 3,365860
Resulting gain: 0.6231245452719718
Projecting...
Writing file devel\maxent_tuneFC\maxentRes6\fc-HQPT_beta-1_uid-492\species.csv
Ending
