Fri Jul 24 15:22:26 CEST 2015
MaxEnt version 3.3.3k
Reading file absence
readGrid: max memory 477626368, total allocated 76546048, free 38839344, used 37706704, increment -13411184
Reading samples from presence
Read samples: max memory 477626368, total allocated 76546048, free 38140392, used 38405656, increment 698952
Adding samples to background in feature space
Command line used:  autorun -e devel/maxent_tuneFC/maxentRes/fc-Tbeta-10_uid-178/absence -o devel/maxent_tuneFC/maxentRes/fc-Tbeta-10_uid-178 -s devel/maxent_tuneFC/maxentRes/fc-Tbeta-10_uid-178/presence -z autofeature=false betamultiplier=10 threshold=true
Command line to repeat: java density.MaxEnt nowarnings noprefixes outputdirectory=devel/maxent_tuneFC/maxentRes/fc-Tbeta-10_uid-178 samplesfile=devel/maxent_tuneFC/maxentRes/fc-Tbeta-10_uid-178/presence environmentallayers=devel/maxent_tuneFC/maxentRes/fc-Tbeta-10_uid-178/absence betamultiplier=10.0 autorun novisible noautofeature
Species: species
Layers: x1 x2
Layertypes: Continuous Continuous
outputdirectory: devel/maxent_tuneFC/maxentRes/fc-Tbeta-10_uid-178
samplesfile: devel/maxent_tuneFC/maxentRes/fc-Tbeta-10_uid-178/presence
environmentallayers: devel/maxent_tuneFC/maxentRes/fc-Tbeta-10_uid-178/absence
betamultiplier: 10.0
autorun: true
visible: false
autofeature: false

getSamples: max memory 477626368, total allocated 76546048, free 38140392, used 38405656, increment 0
Making features
makeFeatures: max memory 477626368, total allocated 76546048, free 38140392, used 38405656, increment 0
species: 
Regularization values: linear/quadratic/product: 0.873, categorical: 0.250, threshold: 1.820, hinge: 0.500
18 samples
Density: max memory 477626368, total allocated 76546048, free 38140392, used 38405656, increment 0
linearPredictor: max memory 477626368, total allocated 76546048, free 38140392, used 38405656, increment 0
FeaturedSpace: max memory 477626368, total allocated 76546048, free 38140392, used 38405656, increment 0
Sequential: max memory 477626368, total allocated 76546048, free 38140392, used 38405656, increment 0
Initial loss: 4.68213122712422
60: time = 0,017000 loss = 4,655086
Resulting gain: 0.027045632056932334
Projecting...
Writing file devel\maxent_tuneFC\maxentRes\fc-Tbeta-10_uid-178\species.csv
Ending
