Fri Jul 24 15:28:03 CEST 2015
MaxEnt version 3.3.3k
Reading file absence
readGrid: max memory 477626368, total allocated 63438848, free 17745536, used 45693312, increment 18464208
Reading samples from presence
Read samples: max memory 477626368, total allocated 63438848, free 17745536, used 45693312, increment 0
Adding samples to background in feature space
Command line used:  autorun -e devel/maxent_tuneFC/maxentRes2/fc-L_beta-0.1_uid-273/absence -o devel/maxent_tuneFC/maxentRes2/fc-L_beta-0.1_uid-273 -s devel/maxent_tuneFC/maxentRes2/fc-L_beta-0.1_uid-273/presence -z autofeature=false betamultiplier=0.1 linear=true
Command line to repeat: java density.MaxEnt nowarnings noprefixes outputdirectory=devel/maxent_tuneFC/maxentRes2/fc-L_beta-0.1_uid-273 samplesfile=devel/maxent_tuneFC/maxentRes2/fc-L_beta-0.1_uid-273/presence environmentallayers=devel/maxent_tuneFC/maxentRes2/fc-L_beta-0.1_uid-273/absence betamultiplier=0.1 autorun novisible noautofeature
Species: species
Layers: x1 x2
Layertypes: Continuous Continuous
outputdirectory: devel/maxent_tuneFC/maxentRes2/fc-L_beta-0.1_uid-273
samplesfile: devel/maxent_tuneFC/maxentRes2/fc-L_beta-0.1_uid-273/presence
environmentallayers: devel/maxent_tuneFC/maxentRes2/fc-L_beta-0.1_uid-273/absence
betamultiplier: 0.1
autorun: true
visible: false
autofeature: false

getSamples: max memory 477626368, total allocated 63438848, free 17264984, used 46173864, increment 480552
Making features
makeFeatures: max memory 477626368, total allocated 63438848, free 17264984, used 46173864, increment 0
species: 
Regularization values: linear/quadratic/product: 0.819, categorical: 0.250, threshold: 1.800, hinge: 0.500
20 samples
Density: max memory 477626368, total allocated 63438848, free 17264984, used 46173864, increment 0
linearPredictor: max memory 477626368, total allocated 63438848, free 17264984, used 46173864, increment 0
FeaturedSpace: max memory 477626368, total allocated 63438848, free 17264984, used 46173864, increment 0
Sequential: max memory 477626368, total allocated 63438848, free 17264984, used 46173864, increment 0
Initial loss: 4.787491742782046
500: time = 0,079000 loss = 3,397983
Resulting gain: 1.389508814333058
Projecting...
Writing file devel\maxent_tuneFC\maxentRes2\fc-L_beta-0.1_uid-273\species.csv
Ending
