Fri Jul 24 15:55:27 CEST 2015
MaxEnt version 3.3.3k
Reading file absence
readGrid: max memory 477626368, total allocated 64487424, free 32309320, used 32178104, increment 17639600
Reading samples from presence
Read samples: max memory 477626368, total allocated 64487424, free 31838232, used 32649192, increment 471088
Adding samples to background in feature space
Command line used:  autorun -e devel/maxent_tuneFC/maxentRes6/fc-D_beta-1_uid-470/absence -o devel/maxent_tuneFC/maxentRes6/fc-D_beta-1_uid-470 -s devel/maxent_tuneFC/maxentRes6/fc-D_beta-1_uid-470/presence -z autofeature=false betamultiplier=1 linear=true quadratic=true hinge=false product=false threshold=false
Command line to repeat: java density.MaxEnt nowarnings noprefixes outputdirectory=devel/maxent_tuneFC/maxentRes6/fc-D_beta-1_uid-470 samplesfile=devel/maxent_tuneFC/maxentRes6/fc-D_beta-1_uid-470/presence environmentallayers=devel/maxent_tuneFC/maxentRes6/fc-D_beta-1_uid-470/absence noproduct nothreshold nohinge autorun novisible noautofeature
Species: species
Layers: x1 x2
Layertypes: Continuous Continuous
outputdirectory: devel/maxent_tuneFC/maxentRes6/fc-D_beta-1_uid-470
samplesfile: devel/maxent_tuneFC/maxentRes6/fc-D_beta-1_uid-470/presence
environmentallayers: devel/maxent_tuneFC/maxentRes6/fc-D_beta-1_uid-470/absence
product: false
threshold: false
hinge: false
autorun: true
visible: false
autofeature: false

getSamples: max memory 477626368, total allocated 64487424, free 31838232, used 32649192, increment 0
Making features
makeFeatures: max memory 477626368, total allocated 64487424, free 31838232, used 32649192, increment 0
species: 
Regularization values: linear/quadratic/product: 1.050, categorical: 0.575, threshold: 1.950, hinge: 0.500
5 samples
Density: max memory 477626368, total allocated 64487424, free 31838232, used 32649192, increment 0
linearPredictor: max memory 477626368, total allocated 64487424, free 31838232, used 32649192, increment 0
FeaturedSpace: max memory 477626368, total allocated 64487424, free 31838232, used 32649192, increment 0
Sequential: max memory 477626368, total allocated 64487424, free 31838232, used 32649192, increment 0
Initial loss: 4.007333185232471
80: time = 0,001000 loss = 3,431195
Resulting gain: 0.576137846334877
Projecting...
Writing file devel\maxent_tuneFC\maxentRes6\fc-D_beta-1_uid-470\species.csv
Ending
