Fri Jul 24 15:29:33 CEST 2015
MaxEnt version 3.3.3k
Reading file absence
readGrid: max memory 477626368, total allocated 63963136, free 11129280, used 52833856, increment 17449872
Reading samples from presence
Read samples: max memory 477626368, total allocated 63963136, free 11129280, used 52833856, increment 0
Adding samples to background in feature space
Command line used:  autorun -e devel/maxent_tuneFC/maxentRes2/fc-HQPT_beta-10_uid-285/absence -o devel/maxent_tuneFC/maxentRes2/fc-HQPT_beta-10_uid-285 -s devel/maxent_tuneFC/maxentRes2/fc-HQPT_beta-10_uid-285/presence -z autofeature=false betamultiplier=10 hinge=true quadratic=true product=true threshold=true
Command line to repeat: java density.MaxEnt nowarnings noprefixes outputdirectory=devel/maxent_tuneFC/maxentRes2/fc-HQPT_beta-10_uid-285 samplesfile=devel/maxent_tuneFC/maxentRes2/fc-HQPT_beta-10_uid-285/presence environmentallayers=devel/maxent_tuneFC/maxentRes2/fc-HQPT_beta-10_uid-285/absence betamultiplier=10.0 autorun novisible noautofeature
Species: species
Layers: x1 x2
Layertypes: Continuous Continuous
outputdirectory: devel/maxent_tuneFC/maxentRes2/fc-HQPT_beta-10_uid-285
samplesfile: devel/maxent_tuneFC/maxentRes2/fc-HQPT_beta-10_uid-285/presence
environmentallayers: devel/maxent_tuneFC/maxentRes2/fc-HQPT_beta-10_uid-285/absence
betamultiplier: 10.0
autorun: true
visible: false
autofeature: false

getSamples: max memory 477626368, total allocated 63963136, free 10735016, used 53228120, increment 394264
Making features
makeFeatures: max memory 477626368, total allocated 63963136, free 10735016, used 53228120, increment 0
species: 
Regularization values: linear/quadratic/product: 1.200, categorical: 0.357, threshold: 1.860, hinge: 0.500
14 samples
Density: max memory 477626368, total allocated 63963136, free 10735016, used 53228120, increment 0
linearPredictor: max memory 477626368, total allocated 63963136, free 10735016, used 53228120, increment 0
FeaturedSpace: max memory 477626368, total allocated 63963136, free 10735016, used 53228120, increment 0
Sequential: max memory 477626368, total allocated 63963136, free 10735016, used 53228120, increment 0
Initial loss: 4.394449154672439
20: time = 0,000000 loss = 4,394449
Resulting gain: 0.0
Leaving out Fixed cumulative value 5 from threshold table, as uninitialized
Leaving out Fixed cumulative value 10 from threshold table, as uninitialized
Leaving out Equate entropy of thresholded and original distributions from threshold table, as uninitialized
Projecting...
Writing file devel\maxent_tuneFC\maxentRes2\fc-HQPT_beta-10_uid-285\species.csv
Ending
