Fri Jul 24 15:47:23 CEST 2015
MaxEnt version 3.3.3k
Reading file absence
readGrid: max memory 477626368, total allocated 62914560, free 22002440, used 40912120, increment 18108304
Reading samples from presence
Read samples: max memory 477626368, total allocated 62914560, free 22002440, used 40912120, increment 0
Adding samples to background in feature space
Command line used:  autorun -e devel/maxent_tuneFC/maxentRes4/fc-HQPT_beta-1_uid-445/absence -o devel/maxent_tuneFC/maxentRes4/fc-HQPT_beta-1_uid-445 -s devel/maxent_tuneFC/maxentRes4/fc-HQPT_beta-1_uid-445/presence -z autofeature=false betamultiplier=1 quadratic=true linear=false
Command line to repeat: java density.MaxEnt nowarnings noprefixes outputdirectory=devel/maxent_tuneFC/maxentRes4/fc-HQPT_beta-1_uid-445 samplesfile=devel/maxent_tuneFC/maxentRes4/fc-HQPT_beta-1_uid-445/presence environmentallayers=devel/maxent_tuneFC/maxentRes4/fc-HQPT_beta-1_uid-445/absence nolinear autorun novisible noautofeature
Species: species
Layers: x1 x2
Layertypes: Continuous Continuous
outputdirectory: devel/maxent_tuneFC/maxentRes4/fc-HQPT_beta-1_uid-445
samplesfile: devel/maxent_tuneFC/maxentRes4/fc-HQPT_beta-1_uid-445/presence
environmentallayers: devel/maxent_tuneFC/maxentRes4/fc-HQPT_beta-1_uid-445/absence
linear: false
autorun: true
visible: false
autofeature: false

getSamples: max memory 477626368, total allocated 62914560, free 21531904, used 41382656, increment 470536
Making features
makeFeatures: max memory 477626368, total allocated 62914560, free 21531904, used 41382656, increment 0
species: 
Regularization values: linear/quadratic/product: 1.600, categorical: 0.500, threshold: 1.900, hinge: 0.500
10 samples
Density: max memory 477626368, total allocated 62914560, free 21531904, used 41382656, increment 0
linearPredictor: max memory 477626368, total allocated 62914560, free 21531904, used 41382656, increment 0
FeaturedSpace: max memory 477626368, total allocated 62914560, free 21531904, used 41382656, increment 0
Sequential: max memory 477626368, total allocated 62914560, free 21531904, used 41382656, increment 0
Initial loss: 4.0943445622221
260: time = 0,016000 loss = 3,693782
Resulting gain: 0.4005626398424025
Projecting...
Writing file devel\maxent_tuneFC\maxentRes4\fc-HQPT_beta-1_uid-445\species.csv
Ending
