Fri Jul 24 15:25:35 CEST 2015
MaxEnt version 3.3.3k
Reading file absence
readGrid: max memory 477626368, total allocated 69206016, free 22138432, used 47067584, increment -5371960
Reading samples from presence
Read samples: max memory 477626368, total allocated 69206016, free 21595912, used 47610104, increment 542520
Adding samples to background in feature space
Command line used:  autorun -e devel/maxent_tuneFC/maxentRes2/fc-HQPT_beta-10_uid-198/absence -o devel/maxent_tuneFC/maxentRes2/fc-HQPT_beta-10_uid-198 -s devel/maxent_tuneFC/maxentRes2/fc-HQPT_beta-10_uid-198/presence -z autofeature=false betamultiplier=10 hinge=true quadratic=true product=true threshold=true
Command line to repeat: java density.MaxEnt nowarnings noprefixes outputdirectory=devel/maxent_tuneFC/maxentRes2/fc-HQPT_beta-10_uid-198 samplesfile=devel/maxent_tuneFC/maxentRes2/fc-HQPT_beta-10_uid-198/presence environmentallayers=devel/maxent_tuneFC/maxentRes2/fc-HQPT_beta-10_uid-198/absence betamultiplier=10.0 autorun novisible noautofeature
Species: species
Layers: x1 x2
Layertypes: Continuous Continuous
outputdirectory: devel/maxent_tuneFC/maxentRes2/fc-HQPT_beta-10_uid-198
samplesfile: devel/maxent_tuneFC/maxentRes2/fc-HQPT_beta-10_uid-198/presence
environmentallayers: devel/maxent_tuneFC/maxentRes2/fc-HQPT_beta-10_uid-198/absence
betamultiplier: 10.0
autorun: true
visible: false
autofeature: false

getSamples: max memory 477626368, total allocated 69206016, free 21595912, used 47610104, increment 0
Making features
makeFeatures: max memory 477626368, total allocated 69206016, free 21595912, used 47610104, increment 0
species: 
Regularization values: linear/quadratic/product: 0.873, categorical: 0.250, threshold: 1.820, hinge: 0.500
18 samples
Density: max memory 477626368, total allocated 69206016, free 21053208, used 48152808, increment 542704
linearPredictor: max memory 477626368, total allocated 69206016, free 21053208, used 48152808, increment 0
FeaturedSpace: max memory 477626368, total allocated 69206016, free 21053208, used 48152808, increment 0
Sequential: max memory 477626368, total allocated 69206016, free 21053208, used 48152808, increment 0
Initial loss: 4.68213122712422
60: time = 0,016000 loss = 4,635856
Resulting gain: 0.04627572683100478
Projecting...
Writing file devel\maxent_tuneFC\maxentRes2\fc-HQPT_beta-10_uid-198\species.csv
Ending
