Fri Jul 24 15:53:20 CEST 2015
MaxEnt version 3.3.3k
Reading file absence
readGrid: max memory 477626368, total allocated 64487424, free 54155704, used 10331720, increment -5418224
Reading samples from presence
Read samples: max memory 477626368, total allocated 64487424, free 54155704, used 10331720, increment 0
Adding samples to background in feature space
Command line used:  autorun -e devel/maxent_tuneFC/maxentRes5/fc-HQPT_beta-1_uid-458/absence -o devel/maxent_tuneFC/maxentRes5/fc-HQPT_beta-1_uid-458 -s devel/maxent_tuneFC/maxentRes5/fc-HQPT_beta-1_uid-458/presence -z autofeature=false betamultiplier=1 linear=false quadratic=true hinge=true product=true threshold=true
Command line to repeat: java density.MaxEnt nowarnings noprefixes outputdirectory=devel/maxent_tuneFC/maxentRes5/fc-HQPT_beta-1_uid-458 samplesfile=devel/maxent_tuneFC/maxentRes5/fc-HQPT_beta-1_uid-458/presence environmentallayers=devel/maxent_tuneFC/maxentRes5/fc-HQPT_beta-1_uid-458/absence nolinear autorun novisible noautofeature
Species: species
Layers: x1 x2
Layertypes: Continuous Continuous
outputdirectory: devel/maxent_tuneFC/maxentRes5/fc-HQPT_beta-1_uid-458
samplesfile: devel/maxent_tuneFC/maxentRes5/fc-HQPT_beta-1_uid-458/presence
environmentallayers: devel/maxent_tuneFC/maxentRes5/fc-HQPT_beta-1_uid-458/absence
linear: false
autorun: true
visible: false
autofeature: false

getSamples: max memory 477626368, total allocated 64487424, free 54155704, used 10331720, increment 0
Making features
makeFeatures: max memory 477626368, total allocated 64487424, free 53684704, used 10802720, increment 471000
species: 
Regularization values: linear/quadratic/product: 1.600, categorical: 0.500, threshold: 1.900, hinge: 0.500
10 samples
Density: max memory 477626368, total allocated 64487424, free 53684704, used 10802720, increment 0
linearPredictor: max memory 477626368, total allocated 64487424, free 53684704, used 10802720, increment 0
FeaturedSpace: max memory 477626368, total allocated 64487424, free 53684704, used 10802720, increment 0
Sequential: max memory 477626368, total allocated 64487424, free 53684704, used 10802720, increment 0
Initial loss: 4.0943445622221
220: time = 0,016000 loss = 3,254459
Resulting gain: 0.8398855811259405
Projecting...
Writing file devel\maxent_tuneFC\maxentRes5\fc-HQPT_beta-1_uid-458\species.csv
Ending
