Fri Jul 24 16:10:33 CEST 2015
MaxEnt version 3.3.3k
Reading file absence
readGrid: max memory 477626368, total allocated 62914560, free 38175984, used 24738576, increment -6146344
Reading samples from presence
Read samples: max memory 477626368, total allocated 62914560, free 38175984, used 24738576, increment 0
Adding samples to background in feature space
Command line used:  autorun -e devel/maxent_tuneFC/maxentResults01/fc-L_beta-0.1_uid-592/absence -o devel/maxent_tuneFC/maxentResults01/fc-L_beta-0.1_uid-592 -s devel/maxent_tuneFC/maxentResults01/fc-L_beta-0.1_uid-592/presence -z autofeature=false betamultiplier=0.1 linear=true quadratic=false hinge=false product=false threshold=false
Command line to repeat: java density.MaxEnt nowarnings noprefixes outputdirectory=devel/maxent_tuneFC/maxentResults01/fc-L_beta-0.1_uid-592 samplesfile=devel/maxent_tuneFC/maxentResults01/fc-L_beta-0.1_uid-592/presence environmentallayers=devel/maxent_tuneFC/maxentResults01/fc-L_beta-0.1_uid-592/absence betamultiplier=0.1 noquadratic noproduct nothreshold nohinge autorun novisible noautofeature
Species: species
Layers: x1 x2
Layertypes: Continuous Continuous
outputdirectory: devel/maxent_tuneFC/maxentResults01/fc-L_beta-0.1_uid-592
samplesfile: devel/maxent_tuneFC/maxentResults01/fc-L_beta-0.1_uid-592/presence
environmentallayers: devel/maxent_tuneFC/maxentResults01/fc-L_beta-0.1_uid-592/absence
betamultiplier: 0.1
quadratic: false
product: false
threshold: false
hinge: false
autorun: true
visible: false
autofeature: false

getSamples: max memory 477626368, total allocated 62914560, free 37706720, used 25207840, increment 469264
Making features
makeFeatures: max memory 477626368, total allocated 62914560, free 37706720, used 25207840, increment 0
species: 
Regularization values: linear/quadratic/product: 1.000, categorical: 0.530, threshold: 1.920, hinge: 0.500
8 samples
Density: max memory 477626368, total allocated 62914560, free 37706720, used 25207840, increment 0
linearPredictor: max memory 477626368, total allocated 62914560, free 37706720, used 25207840, increment 0
FeaturedSpace: max memory 477626368, total allocated 62914560, free 37706720, used 25207840, increment 0
Sequential: max memory 477626368, total allocated 62914560, free 37706720, used 25207840, increment 0
Initial loss: 4.584967478670572
60: time = 0,000000 loss = 4,097087
Resulting gain: 0.48788067758531994
Projecting...
Writing file devel\maxent_tuneFC\maxentResults01\fc-L_beta-0.1_uid-592\species.csv
Ending
