Fri Jul 24 15:54:46 CEST 2015
MaxEnt version 3.3.3k
Reading file absence
readGrid: max memory 477626368, total allocated 64487424, free 46464224, used 18023200, increment -732448
Reading samples from presence
Read samples: max memory 477626368, total allocated 64487424, free 45995240, used 18492184, increment 468984
Adding samples to background in feature space
Command line used:  autorun -e devel/maxent_tuneFC/maxentRes6/fc-D_beta-0.1_uid-462/absence -o devel/maxent_tuneFC/maxentRes6/fc-D_beta-0.1_uid-462 -s devel/maxent_tuneFC/maxentRes6/fc-D_beta-0.1_uid-462/presence -z autofeature=false betamultiplier=0.1 linear=true quadratic=false hinge=false product=false threshold=false
Command line to repeat: java density.MaxEnt nowarnings noprefixes outputdirectory=devel/maxent_tuneFC/maxentRes6/fc-D_beta-0.1_uid-462 samplesfile=devel/maxent_tuneFC/maxentRes6/fc-D_beta-0.1_uid-462/presence environmentallayers=devel/maxent_tuneFC/maxentRes6/fc-D_beta-0.1_uid-462/absence betamultiplier=0.1 noquadratic noproduct nothreshold nohinge autorun novisible noautofeature
Species: species
Layers: x1 x2
Layertypes: Continuous Continuous
outputdirectory: devel/maxent_tuneFC/maxentRes6/fc-D_beta-0.1_uid-462
samplesfile: devel/maxent_tuneFC/maxentRes6/fc-D_beta-0.1_uid-462/presence
environmentallayers: devel/maxent_tuneFC/maxentRes6/fc-D_beta-0.1_uid-462/absence
betamultiplier: 0.1
quadratic: false
product: false
threshold: false
hinge: false
autorun: true
visible: false
autofeature: false

getSamples: max memory 477626368, total allocated 64487424, free 45995240, used 18492184, increment 0
Making features
makeFeatures: max memory 477626368, total allocated 64487424, free 45995240, used 18492184, increment 0
species: 
Regularization values: linear/quadratic/product: 1.000, categorical: 0.590, threshold: 1.960, hinge: 0.500
4 samples
Density: max memory 477626368, total allocated 64487424, free 45995240, used 18492184, increment 0
linearPredictor: max memory 477626368, total allocated 64487424, free 45995240, used 18492184, increment 0
FeaturedSpace: max memory 477626368, total allocated 64487424, free 45995240, used 18492184, increment 0
Sequential: max memory 477626368, total allocated 64487424, free 45995240, used 18492184, increment 0
Initial loss: 3.9889840465642745
60: time = 0,001000 loss = 3,440144
Resulting gain: 0.5488403403195701
Projecting...
Writing file devel\maxent_tuneFC\maxentRes6\fc-D_beta-0.1_uid-462\species.csv
Ending
