Fri Jul 24 15:22:06 CEST 2015
MaxEnt version 3.3.3k
Reading file absence
readGrid: max memory 477626368, total allocated 65536000, free 20637368, used 44898632, increment 22827464
Reading samples from presence
Read samples: max memory 477626368, total allocated 65536000, free 20311912, used 45224088, increment 325456
Adding samples to background in feature space
Command line used:  autorun -e devel/maxent_tuneFC/maxentRes/fc-HQPTbeta-1_uid-155/absence -o devel/maxent_tuneFC/maxentRes/fc-HQPTbeta-1_uid-155 -s devel/maxent_tuneFC/maxentRes/fc-HQPTbeta-1_uid-155/presence -z autofeature=false betamultiplier=1 hinge=true quadratic=true product=true threshold=true
Command line to repeat: java density.MaxEnt nowarnings noprefixes outputdirectory=devel/maxent_tuneFC/maxentRes/fc-HQPTbeta-1_uid-155 samplesfile=devel/maxent_tuneFC/maxentRes/fc-HQPTbeta-1_uid-155/presence environmentallayers=devel/maxent_tuneFC/maxentRes/fc-HQPTbeta-1_uid-155/absence autorun novisible noautofeature
Species: species
Layers: x1 x2
Layertypes: Continuous Continuous
outputdirectory: devel/maxent_tuneFC/maxentRes/fc-HQPTbeta-1_uid-155
samplesfile: devel/maxent_tuneFC/maxentRes/fc-HQPTbeta-1_uid-155/presence
environmentallayers: devel/maxent_tuneFC/maxentRes/fc-HQPTbeta-1_uid-155/absence
autorun: true
visible: false
autofeature: false

getSamples: max memory 477626368, total allocated 65536000, free 43947024, used 21588976, increment -23635112
Making features
makeFeatures: max memory 477626368, total allocated 65536000, free 43947024, used 21588976, increment 0
species: 
Regularization values: linear/quadratic/product: 0.873, categorical: 0.250, threshold: 1.820, hinge: 0.500
18 samples
Density: max memory 477626368, total allocated 65536000, free 43947024, used 21588976, increment 0
linearPredictor: max memory 477626368, total allocated 65536000, free 43947024, used 21588976, increment 0
FeaturedSpace: max memory 477626368, total allocated 65536000, free 43947024, used 21588976, increment 0
Sequential: max memory 477626368, total allocated 65536000, free 43947024, used 21588976, increment 0
Initial loss: 4.68213122712422
420: time = 0,053000 loss = 3,923286
Resulting gain: 0.758845050105859
Projecting...
Writing file devel\maxent_tuneFC\maxentRes\fc-HQPTbeta-1_uid-155\species.csv
Ending
