Fri Jul 24 16:10:30 CEST 2015
MaxEnt version 3.3.3k
Reading file absence
readGrid: max memory 477626368, total allocated 63438848, free 23598656, used 39840192, increment -5675136
Reading samples from presence
Read samples: max memory 477626368, total allocated 63438848, free 23120120, used 40318728, increment 478536
Adding samples to background in feature space
Command line used:  autorun -e devel/maxent_tuneFC/maxentResults01/fc-HQPT_beta-1_uid-589/absence -o devel/maxent_tuneFC/maxentResults01/fc-HQPT_beta-1_uid-589 -s devel/maxent_tuneFC/maxentResults01/fc-HQPT_beta-1_uid-589/presence -z autofeature=false betamultiplier=1 linear=false quadratic=true hinge=true product=true threshold=true
Command line to repeat: java density.MaxEnt nowarnings noprefixes outputdirectory=devel/maxent_tuneFC/maxentResults01/fc-HQPT_beta-1_uid-589 samplesfile=devel/maxent_tuneFC/maxentResults01/fc-HQPT_beta-1_uid-589/presence environmentallayers=devel/maxent_tuneFC/maxentResults01/fc-HQPT_beta-1_uid-589/absence nolinear autorun novisible noautofeature
Species: species
Layers: x1 x2
Layertypes: Continuous Continuous
outputdirectory: devel/maxent_tuneFC/maxentResults01/fc-HQPT_beta-1_uid-589
samplesfile: devel/maxent_tuneFC/maxentResults01/fc-HQPT_beta-1_uid-589/presence
environmentallayers: devel/maxent_tuneFC/maxentResults01/fc-HQPT_beta-1_uid-589/absence
linear: false
autorun: true
visible: false
autofeature: false

getSamples: max memory 477626368, total allocated 63438848, free 23120120, used 40318728, increment 0
Making features
makeFeatures: max memory 477626368, total allocated 63438848, free 23120120, used 40318728, increment 0
species: 
Regularization values: linear/quadratic/product: 1.800, categorical: 0.530, threshold: 1.920, hinge: 0.500
8 samples
Density: max memory 477626368, total allocated 63438848, free 23120120, used 40318728, increment 0
linearPredictor: max memory 477626368, total allocated 63438848, free 23120120, used 40318728, increment 0
FeaturedSpace: max memory 477626368, total allocated 63438848, free 23120120, used 40318728, increment 0
Sequential: max memory 477626368, total allocated 63438848, free 23120120, used 40318728, increment 0
Initial loss: 4.584967478670572
360: time = 0,040000 loss = 3,755629
Resulting gain: 0.8293382382827201
Projecting...
Writing file devel\maxent_tuneFC\maxentResults01\fc-HQPT_beta-1_uid-589\species.csv
Ending
