Fri Jul 24 15:21:21 CEST 2015
MaxEnt version 3.3.3k
Reading file absence
readGrid: max memory 477626368, total allocated 72876032, free 31953248, used 40922784, increment -2136376
Reading samples from presence
Read samples: max memory 477626368, total allocated 72876032, free 31335160, used 41540872, increment 618088
Adding samples to background in feature space
Command line used:  autorun -e devel/maxent_tuneFC/maxentRes/fc-HQPTbeta-0.1_uid-95/absence -o devel/maxent_tuneFC/maxentRes/fc-HQPTbeta-0.1_uid-95 -s devel/maxent_tuneFC/maxentRes/fc-HQPTbeta-0.1_uid-95/presence -z autofeature=false betamultiplier=0.1 hinge=true quadratic=true product=true threshold=true
Command line to repeat: java density.MaxEnt nowarnings noprefixes outputdirectory=devel/maxent_tuneFC/maxentRes/fc-HQPTbeta-0.1_uid-95 samplesfile=devel/maxent_tuneFC/maxentRes/fc-HQPTbeta-0.1_uid-95/presence environmentallayers=devel/maxent_tuneFC/maxentRes/fc-HQPTbeta-0.1_uid-95/absence betamultiplier=0.1 autorun novisible noautofeature
Species: species
Layers: x1 x2
Layertypes: Continuous Continuous
outputdirectory: devel/maxent_tuneFC/maxentRes/fc-HQPTbeta-0.1_uid-95
samplesfile: devel/maxent_tuneFC/maxentRes/fc-HQPTbeta-0.1_uid-95/presence
environmentallayers: devel/maxent_tuneFC/maxentRes/fc-HQPTbeta-0.1_uid-95/absence
betamultiplier: 0.1
autorun: true
visible: false
autofeature: false

getSamples: max memory 477626368, total allocated 72876032, free 31335160, used 41540872, increment 0
Making features
makeFeatures: max memory 477626368, total allocated 72876032, free 31335160, used 41540872, increment 0
species: 
Regularization values: linear/quadratic/product: 0.873, categorical: 0.250, threshold: 1.820, hinge: 0.500
18 samples
Density: max memory 477626368, total allocated 72876032, free 31335160, used 41540872, increment 0
linearPredictor: max memory 477626368, total allocated 72876032, free 31335160, used 41540872, increment 0
FeaturedSpace: max memory 477626368, total allocated 72876032, free 31335160, used 41540872, increment 0
Sequential: max memory 477626368, total allocated 72876032, free 31335160, used 41540872, increment 0
Initial loss: 4.68213122712422
500: time = 0,063000 loss = 3,279618
Resulting gain: 1.4025130453515877
Projecting...
Writing file devel\maxent_tuneFC\maxentRes\fc-HQPTbeta-0.1_uid-95\species.csv
Ending
