Fri Jul 24 15:21:10 CEST 2015
MaxEnt version 3.3.3k
Reading file absence
readGrid: max memory 477626368, total allocated 72351744, free 35337544, used 37014200, increment -8429088
Reading samples from presence
Read samples: max memory 477626368, total allocated 72351744, free 34720360, used 37631384, increment 617184
Adding samples to background in feature space
Command line used:  autorun -e devel/maxent_tuneFC/maxentRes/fc-Tbeta-1_uid-82/absence -o devel/maxent_tuneFC/maxentRes/fc-Tbeta-1_uid-82 -s devel/maxent_tuneFC/maxentRes/fc-Tbeta-1_uid-82/presence -z autofeature=false betamultiplier=1 threshold=true
Command line to repeat: java density.MaxEnt nowarnings noprefixes outputdirectory=devel/maxent_tuneFC/maxentRes/fc-Tbeta-1_uid-82 samplesfile=devel/maxent_tuneFC/maxentRes/fc-Tbeta-1_uid-82/presence environmentallayers=devel/maxent_tuneFC/maxentRes/fc-Tbeta-1_uid-82/absence autorun novisible noautofeature
Species: species
Layers: x1 x2
Layertypes: Continuous Continuous
outputdirectory: devel/maxent_tuneFC/maxentRes/fc-Tbeta-1_uid-82
samplesfile: devel/maxent_tuneFC/maxentRes/fc-Tbeta-1_uid-82/presence
environmentallayers: devel/maxent_tuneFC/maxentRes/fc-Tbeta-1_uid-82/absence
autorun: true
visible: false
autofeature: false

getSamples: max memory 477626368, total allocated 72351744, free 34720360, used 37631384, increment 0
Making features
makeFeatures: max memory 477626368, total allocated 72351744, free 34720360, used 37631384, increment 0
species: 
Regularization values: linear/quadratic/product: 0.873, categorical: 0.250, threshold: 1.820, hinge: 0.500
18 samples
Density: max memory 477626368, total allocated 72351744, free 34720360, used 37631384, increment 0
linearPredictor: max memory 477626368, total allocated 72351744, free 34720360, used 37631384, increment 0
FeaturedSpace: max memory 477626368, total allocated 72351744, free 34720360, used 37631384, increment 0
Sequential: max memory 477626368, total allocated 72351744, free 34720360, used 37631384, increment 0
Initial loss: 4.68213122712422
420: time = 0,053000 loss = 3,907008
Resulting gain: 0.7751232823601875
Projecting...
Writing file devel\maxent_tuneFC\maxentRes\fc-Tbeta-1_uid-82\species.csv
Ending
