Fri Jul 24 15:25:41 CEST 2015
MaxEnt version 3.3.3k
Reading file absence
readGrid: max memory 477626368, total allocated 66060288, free 9719880, used 56340408, increment 22313848
Reading samples from presence
Read samples: max memory 477626368, total allocated 66060288, free 9238008, used 56822280, increment 481872
Adding samples to background in feature space
Command line used:  autorun -e devel/maxent_tuneFC/maxentRes2/fc-L_beta-0.1_uid-205/absence -o devel/maxent_tuneFC/maxentRes2/fc-L_beta-0.1_uid-205 -s devel/maxent_tuneFC/maxentRes2/fc-L_beta-0.1_uid-205/presence -z autofeature=false betamultiplier=0.1 linear=true
Command line to repeat: java density.MaxEnt nowarnings noprefixes outputdirectory=devel/maxent_tuneFC/maxentRes2/fc-L_beta-0.1_uid-205 samplesfile=devel/maxent_tuneFC/maxentRes2/fc-L_beta-0.1_uid-205/presence environmentallayers=devel/maxent_tuneFC/maxentRes2/fc-L_beta-0.1_uid-205/absence betamultiplier=0.1 autorun novisible noautofeature
Species: species
Layers: x1 x2
Layertypes: Continuous Continuous
outputdirectory: devel/maxent_tuneFC/maxentRes2/fc-L_beta-0.1_uid-205
samplesfile: devel/maxent_tuneFC/maxentRes2/fc-L_beta-0.1_uid-205/presence
environmentallayers: devel/maxent_tuneFC/maxentRes2/fc-L_beta-0.1_uid-205/absence
betamultiplier: 0.1
autorun: true
visible: false
autofeature: false

getSamples: max memory 477626368, total allocated 66060288, free 9238008, used 56822280, increment 0
Making features
makeFeatures: max memory 477626368, total allocated 66060288, free 9238008, used 56822280, increment 0
species: 
Regularization values: linear/quadratic/product: 0.873, categorical: 0.250, threshold: 1.820, hinge: 0.500
18 samples
Density: max memory 477626368, total allocated 66060288, free 8756168, used 57304120, increment 481840
linearPredictor: max memory 477626368, total allocated 66060288, free 8756168, used 57304120, increment 0
FeaturedSpace: max memory 477626368, total allocated 66060288, free 8756168, used 57304120, increment 0
Sequential: max memory 477626368, total allocated 66060288, free 8756168, used 57304120, increment 0
Initial loss: 4.68213122712422
500: time = 0,062000 loss = 3,279434
Resulting gain: 1.4026975515262254
Projecting...
Writing file devel\maxent_tuneFC\maxentRes2\fc-L_beta-0.1_uid-205\species.csv
Ending
