Fri Jul 24 15:26:01 CEST 2015
MaxEnt version 3.3.3k
Reading file absence
readGrid: max memory 477626368, total allocated 74448896, free 10140112, used 64308784, increment 22667624
Reading samples from presence
Read samples: max memory 477626368, total allocated 74448896, free 10140112, used 64308784, increment 0
Adding samples to background in feature space
Command line used:  autorun -e devel/maxent_tuneFC/maxentRes2/fc-HQPT_beta-10_uid-228/absence -o devel/maxent_tuneFC/maxentRes2/fc-HQPT_beta-10_uid-228 -s devel/maxent_tuneFC/maxentRes2/fc-HQPT_beta-10_uid-228/presence -z autofeature=false betamultiplier=10 hinge=true quadratic=true product=true threshold=true
Command line to repeat: java density.MaxEnt nowarnings noprefixes outputdirectory=devel/maxent_tuneFC/maxentRes2/fc-HQPT_beta-10_uid-228 samplesfile=devel/maxent_tuneFC/maxentRes2/fc-HQPT_beta-10_uid-228/presence environmentallayers=devel/maxent_tuneFC/maxentRes2/fc-HQPT_beta-10_uid-228/absence betamultiplier=10.0 autorun novisible noautofeature
Species: species
Layers: x1 x2
Layertypes: Continuous Continuous
outputdirectory: devel/maxent_tuneFC/maxentRes2/fc-HQPT_beta-10_uid-228
samplesfile: devel/maxent_tuneFC/maxentRes2/fc-HQPT_beta-10_uid-228/presence
environmentallayers: devel/maxent_tuneFC/maxentRes2/fc-HQPT_beta-10_uid-228/absence
betamultiplier: 10.0
autorun: true
visible: false
autofeature: false

getSamples: max memory 477626368, total allocated 74448896, free 9491136, used 64957760, increment 648976
Making features
makeFeatures: max memory 477626368, total allocated 74448896, free 9491136, used 64957760, increment 0
species: 
Regularization values: linear/quadratic/product: 0.873, categorical: 0.250, threshold: 1.820, hinge: 0.500
18 samples
Density: max memory 477626368, total allocated 74448896, free 9491136, used 64957760, increment 0
linearPredictor: max memory 477626368, total allocated 74448896, free 9491136, used 64957760, increment 0
FeaturedSpace: max memory 477626368, total allocated 74448896, free 9491136, used 64957760, increment 0
Sequential: max memory 477626368, total allocated 74448896, free 9491136, used 64957760, increment 0
Initial loss: 4.68213122712422
60: time = 0,016000 loss = 4,652440
Resulting gain: 0.029691117110890453
Projecting...
Writing file devel\maxent_tuneFC\maxentRes2\fc-HQPT_beta-10_uid-228\species.csv
Ending
