Fri Jul 24 15:29:28 CEST 2015
MaxEnt version 3.3.3k
Reading file absence
readGrid: max memory 477626368, total allocated 63438848, free 38006312, used 25432536, increment -6916008
Reading samples from presence
Read samples: max memory 477626368, total allocated 63438848, free 38006312, used 25432536, increment 0
Adding samples to background in feature space
Command line used:  autorun -e devel/maxent_tuneFC/maxentRes2/fc-L_beta-0.1_uid-280/absence -o devel/maxent_tuneFC/maxentRes2/fc-L_beta-0.1_uid-280 -s devel/maxent_tuneFC/maxentRes2/fc-L_beta-0.1_uid-280/presence -z autofeature=false betamultiplier=0.1 linear=true
Command line to repeat: java density.MaxEnt nowarnings noprefixes outputdirectory=devel/maxent_tuneFC/maxentRes2/fc-L_beta-0.1_uid-280 samplesfile=devel/maxent_tuneFC/maxentRes2/fc-L_beta-0.1_uid-280/presence environmentallayers=devel/maxent_tuneFC/maxentRes2/fc-L_beta-0.1_uid-280/absence betamultiplier=0.1 autorun novisible noautofeature
Species: species
Layers: x1 x2
Layertypes: Continuous Continuous
outputdirectory: devel/maxent_tuneFC/maxentRes2/fc-L_beta-0.1_uid-280
samplesfile: devel/maxent_tuneFC/maxentRes2/fc-L_beta-0.1_uid-280/presence
environmentallayers: devel/maxent_tuneFC/maxentRes2/fc-L_beta-0.1_uid-280/absence
betamultiplier: 0.1
autorun: true
visible: false
autofeature: false

getSamples: max memory 477626368, total allocated 63438848, free 37526152, used 25912696, increment 480160
Making features
makeFeatures: max memory 477626368, total allocated 63438848, free 37526152, used 25912696, increment 0
species: 
Regularization values: linear/quadratic/product: 1.200, categorical: 0.357, threshold: 1.860, hinge: 0.500
14 samples
Density: max memory 477626368, total allocated 63438848, free 37526152, used 25912696, increment 0
linearPredictor: max memory 477626368, total allocated 63438848, free 37526152, used 25912696, increment 0
FeaturedSpace: max memory 477626368, total allocated 63438848, free 37526152, used 25912696, increment 0
Sequential: max memory 477626368, total allocated 63438848, free 37526152, used 25912696, increment 0
Initial loss: 4.394449154672439
500: time = 0,064000 loss = 3,073465
Resulting gain: 1.3209844285682606
Projecting...
Writing file devel\maxent_tuneFC\maxentRes2\fc-L_beta-0.1_uid-280\species.csv
Ending
