Fri Jul 24 15:26:11 CEST 2015
MaxEnt version 3.3.3k
Reading file absence
readGrid: max memory 477626368, total allocated 67108864, free 52259456, used 14849408, increment -5317480
Reading samples from presence
Read samples: max memory 477626368, total allocated 67108864, free 52259456, used 14849408, increment 0
Adding samples to background in feature space
Command line used:  autorun -e devel/maxent_tuneFC/maxentRes2/fc-HQPT_beta-10_uid-240/absence -o devel/maxent_tuneFC/maxentRes2/fc-HQPT_beta-10_uid-240 -s devel/maxent_tuneFC/maxentRes2/fc-HQPT_beta-10_uid-240/presence -z autofeature=false betamultiplier=10 hinge=true quadratic=true product=true threshold=true
Command line to repeat: java density.MaxEnt nowarnings noprefixes outputdirectory=devel/maxent_tuneFC/maxentRes2/fc-HQPT_beta-10_uid-240 samplesfile=devel/maxent_tuneFC/maxentRes2/fc-HQPT_beta-10_uid-240/presence environmentallayers=devel/maxent_tuneFC/maxentRes2/fc-HQPT_beta-10_uid-240/absence betamultiplier=10.0 autorun novisible noautofeature
Species: species
Layers: x1 x2
Layertypes: Continuous Continuous
outputdirectory: devel/maxent_tuneFC/maxentRes2/fc-HQPT_beta-10_uid-240
samplesfile: devel/maxent_tuneFC/maxentRes2/fc-HQPT_beta-10_uid-240/presence
environmentallayers: devel/maxent_tuneFC/maxentRes2/fc-HQPT_beta-10_uid-240/absence
betamultiplier: 10.0
autorun: true
visible: false
autofeature: false

getSamples: max memory 477626368, total allocated 67108864, free 51699040, used 15409824, increment 560416
Making features
makeFeatures: max memory 477626368, total allocated 67108864, free 51699040, used 15409824, increment 0
species: 
Regularization values: linear/quadratic/product: 0.873, categorical: 0.250, threshold: 1.820, hinge: 0.500
18 samples
Density: max memory 477626368, total allocated 67108864, free 51699040, used 15409824, increment 0
linearPredictor: max memory 477626368, total allocated 67108864, free 51699040, used 15409824, increment 0
FeaturedSpace: max memory 477626368, total allocated 67108864, free 51699040, used 15409824, increment 0
Sequential: max memory 477626368, total allocated 67108864, free 51699040, used 15409824, increment 0
Initial loss: 4.68213122712422
60: time = 0,000000 loss = 4,647589
Resulting gain: 0.034542381272281375
Projecting...
Writing file devel\maxent_tuneFC\maxentRes2\fc-HQPT_beta-10_uid-240\species.csv
Ending
