Fri Jul 24 15:21:24 CEST 2015
MaxEnt version 3.3.3k
Reading file absence
readGrid: max memory 477626368, total allocated 70778880, free 29463392, used 41315488, increment -6825752
Reading samples from presence
Read samples: max memory 477626368, total allocated 70778880, free 28879024, used 41899856, increment 584368
Adding samples to background in feature space
Command line used:  autorun -e devel/maxent_tuneFC/maxentRes/fc-Tbeta-1_uid-100/absence -o devel/maxent_tuneFC/maxentRes/fc-Tbeta-1_uid-100 -s devel/maxent_tuneFC/maxentRes/fc-Tbeta-1_uid-100/presence -z autofeature=false betamultiplier=1 threshold=true
Command line to repeat: java density.MaxEnt nowarnings noprefixes outputdirectory=devel/maxent_tuneFC/maxentRes/fc-Tbeta-1_uid-100 samplesfile=devel/maxent_tuneFC/maxentRes/fc-Tbeta-1_uid-100/presence environmentallayers=devel/maxent_tuneFC/maxentRes/fc-Tbeta-1_uid-100/absence autorun novisible noautofeature
Species: species
Layers: x1 x2
Layertypes: Continuous Continuous
outputdirectory: devel/maxent_tuneFC/maxentRes/fc-Tbeta-1_uid-100
samplesfile: devel/maxent_tuneFC/maxentRes/fc-Tbeta-1_uid-100/presence
environmentallayers: devel/maxent_tuneFC/maxentRes/fc-Tbeta-1_uid-100/absence
autorun: true
visible: false
autofeature: false

getSamples: max memory 477626368, total allocated 70778880, free 28879024, used 41899856, increment 0
Making features
makeFeatures: max memory 477626368, total allocated 70778880, free 28879024, used 41899856, increment 0
species: 
Regularization values: linear/quadratic/product: 0.873, categorical: 0.250, threshold: 1.820, hinge: 0.500
18 samples
Density: max memory 477626368, total allocated 70778880, free 28302864, used 42476016, increment 576160
linearPredictor: max memory 477626368, total allocated 70778880, free 28302864, used 42476016, increment 0
FeaturedSpace: max memory 477626368, total allocated 70778880, free 28302864, used 42476016, increment 0
Sequential: max memory 477626368, total allocated 70778880, free 28302864, used 42476016, increment 0
Initial loss: 4.68213122712422
240: time = 0,029000 loss = 3,897574
Resulting gain: 0.7845573046536405
Projecting...
Writing file devel\maxent_tuneFC\maxentRes\fc-Tbeta-1_uid-100\species.csv
Ending
