Fri Jul 24 15:26:33 CEST 2015
MaxEnt version 3.3.3k
Reading file absence
readGrid: max memory 477626368, total allocated 63438848, free 39446400, used 23992448, increment -6058552
Reading samples from presence
Read samples: max memory 477626368, total allocated 63438848, free 38964448, used 24474400, increment 481952
Adding samples to background in feature space
Command line used:  autorun -e devel/maxent_tuneFC/maxentRes2/fc-L_beta-0.1_uid-254/absence -o devel/maxent_tuneFC/maxentRes2/fc-L_beta-0.1_uid-254 -s devel/maxent_tuneFC/maxentRes2/fc-L_beta-0.1_uid-254/presence -z autofeature=false betamultiplier=0.1 linear=true
Command line to repeat: java density.MaxEnt nowarnings noprefixes outputdirectory=devel/maxent_tuneFC/maxentRes2/fc-L_beta-0.1_uid-254 samplesfile=devel/maxent_tuneFC/maxentRes2/fc-L_beta-0.1_uid-254/presence environmentallayers=devel/maxent_tuneFC/maxentRes2/fc-L_beta-0.1_uid-254/absence betamultiplier=0.1 autorun novisible noautofeature
Species: species
Layers: x1 x2
Layertypes: Continuous Continuous
outputdirectory: devel/maxent_tuneFC/maxentRes2/fc-L_beta-0.1_uid-254
samplesfile: devel/maxent_tuneFC/maxentRes2/fc-L_beta-0.1_uid-254/presence
environmentallayers: devel/maxent_tuneFC/maxentRes2/fc-L_beta-0.1_uid-254/absence
betamultiplier: 0.1
autorun: true
visible: false
autofeature: false

getSamples: max memory 477626368, total allocated 63438848, free 38964448, used 24474400, increment 0
Making features
makeFeatures: max memory 477626368, total allocated 63438848, free 38964448, used 24474400, increment 0
species: 
Regularization values: linear/quadratic/product: 0.819, categorical: 0.250, threshold: 1.800, hinge: 0.500
20 samples
Density: max memory 477626368, total allocated 63438848, free 38964448, used 24474400, increment 0
linearPredictor: max memory 477626368, total allocated 63438848, free 38964448, used 24474400, increment 0
FeaturedSpace: max memory 477626368, total allocated 63438848, free 38964448, used 24474400, increment 0
Sequential: max memory 477626368, total allocated 63438848, free 38964448, used 24474400, increment 0
Initial loss: 4.787491742782046
500: time = 0,064000 loss = 3,397983
Resulting gain: 1.389508814333058
Projecting...
Writing file devel\maxent_tuneFC\maxentRes2\fc-L_beta-0.1_uid-254\species.csv
Ending
