Fri Jul 24 15:22:24 CEST 2015
MaxEnt version 3.3.3k
Reading file absence
readGrid: max memory 477626368, total allocated 77070336, free 16012040, used 61058296, increment 22495992
Reading samples from presence
Read samples: max memory 477626368, total allocated 77070336, free 15299576, used 61770760, increment 712464
Adding samples to background in feature space
Command line used:  autorun -e devel/maxent_tuneFC/maxentRes/fc-Hbeta-10_uid-176/absence -o devel/maxent_tuneFC/maxentRes/fc-Hbeta-10_uid-176 -s devel/maxent_tuneFC/maxentRes/fc-Hbeta-10_uid-176/presence -z autofeature=false betamultiplier=10 hinge=true
Command line to repeat: java density.MaxEnt nowarnings noprefixes outputdirectory=devel/maxent_tuneFC/maxentRes/fc-Hbeta-10_uid-176 samplesfile=devel/maxent_tuneFC/maxentRes/fc-Hbeta-10_uid-176/presence environmentallayers=devel/maxent_tuneFC/maxentRes/fc-Hbeta-10_uid-176/absence betamultiplier=10.0 autorun novisible noautofeature
Species: species
Layers: x1 x2
Layertypes: Continuous Continuous
outputdirectory: devel/maxent_tuneFC/maxentRes/fc-Hbeta-10_uid-176
samplesfile: devel/maxent_tuneFC/maxentRes/fc-Hbeta-10_uid-176/presence
environmentallayers: devel/maxent_tuneFC/maxentRes/fc-Hbeta-10_uid-176/absence
betamultiplier: 10.0
autorun: true
visible: false
autofeature: false

getSamples: max memory 477626368, total allocated 77070336, free 15299576, used 61770760, increment 0
Making features
makeFeatures: max memory 477626368, total allocated 77070336, free 15299576, used 61770760, increment 0
species: 
Regularization values: linear/quadratic/product: 0.873, categorical: 0.250, threshold: 1.820, hinge: 0.500
18 samples
Density: max memory 477626368, total allocated 77070336, free 15299576, used 61770760, increment 0
linearPredictor: max memory 477626368, total allocated 77070336, free 15299576, used 61770760, increment 0
FeaturedSpace: max memory 477626368, total allocated 77070336, free 15299576, used 61770760, increment 0
Sequential: max memory 477626368, total allocated 77070336, free 15299576, used 61770760, increment 0
Initial loss: 4.68213122712422
60: time = 0,016000 loss = 4,655086
Resulting gain: 0.027045632056932334
Projecting...
Writing file devel\maxent_tuneFC\maxentRes\fc-Hbeta-10_uid-176\species.csv
Ending
