Fri Jul 24 15:25:58 CEST 2015
MaxEnt version 3.3.3k
Reading file absence
readGrid: max memory 477626368, total allocated 75497472, free 5439064, used 70058408, increment 22941984
Reading samples from presence
Read samples: max memory 477626368, total allocated 75497472, free 4758696, used 70738776, increment 680368
Adding samples to background in feature space
Command line used:  autorun -e devel/maxent_tuneFC/maxentRes2/fc-HQPT_beta-0.1_uid-224/absence -o devel/maxent_tuneFC/maxentRes2/fc-HQPT_beta-0.1_uid-224 -s devel/maxent_tuneFC/maxentRes2/fc-HQPT_beta-0.1_uid-224/presence -z autofeature=false betamultiplier=0.1 hinge=true quadratic=true product=true threshold=true
Command line to repeat: java density.MaxEnt nowarnings noprefixes outputdirectory=devel/maxent_tuneFC/maxentRes2/fc-HQPT_beta-0.1_uid-224 samplesfile=devel/maxent_tuneFC/maxentRes2/fc-HQPT_beta-0.1_uid-224/presence environmentallayers=devel/maxent_tuneFC/maxentRes2/fc-HQPT_beta-0.1_uid-224/absence betamultiplier=0.1 autorun novisible noautofeature
Species: species
Layers: x1 x2
Layertypes: Continuous Continuous
outputdirectory: devel/maxent_tuneFC/maxentRes2/fc-HQPT_beta-0.1_uid-224
samplesfile: devel/maxent_tuneFC/maxentRes2/fc-HQPT_beta-0.1_uid-224/presence
environmentallayers: devel/maxent_tuneFC/maxentRes2/fc-HQPT_beta-0.1_uid-224/absence
betamultiplier: 0.1
autorun: true
visible: false
autofeature: false

getSamples: max memory 477626368, total allocated 75497472, free 4758696, used 70738776, increment 0
Making features
makeFeatures: max memory 477626368, total allocated 75497472, free 4758696, used 70738776, increment 0
species: 
Regularization values: linear/quadratic/product: 0.873, categorical: 0.250, threshold: 1.820, hinge: 0.500
18 samples
Density: max memory 477626368, total allocated 75497472, free 4758696, used 70738776, increment 0
linearPredictor: max memory 477626368, total allocated 75497472, free 4758696, used 70738776, increment 0
FeaturedSpace: max memory 477626368, total allocated 75497472, free 4758696, used 70738776, increment 0
Sequential: max memory 477626368, total allocated 75497472, free 4758696, used 70738776, increment 0
Initial loss: 4.68213122712422
500: time = 0,063000 loss = 3,327715
Resulting gain: 1.35441619880552
Projecting...
Writing file devel\maxent_tuneFC\maxentRes2\fc-HQPT_beta-0.1_uid-224\species.csv
Ending
