Fri Jul 24 15:47:17 CEST 2015
MaxEnt version 3.3.3k
Reading file absence
readGrid: max memory 477626368, total allocated 63963136, free 42353040, used 21610096, increment -7225448
Reading samples from presence
Read samples: max memory 477626368, total allocated 63963136, free 42353040, used 21610096, increment 0
Adding samples to background in feature space
Command line used:  autorun -e devel/maxent_tuneFC/maxentRes4/fc-HQPT_beta-1_uid-439/absence -o devel/maxent_tuneFC/maxentRes4/fc-HQPT_beta-1_uid-439 -s devel/maxent_tuneFC/maxentRes4/fc-HQPT_beta-1_uid-439/presence -z autofeature=false betamultiplier=1 quadratic=true linear=false
Command line to repeat: java density.MaxEnt nowarnings noprefixes outputdirectory=devel/maxent_tuneFC/maxentRes4/fc-HQPT_beta-1_uid-439 samplesfile=devel/maxent_tuneFC/maxentRes4/fc-HQPT_beta-1_uid-439/presence environmentallayers=devel/maxent_tuneFC/maxentRes4/fc-HQPT_beta-1_uid-439/absence nolinear autorun novisible noautofeature
Species: species
Layers: x1 x2
Layertypes: Continuous Continuous
outputdirectory: devel/maxent_tuneFC/maxentRes4/fc-HQPT_beta-1_uid-439
samplesfile: devel/maxent_tuneFC/maxentRes4/fc-HQPT_beta-1_uid-439/presence
environmentallayers: devel/maxent_tuneFC/maxentRes4/fc-HQPT_beta-1_uid-439/absence
linear: false
autorun: true
visible: false
autofeature: false

getSamples: max memory 477626368, total allocated 63963136, free 41852552, used 22110584, increment 500488
Making features
makeFeatures: max memory 477626368, total allocated 63963136, free 41852552, used 22110584, increment 0
species: 
Regularization values: linear/quadratic/product: 1.600, categorical: 0.500, threshold: 1.900, hinge: 0.500
10 samples
Density: max memory 477626368, total allocated 63963136, free 41852552, used 22110584, increment 0
linearPredictor: max memory 477626368, total allocated 63963136, free 41852552, used 22110584, increment 0
FeaturedSpace: max memory 477626368, total allocated 63963136, free 41852552, used 22110584, increment 0
Sequential: max memory 477626368, total allocated 63963136, free 41852552, used 22110584, increment 0
Initial loss: 4.0943445622221
180: time = 0,007000 loss = 3,137321
Resulting gain: 0.9570233565662214
Projecting...
Writing file devel\maxent_tuneFC\maxentRes4\fc-HQPT_beta-1_uid-439\species.csv
Ending
