Fri Jul 24 15:55:28 CEST 2015
MaxEnt version 3.3.3k
Reading file absence
readGrid: max memory 477626368, total allocated 64487424, free 39445448, used 25041976, increment -3923632
Reading samples from presence
Read samples: max memory 477626368, total allocated 64487424, free 38974344, used 25513080, increment 471104
Adding samples to background in feature space
Command line used:  autorun -e devel/maxent_tuneFC/maxentRes6/fc-D_beta-0.1_uid-472/absence -o devel/maxent_tuneFC/maxentRes6/fc-D_beta-0.1_uid-472 -s devel/maxent_tuneFC/maxentRes6/fc-D_beta-0.1_uid-472/presence -z autofeature=false betamultiplier=0.1 linear=true quadratic=true hinge=false product=false threshold=false
Command line to repeat: java density.MaxEnt nowarnings noprefixes outputdirectory=devel/maxent_tuneFC/maxentRes6/fc-D_beta-0.1_uid-472 samplesfile=devel/maxent_tuneFC/maxentRes6/fc-D_beta-0.1_uid-472/presence environmentallayers=devel/maxent_tuneFC/maxentRes6/fc-D_beta-0.1_uid-472/absence betamultiplier=0.1 noproduct nothreshold nohinge autorun novisible noautofeature
Species: species
Layers: x1 x2
Layertypes: Continuous Continuous
outputdirectory: devel/maxent_tuneFC/maxentRes6/fc-D_beta-0.1_uid-472
samplesfile: devel/maxent_tuneFC/maxentRes6/fc-D_beta-0.1_uid-472/presence
environmentallayers: devel/maxent_tuneFC/maxentRes6/fc-D_beta-0.1_uid-472/absence
betamultiplier: 0.1
product: false
threshold: false
hinge: false
autorun: true
visible: false
autofeature: false

getSamples: max memory 477626368, total allocated 64487424, free 38974344, used 25513080, increment 0
Making features
makeFeatures: max memory 477626368, total allocated 64487424, free 38974344, used 25513080, increment 0
species: 
Regularization values: linear/quadratic/product: 1.100, categorical: 0.590, threshold: 1.960, hinge: 0.500
4 samples
Density: max memory 477626368, total allocated 64487424, free 38974344, used 25513080, increment 0
linearPredictor: max memory 477626368, total allocated 64487424, free 38974344, used 25513080, increment 0
FeaturedSpace: max memory 477626368, total allocated 64487424, free 38974344, used 25513080, increment 0
Sequential: max memory 477626368, total allocated 64487424, free 38974344, used 25513080, increment 0
Initial loss: 3.9889840465642745
120: time = 0,002000 loss = 1,958199
Resulting gain: 2.0307850472405784
Projecting...
Writing file devel\maxent_tuneFC\maxentRes6\fc-D_beta-0.1_uid-472\species.csv
Ending
