Fri Jul 24 15:20:39 CEST 2015
MaxEnt version 3.3.3k
Reading file absence
readGrid: max memory 477626368, total allocated 68157440, free 13091752, used 55065688, increment -3434184
Reading samples from presence
Read samples: max memory 477626368, total allocated 68157440, free 13091752, used 55065688, increment 0
Adding samples to background in feature space
Command line used:  autorun -e devel/maxent_tuneFC/maxentRes/fc-Hbeta-1_uid-44/absence -o devel/maxent_tuneFC/maxentRes/fc-Hbeta-1_uid-44 -s devel/maxent_tuneFC/maxentRes/fc-Hbeta-1_uid-44/presence -z autofeature=false betamultiplier=1 hinge=true
Command line to repeat: java density.MaxEnt nowarnings noprefixes outputdirectory=devel/maxent_tuneFC/maxentRes/fc-Hbeta-1_uid-44 samplesfile=devel/maxent_tuneFC/maxentRes/fc-Hbeta-1_uid-44/presence environmentallayers=devel/maxent_tuneFC/maxentRes/fc-Hbeta-1_uid-44/absence autorun novisible noautofeature
Species: species
Layers: x1 x2
Layertypes: Continuous Continuous
outputdirectory: devel/maxent_tuneFC/maxentRes/fc-Hbeta-1_uid-44
samplesfile: devel/maxent_tuneFC/maxentRes/fc-Hbeta-1_uid-44/presence
environmentallayers: devel/maxent_tuneFC/maxentRes/fc-Hbeta-1_uid-44/absence
autorun: true
visible: false
autofeature: false

getSamples: max memory 477626368, total allocated 68157440, free 12568104, used 55589336, increment 523648
Making features
makeFeatures: max memory 477626368, total allocated 68157440, free 12568104, used 55589336, increment 0
species: 
Regularization values: linear/quadratic/product: 0.873, categorical: 0.250, threshold: 1.820, hinge: 0.500
18 samples
Density: max memory 477626368, total allocated 68157440, free 12568104, used 55589336, increment 0
linearPredictor: max memory 477626368, total allocated 68157440, free 12568104, used 55589336, increment 0
FeaturedSpace: max memory 477626368, total allocated 68157440, free 12568104, used 55589336, increment 0
Sequential: max memory 477626368, total allocated 68157440, free 12568104, used 55589336, increment 0
Initial loss: 4.68213122712422
340: time = 0,047000 loss = 3,989042
Resulting gain: 0.6930893492354588
Projecting...
Writing file devel\maxent_tuneFC\maxentRes\fc-Hbeta-1_uid-44\species.csv
Ending
