Fri Jul 24 15:20:37 CEST 2015
MaxEnt version 3.3.3k
Reading file absence
readGrid: max memory 477626368, total allocated 69206016, free 31937496, used 37268520, increment -4546488
Reading samples from presence
Read samples: max memory 477626368, total allocated 69206016, free 31937496, used 37268520, increment 0
Adding samples to background in feature space
Command line used:  autorun -e devel/maxent_tuneFC/maxentRes/fc-HQPTbeta-0.1_uid-41/absence -o devel/maxent_tuneFC/maxentRes/fc-HQPTbeta-0.1_uid-41 -s devel/maxent_tuneFC/maxentRes/fc-HQPTbeta-0.1_uid-41/presence -z autofeature=false betamultiplier=0.1 hinge=true quadratic=true product=true threshold=true
Command line to repeat: java density.MaxEnt nowarnings noprefixes outputdirectory=devel/maxent_tuneFC/maxentRes/fc-HQPTbeta-0.1_uid-41 samplesfile=devel/maxent_tuneFC/maxentRes/fc-HQPTbeta-0.1_uid-41/presence environmentallayers=devel/maxent_tuneFC/maxentRes/fc-HQPTbeta-0.1_uid-41/absence betamultiplier=0.1 autorun novisible noautofeature
Species: species
Layers: x1 x2
Layertypes: Continuous Continuous
outputdirectory: devel/maxent_tuneFC/maxentRes/fc-HQPTbeta-0.1_uid-41
samplesfile: devel/maxent_tuneFC/maxentRes/fc-HQPTbeta-0.1_uid-41/presence
environmentallayers: devel/maxent_tuneFC/maxentRes/fc-HQPTbeta-0.1_uid-41/absence
betamultiplier: 0.1
autorun: true
visible: false
autofeature: false

getSamples: max memory 477626368, total allocated 69206016, free 31393824, used 37812192, increment 543672
Making features
makeFeatures: max memory 477626368, total allocated 69206016, free 31393824, used 37812192, increment 0
species: 
Regularization values: linear/quadratic/product: 0.873, categorical: 0.250, threshold: 1.820, hinge: 0.500
18 samples
Density: max memory 477626368, total allocated 69206016, free 31393824, used 37812192, increment 0
linearPredictor: max memory 477626368, total allocated 69206016, free 31393824, used 37812192, increment 0
FeaturedSpace: max memory 477626368, total allocated 69206016, free 31393824, used 37812192, increment 0
Sequential: max memory 477626368, total allocated 69206016, free 31393824, used 37812192, increment 0
Initial loss: 4.68213122712422
500: time = 0,078000 loss = 3,324074
Resulting gain: 1.3580571428314334
Projecting...
Writing file devel\maxent_tuneFC\maxentRes\fc-HQPTbeta-0.1_uid-41\species.csv
Ending
