Fri Jul 24 15:20:29 CEST 2015
MaxEnt version 3.3.3k
Reading file absence
readGrid: max memory 477626368, total allocated 65536000, free 32484672, used 33051328, increment -1996344
Reading samples from presence
Read samples: max memory 477626368, total allocated 65536000, free 32002728, used 33533272, increment 481944
Adding samples to background in feature space
Command line used:  autorun -e devel/maxent_tuneFC/maxentRes/fc-LQbeta-10_uid-31/absence -o devel/maxent_tuneFC/maxentRes/fc-LQbeta-10_uid-31 -s devel/maxent_tuneFC/maxentRes/fc-LQbeta-10_uid-31/presence -z autofeature=false betamultiplier=10 linear=true quadratic=true
Command line to repeat: java density.MaxEnt nowarnings noprefixes outputdirectory=devel/maxent_tuneFC/maxentRes/fc-LQbeta-10_uid-31 samplesfile=devel/maxent_tuneFC/maxentRes/fc-LQbeta-10_uid-31/presence environmentallayers=devel/maxent_tuneFC/maxentRes/fc-LQbeta-10_uid-31/absence betamultiplier=10.0 autorun novisible noautofeature
Species: species
Layers: x1 x2
Layertypes: Continuous Continuous
outputdirectory: devel/maxent_tuneFC/maxentRes/fc-LQbeta-10_uid-31
samplesfile: devel/maxent_tuneFC/maxentRes/fc-LQbeta-10_uid-31/presence
environmentallayers: devel/maxent_tuneFC/maxentRes/fc-LQbeta-10_uid-31/absence
betamultiplier: 10.0
autorun: true
visible: false
autofeature: false

getSamples: max memory 477626368, total allocated 65536000, free 32002728, used 33533272, increment 0
Making features
makeFeatures: max memory 477626368, total allocated 65536000, free 32002728, used 33533272, increment 0
species: 
Regularization values: linear/quadratic/product: 0.873, categorical: 0.250, threshold: 1.820, hinge: 0.500
18 samples
Density: max memory 477626368, total allocated 65536000, free 31520376, used 34015624, increment 482352
linearPredictor: max memory 477626368, total allocated 65536000, free 31520376, used 34015624, increment 0
FeaturedSpace: max memory 477626368, total allocated 65536000, free 31520376, used 34015624, increment 0
Sequential: max memory 477626368, total allocated 65536000, free 31520376, used 34015624, increment 0
Initial loss: 4.68213122712422
60: time = 0,016000 loss = 4,566476
Resulting gain: 0.11565542004655427
Projecting...
Writing file devel\maxent_tuneFC\maxentRes\fc-LQbeta-10_uid-31\species.csv
Ending
