Fri Jul 24 15:55:55 CEST 2015
MaxEnt version 3.3.3k
Reading file absence
readGrid: max memory 477626368, total allocated 64487424, free 46486312, used 18001112, increment -5665208
Reading samples from presence
Read samples: max memory 477626368, total allocated 64487424, free 46486312, used 18001112, increment 0
Adding samples to background in feature space
Command line used:  autorun -e devel/maxent_tuneFC/maxentRes6/fc-D_beta-0.1_uid-479/absence -o devel/maxent_tuneFC/maxentRes6/fc-D_beta-0.1_uid-479 -s devel/maxent_tuneFC/maxentRes6/fc-D_beta-0.1_uid-479/presence -z autofeature=false betamultiplier=0.1 linear=true quadratic=true hinge=false product=true threshold=true
Command line to repeat: java density.MaxEnt nowarnings noprefixes outputdirectory=devel/maxent_tuneFC/maxentRes6/fc-D_beta-0.1_uid-479 samplesfile=devel/maxent_tuneFC/maxentRes6/fc-D_beta-0.1_uid-479/presence environmentallayers=devel/maxent_tuneFC/maxentRes6/fc-D_beta-0.1_uid-479/absence betamultiplier=0.1 nohinge autorun novisible noautofeature
Species: species
Layers: x1 x2
Layertypes: Continuous Continuous
outputdirectory: devel/maxent_tuneFC/maxentRes6/fc-D_beta-0.1_uid-479
samplesfile: devel/maxent_tuneFC/maxentRes6/fc-D_beta-0.1_uid-479/presence
environmentallayers: devel/maxent_tuneFC/maxentRes6/fc-D_beta-0.1_uid-479/absence
betamultiplier: 0.1
hinge: false
autorun: true
visible: false
autofeature: false

getSamples: max memory 477626368, total allocated 64487424, free 46008624, used 18478800, increment 477688
Making features
makeFeatures: max memory 477626368, total allocated 64487424, free 46008624, used 18478800, increment 0
species: 
Regularization values: linear/quadratic/product: 2.100, categorical: 0.575, threshold: 1.950, hinge: 0.500
5 samples
Density: max memory 477626368, total allocated 64487424, free 46008624, used 18478800, increment 0
linearPredictor: max memory 477626368, total allocated 64487424, free 46008624, used 18478800, increment 0
FeaturedSpace: max memory 477626368, total allocated 64487424, free 46008624, used 18478800, increment 0
Sequential: max memory 477626368, total allocated 64487424, free 46008624, used 18478800, increment 0
Initial loss: 4.007333185232471
240: time = 0,006000 loss = 2,249282
Resulting gain: 1.758050983727995
Projecting...
Writing file devel\maxent_tuneFC\maxentRes6\fc-D_beta-0.1_uid-479\species.csv
Ending
