Fri Jul 24 15:20:44 CEST 2015
MaxEnt version 3.3.3k
Reading file absence
readGrid: max memory 477626368, total allocated 66060288, free 42940896, used 23119392, increment -896152
Reading samples from presence
Read samples: max memory 477626368, total allocated 66060288, free 42463200, used 23597088, increment 477696
Adding samples to background in feature space
Command line used:  autorun -e devel/maxent_tuneFC/maxentRes/fc-Hbeta-10_uid-50/absence -o devel/maxent_tuneFC/maxentRes/fc-Hbeta-10_uid-50 -s devel/maxent_tuneFC/maxentRes/fc-Hbeta-10_uid-50/presence -z autofeature=false betamultiplier=10 hinge=true
Command line to repeat: java density.MaxEnt nowarnings noprefixes outputdirectory=devel/maxent_tuneFC/maxentRes/fc-Hbeta-10_uid-50 samplesfile=devel/maxent_tuneFC/maxentRes/fc-Hbeta-10_uid-50/presence environmentallayers=devel/maxent_tuneFC/maxentRes/fc-Hbeta-10_uid-50/absence betamultiplier=10.0 autorun novisible noautofeature
Species: species
Layers: x1 x2
Layertypes: Continuous Continuous
outputdirectory: devel/maxent_tuneFC/maxentRes/fc-Hbeta-10_uid-50
samplesfile: devel/maxent_tuneFC/maxentRes/fc-Hbeta-10_uid-50/presence
environmentallayers: devel/maxent_tuneFC/maxentRes/fc-Hbeta-10_uid-50/absence
betamultiplier: 10.0
autorun: true
visible: false
autofeature: false

getSamples: max memory 477626368, total allocated 66060288, free 41985016, used 24075272, increment 478184
Making features
makeFeatures: max memory 477626368, total allocated 66060288, free 41985016, used 24075272, increment 0
species: 
Regularization values: linear/quadratic/product: 0.873, categorical: 0.250, threshold: 1.820, hinge: 0.500
18 samples
Density: max memory 477626368, total allocated 66060288, free 41985016, used 24075272, increment 0
linearPredictor: max memory 477626368, total allocated 66060288, free 41985016, used 24075272, increment 0
FeaturedSpace: max memory 477626368, total allocated 66060288, free 41985016, used 24075272, increment 0
Sequential: max memory 477626368, total allocated 66060288, free 41985016, used 24075272, increment 0
Initial loss: 4.68213122712422
60: time = 0,011000 loss = 4,657891
Resulting gain: 0.024240536740124163
Projecting...
Writing file devel\maxent_tuneFC\maxentRes\fc-Hbeta-10_uid-50\species.csv
Ending
