Fri Jul 24 15:26:23 CEST 2015
MaxEnt version 3.3.3k
Reading file absence
readGrid: max memory 477626368, total allocated 65011712, free 41492216, used 23519496, increment -4581600
Reading samples from presence
Read samples: max memory 477626368, total allocated 65011712, free 41492216, used 23519496, increment 0
Adding samples to background in feature space
Command line used:  autorun -e devel/maxent_tuneFC/maxentRes2/fc-L_beta-1_uid-244/absence -o devel/maxent_tuneFC/maxentRes2/fc-L_beta-1_uid-244 -s devel/maxent_tuneFC/maxentRes2/fc-L_beta-1_uid-244/presence -z autofeature=false betamultiplier=1 linear=true
Command line to repeat: java density.MaxEnt nowarnings noprefixes outputdirectory=devel/maxent_tuneFC/maxentRes2/fc-L_beta-1_uid-244 samplesfile=devel/maxent_tuneFC/maxentRes2/fc-L_beta-1_uid-244/presence environmentallayers=devel/maxent_tuneFC/maxentRes2/fc-L_beta-1_uid-244/absence autorun novisible noautofeature
Species: species
Layers: x1 x2
Layertypes: Continuous Continuous
outputdirectory: devel/maxent_tuneFC/maxentRes2/fc-L_beta-1_uid-244
samplesfile: devel/maxent_tuneFC/maxentRes2/fc-L_beta-1_uid-244/presence
environmentallayers: devel/maxent_tuneFC/maxentRes2/fc-L_beta-1_uid-244/absence
autorun: true
visible: false
autofeature: false

getSamples: max memory 477626368, total allocated 65011712, free 40979112, used 24032600, increment 513104
Making features
makeFeatures: max memory 477626368, total allocated 65011712, free 40979112, used 24032600, increment 0
species: 
Regularization values: linear/quadratic/product: 0.819, categorical: 0.250, threshold: 1.800, hinge: 0.500
20 samples
Density: max memory 477626368, total allocated 65011712, free 40979112, used 24032600, increment 0
linearPredictor: max memory 477626368, total allocated 65011712, free 40979112, used 24032600, increment 0
FeaturedSpace: max memory 477626368, total allocated 65011712, free 40979112, used 24032600, increment 0
Sequential: max memory 477626368, total allocated 65011712, free 40979112, used 24032600, increment 0
Initial loss: 4.787491742782046
240: time = 0,017000 loss = 4,002541
Resulting gain: 0.7849505701617732
Projecting...
Writing file devel\maxent_tuneFC\maxentRes2\fc-L_beta-1_uid-244\species.csv
Ending
