Fri Jul 24 15:25:49 CEST 2015
MaxEnt version 3.3.3k
Reading file absence
readGrid: max memory 477626368, total allocated 76546048, free 36529328, used 40016720, increment -12749064
Reading samples from presence
Read samples: max memory 477626368, total allocated 76546048, free 35831224, used 40714824, increment 698104
Adding samples to background in feature space
Command line used:  autorun -e devel/maxent_tuneFC/maxentRes2/fc-HQPT_beta-1_uid-214/absence -o devel/maxent_tuneFC/maxentRes2/fc-HQPT_beta-1_uid-214 -s devel/maxent_tuneFC/maxentRes2/fc-HQPT_beta-1_uid-214/presence -z autofeature=false betamultiplier=1 hinge=true quadratic=true product=true threshold=true
Command line to repeat: java density.MaxEnt nowarnings noprefixes outputdirectory=devel/maxent_tuneFC/maxentRes2/fc-HQPT_beta-1_uid-214 samplesfile=devel/maxent_tuneFC/maxentRes2/fc-HQPT_beta-1_uid-214/presence environmentallayers=devel/maxent_tuneFC/maxentRes2/fc-HQPT_beta-1_uid-214/absence autorun novisible noautofeature
Species: species
Layers: x1 x2
Layertypes: Continuous Continuous
outputdirectory: devel/maxent_tuneFC/maxentRes2/fc-HQPT_beta-1_uid-214
samplesfile: devel/maxent_tuneFC/maxentRes2/fc-HQPT_beta-1_uid-214/presence
environmentallayers: devel/maxent_tuneFC/maxentRes2/fc-HQPT_beta-1_uid-214/absence
autorun: true
visible: false
autofeature: false

getSamples: max memory 477626368, total allocated 76546048, free 35831224, used 40714824, increment 0
Making features
makeFeatures: max memory 477626368, total allocated 76546048, free 35831224, used 40714824, increment 0
species: 
Regularization values: linear/quadratic/product: 0.873, categorical: 0.250, threshold: 1.820, hinge: 0.500
18 samples
Density: max memory 477626368, total allocated 76546048, free 35831224, used 40714824, increment 0
linearPredictor: max memory 477626368, total allocated 76546048, free 35831224, used 40714824, increment 0
FeaturedSpace: max memory 477626368, total allocated 76546048, free 35831224, used 40714824, increment 0
Sequential: max memory 477626368, total allocated 76546048, free 35831224, used 40714824, increment 0
Initial loss: 4.68213122712422
240: time = 0,016000 loss = 3,919510
Resulting gain: 0.7626216510480508
Projecting...
Writing file devel\maxent_tuneFC\maxentRes2\fc-HQPT_beta-1_uid-214\species.csv
Ending
