Fri Jul 24 15:47:27 CEST 2015
MaxEnt version 3.3.3k
Reading file absence
readGrid: max memory 477626368, total allocated 62914560, free 32265336, used 30649224, increment -6265416
Reading samples from presence
Read samples: max memory 477626368, total allocated 62914560, free 31794328, used 31120232, increment 471008
Adding samples to background in feature space
Command line used:  autorun -e devel/maxent_tuneFC/maxentRes4/fc-L_beta-10_uid-448/absence -o devel/maxent_tuneFC/maxentRes4/fc-L_beta-10_uid-448 -s devel/maxent_tuneFC/maxentRes4/fc-L_beta-10_uid-448/presence -z autofeature=false betamultiplier=10 linear=true quadratic=false
Command line to repeat: java density.MaxEnt nowarnings noprefixes outputdirectory=devel/maxent_tuneFC/maxentRes4/fc-L_beta-10_uid-448 samplesfile=devel/maxent_tuneFC/maxentRes4/fc-L_beta-10_uid-448/presence environmentallayers=devel/maxent_tuneFC/maxentRes4/fc-L_beta-10_uid-448/absence betamultiplier=10.0 noquadratic autorun novisible noautofeature
Species: species
Layers: x1 x2
Layertypes: Continuous Continuous
outputdirectory: devel/maxent_tuneFC/maxentRes4/fc-L_beta-10_uid-448
samplesfile: devel/maxent_tuneFC/maxentRes4/fc-L_beta-10_uid-448/presence
environmentallayers: devel/maxent_tuneFC/maxentRes4/fc-L_beta-10_uid-448/absence
betamultiplier: 10.0
quadratic: false
autorun: true
visible: false
autofeature: false

getSamples: max memory 477626368, total allocated 62914560, free 31777928, used 31136632, increment 16400
Making features
makeFeatures: max memory 477626368, total allocated 62914560, free 31306872, used 31607688, increment 471056
species: 
Regularization values: linear/quadratic/product: 0.819, categorical: 0.250, threshold: 1.800, hinge: 0.500
20 samples
Density: max memory 477626368, total allocated 62914560, free 31306872, used 31607688, increment 0
linearPredictor: max memory 477626368, total allocated 62914560, free 31306872, used 31607688, increment 0
FeaturedSpace: max memory 477626368, total allocated 62914560, free 31306872, used 31607688, increment 0
Sequential: max memory 477626368, total allocated 62914560, free 31306872, used 31607688, increment 0
Initial loss: 4.787491742782046
60: time = 0,000000 loss = 4,720106
Resulting gain: 0.06738622055777199
Projecting...
Writing file devel\maxent_tuneFC\maxentRes4\fc-L_beta-10_uid-448\species.csv
Ending
